2025-06-08 15:37:25,736 - preprocessor_separate_仁武 - INFO - ==================================================
2025-06-08 15:37:25,740 - preprocessor_separate_仁武 - INFO - 開始執行 separate 模式的完整預處理管道
2025-06-08 15:37:25,740 - preprocessor_separate_仁武 - INFO - ==================================================
2025-06-08 15:37:25,740 - preprocessor_separate_仁武 - INFO - 開始載入 separate 模式的原始數據
2025-06-08 15:37:25,740 - preprocessor_separate_仁武 - INFO - 載入單一文件: D:\pythonWork\R_datascience\final\Train\data\raw\Separate\仁武_C0V680_combined.csv
2025-06-08 15:37:25,818 - preprocessor_separate_仁武 - INFO - 數據驗證通過: (43584, 28), 時間範圍: 2020-01-01T00:00:00Z 到 2024-12-20T23:00:00Z
2025-06-08 15:37:25,825 - preprocessor_separate_仁武 - INFO - 原始數據載入完成: (43584, 28)
2025-06-08 15:37:25,825 - preprocessor_separate_仁武 - INFO - 開始數據預處理
2025-06-08 15:37:25,825 - preprocessor_separate_仁武 - INFO - 處理時間特徵
2025-06-08 15:37:25,864 - preprocessor_separate_仁武 - INFO - 執行特徵工程
2025-06-08 15:37:25,896 - preprocessor_separate_仁武 - INFO - 執行數據清理
2025-06-08 15:37:26,077 - preprocessor_separate_仁武 - INFO - 數據清理完成: 43584 -> 43584 行
2025-06-08 15:37:26,077 - preprocessor_separate_仁武 - INFO - 執行特徵選擇
2025-06-08 15:37:26,077 - preprocessor_separate_仁武 - INFO - 特徵選擇完成: 74 個特徵, 20 個目標
2025-06-08 15:37:26,077 - preprocessor_separate_仁武 - INFO - 執行數據標準化
2025-06-08 15:37:26,133 - preprocessor_separate_仁武 - INFO - 標準化器已保存: D:\pythonWork\R_datascience\final\Train\data\processed\separate\separate_scaler.pkl
2025-06-08 15:37:26,134 - preprocessor_separate_仁武 - INFO - 數據預處理完成: (43584, 95)
2025-06-08 15:37:26,615 - preprocessor_separate_仁武 - INFO - 處理後數據已保存: D:\pythonWork\R_datascience\final\Train\data\processed\separate\separate_仁武_20250608_153725_processed.npz
2025-06-08 15:37:26,616 - preprocessor_separate_仁武 - INFO - 數據形狀: X=(43584, 74), y=(43584, 20)
2025-06-08 15:37:26,616 - preprocessor_separate_仁武 - INFO - 預處理管道執行完成
2025-06-08 15:37:26,616 - windows_separate_仁武 - INFO - ==================================================
2025-06-08 15:37:26,616 - windows_separate_仁武 - INFO - 開始執行 separate 模式的時間窗口生成
2025-06-08 15:37:26,616 - windows_separate_仁武 - INFO - ==================================================
2025-06-08 15:37:26,616 - windows_separate_仁武 - INFO - 載入預處理數據: D:\pythonWork\R_datascience\final\Train\data\processed\separate\separate_仁武_20250608_153725_processed.npz
2025-06-08 15:37:26,674 - windows_separate_仁武 - INFO - 數據載入完成: X=(43584, 74), y=(43584, 20)
2025-06-08 15:37:26,674 - windows_separate_仁武 - INFO - 開始創建滑動時間窗口
2025-06-08 15:37:26,674 - windows_separate_仁武 - INFO - 窗口參數: window_size=24, horizon=6, stride=1
2025-06-08 15:37:26,792 - windows_separate_仁武 - INFO - 單序列窗口創建完成: 43555 個窗口
2025-06-08 15:37:26,792 - windows_separate_仁武 - INFO - 開始分割數據集
2025-06-08 15:37:26,792 - windows_separate_仁武 - INFO - train: X=(34844, 24, 74), y=(34844, 6, 20)
2025-06-08 15:37:26,792 - windows_separate_仁武 - INFO - val: X=(4355, 24, 74), y=(4355, 6, 20)
2025-06-08 15:37:26,792 - windows_separate_仁武 - INFO - test: X=(4356, 24, 74), y=(4356, 6, 20)
2025-06-08 15:37:31,619 - windows_separate_仁武 - INFO - NumPy格式數據已保存: D:\pythonWork\R_datascience\final\Train\data\windows\separate\separate_仁武_20250608_153725_windows.npz
2025-06-08 15:37:32,152 - windows_separate_仁武 - INFO - PyTorch格式數據已保存: D:\pythonWork\R_datascience\final\Train\data\windows\separate\separate_仁武_20250608_153725_windows.pt
2025-06-08 15:37:32,152 - windows_separate_仁武 - INFO - 時間窗口生成管道執行完成
2025-06-08 15:37:32,172 - trainer_separate_仁武 - INFO - 使用設備: cuda
2025-06-08 15:37:32,173 - trainer_separate_仁武 - INFO - ==================================================
2025-06-08 15:37:32,173 - trainer_separate_仁武 - INFO - 開始執行 separate 模式的模型訓練
2025-06-08 15:37:32,173 - trainer_separate_仁武 - INFO - ==================================================
2025-06-08 15:37:32,173 - trainer_separate_仁武 - INFO - 載入訓練數據
2025-06-08 15:37:33,065 - trainer_separate_仁武 - INFO - 訓練LightGBM模型...
2025-06-08 15:37:33,065 - trainer_separate_仁武 - INFO - 開始訓練LightGBM模型
2025-06-08 15:37:33,065 - trainer_separate_仁武 - INFO - LightGBM數據形狀: X_train=(34844, 1776), y_train=(34844, 120)
2025-06-08 15:37:33,065 - trainer_separate_仁武 - ERROR - LightGBM訓練失敗: 'ConfigManager' object has no attribute 'lgbm_config'
2025-06-08 15:37:33,065 - trainer_separate_仁武 - INFO - 訓練LSTM模型...
2025-06-08 15:37:33,065 - trainer_separate_仁武 - INFO - 開始訓練LSTM模型
2025-06-08 15:37:33,152 - trainer_separate_仁武 - INFO - LSTM數據形狀: X_train=torch.Size([34844, 24, 74]), y_train=torch.Size([34844, 6, 20])
2025-06-08 15:37:33,152 - trainer_separate_仁武 - ERROR - LSTM訓練失敗: 'ConfigManager' object has no attribute 'lstm_config'
2025-06-08 15:37:33,163 - trainer_separate_仁武 - INFO - 模型訓練管道執行完成
