2025-06-08 15:42:43,857 - preprocessor_separate_永和 - INFO - ==================================================
2025-06-08 15:42:43,857 - preprocessor_separate_永和 - INFO - 開始執行 separate 模式的完整預處理管道
2025-06-08 15:42:43,857 - preprocessor_separate_永和 - INFO - ==================================================
2025-06-08 15:42:43,857 - preprocessor_separate_永和 - INFO - 開始載入 separate 模式的原始數據
2025-06-08 15:42:43,858 - preprocessor_separate_永和 - INFO - 載入單一文件: D:\pythonWork\R_datascience\final\Train\data\raw\Separate\永和_C0AH10_combined.csv
2025-06-08 15:42:43,940 - preprocessor_separate_永和 - INFO - 數據驗證通過: (43584, 27), 時間範圍: 2020-01-01T00:00:00Z 到 2024-12-20T23:00:00Z
2025-06-08 15:42:43,941 - preprocessor_separate_永和 - INFO - 原始數據載入完成: (43584, 27)
2025-06-08 15:42:43,941 - preprocessor_separate_永和 - INFO - 開始數據預處理
2025-06-08 15:42:43,941 - preprocessor_separate_永和 - INFO - 處理時間特徵
2025-06-08 15:42:43,983 - preprocessor_separate_永和 - INFO - 執行特徵工程
2025-06-08 15:42:44,009 - preprocessor_separate_永和 - INFO - 執行數據清理
2025-06-08 15:42:44,167 - preprocessor_separate_永和 - INFO - 數據清理完成: 43584 -> 43584 行
2025-06-08 15:42:44,168 - preprocessor_separate_永和 - INFO - 執行特徵選擇
2025-06-08 15:42:44,172 - preprocessor_separate_永和 - INFO - 特徵選擇完成: 74 個特徵, 19 個目標
2025-06-08 15:42:44,173 - preprocessor_separate_永和 - INFO - 執行數據標準化
2025-06-08 15:42:44,215 - preprocessor_separate_永和 - INFO - 標準化器已保存: D:\pythonWork\R_datascience\final\Train\data\processed\separate\separate_scaler.pkl
2025-06-08 15:42:44,215 - preprocessor_separate_永和 - INFO - 數據預處理完成: (43584, 94)
2025-06-08 15:42:44,706 - preprocessor_separate_永和 - INFO - 處理後數據已保存: D:\pythonWork\R_datascience\final\Train\data\processed\separate\separate_永和_20250608_154243_processed.npz
2025-06-08 15:42:44,706 - preprocessor_separate_永和 - INFO - 數據形狀: X=(43584, 74), y=(43584, 19)
2025-06-08 15:42:44,708 - preprocessor_separate_永和 - INFO - 預處理管道執行完成
2025-06-08 15:42:44,710 - windows_separate_永和 - INFO - ==================================================
2025-06-08 15:42:44,710 - windows_separate_永和 - INFO - 開始執行 separate 模式的時間窗口生成
2025-06-08 15:42:44,710 - windows_separate_永和 - INFO - ==================================================
2025-06-08 15:42:44,710 - windows_separate_永和 - INFO - 載入預處理數據: D:\pythonWork\R_datascience\final\Train\data\processed\separate\separate_永和_20250608_154243_processed.npz
2025-06-08 15:42:44,761 - windows_separate_永和 - INFO - 數據載入完成: X=(43584, 74), y=(43584, 19)
2025-06-08 15:42:44,761 - windows_separate_永和 - INFO - 開始創建滑動時間窗口
2025-06-08 15:42:44,761 - windows_separate_永和 - INFO - 窗口參數: window_size=24, horizon=6, stride=1
2025-06-08 15:42:44,873 - windows_separate_永和 - INFO - 單序列窗口創建完成: 43555 個窗口
2025-06-08 15:42:44,873 - windows_separate_永和 - INFO - 開始分割數據集
2025-06-08 15:42:44,873 - windows_separate_永和 - INFO - train: X=(34844, 24, 74), y=(34844, 6, 19)
2025-06-08 15:42:44,873 - windows_separate_永和 - INFO - val: X=(4355, 24, 74), y=(4355, 6, 19)
2025-06-08 15:42:44,873 - windows_separate_永和 - INFO - test: X=(4356, 24, 74), y=(4356, 6, 19)
2025-06-08 15:42:49,937 - windows_separate_永和 - INFO - NumPy格式數據已保存: D:\pythonWork\R_datascience\final\Train\data\windows\separate\separate_永和_20250608_154243_windows.npz
2025-06-08 15:42:50,490 - windows_separate_永和 - INFO - PyTorch格式數據已保存: D:\pythonWork\R_datascience\final\Train\data\windows\separate\separate_永和_20250608_154243_windows.pt
2025-06-08 15:42:50,492 - windows_separate_永和 - INFO - 時間窗口生成管道執行完成
2025-06-08 15:42:50,508 - trainer_separate_永和 - INFO - 使用設備: cuda
2025-06-08 15:42:50,508 - trainer_separate_永和 - INFO - ==================================================
2025-06-08 15:42:50,508 - trainer_separate_永和 - INFO - 開始執行 separate 模式的模型訓練
2025-06-08 15:42:50,508 - trainer_separate_永和 - INFO - ==================================================
2025-06-08 15:42:50,508 - trainer_separate_永和 - INFO - 載入訓練數據
2025-06-08 15:42:51,455 - trainer_separate_永和 - INFO - 訓練LightGBM模型...
2025-06-08 15:42:51,456 - trainer_separate_永和 - INFO - 開始訓練LightGBM模型
2025-06-08 15:42:51,456 - trainer_separate_永和 - INFO - LightGBM數據形狀: X_train=(34844, 1776), y_train=(34844, 114)
2025-06-08 15:42:51,456 - trainer_separate_永和 - ERROR - LightGBM訓練失敗: 'ConfigManager' object has no attribute 'lgbm_config'
2025-06-08 15:42:51,456 - trainer_separate_永和 - INFO - 訓練LSTM模型...
2025-06-08 15:42:51,456 - trainer_separate_永和 - INFO - 開始訓練LSTM模型
2025-06-08 15:42:51,535 - trainer_separate_永和 - INFO - LSTM數據形狀: X_train=torch.Size([34844, 24, 74]), y_train=torch.Size([34844, 6, 19])
2025-06-08 15:42:51,535 - trainer_separate_永和 - ERROR - LSTM訓練失敗: 'ConfigManager' object has no attribute 'lstm_config'
2025-06-08 15:42:51,535 - trainer_separate_永和 - INFO - 模型訓練管道執行完成
