2025-06-08 15:40:09,389 - preprocessor_separate_左營 - INFO - ==================================================
2025-06-08 15:40:09,389 - preprocessor_separate_左營 - INFO - 開始執行 separate 模式的完整預處理管道
2025-06-08 15:40:09,393 - preprocessor_separate_左營 - INFO - ==================================================
2025-06-08 15:40:09,393 - preprocessor_separate_左營 - INFO - 開始載入 separate 模式的原始數據
2025-06-08 15:40:09,393 - preprocessor_separate_左營 - INFO - 載入單一文件: D:\pythonWork\R_datascience\final\Train\data\raw\Separate\左營_C0V810_combined.csv
2025-06-08 15:40:09,458 - preprocessor_separate_左營 - INFO - 數據驗證通過: (43584, 28), 時間範圍: 2020-01-01T00:00:00Z 到 2024-12-20T23:00:00Z
2025-06-08 15:40:09,476 - preprocessor_separate_左營 - INFO - 原始數據載入完成: (43584, 28)
2025-06-08 15:40:09,476 - preprocessor_separate_左營 - INFO - 開始數據預處理
2025-06-08 15:40:09,476 - preprocessor_separate_左營 - INFO - 處理時間特徵
2025-06-08 15:40:09,506 - preprocessor_separate_左營 - INFO - 執行特徵工程
2025-06-08 15:40:09,539 - preprocessor_separate_左營 - INFO - 執行數據清理
2025-06-08 15:40:09,689 - preprocessor_separate_左營 - INFO - 數據清理完成: 43584 -> 43584 行
2025-06-08 15:40:09,689 - preprocessor_separate_左營 - INFO - 執行特徵選擇
2025-06-08 15:40:09,704 - preprocessor_separate_左營 - INFO - 特徵選擇完成: 74 個特徵, 20 個目標
2025-06-08 15:40:09,704 - preprocessor_separate_左營 - INFO - 執行數據標準化
2025-06-08 15:40:09,740 - preprocessor_separate_左營 - INFO - 標準化器已保存: D:\pythonWork\R_datascience\final\Train\data\processed\separate\separate_scaler.pkl
2025-06-08 15:40:09,740 - preprocessor_separate_左營 - INFO - 數據預處理完成: (43584, 95)
2025-06-08 15:40:10,223 - preprocessor_separate_左營 - INFO - 處理後數據已保存: D:\pythonWork\R_datascience\final\Train\data\processed\separate\separate_左營_20250608_154009_processed.npz
2025-06-08 15:40:10,223 - preprocessor_separate_左營 - INFO - 數據形狀: X=(43584, 74), y=(43584, 20)
2025-06-08 15:40:10,223 - preprocessor_separate_左營 - INFO - 預處理管道執行完成
2025-06-08 15:40:10,223 - windows_separate_左營 - INFO - ==================================================
2025-06-08 15:40:10,223 - windows_separate_左營 - INFO - 開始執行 separate 模式的時間窗口生成
2025-06-08 15:40:10,223 - windows_separate_左營 - INFO - ==================================================
2025-06-08 15:40:10,223 - windows_separate_左營 - INFO - 載入預處理數據: D:\pythonWork\R_datascience\final\Train\data\processed\separate\separate_左營_20250608_154009_processed.npz
2025-06-08 15:40:10,271 - windows_separate_左營 - INFO - 數據載入完成: X=(43584, 74), y=(43584, 20)
2025-06-08 15:40:10,271 - windows_separate_左營 - INFO - 開始創建滑動時間窗口
2025-06-08 15:40:10,271 - windows_separate_左營 - INFO - 窗口參數: window_size=24, horizon=6, stride=1
2025-06-08 15:40:10,384 - windows_separate_左營 - INFO - 單序列窗口創建完成: 43555 個窗口
2025-06-08 15:40:10,384 - windows_separate_左營 - INFO - 開始分割數據集
2025-06-08 15:40:10,384 - windows_separate_左營 - INFO - train: X=(34844, 24, 74), y=(34844, 6, 20)
2025-06-08 15:40:10,384 - windows_separate_左營 - INFO - val: X=(4355, 24, 74), y=(4355, 6, 20)
2025-06-08 15:40:10,384 - windows_separate_左營 - INFO - test: X=(4356, 24, 74), y=(4356, 6, 20)
2025-06-08 15:40:15,275 - windows_separate_左營 - INFO - NumPy格式數據已保存: D:\pythonWork\R_datascience\final\Train\data\windows\separate\separate_左營_20250608_154009_windows.npz
2025-06-08 15:40:15,807 - windows_separate_左營 - INFO - PyTorch格式數據已保存: D:\pythonWork\R_datascience\final\Train\data\windows\separate\separate_左營_20250608_154009_windows.pt
2025-06-08 15:40:15,807 - windows_separate_左營 - INFO - 時間窗口生成管道執行完成
2025-06-08 15:40:15,823 - trainer_separate_左營 - INFO - 使用設備: cuda
2025-06-08 15:40:15,823 - trainer_separate_左營 - INFO - ==================================================
2025-06-08 15:40:15,823 - trainer_separate_左營 - INFO - 開始執行 separate 模式的模型訓練
2025-06-08 15:40:15,823 - trainer_separate_左營 - INFO - ==================================================
2025-06-08 15:40:15,823 - trainer_separate_左營 - INFO - 載入訓練數據
2025-06-08 15:40:16,795 - trainer_separate_左營 - INFO - 訓練LightGBM模型...
2025-06-08 15:40:16,795 - trainer_separate_左營 - INFO - 開始訓練LightGBM模型
2025-06-08 15:40:16,795 - trainer_separate_左營 - INFO - LightGBM數據形狀: X_train=(34844, 1776), y_train=(34844, 120)
2025-06-08 15:40:16,795 - trainer_separate_左營 - ERROR - LightGBM訓練失敗: 'ConfigManager' object has no attribute 'lgbm_config'
2025-06-08 15:40:16,795 - trainer_separate_左營 - INFO - 訓練LSTM模型...
2025-06-08 15:40:16,800 - trainer_separate_左營 - INFO - 開始訓練LSTM模型
2025-06-08 15:40:16,882 - trainer_separate_左營 - INFO - LSTM數據形狀: X_train=torch.Size([34844, 24, 74]), y_train=torch.Size([34844, 6, 20])
2025-06-08 15:40:16,882 - trainer_separate_左營 - ERROR - LSTM訓練失敗: 'ConfigManager' object has no attribute 'lstm_config'
2025-06-08 15:40:16,897 - trainer_separate_左營 - INFO - 模型訓練管道執行完成
