2025-06-07 22:34:38,814 - preprocessor_separate_桃園 - INFO - ==================================================
2025-06-07 22:34:38,814 - preprocessor_separate_桃園 - INFO - 開始執行 separate 模式的完整預處理管道
2025-06-07 22:34:38,814 - preprocessor_separate_桃園 - INFO - ==================================================
2025-06-07 22:34:38,814 - preprocessor_separate_桃園 - INFO - 開始載入 separate 模式的原始數據
2025-06-07 22:34:38,816 - preprocessor_separate_桃園 - INFO - 載入單一文件: D:\pythonWork\R_datascience\final\Train\data\raw\Separate\桃園_C0C480_combined.csv
2025-06-07 22:34:38,889 - preprocessor_separate_桃園 - INFO - 數據驗證通過: (43584, 28), 時間範圍: 2020-01-01T00:00:00Z 到 2024-12-20T23:00:00Z
2025-06-07 22:34:38,903 - preprocessor_separate_桃園 - INFO - 原始數據載入完成: (43584, 28)
2025-06-07 22:34:38,903 - preprocessor_separate_桃園 - INFO - 開始數據預處理
2025-06-07 22:34:38,903 - preprocessor_separate_桃園 - INFO - 處理時間特徵
2025-06-07 22:34:38,943 - preprocessor_separate_桃園 - INFO - 執行特徵工程
2025-06-07 22:34:38,976 - preprocessor_separate_桃園 - INFO - 執行數據清理
2025-06-07 22:34:39,159 - preprocessor_separate_桃園 - INFO - 數據清理完成: 43584 -> 43584 行
2025-06-07 22:34:39,161 - preprocessor_separate_桃園 - INFO - 執行特徵選擇
2025-06-07 22:34:39,165 - preprocessor_separate_桃園 - INFO - 特徵選擇完成: 74 個特徵, 20 個目標
2025-06-07 22:34:39,166 - preprocessor_separate_桃園 - INFO - 執行數據標準化
2025-06-07 22:34:39,209 - preprocessor_separate_桃園 - INFO - 標準化器已保存: D:\pythonWork\R_datascience\final\Train\data\processed\separate\separate_scaler.pkl
2025-06-07 22:34:39,209 - preprocessor_separate_桃園 - INFO - 數據預處理完成: (43584, 95)
2025-06-07 22:34:39,679 - preprocessor_separate_桃園 - INFO - 處理後數據已保存: D:\pythonWork\R_datascience\final\Train\data\processed\separate\separate_桃園_20250607_223438_processed.npz
2025-06-07 22:34:39,679 - preprocessor_separate_桃園 - INFO - 數據形狀: X=(43584, 74), y=(43584, 20)
2025-06-07 22:34:39,679 - preprocessor_separate_桃園 - INFO - 預處理管道執行完成
2025-06-07 22:34:39,679 - windows_separate_桃園 - INFO - ==================================================
2025-06-07 22:34:39,679 - windows_separate_桃園 - INFO - 開始執行 separate 模式的時間窗口生成
2025-06-07 22:34:39,679 - windows_separate_桃園 - INFO - ==================================================
2025-06-07 22:34:39,679 - windows_separate_桃園 - INFO - 載入預處理數據: D:\pythonWork\R_datascience\final\Train\data\processed\separate\separate_桃園_20250607_223438_processed.npz
2025-06-07 22:34:39,742 - windows_separate_桃園 - INFO - 數據載入完成: X=(43584, 74), y=(43584, 20)
2025-06-07 22:34:39,743 - windows_separate_桃園 - INFO - 開始創建滑動時間窗口
2025-06-07 22:34:39,743 - windows_separate_桃園 - ERROR - 時間窗口生成管道執行失敗: 'ConfigManager' object has no attribute 'time_config'
