2025-06-08 15:44:55,184 - preprocessor_separate_萬里 - INFO - ==================================================
2025-06-08 15:44:55,184 - preprocessor_separate_萬里 - INFO - 開始執行 separate 模式的完整預處理管道
2025-06-08 15:44:55,184 - preprocessor_separate_萬里 - INFO - ==================================================
2025-06-08 15:44:55,184 - preprocessor_separate_萬里 - INFO - 開始載入 separate 模式的原始數據
2025-06-08 15:44:55,185 - preprocessor_separate_萬里 - INFO - 載入單一文件: D:\pythonWork\R_datascience\final\Train\data\raw\Separate\萬里_C0A940_combined.csv
2025-06-08 15:44:55,270 - preprocessor_separate_萬里 - INFO - 數據驗證通過: (43584, 27), 時間範圍: 2020-01-01T00:00:00Z 到 2024-12-20T23:00:00Z
2025-06-08 15:44:55,270 - preprocessor_separate_萬里 - INFO - 原始數據載入完成: (43584, 27)
2025-06-08 15:44:55,270 - preprocessor_separate_萬里 - INFO - 開始數據預處理
2025-06-08 15:44:55,270 - preprocessor_separate_萬里 - INFO - 處理時間特徵
2025-06-08 15:44:55,314 - preprocessor_separate_萬里 - INFO - 執行特徵工程
2025-06-08 15:44:55,348 - preprocessor_separate_萬里 - INFO - 執行數據清理
2025-06-08 15:44:55,504 - preprocessor_separate_萬里 - INFO - 數據清理完成: 43584 -> 43584 行
2025-06-08 15:44:55,505 - preprocessor_separate_萬里 - INFO - 執行特徵選擇
2025-06-08 15:44:55,509 - preprocessor_separate_萬里 - INFO - 特徵選擇完成: 74 個特徵, 19 個目標
2025-06-08 15:44:55,510 - preprocessor_separate_萬里 - INFO - 執行數據標準化
2025-06-08 15:44:55,552 - preprocessor_separate_萬里 - INFO - 標準化器已保存: D:\pythonWork\R_datascience\final\Train\data\processed\separate\separate_scaler.pkl
2025-06-08 15:44:55,553 - preprocessor_separate_萬里 - INFO - 數據預處理完成: (43584, 94)
2025-06-08 15:44:55,990 - preprocessor_separate_萬里 - INFO - 處理後數據已保存: D:\pythonWork\R_datascience\final\Train\data\processed\separate\separate_萬里_20250608_154455_processed.npz
2025-06-08 15:44:55,990 - preprocessor_separate_萬里 - INFO - 數據形狀: X=(43584, 74), y=(43584, 19)
2025-06-08 15:44:55,990 - preprocessor_separate_萬里 - INFO - 預處理管道執行完成
2025-06-08 15:44:55,990 - windows_separate_萬里 - INFO - ==================================================
2025-06-08 15:44:55,998 - windows_separate_萬里 - INFO - 開始執行 separate 模式的時間窗口生成
2025-06-08 15:44:55,998 - windows_separate_萬里 - INFO - ==================================================
2025-06-08 15:44:55,998 - windows_separate_萬里 - INFO - 載入預處理數據: D:\pythonWork\R_datascience\final\Train\data\processed\separate\separate_萬里_20250608_154455_processed.npz
2025-06-08 15:44:56,040 - windows_separate_萬里 - INFO - 數據載入完成: X=(43584, 74), y=(43584, 19)
2025-06-08 15:44:56,040 - windows_separate_萬里 - INFO - 開始創建滑動時間窗口
2025-06-08 15:44:56,040 - windows_separate_萬里 - INFO - 窗口參數: window_size=24, horizon=6, stride=1
2025-06-08 15:44:56,156 - windows_separate_萬里 - INFO - 單序列窗口創建完成: 43555 個窗口
2025-06-08 15:44:56,156 - windows_separate_萬里 - INFO - 開始分割數據集
2025-06-08 15:44:56,156 - windows_separate_萬里 - INFO - train: X=(34844, 24, 74), y=(34844, 6, 19)
2025-06-08 15:44:56,156 - windows_separate_萬里 - INFO - val: X=(4355, 24, 74), y=(4355, 6, 19)
2025-06-08 15:44:56,156 - windows_separate_萬里 - INFO - test: X=(4356, 24, 74), y=(4356, 6, 19)
2025-06-08 15:45:00,981 - windows_separate_萬里 - INFO - NumPy格式數據已保存: D:\pythonWork\R_datascience\final\Train\data\windows\separate\separate_萬里_20250608_154455_windows.npz
2025-06-08 15:45:01,519 - windows_separate_萬里 - INFO - PyTorch格式數據已保存: D:\pythonWork\R_datascience\final\Train\data\windows\separate\separate_萬里_20250608_154455_windows.pt
2025-06-08 15:45:01,520 - windows_separate_萬里 - INFO - 時間窗口生成管道執行完成
2025-06-08 15:45:01,536 - trainer_separate_萬里 - INFO - 使用設備: cuda
2025-06-08 15:45:01,537 - trainer_separate_萬里 - INFO - ==================================================
2025-06-08 15:45:01,537 - trainer_separate_萬里 - INFO - 開始執行 separate 模式的模型訓練
2025-06-08 15:45:01,537 - trainer_separate_萬里 - INFO - ==================================================
2025-06-08 15:45:01,537 - trainer_separate_萬里 - INFO - 載入訓練數據
2025-06-08 15:45:02,560 - trainer_separate_萬里 - INFO - 訓練LightGBM模型...
2025-06-08 15:45:02,561 - trainer_separate_萬里 - INFO - 開始訓練LightGBM模型
2025-06-08 15:45:02,561 - trainer_separate_萬里 - INFO - LightGBM數據形狀: X_train=(34844, 1776), y_train=(34844, 114)
2025-06-08 15:45:02,561 - trainer_separate_萬里 - ERROR - LightGBM訓練失敗: 'ConfigManager' object has no attribute 'lgbm_config'
2025-06-08 15:45:02,561 - trainer_separate_萬里 - INFO - 訓練LSTM模型...
2025-06-08 15:45:02,561 - trainer_separate_萬里 - INFO - 開始訓練LSTM模型
2025-06-08 15:45:02,651 - trainer_separate_萬里 - INFO - LSTM數據形狀: X_train=torch.Size([34844, 24, 74]), y_train=torch.Size([34844, 6, 19])
2025-06-08 15:45:02,651 - trainer_separate_萬里 - ERROR - LSTM訓練失敗: 'ConfigManager' object has no attribute 'lstm_config'
2025-06-08 15:45:02,653 - trainer_separate_萬里 - INFO - 模型訓練管道執行完成
