2025-06-08 18:34:36,790 - preprocessor_separate_norm_小港 - INFO - ==================================================
2025-06-08 18:34:36,790 - preprocessor_separate_norm_小港 - INFO - 開始執行 separate_norm 模式的完整預處理管道
2025-06-08 18:34:36,790 - preprocessor_separate_norm_小港 - INFO - ==================================================
2025-06-08 18:34:36,791 - preprocessor_separate_norm_小港 - INFO - 開始載入 separate_norm 模式的原始數據
2025-06-08 18:34:36,791 - preprocessor_separate_norm_小港 - INFO - 載入文件: D:\pythonWork\R_datascience\final\Train\data\raw\Separate_Nomorlization\Nomorlization_小港_C0V450_combined.csv
2025-06-08 18:34:36,902 - preprocessor_separate_norm_小港 - INFO - 合併 1 個文件，總記錄數: 43584
2025-06-08 18:34:36,933 - preprocessor_separate_norm_小港 - INFO - 數據驗證通過: (43584, 29), 時間範圍: 2020-01-01T00:00:00Z 到 2024-12-20T23:00:00Z
2025-06-08 18:34:36,933 - preprocessor_separate_norm_小港 - INFO - 原始數據載入完成: (43584, 29)
2025-06-08 18:34:36,933 - preprocessor_separate_norm_小港 - INFO - 開始數據預處理
2025-06-08 18:34:36,933 - preprocessor_separate_norm_小港 - INFO - 處理時間特徵
2025-06-08 18:34:36,933 - preprocessor_separate_norm_小港 - INFO - 數據已包含時間特徵，跳過時間特徵處理
2025-06-08 18:34:36,946 - preprocessor_separate_norm_小港 - INFO - 執行特徵工程
2025-06-08 18:34:36,978 - preprocessor_separate_norm_小港 - INFO - 執行數據清理
2025-06-08 18:34:37,143 - preprocessor_separate_norm_小港 - INFO - 數據清理完成: 43584 -> 43584 行
2025-06-08 18:34:37,143 - preprocessor_separate_norm_小港 - INFO - 執行特徵選擇
2025-06-08 18:34:37,147 - preprocessor_separate_norm_小港 - INFO - 特徵選擇完成: 69 個特徵, 20 個目標
2025-06-08 18:34:37,151 - preprocessor_separate_norm_小港 - INFO - 數據預處理完成: (43584, 91)
2025-06-08 18:34:37,703 - preprocessor_separate_norm_小港 - INFO - 處理後數據已保存: D:\pythonWork\R_datascience\final\Train\data\processed\separate_norm\separate_norm_小港_20250608_183436_processed.npz
2025-06-08 18:34:37,703 - preprocessor_separate_norm_小港 - INFO - 數據形狀: X=(43584, 69), y=(43584, 20)
2025-06-08 18:34:37,703 - preprocessor_separate_norm_小港 - INFO - 預處理管道執行完成
2025-06-08 18:34:37,713 - windows_separate_norm_小港 - INFO - ==================================================
2025-06-08 18:34:37,713 - windows_separate_norm_小港 - INFO - 開始執行 separate_norm 模式的時間窗口生成
2025-06-08 18:34:37,713 - windows_separate_norm_小港 - INFO - ==================================================
2025-06-08 18:34:37,713 - windows_separate_norm_小港 - INFO - 載入預處理數據: D:\pythonWork\R_datascience\final\Train\data\processed\separate_norm\separate_norm_小港_20250608_183436_processed.npz
2025-06-08 18:34:37,799 - windows_separate_norm_小港 - INFO - 數據載入完成: X=(43584, 69), y=(43584, 20)
2025-06-08 18:34:37,799 - windows_separate_norm_小港 - INFO - 開始創建滑動時間窗口
2025-06-08 18:34:37,799 - windows_separate_norm_小港 - INFO - 窗口參數: window_size=24, horizon=6, stride=1
2025-06-08 18:34:37,807 - windows_separate_norm_小港 - INFO - 處理 1 個測站的數據
2025-06-08 18:34:37,909 - windows_separate_norm_小港 - INFO - 單序列窗口創建完成: 43555 個窗口
2025-06-08 18:34:37,909 - windows_separate_norm_小港 - INFO - 測站 小港: 43555 個窗口
2025-06-08 18:34:37,968 - windows_separate_norm_小港 - INFO - 多測站窗口創建完成: 總計 43555 個窗口
2025-06-08 18:34:37,980 - windows_separate_norm_小港 - INFO - 開始分割數據集
2025-06-08 18:34:37,980 - windows_separate_norm_小港 - INFO - train: X=(34844, 24, 69), y=(34844, 6, 20)
2025-06-08 18:34:37,981 - windows_separate_norm_小港 - INFO - val: X=(4355, 24, 69), y=(4355, 6, 20)
2025-06-08 18:34:37,981 - windows_separate_norm_小港 - INFO - test: X=(4356, 24, 69), y=(4356, 6, 20)
2025-06-08 18:34:42,334 - windows_separate_norm_小港 - INFO - NumPy格式數據已保存: D:\pythonWork\R_datascience\final\Train\data\sliding_windows\separate_norm\separate_norm_小港_20250608_183436_windows.npz
2025-06-08 18:34:42,863 - windows_separate_norm_小港 - INFO - PyTorch格式數據已保存: D:\pythonWork\R_datascience\final\Train\data\sliding_windows\separate_norm\separate_norm_小港_20250608_183436_windows.pt
2025-06-08 18:34:42,863 - windows_separate_norm_小港 - INFO - 時間窗口生成管道執行完成
2025-06-08 18:34:42,875 - trainer_separate_norm_小港 - INFO - 使用設備: cuda
2025-06-08 18:34:42,875 - trainer_separate_norm_小港 - INFO - ==================================================
2025-06-08 18:34:42,875 - trainer_separate_norm_小港 - INFO - 開始執行 separate_norm 模式的模型訓練
2025-06-08 18:34:42,876 - trainer_separate_norm_小港 - INFO - ==================================================
2025-06-08 18:34:42,876 - trainer_separate_norm_小港 - INFO - 載入訓練數據
2025-06-08 18:34:43,935 - trainer_separate_norm_小港 - INFO - 訓練LightGBM模型...
2025-06-08 18:34:43,935 - trainer_separate_norm_小港 - INFO - 開始訓練LightGBM模型
2025-06-08 18:34:43,935 - trainer_separate_norm_小港 - INFO - LightGBM數據形狀: X_train=(34844, 1656), y_train=(34844, 120)
2025-06-08 18:34:50,470 - trainer_separate_norm_小港 - INFO - LightGBM訓練完成: 6.06s
2025-06-08 18:34:50,470 - trainer_separate_norm_小港 - INFO - 驗證集MAE: 0.0744
2025-06-08 18:34:50,504 - trainer_separate_norm_小港 - INFO - 訓練LSTM模型...
2025-06-08 18:34:50,504 - trainer_separate_norm_小港 - INFO - 開始訓練LSTM模型
2025-06-08 18:34:50,588 - trainer_separate_norm_小港 - INFO - LSTM數據形狀: X_train=torch.Size([34844, 24, 69]), y_train=torch.Size([34844, 6, 20])
2025-06-08 18:34:51,341 - trainer_separate_norm_小港 - INFO - Epoch 0: Train Loss=0.182064, Val Loss=0.140368
2025-06-08 18:34:58,099 - trainer_separate_norm_小港 - INFO - Epoch 10: Train Loss=0.074547, Val Loss=0.145356
2025-06-08 18:34:59,460 - trainer_separate_norm_小港 - INFO - 早停於 epoch 12
2025-06-08 18:34:59,635 - trainer_separate_norm_小港 - INFO - LSTM訓練完成: 8.96s
2025-06-08 18:34:59,635 - trainer_separate_norm_小港 - INFO - 驗證集MAE: 0.2400
2025-06-08 18:34:59,655 - trainer_separate_norm_小港 - INFO - 模型訓練管道執行完成
