2025-06-08 17:58:56,424 - preprocessor_separate_norm_桃園 - INFO - ==================================================
2025-06-08 17:58:56,424 - preprocessor_separate_norm_桃園 - INFO - 開始執行 separate_norm 模式的完整預處理管道
2025-06-08 17:58:56,424 - preprocessor_separate_norm_桃園 - INFO - ==================================================
2025-06-08 17:58:56,424 - preprocessor_separate_norm_桃園 - INFO - 開始載入 separate_norm 模式的原始數據
2025-06-08 17:58:56,425 - preprocessor_separate_norm_桃園 - INFO - 載入文件: D:\pythonWork\R_datascience\final\Train\data\raw\Separate_Nomorlization\Nomorlization_桃園_C0C480_combined.csv
2025-06-08 17:58:56,530 - preprocessor_separate_norm_桃園 - INFO - 合併 1 個文件，總記錄數: 43584
2025-06-08 17:58:56,561 - preprocessor_separate_norm_桃園 - INFO - 數據驗證通過: (43584, 29), 時間範圍: 2020-01-01T00:00:00Z 到 2024-12-20T23:00:00Z
2025-06-08 17:58:56,561 - preprocessor_separate_norm_桃園 - INFO - 原始數據載入完成: (43584, 29)
2025-06-08 17:58:56,561 - preprocessor_separate_norm_桃園 - INFO - 開始數據預處理
2025-06-08 17:58:56,561 - preprocessor_separate_norm_桃園 - INFO - 處理時間特徵
2025-06-08 17:58:56,561 - preprocessor_separate_norm_桃園 - INFO - 數據已包含時間特徵，跳過時間特徵處理
2025-06-08 17:58:56,572 - preprocessor_separate_norm_桃園 - INFO - 執行特徵工程
2025-06-08 17:58:56,603 - preprocessor_separate_norm_桃園 - INFO - 執行數據清理
2025-06-08 17:58:56,768 - preprocessor_separate_norm_桃園 - INFO - 數據清理完成: 43584 -> 43584 行
2025-06-08 17:58:56,769 - preprocessor_separate_norm_桃園 - INFO - 執行特徵選擇
2025-06-08 17:58:56,774 - preprocessor_separate_norm_桃園 - INFO - 特徵選擇完成: 69 個特徵, 20 個目標
2025-06-08 17:58:56,775 - preprocessor_separate_norm_桃園 - INFO - 數據預處理完成: (43584, 91)
2025-06-08 17:58:57,342 - preprocessor_separate_norm_桃園 - INFO - 處理後數據已保存: D:\pythonWork\R_datascience\final\Train\data\processed\separate_norm\separate_norm_桃園_20250608_175856_processed.npz
2025-06-08 17:58:57,342 - preprocessor_separate_norm_桃園 - INFO - 數據形狀: X=(43584, 69), y=(43584, 20)
2025-06-08 17:58:57,358 - preprocessor_separate_norm_桃園 - INFO - 預處理管道執行完成
2025-06-08 17:58:57,360 - windows_separate_norm_桃園 - INFO - ==================================================
2025-06-08 17:58:57,360 - windows_separate_norm_桃園 - INFO - 開始執行 separate_norm 模式的時間窗口生成
2025-06-08 17:58:57,360 - windows_separate_norm_桃園 - INFO - ==================================================
2025-06-08 17:58:57,360 - windows_separate_norm_桃園 - INFO - 載入預處理數據: D:\pythonWork\R_datascience\final\Train\data\processed\separate_norm\separate_norm_桃園_20250608_175856_processed.npz
2025-06-08 17:58:57,430 - windows_separate_norm_桃園 - INFO - 數據載入完成: X=(43584, 69), y=(43584, 20)
2025-06-08 17:58:57,431 - windows_separate_norm_桃園 - INFO - 開始創建滑動時間窗口
2025-06-08 17:58:57,431 - windows_separate_norm_桃園 - INFO - 窗口參數: window_size=24, horizon=6, stride=1
2025-06-08 17:58:57,438 - windows_separate_norm_桃園 - INFO - 處理 1 個測站的數據
2025-06-08 17:58:57,541 - windows_separate_norm_桃園 - INFO - 單序列窗口創建完成: 43555 個窗口
2025-06-08 17:58:57,541 - windows_separate_norm_桃園 - INFO - 測站 桃園: 43555 個窗口
2025-06-08 17:58:57,600 - windows_separate_norm_桃園 - INFO - 多測站窗口創建完成: 總計 43555 個窗口
2025-06-08 17:58:57,611 - windows_separate_norm_桃園 - INFO - 開始分割數據集
2025-06-08 17:58:57,611 - windows_separate_norm_桃園 - INFO - train: X=(34844, 24, 69), y=(34844, 6, 20)
2025-06-08 17:58:57,611 - windows_separate_norm_桃園 - INFO - val: X=(4355, 24, 69), y=(4355, 6, 20)
2025-06-08 17:58:57,611 - windows_separate_norm_桃園 - INFO - test: X=(4356, 24, 69), y=(4356, 6, 20)
2025-06-08 17:59:02,106 - windows_separate_norm_桃園 - INFO - NumPy格式數據已保存: D:\pythonWork\R_datascience\final\Train\data\sliding_windows\separate_norm\separate_norm_桃園_20250608_175856_windows.npz
2025-06-08 17:59:02,658 - windows_separate_norm_桃園 - INFO - PyTorch格式數據已保存: D:\pythonWork\R_datascience\final\Train\data\sliding_windows\separate_norm\separate_norm_桃園_20250608_175856_windows.pt
2025-06-08 17:59:02,658 - windows_separate_norm_桃園 - INFO - 時間窗口生成管道執行完成
2025-06-08 17:59:02,661 - trainer_separate_norm_桃園 - INFO - 使用設備: cpu
2025-06-08 17:59:02,661 - trainer_separate_norm_桃園 - INFO - ==================================================
2025-06-08 17:59:02,671 - trainer_separate_norm_桃園 - INFO - 開始執行 separate_norm 模式的模型訓練
2025-06-08 17:59:02,671 - trainer_separate_norm_桃園 - INFO - ==================================================
2025-06-08 17:59:02,671 - trainer_separate_norm_桃園 - INFO - 載入訓練數據
2025-06-08 17:59:03,564 - trainer_separate_norm_桃園 - INFO - 訓練LightGBM模型...
2025-06-08 17:59:03,564 - trainer_separate_norm_桃園 - INFO - 開始訓練LightGBM模型
2025-06-08 17:59:03,564 - trainer_separate_norm_桃園 - INFO - LightGBM數據形狀: X_train=(34844, 1656), y_train=(34844, 120)
2025-06-08 17:59:12,698 - trainer_separate_norm_桃園 - INFO - LightGBM訓練完成: 9.04s
2025-06-08 17:59:12,698 - trainer_separate_norm_桃園 - INFO - 驗證集MAE: 0.1042
2025-06-08 17:59:12,718 - trainer_separate_norm_桃園 - INFO - 訓練LSTM模型...
2025-06-08 17:59:12,718 - trainer_separate_norm_桃園 - INFO - 開始訓練LSTM模型
2025-06-08 17:59:12,719 - trainer_separate_norm_桃園 - INFO - LSTM數據形狀: X_train=torch.Size([34844, 24, 69]), y_train=torch.Size([34844, 6, 20])
2025-06-08 17:59:14,628 - trainer_separate_norm_桃園 - ERROR - LSTM訓練失敗: ReduceLROnPlateau.__init__() got an unexpected keyword argument 'verbose'
2025-06-08 17:59:14,630 - trainer_separate_norm_桃園 - INFO - 模型訓練管道執行完成
