2025-06-08 15:58:57,932 - preprocessor_separate_大園 - INFO - ==================================================
2025-06-08 15:58:57,932 - preprocessor_separate_大園 - INFO - 開始執行 separate 模式的完整預處理管道
2025-06-08 15:58:57,932 - preprocessor_separate_大園 - INFO - ==================================================
2025-06-08 15:58:57,932 - preprocessor_separate_大園 - INFO - 開始載入 separate 模式的原始數據
2025-06-08 15:58:57,932 - preprocessor_separate_大園 - INFO - 載入文件: D:\pythonWork\R_datascience\final\Train\data\raw\Separate\大園_C0C590_combined.csv
2025-06-08 15:58:57,998 - preprocessor_separate_大園 - INFO - 合併 1 個文件，總記錄數: 43584
2025-06-08 15:58:58,030 - preprocessor_separate_大園 - INFO - 數據驗證通過: (43584, 29), 時間範圍: 2020-01-01T00:00:00Z 到 2024-12-20T23:00:00Z
2025-06-08 15:58:58,030 - preprocessor_separate_大園 - INFO - 原始數據載入完成: (43584, 29)
2025-06-08 15:58:58,030 - preprocessor_separate_大園 - INFO - 開始數據預處理
2025-06-08 15:58:58,030 - preprocessor_separate_大園 - INFO - 處理時間特徵
2025-06-08 15:58:58,072 - preprocessor_separate_大園 - INFO - 執行特徵工程
2025-06-08 15:58:58,113 - preprocessor_separate_大園 - INFO - 執行數據清理
2025-06-08 15:58:58,302 - preprocessor_separate_大園 - INFO - 數據清理完成: 43584 -> 43584 行
2025-06-08 15:58:58,304 - preprocessor_separate_大園 - INFO - 執行特徵選擇
2025-06-08 15:58:58,308 - preprocessor_separate_大園 - INFO - 特徵選擇完成: 74 個特徵, 20 個目標
2025-06-08 15:58:58,309 - preprocessor_separate_大園 - INFO - 執行數據標準化
2025-06-08 15:58:58,355 - preprocessor_separate_大園 - INFO - 標準化器已保存: D:\pythonWork\R_datascience\final\Train\data\processed\separate\separate_scaler.pkl
2025-06-08 15:58:58,355 - preprocessor_separate_大園 - INFO - 數據預處理完成: (43584, 96)
2025-06-08 15:58:58,852 - preprocessor_separate_大園 - INFO - 處理後數據已保存: D:\pythonWork\R_datascience\final\Train\data\processed\separate\separate_大園_20250608_155857_processed.npz
2025-06-08 15:58:58,853 - preprocessor_separate_大園 - INFO - 數據形狀: X=(43584, 74), y=(43584, 20)
2025-06-08 15:58:58,855 - preprocessor_separate_大園 - INFO - 預處理管道執行完成
2025-06-08 15:58:58,857 - windows_separate_大園 - INFO - ==================================================
2025-06-08 15:58:58,857 - windows_separate_大園 - INFO - 開始執行 separate 模式的時間窗口生成
2025-06-08 15:58:58,857 - windows_separate_大園 - INFO - ==================================================
2025-06-08 15:58:58,858 - windows_separate_大園 - INFO - 載入預處理數據: D:\pythonWork\R_datascience\final\Train\data\processed\separate\separate_大園_20250608_155857_processed.npz
2025-06-08 15:58:58,919 - windows_separate_大園 - INFO - 數據載入完成: X=(43584, 74), y=(43584, 20)
2025-06-08 15:58:58,919 - windows_separate_大園 - INFO - 開始創建滑動時間窗口
2025-06-08 15:58:58,919 - windows_separate_大園 - INFO - 窗口參數: window_size=24, horizon=6, stride=1
2025-06-08 15:58:58,930 - windows_separate_大園 - INFO - 處理 1 個測站的數據
2025-06-08 15:58:59,039 - windows_separate_大園 - INFO - 單序列窗口創建完成: 43555 個窗口
2025-06-08 15:58:59,039 - windows_separate_大園 - INFO - 測站 大園: 43555 個窗口
2025-06-08 15:58:59,104 - windows_separate_大園 - INFO - 多測站窗口創建完成: 總計 43555 個窗口
2025-06-08 15:58:59,122 - windows_separate_大園 - INFO - 開始分割數據集
2025-06-08 15:58:59,122 - windows_separate_大園 - INFO - train: X=(34844, 24, 74), y=(34844, 6, 20)
2025-06-08 15:58:59,123 - windows_separate_大園 - INFO - val: X=(4355, 24, 74), y=(4355, 6, 20)
2025-06-08 15:58:59,123 - windows_separate_大園 - INFO - test: X=(4356, 24, 74), y=(4356, 6, 20)
2025-06-08 15:59:04,148 - windows_separate_大園 - INFO - NumPy格式數據已保存: D:\pythonWork\R_datascience\final\Train\data\sliding_windows\separate\separate_大園_20250608_155857_windows.npz
2025-06-08 15:59:04,743 - windows_separate_大園 - INFO - PyTorch格式數據已保存: D:\pythonWork\R_datascience\final\Train\data\sliding_windows\separate\separate_大園_20250608_155857_windows.pt
2025-06-08 15:59:04,743 - windows_separate_大園 - INFO - 時間窗口生成管道執行完成
2025-06-08 15:59:04,765 - trainer_separate_大園 - INFO - 使用設備: cuda
2025-06-08 15:59:04,765 - trainer_separate_大園 - INFO - ==================================================
2025-06-08 15:59:04,765 - trainer_separate_大園 - INFO - 開始執行 separate 模式的模型訓練
2025-06-08 15:59:04,765 - trainer_separate_大園 - INFO - ==================================================
2025-06-08 15:59:04,765 - trainer_separate_大園 - INFO - 載入訓練數據
2025-06-08 15:59:05,958 - trainer_separate_大園 - INFO - 訓練LightGBM模型...
2025-06-08 15:59:05,958 - trainer_separate_大園 - INFO - 開始訓練LightGBM模型
2025-06-08 15:59:05,958 - trainer_separate_大園 - INFO - LightGBM數據形狀: X_train=(34844, 1776), y_train=(34844, 120)
2025-06-08 15:59:12,417 - trainer_separate_大園 - INFO - LightGBM訓練完成: 6.11s
2025-06-08 15:59:12,418 - trainer_separate_大園 - INFO - 驗證集MAE: 2.7522
2025-06-08 15:59:12,475 - trainer_separate_大園 - INFO - 訓練LSTM模型...
2025-06-08 15:59:12,475 - trainer_separate_大園 - INFO - 開始訓練LSTM模型
2025-06-08 15:59:12,569 - trainer_separate_大園 - INFO - LSTM數據形狀: X_train=torch.Size([34844, 24, 74]), y_train=torch.Size([34844, 6, 20])
2025-06-08 15:59:13,425 - trainer_separate_大園 - INFO - Epoch 0: Train Loss=167.180680, Val Loss=92.080352
2025-06-08 15:59:20,939 - trainer_separate_大園 - INFO - Epoch 10: Train Loss=19.651789, Val Loss=35.370383
2025-06-08 15:59:26,261 - trainer_separate_大園 - INFO - 早停於 epoch 17
2025-06-08 15:59:26,455 - trainer_separate_大園 - INFO - LSTM訓練完成: 13.79s
2025-06-08 15:59:26,455 - trainer_separate_大園 - INFO - 驗證集MAE: 3.2268
2025-06-08 15:59:26,459 - trainer_separate_大園 - INFO - 模型訓練管道執行完成
