2025-06-08 16:23:10,613 - preprocessor_separate_花蓮 - INFO - ==================================================
2025-06-08 16:23:10,613 - preprocessor_separate_花蓮 - INFO - 開始執行 separate 模式的完整預處理管道
2025-06-08 16:23:10,613 - preprocessor_separate_花蓮 - INFO - ==================================================
2025-06-08 16:23:10,613 - preprocessor_separate_花蓮 - INFO - 開始載入 separate 模式的原始數據
2025-06-08 16:23:10,613 - preprocessor_separate_花蓮 - INFO - 載入文件: D:\pythonWork\R_datascience\final\Train\data\raw\Separate\花蓮_466990_combined.csv
2025-06-08 16:23:10,682 - preprocessor_separate_花蓮 - INFO - 合併 1 個文件，總記錄數: 43584
2025-06-08 16:23:10,711 - preprocessor_separate_花蓮 - INFO - 數據驗證通過: (43584, 28), 時間範圍: 2020-01-01T00:00:00Z 到 2024-12-20T23:00:00Z
2025-06-08 16:23:10,711 - preprocessor_separate_花蓮 - INFO - 原始數據載入完成: (43584, 28)
2025-06-08 16:23:10,711 - preprocessor_separate_花蓮 - INFO - 開始數據預處理
2025-06-08 16:23:10,711 - preprocessor_separate_花蓮 - INFO - 處理時間特徵
2025-06-08 16:23:10,756 - preprocessor_separate_花蓮 - INFO - 執行特徵工程
2025-06-08 16:23:10,798 - preprocessor_separate_花蓮 - INFO - 執行數據清理
2025-06-08 16:23:10,985 - preprocessor_separate_花蓮 - INFO - 數據清理完成: 43584 -> 43584 行
2025-06-08 16:23:10,986 - preprocessor_separate_花蓮 - INFO - 執行特徵選擇
2025-06-08 16:23:10,990 - preprocessor_separate_花蓮 - INFO - 特徵選擇完成: 74 個特徵, 19 個目標
2025-06-08 16:23:10,992 - preprocessor_separate_花蓮 - INFO - 執行數據標準化
2025-06-08 16:23:11,032 - preprocessor_separate_花蓮 - INFO - 標準化器已保存: D:\pythonWork\R_datascience\final\Train\data\processed\separate\separate_scaler.pkl
2025-06-08 16:23:11,032 - preprocessor_separate_花蓮 - INFO - 數據預處理完成: (43584, 95)
2025-06-08 16:23:11,503 - preprocessor_separate_花蓮 - INFO - 處理後數據已保存: D:\pythonWork\R_datascience\final\Train\data\processed\separate\separate_花蓮_20250608_162310_processed.npz
2025-06-08 16:23:11,503 - preprocessor_separate_花蓮 - INFO - 數據形狀: X=(43584, 74), y=(43584, 19)
2025-06-08 16:23:11,504 - preprocessor_separate_花蓮 - INFO - 預處理管道執行完成
2025-06-08 16:23:11,507 - windows_separate_花蓮 - INFO - ==================================================
2025-06-08 16:23:11,507 - windows_separate_花蓮 - INFO - 開始執行 separate 模式的時間窗口生成
2025-06-08 16:23:11,507 - windows_separate_花蓮 - INFO - ==================================================
2025-06-08 16:23:11,507 - windows_separate_花蓮 - INFO - 載入預處理數據: D:\pythonWork\R_datascience\final\Train\data\processed\separate\separate_花蓮_20250608_162310_processed.npz
2025-06-08 16:23:11,569 - windows_separate_花蓮 - INFO - 數據載入完成: X=(43584, 74), y=(43584, 19)
2025-06-08 16:23:11,569 - windows_separate_花蓮 - INFO - 開始創建滑動時間窗口
2025-06-08 16:23:11,569 - windows_separate_花蓮 - INFO - 窗口參數: window_size=24, horizon=6, stride=1
2025-06-08 16:23:11,578 - windows_separate_花蓮 - INFO - 處理 1 個測站的數據
2025-06-08 16:23:11,683 - windows_separate_花蓮 - INFO - 單序列窗口創建完成: 43555 個窗口
2025-06-08 16:23:11,683 - windows_separate_花蓮 - INFO - 測站 花蓮: 43555 個窗口
2025-06-08 16:23:11,747 - windows_separate_花蓮 - INFO - 多測站窗口創建完成: 總計 43555 個窗口
2025-06-08 16:23:11,767 - windows_separate_花蓮 - INFO - 開始分割數據集
2025-06-08 16:23:11,767 - windows_separate_花蓮 - INFO - train: X=(34844, 24, 74), y=(34844, 6, 19)
2025-06-08 16:23:11,768 - windows_separate_花蓮 - INFO - val: X=(4355, 24, 74), y=(4355, 6, 19)
2025-06-08 16:23:11,768 - windows_separate_花蓮 - INFO - test: X=(4356, 24, 74), y=(4356, 6, 19)
2025-06-08 16:23:16,620 - windows_separate_花蓮 - INFO - NumPy格式數據已保存: D:\pythonWork\R_datascience\final\Train\data\sliding_windows\separate\separate_花蓮_20250608_162310_windows.npz
2025-06-08 16:23:17,223 - windows_separate_花蓮 - INFO - PyTorch格式數據已保存: D:\pythonWork\R_datascience\final\Train\data\sliding_windows\separate\separate_花蓮_20250608_162310_windows.pt
2025-06-08 16:23:17,223 - windows_separate_花蓮 - INFO - 時間窗口生成管道執行完成
2025-06-08 16:23:17,246 - trainer_separate_花蓮 - INFO - 使用設備: cuda
2025-06-08 16:23:17,246 - trainer_separate_花蓮 - INFO - ==================================================
2025-06-08 16:23:17,246 - trainer_separate_花蓮 - INFO - 開始執行 separate 模式的模型訓練
2025-06-08 16:23:17,246 - trainer_separate_花蓮 - INFO - ==================================================
2025-06-08 16:23:17,247 - trainer_separate_花蓮 - INFO - 載入訓練數據
2025-06-08 16:23:18,442 - trainer_separate_花蓮 - INFO - 訓練LightGBM模型...
2025-06-08 16:23:18,442 - trainer_separate_花蓮 - INFO - 開始訓練LightGBM模型
2025-06-08 16:23:18,442 - trainer_separate_花蓮 - INFO - LightGBM數據形狀: X_train=(34844, 1776), y_train=(34844, 114)
2025-06-08 16:23:24,644 - trainer_separate_花蓮 - INFO - LightGBM訓練完成: 5.92s
2025-06-08 16:23:24,644 - trainer_separate_花蓮 - INFO - 驗證集MAE: 2.0246
2025-06-08 16:23:24,677 - trainer_separate_花蓮 - INFO - 訓練LSTM模型...
2025-06-08 16:23:24,677 - trainer_separate_花蓮 - INFO - 開始訓練LSTM模型
2025-06-08 16:23:24,769 - trainer_separate_花蓮 - INFO - LSTM數據形狀: X_train=torch.Size([34844, 24, 74]), y_train=torch.Size([34844, 6, 19])
2025-06-08 16:23:25,588 - trainer_separate_花蓮 - INFO - Epoch 0: Train Loss=80.131005, Val Loss=57.952297
2025-06-08 16:23:32,970 - trainer_separate_花蓮 - INFO - Epoch 10: Train Loss=7.520391, Val Loss=15.550917
2025-06-08 16:23:40,661 - trainer_separate_花蓮 - INFO - Epoch 20: Train Loss=4.695221, Val Loss=17.055018
2025-06-08 16:23:42,129 - trainer_separate_花蓮 - INFO - 早停於 epoch 22
2025-06-08 16:23:42,306 - trainer_separate_花蓮 - INFO - LSTM訓練完成: 17.45s
2025-06-08 16:23:42,306 - trainer_separate_花蓮 - INFO - 驗證集MAE: 2.0967
2025-06-08 16:23:42,333 - trainer_separate_花蓮 - INFO - 模型訓練管道執行完成
