2025-06-08 18:31:37,097 - preprocessor_separate_norm_大同 - INFO - ==================================================
2025-06-08 18:31:37,097 - preprocessor_separate_norm_大同 - INFO - 開始執行 separate_norm 模式的完整預處理管道
2025-06-08 18:31:37,097 - preprocessor_separate_norm_大同 - INFO - ==================================================
2025-06-08 18:31:37,097 - preprocessor_separate_norm_大同 - INFO - 開始載入 separate_norm 模式的原始數據
2025-06-08 18:31:37,098 - preprocessor_separate_norm_大同 - INFO - 載入文件: D:\pythonWork\R_datascience\final\Train\data\raw\Separate_Nomorlization\Nomorlization_大同_C0AI30_combined.csv
2025-06-08 18:31:37,195 - preprocessor_separate_norm_大同 - INFO - 合併 1 個文件，總記錄數: 43584
2025-06-08 18:31:37,237 - preprocessor_separate_norm_大同 - INFO - 數據驗證通過: (43584, 28), 時間範圍: 2020-01-01T00:00:00Z 到 2024-12-20T23:00:00Z
2025-06-08 18:31:37,237 - preprocessor_separate_norm_大同 - INFO - 原始數據載入完成: (43584, 28)
2025-06-08 18:31:37,237 - preprocessor_separate_norm_大同 - INFO - 開始數據預處理
2025-06-08 18:31:37,237 - preprocessor_separate_norm_大同 - INFO - 處理時間特徵
2025-06-08 18:31:37,237 - preprocessor_separate_norm_大同 - INFO - 數據已包含時間特徵，跳過時間特徵處理
2025-06-08 18:31:37,249 - preprocessor_separate_norm_大同 - INFO - 執行特徵工程
2025-06-08 18:31:37,280 - preprocessor_separate_norm_大同 - INFO - 執行數據清理
2025-06-08 18:31:37,437 - preprocessor_separate_norm_大同 - INFO - 數據清理完成: 43584 -> 43584 行
2025-06-08 18:31:37,437 - preprocessor_separate_norm_大同 - INFO - 執行特徵選擇
2025-06-08 18:31:37,437 - preprocessor_separate_norm_大同 - INFO - 特徵選擇完成: 69 個特徵, 19 個目標
2025-06-08 18:31:37,452 - preprocessor_separate_norm_大同 - INFO - 數據預處理完成: (43584, 90)
2025-06-08 18:31:38,015 - preprocessor_separate_norm_大同 - INFO - 處理後數據已保存: D:\pythonWork\R_datascience\final\Train\data\processed\separate_norm\separate_norm_大同_20250608_183137_processed.npz
2025-06-08 18:31:38,015 - preprocessor_separate_norm_大同 - INFO - 數據形狀: X=(43584, 69), y=(43584, 19)
2025-06-08 18:31:38,015 - preprocessor_separate_norm_大同 - INFO - 預處理管道執行完成
2025-06-08 18:31:38,020 - windows_separate_norm_大同 - INFO - ==================================================
2025-06-08 18:31:38,020 - windows_separate_norm_大同 - INFO - 開始執行 separate_norm 模式的時間窗口生成
2025-06-08 18:31:38,020 - windows_separate_norm_大同 - INFO - ==================================================
2025-06-08 18:31:38,020 - windows_separate_norm_大同 - INFO - 載入預處理數據: D:\pythonWork\R_datascience\final\Train\data\processed\separate_norm\separate_norm_大同_20250608_183137_processed.npz
2025-06-08 18:31:38,103 - windows_separate_norm_大同 - INFO - 數據載入完成: X=(43584, 69), y=(43584, 19)
2025-06-08 18:31:38,103 - windows_separate_norm_大同 - INFO - 開始創建滑動時間窗口
2025-06-08 18:31:38,104 - windows_separate_norm_大同 - INFO - 窗口參數: window_size=24, horizon=6, stride=1
2025-06-08 18:31:38,112 - windows_separate_norm_大同 - INFO - 處理 1 個測站的數據
2025-06-08 18:31:38,215 - windows_separate_norm_大同 - INFO - 單序列窗口創建完成: 43555 個窗口
2025-06-08 18:31:38,215 - windows_separate_norm_大同 - INFO - 測站 大同: 43555 個窗口
2025-06-08 18:31:38,273 - windows_separate_norm_大同 - INFO - 多測站窗口創建完成: 總計 43555 個窗口
2025-06-08 18:31:38,285 - windows_separate_norm_大同 - INFO - 開始分割數據集
2025-06-08 18:31:38,285 - windows_separate_norm_大同 - INFO - train: X=(34844, 24, 69), y=(34844, 6, 19)
2025-06-08 18:31:38,285 - windows_separate_norm_大同 - INFO - val: X=(4355, 24, 69), y=(4355, 6, 19)
2025-06-08 18:31:38,285 - windows_separate_norm_大同 - INFO - test: X=(4356, 24, 69), y=(4356, 6, 19)
2025-06-08 18:31:42,670 - windows_separate_norm_大同 - INFO - NumPy格式數據已保存: D:\pythonWork\R_datascience\final\Train\data\sliding_windows\separate_norm\separate_norm_大同_20250608_183137_windows.npz
2025-06-08 18:31:43,206 - windows_separate_norm_大同 - INFO - PyTorch格式數據已保存: D:\pythonWork\R_datascience\final\Train\data\sliding_windows\separate_norm\separate_norm_大同_20250608_183137_windows.pt
2025-06-08 18:31:43,206 - windows_separate_norm_大同 - INFO - 時間窗口生成管道執行完成
2025-06-08 18:31:43,222 - trainer_separate_norm_大同 - INFO - 使用設備: cuda
2025-06-08 18:31:43,222 - trainer_separate_norm_大同 - INFO - ==================================================
2025-06-08 18:31:43,222 - trainer_separate_norm_大同 - INFO - 開始執行 separate_norm 模式的模型訓練
2025-06-08 18:31:43,222 - trainer_separate_norm_大同 - INFO - ==================================================
2025-06-08 18:31:43,222 - trainer_separate_norm_大同 - INFO - 載入訓練數據
2025-06-08 18:31:44,271 - trainer_separate_norm_大同 - INFO - 訓練LightGBM模型...
2025-06-08 18:31:44,271 - trainer_separate_norm_大同 - INFO - 開始訓練LightGBM模型
2025-06-08 18:31:44,271 - trainer_separate_norm_大同 - INFO - LightGBM數據形狀: X_train=(34844, 1656), y_train=(34844, 114)
2025-06-08 18:31:53,743 - trainer_separate_norm_大同 - INFO - LightGBM訓練完成: 8.98s
2025-06-08 18:31:53,743 - trainer_separate_norm_大同 - INFO - 驗證集MAE: 0.1195
2025-06-08 18:31:53,770 - trainer_separate_norm_大同 - INFO - 訓練LSTM模型...
2025-06-08 18:31:53,771 - trainer_separate_norm_大同 - INFO - 開始訓練LSTM模型
2025-06-08 18:31:53,855 - trainer_separate_norm_大同 - INFO - LSTM數據形狀: X_train=torch.Size([34844, 24, 69]), y_train=torch.Size([34844, 6, 19])
2025-06-08 18:31:54,602 - trainer_separate_norm_大同 - INFO - Epoch 0: Train Loss=0.232984, Val Loss=0.146597
2025-06-08 18:32:01,754 - trainer_separate_norm_大同 - INFO - Epoch 10: Train Loss=0.085266, Val Loss=0.165104
2025-06-08 18:32:04,559 - trainer_separate_norm_大同 - INFO - 早停於 epoch 14
2025-06-08 18:32:04,745 - trainer_separate_norm_大同 - INFO - LSTM訓練完成: 10.79s
2025-06-08 18:32:04,745 - trainer_separate_norm_大同 - INFO - 驗證集MAE: 0.2914
2025-06-08 18:32:04,749 - trainer_separate_norm_大同 - INFO - 模型訓練管道執行完成
