2025-06-08 16:04:53,996 - preprocessor_separate_平鎮 - INFO - ==================================================
2025-06-08 16:04:53,996 - preprocessor_separate_平鎮 - INFO - 開始執行 separate 模式的完整預處理管道
2025-06-08 16:04:53,996 - preprocessor_separate_平鎮 - INFO - ==================================================
2025-06-08 16:04:53,996 - preprocessor_separate_平鎮 - INFO - 開始載入 separate 模式的原始數據
2025-06-08 16:04:53,997 - preprocessor_separate_平鎮 - INFO - 載入文件: D:\pythonWork\R_datascience\final\Train\data\raw\Separate\平鎮_A2C560_combined.csv
2025-06-08 16:04:54,059 - preprocessor_separate_平鎮 - INFO - 合併 1 個文件，總記錄數: 43584
2025-06-08 16:04:54,091 - preprocessor_separate_平鎮 - INFO - 數據驗證通過: (43584, 29), 時間範圍: 2020-01-01T00:00:00Z 到 2024-12-20T23:00:00Z
2025-06-08 16:04:54,091 - preprocessor_separate_平鎮 - INFO - 原始數據載入完成: (43584, 29)
2025-06-08 16:04:54,091 - preprocessor_separate_平鎮 - INFO - 開始數據預處理
2025-06-08 16:04:54,091 - preprocessor_separate_平鎮 - INFO - 處理時間特徵
2025-06-08 16:04:54,136 - preprocessor_separate_平鎮 - INFO - 執行特徵工程
2025-06-08 16:04:54,178 - preprocessor_separate_平鎮 - INFO - 執行數據清理
2025-06-08 16:04:54,370 - preprocessor_separate_平鎮 - INFO - 數據清理完成: 43584 -> 43584 行
2025-06-08 16:04:54,371 - preprocessor_separate_平鎮 - INFO - 執行特徵選擇
2025-06-08 16:04:54,376 - preprocessor_separate_平鎮 - INFO - 特徵選擇完成: 74 個特徵, 20 個目標
2025-06-08 16:04:54,377 - preprocessor_separate_平鎮 - INFO - 執行數據標準化
2025-06-08 16:04:54,422 - preprocessor_separate_平鎮 - INFO - 標準化器已保存: D:\pythonWork\R_datascience\final\Train\data\processed\separate\separate_scaler.pkl
2025-06-08 16:04:54,423 - preprocessor_separate_平鎮 - INFO - 數據預處理完成: (43584, 96)
2025-06-08 16:04:54,906 - preprocessor_separate_平鎮 - INFO - 處理後數據已保存: D:\pythonWork\R_datascience\final\Train\data\processed\separate\separate_平鎮_20250608_160453_processed.npz
2025-06-08 16:04:54,907 - preprocessor_separate_平鎮 - INFO - 數據形狀: X=(43584, 74), y=(43584, 20)
2025-06-08 16:04:54,908 - preprocessor_separate_平鎮 - INFO - 預處理管道執行完成
2025-06-08 16:04:54,910 - windows_separate_平鎮 - INFO - ==================================================
2025-06-08 16:04:54,911 - windows_separate_平鎮 - INFO - 開始執行 separate 模式的時間窗口生成
2025-06-08 16:04:54,911 - windows_separate_平鎮 - INFO - ==================================================
2025-06-08 16:04:54,911 - windows_separate_平鎮 - INFO - 載入預處理數據: D:\pythonWork\R_datascience\final\Train\data\processed\separate\separate_平鎮_20250608_160453_processed.npz
2025-06-08 16:04:54,979 - windows_separate_平鎮 - INFO - 數據載入完成: X=(43584, 74), y=(43584, 20)
2025-06-08 16:04:54,979 - windows_separate_平鎮 - INFO - 開始創建滑動時間窗口
2025-06-08 16:04:54,979 - windows_separate_平鎮 - INFO - 窗口參數: window_size=24, horizon=6, stride=1
2025-06-08 16:04:54,988 - windows_separate_平鎮 - INFO - 處理 1 個測站的數據
2025-06-08 16:04:55,084 - windows_separate_平鎮 - INFO - 單序列窗口創建完成: 43555 個窗口
2025-06-08 16:04:55,084 - windows_separate_平鎮 - INFO - 測站 平鎮: 43555 個窗口
2025-06-08 16:04:55,150 - windows_separate_平鎮 - INFO - 多測站窗口創建完成: 總計 43555 個窗口
2025-06-08 16:04:55,174 - windows_separate_平鎮 - INFO - 開始分割數據集
2025-06-08 16:04:55,174 - windows_separate_平鎮 - INFO - train: X=(34844, 24, 74), y=(34844, 6, 20)
2025-06-08 16:04:55,174 - windows_separate_平鎮 - INFO - val: X=(4355, 24, 74), y=(4355, 6, 20)
2025-06-08 16:04:55,175 - windows_separate_平鎮 - INFO - test: X=(4356, 24, 74), y=(4356, 6, 20)
2025-06-08 16:05:00,168 - windows_separate_平鎮 - INFO - NumPy格式數據已保存: D:\pythonWork\R_datascience\final\Train\data\sliding_windows\separate\separate_平鎮_20250608_160453_windows.npz
2025-06-08 16:05:00,764 - windows_separate_平鎮 - INFO - PyTorch格式數據已保存: D:\pythonWork\R_datascience\final\Train\data\sliding_windows\separate\separate_平鎮_20250608_160453_windows.pt
2025-06-08 16:05:00,764 - windows_separate_平鎮 - INFO - 時間窗口生成管道執行完成
2025-06-08 16:05:00,783 - trainer_separate_平鎮 - INFO - 使用設備: cuda
2025-06-08 16:05:00,783 - trainer_separate_平鎮 - INFO - ==================================================
2025-06-08 16:05:00,783 - trainer_separate_平鎮 - INFO - 開始執行 separate 模式的模型訓練
2025-06-08 16:05:00,783 - trainer_separate_平鎮 - INFO - ==================================================
2025-06-08 16:05:00,784 - trainer_separate_平鎮 - INFO - 載入訓練數據
2025-06-08 16:05:02,042 - trainer_separate_平鎮 - INFO - 訓練LightGBM模型...
2025-06-08 16:05:02,042 - trainer_separate_平鎮 - INFO - 開始訓練LightGBM模型
2025-06-08 16:05:02,042 - trainer_separate_平鎮 - INFO - LightGBM數據形狀: X_train=(34844, 1776), y_train=(34844, 120)
2025-06-08 16:05:09,716 - trainer_separate_平鎮 - INFO - LightGBM訓練完成: 7.36s
2025-06-08 16:05:09,716 - trainer_separate_平鎮 - INFO - 驗證集MAE: 2.7290
2025-06-08 16:05:09,751 - trainer_separate_平鎮 - INFO - 訓練LSTM模型...
2025-06-08 16:05:09,752 - trainer_separate_平鎮 - INFO - 開始訓練LSTM模型
2025-06-08 16:05:09,846 - trainer_separate_平鎮 - INFO - LSTM數據形狀: X_train=torch.Size([34844, 24, 74]), y_train=torch.Size([34844, 6, 20])
2025-06-08 16:05:10,708 - trainer_separate_平鎮 - INFO - Epoch 0: Train Loss=155.421436, Val Loss=92.027678
2025-06-08 16:05:18,119 - trainer_separate_平鎮 - INFO - Epoch 10: Train Loss=18.005863, Val Loss=36.375001
2025-06-08 16:05:22,624 - trainer_separate_平鎮 - INFO - 早停於 epoch 16
2025-06-08 16:05:22,821 - trainer_separate_平鎮 - INFO - LSTM訓練完成: 12.87s
2025-06-08 16:05:22,821 - trainer_separate_平鎮 - INFO - 驗證集MAE: 3.3016
2025-06-08 16:05:22,827 - trainer_separate_平鎮 - INFO - 模型訓練管道執行完成
