2025-06-08 16:00:39,170 - preprocessor_separate_安南 - INFO - ==================================================
2025-06-08 16:00:39,170 - preprocessor_separate_安南 - INFO - 開始執行 separate 模式的完整預處理管道
2025-06-08 16:00:39,170 - preprocessor_separate_安南 - INFO - ==================================================
2025-06-08 16:00:39,170 - preprocessor_separate_安南 - INFO - 開始載入 separate 模式的原始數據
2025-06-08 16:00:39,171 - preprocessor_separate_安南 - INFO - 載入文件: D:\pythonWork\R_datascience\final\Train\data\raw\Separate\安南_467420_combined.csv
2025-06-08 16:00:39,228 - preprocessor_separate_安南 - INFO - 合併 1 個文件，總記錄數: 43584
2025-06-08 16:00:39,261 - preprocessor_separate_安南 - INFO - 數據驗證通過: (43584, 28), 時間範圍: 2020-01-01T00:00:00Z 到 2024-12-20T23:00:00Z
2025-06-08 16:00:39,261 - preprocessor_separate_安南 - INFO - 原始數據載入完成: (43584, 28)
2025-06-08 16:00:39,261 - preprocessor_separate_安南 - INFO - 開始數據預處理
2025-06-08 16:00:39,261 - preprocessor_separate_安南 - INFO - 處理時間特徵
2025-06-08 16:00:39,303 - preprocessor_separate_安南 - INFO - 執行特徵工程
2025-06-08 16:00:39,345 - preprocessor_separate_安南 - INFO - 執行數據清理
2025-06-08 16:00:39,534 - preprocessor_separate_安南 - INFO - 數據清理完成: 43584 -> 43584 行
2025-06-08 16:00:39,534 - preprocessor_separate_安南 - INFO - 執行特徵選擇
2025-06-08 16:00:39,539 - preprocessor_separate_安南 - INFO - 特徵選擇完成: 74 個特徵, 19 個目標
2025-06-08 16:00:39,541 - preprocessor_separate_安南 - INFO - 執行數據標準化
2025-06-08 16:00:39,584 - preprocessor_separate_安南 - INFO - 標準化器已保存: D:\pythonWork\R_datascience\final\Train\data\processed\separate\separate_scaler.pkl
2025-06-08 16:00:39,584 - preprocessor_separate_安南 - INFO - 數據預處理完成: (43584, 95)
2025-06-08 16:00:40,065 - preprocessor_separate_安南 - INFO - 處理後數據已保存: D:\pythonWork\R_datascience\final\Train\data\processed\separate\separate_安南_20250608_160039_processed.npz
2025-06-08 16:00:40,065 - preprocessor_separate_安南 - INFO - 數據形狀: X=(43584, 74), y=(43584, 19)
2025-06-08 16:00:40,065 - preprocessor_separate_安南 - INFO - 預處理管道執行完成
2025-06-08 16:00:40,065 - windows_separate_安南 - INFO - ==================================================
2025-06-08 16:00:40,065 - windows_separate_安南 - INFO - 開始執行 separate 模式的時間窗口生成
2025-06-08 16:00:40,065 - windows_separate_安南 - INFO - ==================================================
2025-06-08 16:00:40,065 - windows_separate_安南 - INFO - 載入預處理數據: D:\pythonWork\R_datascience\final\Train\data\processed\separate\separate_安南_20250608_160039_processed.npz
2025-06-08 16:00:40,134 - windows_separate_安南 - INFO - 數據載入完成: X=(43584, 74), y=(43584, 19)
2025-06-08 16:00:40,134 - windows_separate_安南 - INFO - 開始創建滑動時間窗口
2025-06-08 16:00:40,134 - windows_separate_安南 - INFO - 窗口參數: window_size=24, horizon=6, stride=1
2025-06-08 16:00:40,148 - windows_separate_安南 - INFO - 處理 1 個測站的數據
2025-06-08 16:00:40,249 - windows_separate_安南 - INFO - 單序列窗口創建完成: 43555 個窗口
2025-06-08 16:00:40,249 - windows_separate_安南 - INFO - 測站 安南: 43555 個窗口
2025-06-08 16:00:40,314 - windows_separate_安南 - INFO - 多測站窗口創建完成: 總計 43555 個窗口
2025-06-08 16:00:40,332 - windows_separate_安南 - INFO - 開始分割數據集
2025-06-08 16:00:40,332 - windows_separate_安南 - INFO - train: X=(34844, 24, 74), y=(34844, 6, 19)
2025-06-08 16:00:40,333 - windows_separate_安南 - INFO - val: X=(4355, 24, 74), y=(4355, 6, 19)
2025-06-08 16:00:40,333 - windows_separate_安南 - INFO - test: X=(4356, 24, 74), y=(4356, 6, 19)
2025-06-08 16:00:45,195 - windows_separate_安南 - INFO - NumPy格式數據已保存: D:\pythonWork\R_datascience\final\Train\data\sliding_windows\separate\separate_安南_20250608_160039_windows.npz
2025-06-08 16:00:45,715 - windows_separate_安南 - INFO - PyTorch格式數據已保存: D:\pythonWork\R_datascience\final\Train\data\sliding_windows\separate\separate_安南_20250608_160039_windows.pt
2025-06-08 16:00:45,716 - windows_separate_安南 - INFO - 時間窗口生成管道執行完成
2025-06-08 16:00:45,734 - trainer_separate_安南 - INFO - 使用設備: cuda
2025-06-08 16:00:45,734 - trainer_separate_安南 - INFO - ==================================================
2025-06-08 16:00:45,734 - trainer_separate_安南 - INFO - 開始執行 separate 模式的模型訓練
2025-06-08 16:00:45,734 - trainer_separate_安南 - INFO - ==================================================
2025-06-08 16:00:45,734 - trainer_separate_安南 - INFO - 載入訓練數據
2025-06-08 16:00:46,896 - trainer_separate_安南 - INFO - 訓練LightGBM模型...
2025-06-08 16:00:46,896 - trainer_separate_安南 - INFO - 開始訓練LightGBM模型
2025-06-08 16:00:46,896 - trainer_separate_安南 - INFO - LightGBM數據形狀: X_train=(34844, 1776), y_train=(34844, 114)
2025-06-08 16:01:00,146 - trainer_separate_安南 - INFO - LightGBM訓練完成: 12.83s
2025-06-08 16:01:00,147 - trainer_separate_安南 - INFO - 驗證集MAE: 3.0311
2025-06-08 16:01:00,179 - trainer_separate_安南 - INFO - 訓練LSTM模型...
2025-06-08 16:01:00,179 - trainer_separate_安南 - INFO - 開始訓練LSTM模型
2025-06-08 16:01:00,275 - trainer_separate_安南 - INFO - LSTM數據形狀: X_train=torch.Size([34844, 24, 74]), y_train=torch.Size([34844, 6, 19])
2025-06-08 16:01:01,093 - trainer_separate_安南 - INFO - Epoch 0: Train Loss=347.312869, Val Loss=185.077502
2025-06-08 16:01:08,529 - trainer_separate_安南 - INFO - Epoch 10: Train Loss=33.488591, Val Loss=46.478844
2025-06-08 16:01:15,905 - trainer_separate_安南 - INFO - Epoch 20: Train Loss=19.374104, Val Loss=46.064670
2025-06-08 16:01:21,799 - trainer_separate_安南 - INFO - 早停於 epoch 28
2025-06-08 16:01:22,002 - trainer_separate_安南 - INFO - LSTM訓練完成: 21.62s
2025-06-08 16:01:22,002 - trainer_separate_安南 - INFO - 驗證集MAE: 3.4868
2025-06-08 16:01:22,007 - trainer_separate_安南 - INFO - 模型訓練管道執行完成
