2025-06-08 15:49:21,079 - preprocessor_separate_三重 - INFO - ==================================================
2025-06-08 15:49:21,079 - preprocessor_separate_三重 - INFO - 開始執行 separate 模式的完整預處理管道
2025-06-08 15:49:21,079 - preprocessor_separate_三重 - INFO - ==================================================
2025-06-08 15:49:21,079 - preprocessor_separate_三重 - INFO - 開始載入 separate 模式的原始數據
2025-06-08 15:49:21,079 - preprocessor_separate_三重 - INFO - 載入文件: D:\pythonWork\R_datascience\final\Train\data\raw\Separate\三重_C0AI30_combined.csv
2025-06-08 15:49:21,146 - preprocessor_separate_三重 - INFO - 合併 1 個文件，總記錄數: 43584
2025-06-08 15:49:21,177 - preprocessor_separate_三重 - INFO - 數據驗證通過: (43584, 29), 時間範圍: 2020-01-01T00:00:00Z 到 2024-12-20T23:00:00Z
2025-06-08 15:49:21,177 - preprocessor_separate_三重 - INFO - 原始數據載入完成: (43584, 29)
2025-06-08 15:49:21,177 - preprocessor_separate_三重 - INFO - 開始數據預處理
2025-06-08 15:49:21,177 - preprocessor_separate_三重 - INFO - 處理時間特徵
2025-06-08 15:49:21,218 - preprocessor_separate_三重 - INFO - 執行特徵工程
2025-06-08 15:49:21,250 - preprocessor_separate_三重 - INFO - 執行數據清理
2025-06-08 15:49:21,409 - preprocessor_separate_三重 - INFO - 數據清理完成: 43584 -> 43584 行
2025-06-08 15:49:21,409 - preprocessor_separate_三重 - INFO - 執行特徵選擇
2025-06-08 15:49:21,426 - preprocessor_separate_三重 - INFO - 特徵選擇完成: 74 個特徵, 20 個目標
2025-06-08 15:49:21,427 - preprocessor_separate_三重 - INFO - 執行數據標準化
2025-06-08 15:49:21,463 - preprocessor_separate_三重 - INFO - 標準化器已保存: D:\pythonWork\R_datascience\final\Train\data\processed\separate\separate_scaler.pkl
2025-06-08 15:49:21,463 - preprocessor_separate_三重 - INFO - 數據預處理完成: (43584, 96)
2025-06-08 15:49:21,979 - preprocessor_separate_三重 - INFO - 處理後數據已保存: D:\pythonWork\R_datascience\final\Train\data\processed\separate\separate_三重_20250608_154921_processed.npz
2025-06-08 15:49:21,979 - preprocessor_separate_三重 - INFO - 數據形狀: X=(43584, 74), y=(43584, 20)
2025-06-08 15:49:21,979 - preprocessor_separate_三重 - INFO - 預處理管道執行完成
2025-06-08 15:49:21,979 - windows_separate_三重 - INFO - ==================================================
2025-06-08 15:49:21,979 - windows_separate_三重 - INFO - 開始執行 separate 模式的時間窗口生成
2025-06-08 15:49:21,990 - windows_separate_三重 - INFO - ==================================================
2025-06-08 15:49:21,990 - windows_separate_三重 - INFO - 載入預處理數據: D:\pythonWork\R_datascience\final\Train\data\processed\separate\separate_三重_20250608_154921_processed.npz
2025-06-08 15:49:22,046 - windows_separate_三重 - INFO - 數據載入完成: X=(43584, 74), y=(43584, 20)
2025-06-08 15:49:22,046 - windows_separate_三重 - INFO - 開始創建滑動時間窗口
2025-06-08 15:49:22,046 - windows_separate_三重 - INFO - 窗口參數: window_size=24, horizon=6, stride=1
2025-06-08 15:49:22,046 - windows_separate_三重 - INFO - 處理 1 個測站的數據
2025-06-08 15:49:22,163 - windows_separate_三重 - INFO - 單序列窗口創建完成: 43555 個窗口
2025-06-08 15:49:22,163 - windows_separate_三重 - INFO - 測站 三重: 43555 個窗口
2025-06-08 15:49:22,213 - windows_separate_三重 - INFO - 多測站窗口創建完成: 總計 43555 個窗口
2025-06-08 15:49:22,240 - windows_separate_三重 - INFO - 開始分割數據集
2025-06-08 15:49:22,240 - windows_separate_三重 - INFO - train: X=(34844, 24, 74), y=(34844, 6, 20)
2025-06-08 15:49:22,240 - windows_separate_三重 - INFO - val: X=(4355, 24, 74), y=(4355, 6, 20)
2025-06-08 15:49:22,240 - windows_separate_三重 - INFO - test: X=(4356, 24, 74), y=(4356, 6, 20)
2025-06-08 15:49:27,217 - windows_separate_三重 - INFO - NumPy格式數據已保存: D:\pythonWork\R_datascience\final\Train\data\sliding_windows\separate\separate_三重_20250608_154921_windows.npz
2025-06-08 15:49:27,794 - windows_separate_三重 - INFO - PyTorch格式數據已保存: D:\pythonWork\R_datascience\final\Train\data\sliding_windows\separate\separate_三重_20250608_154921_windows.pt
2025-06-08 15:49:27,794 - windows_separate_三重 - INFO - 時間窗口生成管道執行完成
2025-06-08 15:49:27,814 - trainer_separate_三重 - INFO - 使用設備: cuda
2025-06-08 15:49:27,814 - trainer_separate_三重 - INFO - ==================================================
2025-06-08 15:49:27,815 - trainer_separate_三重 - INFO - 開始執行 separate 模式的模型訓練
2025-06-08 15:49:27,815 - trainer_separate_三重 - INFO - ==================================================
2025-06-08 15:49:27,815 - trainer_separate_三重 - INFO - 載入訓練數據
2025-06-08 15:49:28,758 - trainer_separate_三重 - INFO - 訓練LightGBM模型...
2025-06-08 15:49:28,758 - trainer_separate_三重 - INFO - 開始訓練LightGBM模型
2025-06-08 15:49:28,758 - trainer_separate_三重 - INFO - LightGBM數據形狀: X_train=(34844, 1776), y_train=(34844, 120)
2025-06-08 15:49:34,688 - trainer_separate_三重 - INFO - LightGBM訓練完成: 5.85s
2025-06-08 15:49:34,689 - trainer_separate_三重 - INFO - 驗證集MAE: 3.4593
2025-06-08 15:49:34,703 - trainer_separate_三重 - INFO - 訓練LSTM模型...
2025-06-08 15:49:34,703 - trainer_separate_三重 - INFO - 開始訓練LSTM模型
2025-06-08 15:49:34,790 - trainer_separate_三重 - INFO - LSTM數據形狀: X_train=torch.Size([34844, 24, 74]), y_train=torch.Size([34844, 6, 20])
2025-06-08 15:49:35,571 - trainer_separate_三重 - INFO - Epoch 0: Train Loss=382.931227, Val Loss=208.485659
2025-06-08 15:49:42,544 - trainer_separate_三重 - INFO - Epoch 10: Train Loss=58.682244, Val Loss=84.622984
2025-06-08 15:49:49,667 - trainer_separate_三重 - INFO - Epoch 20: Train Loss=31.855079, Val Loss=79.922412
2025-06-08 15:49:54,197 - trainer_separate_三重 - INFO - 早停於 epoch 26
2025-06-08 15:49:54,385 - trainer_separate_三重 - INFO - LSTM訓練完成: 19.49s
2025-06-08 15:49:54,385 - trainer_separate_三重 - INFO - 驗證集MAE: 4.3090
2025-06-08 15:49:54,410 - trainer_separate_三重 - INFO - 模型訓練管道執行完成
