2025-06-08 15:29:14,633 - preprocessor_separate_朴子 - INFO - ==================================================
2025-06-08 15:29:14,633 - preprocessor_separate_朴子 - INFO - 開始執行 separate 模式的完整預處理管道
2025-06-08 15:29:14,633 - preprocessor_separate_朴子 - INFO - ==================================================
2025-06-08 15:29:14,634 - preprocessor_separate_朴子 - INFO - 開始載入 separate 模式的原始數據
2025-06-08 15:29:14,634 - preprocessor_separate_朴子 - INFO - 載入文件: D:\pythonWork\R_datascience\final\Train\data\raw\Separate\朴子_C0M650_combined.csv
2025-06-08 15:29:14,685 - preprocessor_separate_朴子 - INFO - 合併 1 個文件，總記錄數: 43584
2025-06-08 15:29:14,716 - preprocessor_separate_朴子 - INFO - 數據驗證通過: (43584, 28), 時間範圍: 2020-01-01T00:00:00Z 到 2024-12-20T23:00:00Z
2025-06-08 15:29:14,717 - preprocessor_separate_朴子 - INFO - 原始數據載入完成: (43584, 28)
2025-06-08 15:29:14,717 - preprocessor_separate_朴子 - INFO - 開始數據預處理
2025-06-08 15:29:14,717 - preprocessor_separate_朴子 - INFO - 處理時間特徵
2025-06-08 15:29:14,756 - preprocessor_separate_朴子 - INFO - 執行特徵工程
2025-06-08 15:29:14,787 - preprocessor_separate_朴子 - INFO - 執行數據清理
2025-06-08 15:29:14,943 - preprocessor_separate_朴子 - INFO - 數據清理完成: 43584 -> 43584 行
2025-06-08 15:29:14,946 - preprocessor_separate_朴子 - INFO - 執行特徵選擇
2025-06-08 15:29:14,951 - preprocessor_separate_朴子 - INFO - 特徵選擇完成: 74 個特徵, 19 個目標
2025-06-08 15:29:14,952 - preprocessor_separate_朴子 - INFO - 執行數據標準化
2025-06-08 15:29:14,995 - preprocessor_separate_朴子 - INFO - 標準化器已保存: D:\pythonWork\R_datascience\final\Train\data\processed\separate_scaler.pkl
2025-06-08 15:29:14,996 - preprocessor_separate_朴子 - INFO - 數據預處理完成: (43584, 95)
2025-06-08 15:29:15,464 - preprocessor_separate_朴子 - INFO - 處理後數據已保存: D:\pythonWork\R_datascience\final\Train\data\processed\separate_朴子_20250608_152914_processed.npz
2025-06-08 15:29:15,464 - preprocessor_separate_朴子 - INFO - 數據形狀: X=(43584, 74), y=(43584, 19)
2025-06-08 15:29:15,466 - preprocessor_separate_朴子 - INFO - 預處理管道執行完成
