2025-06-08 16:05:22,866 - preprocessor_separate_彰化 - INFO - ==================================================
2025-06-08 16:05:22,866 - preprocessor_separate_彰化 - INFO - 開始執行 separate 模式的完整預處理管道
2025-06-08 16:05:22,866 - preprocessor_separate_彰化 - INFO - ==================================================
2025-06-08 16:05:22,866 - preprocessor_separate_彰化 - INFO - 開始載入 separate 模式的原始數據
2025-06-08 16:05:22,867 - preprocessor_separate_彰化 - INFO - 載入文件: D:\pythonWork\R_datascience\final\Train\data\raw\Separate\彰化_C0G910_combined.csv
2025-06-08 16:05:22,928 - preprocessor_separate_彰化 - INFO - 合併 1 個文件，總記錄數: 43584
2025-06-08 16:05:22,960 - preprocessor_separate_彰化 - INFO - 數據驗證通過: (43584, 28), 時間範圍: 2020-01-01T00:00:00Z 到 2024-12-20T23:00:00Z
2025-06-08 16:05:22,961 - preprocessor_separate_彰化 - INFO - 原始數據載入完成: (43584, 28)
2025-06-08 16:05:22,961 - preprocessor_separate_彰化 - INFO - 開始數據預處理
2025-06-08 16:05:22,961 - preprocessor_separate_彰化 - INFO - 處理時間特徵
2025-06-08 16:05:23,005 - preprocessor_separate_彰化 - INFO - 執行特徵工程
2025-06-08 16:05:23,048 - preprocessor_separate_彰化 - INFO - 執行數據清理
2025-06-08 16:05:23,285 - preprocessor_separate_彰化 - INFO - 數據清理完成: 43584 -> 43584 行
2025-06-08 16:05:23,286 - preprocessor_separate_彰化 - INFO - 執行特徵選擇
2025-06-08 16:05:23,290 - preprocessor_separate_彰化 - INFO - 特徵選擇完成: 74 個特徵, 19 個目標
2025-06-08 16:05:23,291 - preprocessor_separate_彰化 - INFO - 執行數據標準化
2025-06-08 16:05:23,335 - preprocessor_separate_彰化 - INFO - 標準化器已保存: D:\pythonWork\R_datascience\final\Train\data\processed\separate\separate_scaler.pkl
2025-06-08 16:05:23,336 - preprocessor_separate_彰化 - INFO - 數據預處理完成: (43584, 95)
2025-06-08 16:05:23,820 - preprocessor_separate_彰化 - INFO - 處理後數據已保存: D:\pythonWork\R_datascience\final\Train\data\processed\separate\separate_彰化_20250608_160522_processed.npz
2025-06-08 16:05:23,821 - preprocessor_separate_彰化 - INFO - 數據形狀: X=(43584, 74), y=(43584, 19)
2025-06-08 16:05:23,822 - preprocessor_separate_彰化 - INFO - 預處理管道執行完成
2025-06-08 16:05:23,824 - windows_separate_彰化 - INFO - ==================================================
2025-06-08 16:05:23,824 - windows_separate_彰化 - INFO - 開始執行 separate 模式的時間窗口生成
2025-06-08 16:05:23,824 - windows_separate_彰化 - INFO - ==================================================
2025-06-08 16:05:23,824 - windows_separate_彰化 - INFO - 載入預處理數據: D:\pythonWork\R_datascience\final\Train\data\processed\separate\separate_彰化_20250608_160522_processed.npz
2025-06-08 16:05:23,893 - windows_separate_彰化 - INFO - 數據載入完成: X=(43584, 74), y=(43584, 19)
2025-06-08 16:05:23,893 - windows_separate_彰化 - INFO - 開始創建滑動時間窗口
2025-06-08 16:05:23,893 - windows_separate_彰化 - INFO - 窗口參數: window_size=24, horizon=6, stride=1
2025-06-08 16:05:23,902 - windows_separate_彰化 - INFO - 處理 1 個測站的數據
2025-06-08 16:05:24,010 - windows_separate_彰化 - INFO - 單序列窗口創建完成: 43555 個窗口
2025-06-08 16:05:24,010 - windows_separate_彰化 - INFO - 測站 彰化: 43555 個窗口
2025-06-08 16:05:24,074 - windows_separate_彰化 - INFO - 多測站窗口創建完成: 總計 43555 個窗口
2025-06-08 16:05:24,093 - windows_separate_彰化 - INFO - 開始分割數據集
2025-06-08 16:05:24,093 - windows_separate_彰化 - INFO - train: X=(34844, 24, 74), y=(34844, 6, 19)
2025-06-08 16:05:24,093 - windows_separate_彰化 - INFO - val: X=(4355, 24, 74), y=(4355, 6, 19)
2025-06-08 16:05:24,093 - windows_separate_彰化 - INFO - test: X=(4356, 24, 74), y=(4356, 6, 19)
2025-06-08 16:05:29,222 - windows_separate_彰化 - INFO - NumPy格式數據已保存: D:\pythonWork\R_datascience\final\Train\data\sliding_windows\separate\separate_彰化_20250608_160522_windows.npz
2025-06-08 16:05:29,846 - windows_separate_彰化 - INFO - PyTorch格式數據已保存: D:\pythonWork\R_datascience\final\Train\data\sliding_windows\separate\separate_彰化_20250608_160522_windows.pt
2025-06-08 16:05:29,846 - windows_separate_彰化 - INFO - 時間窗口生成管道執行完成
2025-06-08 16:05:29,865 - trainer_separate_彰化 - INFO - 使用設備: cuda
2025-06-08 16:05:29,865 - trainer_separate_彰化 - INFO - ==================================================
2025-06-08 16:05:29,865 - trainer_separate_彰化 - INFO - 開始執行 separate 模式的模型訓練
2025-06-08 16:05:29,865 - trainer_separate_彰化 - INFO - ==================================================
2025-06-08 16:05:29,865 - trainer_separate_彰化 - INFO - 載入訓練數據
2025-06-08 16:05:31,110 - trainer_separate_彰化 - INFO - 訓練LightGBM模型...
2025-06-08 16:05:31,110 - trainer_separate_彰化 - INFO - 開始訓練LightGBM模型
2025-06-08 16:05:31,110 - trainer_separate_彰化 - INFO - LightGBM數據形狀: X_train=(34844, 1776), y_train=(34844, 114)
2025-06-08 16:05:44,835 - trainer_separate_彰化 - INFO - LightGBM訓練完成: 13.34s
2025-06-08 16:05:44,835 - trainer_separate_彰化 - INFO - 驗證集MAE: 2.6916
2025-06-08 16:05:44,869 - trainer_separate_彰化 - INFO - 訓練LSTM模型...
2025-06-08 16:05:44,869 - trainer_separate_彰化 - INFO - 開始訓練LSTM模型
2025-06-08 16:05:44,972 - trainer_separate_彰化 - INFO - LSTM數據形狀: X_train=torch.Size([34844, 24, 74]), y_train=torch.Size([34844, 6, 19])
2025-06-08 16:05:45,806 - trainer_separate_彰化 - INFO - Epoch 0: Train Loss=236.195978, Val Loss=102.648141
2025-06-08 16:05:53,347 - trainer_separate_彰化 - INFO - Epoch 10: Train Loss=24.242782, Val Loss=34.707613
2025-06-08 16:06:00,216 - trainer_separate_彰化 - INFO - 早停於 epoch 19
2025-06-08 16:06:00,405 - trainer_separate_彰化 - INFO - LSTM訓練完成: 15.35s
2025-06-08 16:06:00,405 - trainer_separate_彰化 - INFO - 驗證集MAE: 3.2654
2025-06-08 16:06:00,410 - trainer_separate_彰化 - INFO - 模型訓練管道執行完成
