2025-06-08 16:02:59,619 - preprocessor_separate_屏東 - INFO - ==================================================
2025-06-08 16:02:59,620 - preprocessor_separate_屏東 - INFO - 開始執行 separate 模式的完整預處理管道
2025-06-08 16:02:59,620 - preprocessor_separate_屏東 - INFO - ==================================================
2025-06-08 16:02:59,620 - preprocessor_separate_屏東 - INFO - 開始載入 separate 模式的原始數據
2025-06-08 16:02:59,621 - preprocessor_separate_屏東 - INFO - 載入文件: D:\pythonWork\R_datascience\final\Train\data\raw\Separate\屏東_C0R570_combined.csv
2025-06-08 16:02:59,688 - preprocessor_separate_屏東 - INFO - 合併 1 個文件，總記錄數: 43584
2025-06-08 16:02:59,719 - preprocessor_separate_屏東 - INFO - 數據驗證通過: (43584, 29), 時間範圍: 2020-01-01T00:00:00Z 到 2024-12-20T23:00:00Z
2025-06-08 16:02:59,719 - preprocessor_separate_屏東 - INFO - 原始數據載入完成: (43584, 29)
2025-06-08 16:02:59,719 - preprocessor_separate_屏東 - INFO - 開始數據預處理
2025-06-08 16:02:59,719 - preprocessor_separate_屏東 - INFO - 處理時間特徵
2025-06-08 16:02:59,763 - preprocessor_separate_屏東 - INFO - 執行特徵工程
2025-06-08 16:02:59,806 - preprocessor_separate_屏東 - INFO - 執行數據清理
2025-06-08 16:03:00,005 - preprocessor_separate_屏東 - INFO - 數據清理完成: 43584 -> 43584 行
2025-06-08 16:03:00,006 - preprocessor_separate_屏東 - INFO - 執行特徵選擇
2025-06-08 16:03:00,010 - preprocessor_separate_屏東 - INFO - 特徵選擇完成: 74 個特徵, 20 個目標
2025-06-08 16:03:00,012 - preprocessor_separate_屏東 - INFO - 執行數據標準化
2025-06-08 16:03:00,056 - preprocessor_separate_屏東 - INFO - 標準化器已保存: D:\pythonWork\R_datascience\final\Train\data\processed\separate\separate_scaler.pkl
2025-06-08 16:03:00,056 - preprocessor_separate_屏東 - INFO - 數據預處理完成: (43584, 96)
2025-06-08 16:03:00,546 - preprocessor_separate_屏東 - INFO - 處理後數據已保存: D:\pythonWork\R_datascience\final\Train\data\processed\separate\separate_屏東_20250608_160259_processed.npz
2025-06-08 16:03:00,551 - preprocessor_separate_屏東 - INFO - 數據形狀: X=(43584, 74), y=(43584, 20)
2025-06-08 16:03:00,551 - preprocessor_separate_屏東 - INFO - 預處理管道執行完成
2025-06-08 16:03:00,551 - windows_separate_屏東 - INFO - ==================================================
2025-06-08 16:03:00,551 - windows_separate_屏東 - INFO - 開始執行 separate 模式的時間窗口生成
2025-06-08 16:03:00,551 - windows_separate_屏東 - INFO - ==================================================
2025-06-08 16:03:00,551 - windows_separate_屏東 - INFO - 載入預處理數據: D:\pythonWork\R_datascience\final\Train\data\processed\separate\separate_屏東_20250608_160259_processed.npz
2025-06-08 16:03:00,623 - windows_separate_屏東 - INFO - 數據載入完成: X=(43584, 74), y=(43584, 20)
2025-06-08 16:03:00,623 - windows_separate_屏東 - INFO - 開始創建滑動時間窗口
2025-06-08 16:03:00,623 - windows_separate_屏東 - INFO - 窗口參數: window_size=24, horizon=6, stride=1
2025-06-08 16:03:00,634 - windows_separate_屏東 - INFO - 處理 1 個測站的數據
2025-06-08 16:03:00,745 - windows_separate_屏東 - INFO - 單序列窗口創建完成: 43555 個窗口
2025-06-08 16:03:00,745 - windows_separate_屏東 - INFO - 測站 屏東: 43555 個窗口
2025-06-08 16:03:00,806 - windows_separate_屏東 - INFO - 多測站窗口創建完成: 總計 43555 個窗口
2025-06-08 16:03:00,825 - windows_separate_屏東 - INFO - 開始分割數據集
2025-06-08 16:03:00,825 - windows_separate_屏東 - INFO - train: X=(34844, 24, 74), y=(34844, 6, 20)
2025-06-08 16:03:00,825 - windows_separate_屏東 - INFO - val: X=(4355, 24, 74), y=(4355, 6, 20)
2025-06-08 16:03:00,826 - windows_separate_屏東 - INFO - test: X=(4356, 24, 74), y=(4356, 6, 20)
2025-06-08 16:03:05,810 - windows_separate_屏東 - INFO - NumPy格式數據已保存: D:\pythonWork\R_datascience\final\Train\data\sliding_windows\separate\separate_屏東_20250608_160259_windows.npz
2025-06-08 16:03:06,403 - windows_separate_屏東 - INFO - PyTorch格式數據已保存: D:\pythonWork\R_datascience\final\Train\data\sliding_windows\separate\separate_屏東_20250608_160259_windows.pt
2025-06-08 16:03:06,404 - windows_separate_屏東 - INFO - 時間窗口生成管道執行完成
2025-06-08 16:03:06,420 - trainer_separate_屏東 - INFO - 使用設備: cuda
2025-06-08 16:03:06,420 - trainer_separate_屏東 - INFO - ==================================================
2025-06-08 16:03:06,420 - trainer_separate_屏東 - INFO - 開始執行 separate 模式的模型訓練
2025-06-08 16:03:06,420 - trainer_separate_屏東 - INFO - ==================================================
2025-06-08 16:03:06,426 - trainer_separate_屏東 - INFO - 載入訓練數據
2025-06-08 16:03:07,629 - trainer_separate_屏東 - INFO - 訓練LightGBM模型...
2025-06-08 16:03:07,630 - trainer_separate_屏東 - INFO - 開始訓練LightGBM模型
2025-06-08 16:03:07,630 - trainer_separate_屏東 - INFO - LightGBM數據形狀: X_train=(34844, 1776), y_train=(34844, 120)
2025-06-08 16:03:21,419 - trainer_separate_屏東 - INFO - LightGBM訓練完成: 13.37s
2025-06-08 16:03:21,419 - trainer_separate_屏東 - INFO - 驗證集MAE: 3.0326
2025-06-08 16:03:21,454 - trainer_separate_屏東 - INFO - 訓練LSTM模型...
2025-06-08 16:03:21,454 - trainer_separate_屏東 - INFO - 開始訓練LSTM模型
2025-06-08 16:03:21,469 - trainer_separate_屏東 - INFO - LSTM數據形狀: X_train=torch.Size([34844, 24, 74]), y_train=torch.Size([34844, 6, 20])
2025-06-08 16:03:22,266 - trainer_separate_屏東 - INFO - Epoch 0: Train Loss=333.405049, Val Loss=172.665368
2025-06-08 16:03:30,190 - trainer_separate_屏東 - INFO - Epoch 10: Train Loss=29.392481, Val Loss=42.299955
2025-06-08 16:03:37,641 - trainer_separate_屏東 - INFO - Epoch 20: Train Loss=18.062544, Val Loss=41.622465
2025-06-08 16:03:40,620 - trainer_separate_屏東 - INFO - 早停於 epoch 24
2025-06-08 16:03:40,821 - trainer_separate_屏東 - INFO - LSTM訓練完成: 19.17s
2025-06-08 16:03:40,821 - trainer_separate_屏東 - INFO - 驗證集MAE: 3.1427
2025-06-08 16:03:40,826 - trainer_separate_屏東 - INFO - 模型訓練管道執行完成
