2025-06-08 16:27:14,418 - preprocessor_separate_金門 - INFO - ==================================================
2025-06-08 16:27:14,418 - preprocessor_separate_金門 - INFO - 開始執行 separate 模式的完整預處理管道
2025-06-08 16:27:14,418 - preprocessor_separate_金門 - INFO - ==================================================
2025-06-08 16:27:14,418 - preprocessor_separate_金門 - INFO - 開始載入 separate 模式的原始數據
2025-06-08 16:27:14,418 - preprocessor_separate_金門 - INFO - 載入文件: D:\pythonWork\R_datascience\final\Train\data\raw\Separate\金門_C0W150_combined.csv
2025-06-08 16:27:14,479 - preprocessor_separate_金門 - INFO - 合併 1 個文件，總記錄數: 43584
2025-06-08 16:27:14,512 - preprocessor_separate_金門 - INFO - 數據驗證通過: (43584, 30), 時間範圍: 2020-01-01T00:00:00Z 到 2024-12-20T23:00:00Z
2025-06-08 16:27:14,512 - preprocessor_separate_金門 - INFO - 原始數據載入完成: (43584, 30)
2025-06-08 16:27:14,512 - preprocessor_separate_金門 - INFO - 開始數據預處理
2025-06-08 16:27:14,512 - preprocessor_separate_金門 - INFO - 處理時間特徵
2025-06-08 16:27:14,552 - preprocessor_separate_金門 - INFO - 執行特徵工程
2025-06-08 16:27:14,596 - preprocessor_separate_金門 - INFO - 執行數據清理
2025-06-08 16:27:14,790 - preprocessor_separate_金門 - INFO - 數據清理完成: 43584 -> 43584 行
2025-06-08 16:27:14,790 - preprocessor_separate_金門 - INFO - 執行特徵選擇
2025-06-08 16:27:14,790 - preprocessor_separate_金門 - INFO - 特徵選擇完成: 74 個特徵, 21 個目標
2025-06-08 16:27:14,806 - preprocessor_separate_金門 - INFO - 執行數據標準化
2025-06-08 16:27:14,846 - preprocessor_separate_金門 - INFO - 標準化器已保存: D:\pythonWork\R_datascience\final\Train\data\processed\separate\separate_scaler.pkl
2025-06-08 16:27:14,846 - preprocessor_separate_金門 - INFO - 數據預處理完成: (43584, 97)
2025-06-08 16:27:15,298 - preprocessor_separate_金門 - INFO - 處理後數據已保存: D:\pythonWork\R_datascience\final\Train\data\processed\separate\separate_金門_20250608_162714_processed.npz
2025-06-08 16:27:15,298 - preprocessor_separate_金門 - INFO - 數據形狀: X=(43584, 74), y=(43584, 21)
2025-06-08 16:27:15,298 - preprocessor_separate_金門 - INFO - 預處理管道執行完成
2025-06-08 16:27:15,298 - windows_separate_金門 - INFO - ==================================================
2025-06-08 16:27:15,298 - windows_separate_金門 - INFO - 開始執行 separate 模式的時間窗口生成
2025-06-08 16:27:15,298 - windows_separate_金門 - INFO - ==================================================
2025-06-08 16:27:15,298 - windows_separate_金門 - INFO - 載入預處理數據: D:\pythonWork\R_datascience\final\Train\data\processed\separate\separate_金門_20250608_162714_processed.npz
2025-06-08 16:27:15,363 - windows_separate_金門 - INFO - 數據載入完成: X=(43584, 74), y=(43584, 21)
2025-06-08 16:27:15,363 - windows_separate_金門 - INFO - 開始創建滑動時間窗口
2025-06-08 16:27:15,363 - windows_separate_金門 - INFO - 窗口參數: window_size=24, horizon=6, stride=1
2025-06-08 16:27:15,385 - windows_separate_金門 - INFO - 處理 1 個測站的數據
2025-06-08 16:27:15,495 - windows_separate_金門 - INFO - 單序列窗口創建完成: 43555 個窗口
2025-06-08 16:27:15,495 - windows_separate_金門 - INFO - 測站 金門: 43555 個窗口
2025-06-08 16:27:15,545 - windows_separate_金門 - INFO - 多測站窗口創建完成: 總計 43555 個窗口
2025-06-08 16:27:15,562 - windows_separate_金門 - INFO - 開始分割數據集
2025-06-08 16:27:15,562 - windows_separate_金門 - INFO - train: X=(34844, 24, 74), y=(34844, 6, 21)
2025-06-08 16:27:15,562 - windows_separate_金門 - INFO - val: X=(4355, 24, 74), y=(4355, 6, 21)
2025-06-08 16:27:15,562 - windows_separate_金門 - INFO - test: X=(4356, 24, 74), y=(4356, 6, 21)
2025-06-08 16:27:20,442 - windows_separate_金門 - INFO - NumPy格式數據已保存: D:\pythonWork\R_datascience\final\Train\data\sliding_windows\separate\separate_金門_20250608_162714_windows.npz
2025-06-08 16:27:20,986 - windows_separate_金門 - INFO - PyTorch格式數據已保存: D:\pythonWork\R_datascience\final\Train\data\sliding_windows\separate\separate_金門_20250608_162714_windows.pt
2025-06-08 16:27:20,986 - windows_separate_金門 - INFO - 時間窗口生成管道執行完成
2025-06-08 16:27:21,018 - trainer_separate_金門 - INFO - 使用設備: cuda
2025-06-08 16:27:21,018 - trainer_separate_金門 - INFO - ==================================================
2025-06-08 16:27:21,018 - trainer_separate_金門 - INFO - 開始執行 separate 模式的模型訓練
2025-06-08 16:27:21,018 - trainer_separate_金門 - INFO - ==================================================
2025-06-08 16:27:21,018 - trainer_separate_金門 - INFO - 載入訓練數據
2025-06-08 16:27:22,186 - trainer_separate_金門 - INFO - 訓練LightGBM模型...
2025-06-08 16:27:22,186 - trainer_separate_金門 - INFO - 開始訓練LightGBM模型
2025-06-08 16:27:22,186 - trainer_separate_金門 - INFO - LightGBM數據形狀: X_train=(34844, 1776), y_train=(34844, 126)
2025-06-08 16:27:29,751 - trainer_separate_金門 - INFO - LightGBM訓練完成: 7.36s
2025-06-08 16:27:29,751 - trainer_separate_金門 - INFO - 驗證集MAE: 3.5048
2025-06-08 16:27:29,787 - trainer_separate_金門 - INFO - 訓練LSTM模型...
2025-06-08 16:27:29,787 - trainer_separate_金門 - INFO - 開始訓練LSTM模型
2025-06-08 16:27:29,878 - trainer_separate_金門 - INFO - LSTM數據形狀: X_train=torch.Size([34844, 24, 74]), y_train=torch.Size([34844, 6, 21])
2025-06-08 16:27:30,644 - trainer_separate_金門 - INFO - Epoch 0: Train Loss=290.793808, Val Loss=217.394677
2025-06-08 16:27:37,553 - trainer_separate_金門 - INFO - Epoch 10: Train Loss=28.726680, Val Loss=56.809408
2025-06-08 16:27:44,372 - trainer_separate_金門 - INFO - Epoch 20: Train Loss=14.767640, Val Loss=53.494940
2025-06-08 16:27:49,196 - trainer_separate_金門 - INFO - 早停於 epoch 27
2025-06-08 16:27:49,381 - trainer_separate_金門 - INFO - LSTM訓練完成: 19.41s
2025-06-08 16:27:49,381 - trainer_separate_金門 - INFO - 驗證集MAE: 3.5284
2025-06-08 16:27:49,396 - trainer_separate_金門 - INFO - 模型訓練管道執行完成
