2025-06-08 18:45:51,541 - preprocessor_separate_norm_淡水 - INFO - ==================================================
2025-06-08 18:45:51,542 - preprocessor_separate_norm_淡水 - INFO - 開始執行 separate_norm 模式的完整預處理管道
2025-06-08 18:45:51,542 - preprocessor_separate_norm_淡水 - INFO - ==================================================
2025-06-08 18:45:51,542 - preprocessor_separate_norm_淡水 - INFO - 開始載入 separate_norm 模式的原始數據
2025-06-08 18:45:51,542 - preprocessor_separate_norm_淡水 - INFO - 載入文件: D:\pythonWork\R_datascience\final\Train\data\raw\Separate_Nomorlization\Nomorlization_淡水_466900_combined.csv
2025-06-08 18:45:51,646 - preprocessor_separate_norm_淡水 - INFO - 合併 1 個文件，總記錄數: 43584
2025-06-08 18:45:51,677 - preprocessor_separate_norm_淡水 - INFO - 數據驗證通過: (43584, 28), 時間範圍: 2020-01-01T00:00:00Z 到 2024-12-20T23:00:00Z
2025-06-08 18:45:51,677 - preprocessor_separate_norm_淡水 - INFO - 原始數據載入完成: (43584, 28)
2025-06-08 18:45:51,677 - preprocessor_separate_norm_淡水 - INFO - 開始數據預處理
2025-06-08 18:45:51,678 - preprocessor_separate_norm_淡水 - INFO - 處理時間特徵
2025-06-08 18:45:51,678 - preprocessor_separate_norm_淡水 - INFO - 數據已包含時間特徵，跳過時間特徵處理
2025-06-08 18:45:51,689 - preprocessor_separate_norm_淡水 - INFO - 執行特徵工程
2025-06-08 18:45:51,722 - preprocessor_separate_norm_淡水 - INFO - 執行數據清理
2025-06-08 18:45:51,870 - preprocessor_separate_norm_淡水 - INFO - 數據清理完成: 43584 -> 43584 行
2025-06-08 18:45:51,870 - preprocessor_separate_norm_淡水 - INFO - 執行特徵選擇
2025-06-08 18:45:51,886 - preprocessor_separate_norm_淡水 - INFO - 特徵選擇完成: 69 個特徵, 19 個目標
2025-06-08 18:45:51,890 - preprocessor_separate_norm_淡水 - INFO - 數據預處理完成: (43584, 90)
2025-06-08 18:45:52,455 - preprocessor_separate_norm_淡水 - INFO - 處理後數據已保存: D:\pythonWork\R_datascience\final\Train\data\processed\separate_norm\separate_norm_淡水_20250608_184551_processed.npz
2025-06-08 18:45:52,471 - preprocessor_separate_norm_淡水 - INFO - 數據形狀: X=(43584, 69), y=(43584, 19)
2025-06-08 18:45:52,471 - preprocessor_separate_norm_淡水 - INFO - 預處理管道執行完成
2025-06-08 18:45:52,476 - windows_separate_norm_淡水 - INFO - ==================================================
2025-06-08 18:45:52,476 - windows_separate_norm_淡水 - INFO - 開始執行 separate_norm 模式的時間窗口生成
2025-06-08 18:45:52,476 - windows_separate_norm_淡水 - INFO - ==================================================
2025-06-08 18:45:52,476 - windows_separate_norm_淡水 - INFO - 載入預處理數據: D:\pythonWork\R_datascience\final\Train\data\processed\separate_norm\separate_norm_淡水_20250608_184551_processed.npz
2025-06-08 18:45:52,558 - windows_separate_norm_淡水 - INFO - 數據載入完成: X=(43584, 69), y=(43584, 19)
2025-06-08 18:45:52,559 - windows_separate_norm_淡水 - INFO - 開始創建滑動時間窗口
2025-06-08 18:45:52,559 - windows_separate_norm_淡水 - INFO - 窗口參數: window_size=24, horizon=6, stride=1
2025-06-08 18:45:52,567 - windows_separate_norm_淡水 - INFO - 處理 1 個測站的數據
2025-06-08 18:45:52,668 - windows_separate_norm_淡水 - INFO - 單序列窗口創建完成: 43555 個窗口
2025-06-08 18:45:52,668 - windows_separate_norm_淡水 - INFO - 測站 淡水: 43555 個窗口
2025-06-08 18:45:52,725 - windows_separate_norm_淡水 - INFO - 多測站窗口創建完成: 總計 43555 個窗口
2025-06-08 18:45:52,740 - windows_separate_norm_淡水 - INFO - 開始分割數據集
2025-06-08 18:45:52,741 - windows_separate_norm_淡水 - INFO - train: X=(34844, 24, 69), y=(34844, 6, 19)
2025-06-08 18:45:52,741 - windows_separate_norm_淡水 - INFO - val: X=(4355, 24, 69), y=(4355, 6, 19)
2025-06-08 18:45:52,741 - windows_separate_norm_淡水 - INFO - test: X=(4356, 24, 69), y=(4356, 6, 19)
2025-06-08 18:45:57,193 - windows_separate_norm_淡水 - INFO - NumPy格式數據已保存: D:\pythonWork\R_datascience\final\Train\data\sliding_windows\separate_norm\separate_norm_淡水_20250608_184551_windows.npz
2025-06-08 18:45:57,728 - windows_separate_norm_淡水 - INFO - PyTorch格式數據已保存: D:\pythonWork\R_datascience\final\Train\data\sliding_windows\separate_norm\separate_norm_淡水_20250608_184551_windows.pt
2025-06-08 18:45:57,728 - windows_separate_norm_淡水 - INFO - 時間窗口生成管道執行完成
2025-06-08 18:45:57,749 - trainer_separate_norm_淡水 - INFO - 使用設備: cuda
2025-06-08 18:45:57,749 - trainer_separate_norm_淡水 - INFO - ==================================================
2025-06-08 18:45:57,749 - trainer_separate_norm_淡水 - INFO - 開始執行 separate_norm 模式的模型訓練
2025-06-08 18:45:57,749 - trainer_separate_norm_淡水 - INFO - ==================================================
2025-06-08 18:45:57,749 - trainer_separate_norm_淡水 - INFO - 載入訓練數據
2025-06-08 18:45:58,830 - trainer_separate_norm_淡水 - INFO - 訓練LightGBM模型...
2025-06-08 18:45:58,830 - trainer_separate_norm_淡水 - INFO - 開始訓練LightGBM模型
2025-06-08 18:45:58,830 - trainer_separate_norm_淡水 - INFO - LightGBM數據形狀: X_train=(34844, 1656), y_train=(34844, 114)
2025-06-08 18:46:05,718 - trainer_separate_norm_淡水 - INFO - LightGBM訓練完成: 6.32s
2025-06-08 18:46:05,718 - trainer_separate_norm_淡水 - INFO - 驗證集MAE: 0.1132
2025-06-08 18:46:05,748 - trainer_separate_norm_淡水 - INFO - 訓練LSTM模型...
2025-06-08 18:46:05,749 - trainer_separate_norm_淡水 - INFO - 開始訓練LSTM模型
2025-06-08 18:46:05,832 - trainer_separate_norm_淡水 - INFO - LSTM數據形狀: X_train=torch.Size([34844, 24, 69]), y_train=torch.Size([34844, 6, 19])
2025-06-08 18:46:06,598 - trainer_separate_norm_淡水 - INFO - Epoch 0: Train Loss=0.295074, Val Loss=0.239580
2025-06-08 18:46:13,407 - trainer_separate_norm_淡水 - INFO - Epoch 10: Train Loss=0.110317, Val Loss=0.285026
2025-06-08 18:46:14,791 - trainer_separate_norm_淡水 - INFO - 早停於 epoch 12
2025-06-08 18:46:14,968 - trainer_separate_norm_淡水 - INFO - LSTM訓練完成: 9.04s
2025-06-08 18:46:14,968 - trainer_separate_norm_淡水 - INFO - 驗證集MAE: 0.3237
2025-06-08 18:46:14,971 - trainer_separate_norm_淡水 - INFO - 模型訓練管道執行完成
