2025-06-08 18:32:04,787 - preprocessor_separate_norm_大園 - INFO - ==================================================
2025-06-08 18:32:04,787 - preprocessor_separate_norm_大園 - INFO - 開始執行 separate_norm 模式的完整預處理管道
2025-06-08 18:32:04,787 - preprocessor_separate_norm_大園 - INFO - ==================================================
2025-06-08 18:32:04,787 - preprocessor_separate_norm_大園 - INFO - 開始載入 separate_norm 模式的原始數據
2025-06-08 18:32:04,788 - preprocessor_separate_norm_大園 - INFO - 載入文件: D:\pythonWork\R_datascience\final\Train\data\raw\Separate_Nomorlization\Nomorlization_大園_C0C590_combined.csv
2025-06-08 18:32:04,888 - preprocessor_separate_norm_大園 - INFO - 合併 1 個文件，總記錄數: 43584
2025-06-08 18:32:04,930 - preprocessor_separate_norm_大園 - INFO - 數據驗證通過: (43584, 29), 時間範圍: 2020-01-01T00:00:00Z 到 2024-12-20T23:00:00Z
2025-06-08 18:32:04,931 - preprocessor_separate_norm_大園 - INFO - 原始數據載入完成: (43584, 29)
2025-06-08 18:32:04,931 - preprocessor_separate_norm_大園 - INFO - 開始數據預處理
2025-06-08 18:32:04,931 - preprocessor_separate_norm_大園 - INFO - 處理時間特徵
2025-06-08 18:32:04,931 - preprocessor_separate_norm_大園 - INFO - 數據已包含時間特徵，跳過時間特徵處理
2025-06-08 18:32:04,943 - preprocessor_separate_norm_大園 - INFO - 執行特徵工程
2025-06-08 18:32:04,975 - preprocessor_separate_norm_大園 - INFO - 執行數據清理
2025-06-08 18:32:05,140 - preprocessor_separate_norm_大園 - INFO - 數據清理完成: 43584 -> 43584 行
2025-06-08 18:32:05,140 - preprocessor_separate_norm_大園 - INFO - 執行特徵選擇
2025-06-08 18:32:05,140 - preprocessor_separate_norm_大園 - INFO - 特徵選擇完成: 69 個特徵, 20 個目標
2025-06-08 18:32:05,151 - preprocessor_separate_norm_大園 - INFO - 數據預處理完成: (43584, 91)
2025-06-08 18:32:05,729 - preprocessor_separate_norm_大園 - INFO - 處理後數據已保存: D:\pythonWork\R_datascience\final\Train\data\processed\separate_norm\separate_norm_大園_20250608_183204_processed.npz
2025-06-08 18:32:05,729 - preprocessor_separate_norm_大園 - INFO - 數據形狀: X=(43584, 69), y=(43584, 20)
2025-06-08 18:32:05,729 - preprocessor_separate_norm_大園 - INFO - 預處理管道執行完成
2025-06-08 18:32:05,745 - windows_separate_norm_大園 - INFO - ==================================================
2025-06-08 18:32:05,746 - windows_separate_norm_大園 - INFO - 開始執行 separate_norm 模式的時間窗口生成
2025-06-08 18:32:05,746 - windows_separate_norm_大園 - INFO - ==================================================
2025-06-08 18:32:05,746 - windows_separate_norm_大園 - INFO - 載入預處理數據: D:\pythonWork\R_datascience\final\Train\data\processed\separate_norm\separate_norm_大園_20250608_183204_processed.npz
2025-06-08 18:32:05,828 - windows_separate_norm_大園 - INFO - 數據載入完成: X=(43584, 69), y=(43584, 20)
2025-06-08 18:32:05,829 - windows_separate_norm_大園 - INFO - 開始創建滑動時間窗口
2025-06-08 18:32:05,829 - windows_separate_norm_大園 - INFO - 窗口參數: window_size=24, horizon=6, stride=1
2025-06-08 18:32:05,839 - windows_separate_norm_大園 - INFO - 處理 1 個測站的數據
2025-06-08 18:32:05,943 - windows_separate_norm_大園 - INFO - 單序列窗口創建完成: 43555 個窗口
2025-06-08 18:32:05,943 - windows_separate_norm_大園 - INFO - 測站 大園: 43555 個窗口
2025-06-08 18:32:06,003 - windows_separate_norm_大園 - INFO - 多測站窗口創建完成: 總計 43555 個窗口
2025-06-08 18:32:06,015 - windows_separate_norm_大園 - INFO - 開始分割數據集
2025-06-08 18:32:06,016 - windows_separate_norm_大園 - INFO - train: X=(34844, 24, 69), y=(34844, 6, 20)
2025-06-08 18:32:06,016 - windows_separate_norm_大園 - INFO - val: X=(4355, 24, 69), y=(4355, 6, 20)
2025-06-08 18:32:06,016 - windows_separate_norm_大園 - INFO - test: X=(4356, 24, 69), y=(4356, 6, 20)
2025-06-08 18:32:10,409 - windows_separate_norm_大園 - INFO - NumPy格式數據已保存: D:\pythonWork\R_datascience\final\Train\data\sliding_windows\separate_norm\separate_norm_大園_20250608_183204_windows.npz
2025-06-08 18:32:10,930 - windows_separate_norm_大園 - INFO - PyTorch格式數據已保存: D:\pythonWork\R_datascience\final\Train\data\sliding_windows\separate_norm\separate_norm_大園_20250608_183204_windows.pt
2025-06-08 18:32:10,930 - windows_separate_norm_大園 - INFO - 時間窗口生成管道執行完成
2025-06-08 18:32:10,954 - trainer_separate_norm_大園 - INFO - 使用設備: cuda
2025-06-08 18:32:10,954 - trainer_separate_norm_大園 - INFO - ==================================================
2025-06-08 18:32:10,954 - trainer_separate_norm_大園 - INFO - 開始執行 separate_norm 模式的模型訓練
2025-06-08 18:32:10,954 - trainer_separate_norm_大園 - INFO - ==================================================
2025-06-08 18:32:10,955 - trainer_separate_norm_大園 - INFO - 載入訓練數據
2025-06-08 18:32:12,023 - trainer_separate_norm_大園 - INFO - 訓練LightGBM模型...
2025-06-08 18:32:12,025 - trainer_separate_norm_大園 - INFO - 開始訓練LightGBM模型
2025-06-08 18:32:12,025 - trainer_separate_norm_大園 - INFO - LightGBM數據形狀: X_train=(34844, 1656), y_train=(34844, 120)
2025-06-08 18:32:17,451 - trainer_separate_norm_大園 - INFO - LightGBM訓練完成: 4.98s
2025-06-08 18:32:17,451 - trainer_separate_norm_大園 - INFO - 驗證集MAE: 0.1055
2025-06-08 18:32:17,480 - trainer_separate_norm_大園 - INFO - 訓練LSTM模型...
2025-06-08 18:32:17,480 - trainer_separate_norm_大園 - INFO - 開始訓練LSTM模型
2025-06-08 18:32:17,565 - trainer_separate_norm_大園 - INFO - LSTM數據形狀: X_train=torch.Size([34844, 24, 69]), y_train=torch.Size([34844, 6, 20])
2025-06-08 18:32:18,378 - trainer_separate_norm_大園 - INFO - Epoch 0: Train Loss=0.234042, Val Loss=0.186294
2025-06-08 18:32:25,203 - trainer_separate_norm_大園 - INFO - Epoch 10: Train Loss=0.090250, Val Loss=0.224673
2025-06-08 18:32:27,228 - trainer_separate_norm_大園 - INFO - 早停於 epoch 13
2025-06-08 18:32:27,410 - trainer_separate_norm_大園 - INFO - LSTM訓練完成: 9.75s
2025-06-08 18:32:27,410 - trainer_separate_norm_大園 - INFO - 驗證集MAE: 0.3034
2025-06-08 18:32:27,426 - trainer_separate_norm_大園 - INFO - 模型訓練管道執行完成
