2025-06-08 15:53:58,528 - preprocessor_separate_南投 - INFO - ==================================================
2025-06-08 15:53:58,528 - preprocessor_separate_南投 - INFO - 開始執行 separate 模式的完整預處理管道
2025-06-08 15:53:58,528 - preprocessor_separate_南投 - INFO - ==================================================
2025-06-08 15:53:58,528 - preprocessor_separate_南投 - INFO - 開始載入 separate 模式的原始數據
2025-06-08 15:53:58,529 - preprocessor_separate_南投 - INFO - 載入文件: D:\pythonWork\R_datascience\final\Train\data\raw\Separate\南投_C0I460_combined.csv
2025-06-08 15:53:58,589 - preprocessor_separate_南投 - INFO - 合併 1 個文件，總記錄數: 43584
2025-06-08 15:53:58,620 - preprocessor_separate_南投 - INFO - 數據驗證通過: (43584, 29), 時間範圍: 2020-01-01T00:00:00Z 到 2024-12-20T23:00:00Z
2025-06-08 15:53:58,620 - preprocessor_separate_南投 - INFO - 原始數據載入完成: (43584, 29)
2025-06-08 15:53:58,620 - preprocessor_separate_南投 - INFO - 開始數據預處理
2025-06-08 15:53:58,621 - preprocessor_separate_南投 - INFO - 處理時間特徵
2025-06-08 15:53:58,663 - preprocessor_separate_南投 - INFO - 執行特徵工程
2025-06-08 15:53:58,703 - preprocessor_separate_南投 - INFO - 執行數據清理
2025-06-08 15:53:58,868 - preprocessor_separate_南投 - INFO - 數據清理完成: 43584 -> 43584 行
2025-06-08 15:53:58,868 - preprocessor_separate_南投 - INFO - 執行特徵選擇
2025-06-08 15:53:58,887 - preprocessor_separate_南投 - INFO - 特徵選擇完成: 74 個特徵, 20 個目標
2025-06-08 15:53:58,888 - preprocessor_separate_南投 - INFO - 執行數據標準化
2025-06-08 15:53:58,932 - preprocessor_separate_南投 - INFO - 標準化器已保存: D:\pythonWork\R_datascience\final\Train\data\processed\separate\separate_scaler.pkl
2025-06-08 15:53:58,933 - preprocessor_separate_南投 - INFO - 數據預處理完成: (43584, 96)
2025-06-08 15:53:59,418 - preprocessor_separate_南投 - INFO - 處理後數據已保存: D:\pythonWork\R_datascience\final\Train\data\processed\separate\separate_南投_20250608_155358_processed.npz
2025-06-08 15:53:59,419 - preprocessor_separate_南投 - INFO - 數據形狀: X=(43584, 74), y=(43584, 20)
2025-06-08 15:53:59,420 - preprocessor_separate_南投 - INFO - 預處理管道執行完成
2025-06-08 15:53:59,422 - windows_separate_南投 - INFO - ==================================================
2025-06-08 15:53:59,422 - windows_separate_南投 - INFO - 開始執行 separate 模式的時間窗口生成
2025-06-08 15:53:59,422 - windows_separate_南投 - INFO - ==================================================
2025-06-08 15:53:59,423 - windows_separate_南投 - INFO - 載入預處理數據: D:\pythonWork\R_datascience\final\Train\data\processed\separate\separate_南投_20250608_155358_processed.npz
2025-06-08 15:53:59,469 - windows_separate_南投 - INFO - 數據載入完成: X=(43584, 74), y=(43584, 20)
2025-06-08 15:53:59,483 - windows_separate_南投 - INFO - 開始創建滑動時間窗口
2025-06-08 15:53:59,483 - windows_separate_南投 - INFO - 窗口參數: window_size=24, horizon=6, stride=1
2025-06-08 15:53:59,492 - windows_separate_南投 - INFO - 處理 1 個測站的數據
2025-06-08 15:53:59,601 - windows_separate_南投 - INFO - 單序列窗口創建完成: 43555 個窗口
2025-06-08 15:53:59,601 - windows_separate_南投 - INFO - 測站 南投: 43555 個窗口
2025-06-08 15:53:59,665 - windows_separate_南投 - INFO - 多測站窗口創建完成: 總計 43555 個窗口
2025-06-08 15:53:59,680 - windows_separate_南投 - INFO - 開始分割數據集
2025-06-08 15:53:59,680 - windows_separate_南投 - INFO - train: X=(34844, 24, 74), y=(34844, 6, 20)
2025-06-08 15:53:59,681 - windows_separate_南投 - INFO - val: X=(4355, 24, 74), y=(4355, 6, 20)
2025-06-08 15:53:59,681 - windows_separate_南投 - INFO - test: X=(4356, 24, 74), y=(4356, 6, 20)
2025-06-08 15:54:04,612 - windows_separate_南投 - INFO - NumPy格式數據已保存: D:\pythonWork\R_datascience\final\Train\data\sliding_windows\separate\separate_南投_20250608_155358_windows.npz
2025-06-08 15:54:05,200 - windows_separate_南投 - INFO - PyTorch格式數據已保存: D:\pythonWork\R_datascience\final\Train\data\sliding_windows\separate\separate_南投_20250608_155358_windows.pt
2025-06-08 15:54:05,200 - windows_separate_南投 - INFO - 時間窗口生成管道執行完成
2025-06-08 15:54:05,218 - trainer_separate_南投 - INFO - 使用設備: cuda
2025-06-08 15:54:05,218 - trainer_separate_南投 - INFO - ==================================================
2025-06-08 15:54:05,218 - trainer_separate_南投 - INFO - 開始執行 separate 模式的模型訓練
2025-06-08 15:54:05,218 - trainer_separate_南投 - INFO - ==================================================
2025-06-08 15:54:05,218 - trainer_separate_南投 - INFO - 載入訓練數據
2025-06-08 15:54:06,314 - trainer_separate_南投 - INFO - 訓練LightGBM模型...
2025-06-08 15:54:06,314 - trainer_separate_南投 - INFO - 開始訓練LightGBM模型
2025-06-08 15:54:06,314 - trainer_separate_南投 - INFO - LightGBM數據形狀: X_train=(34844, 1776), y_train=(34844, 120)
2025-06-08 15:54:20,121 - trainer_separate_南投 - INFO - LightGBM訓練完成: 13.51s
2025-06-08 15:54:20,121 - trainer_separate_南投 - INFO - 驗證集MAE: 2.5760
2025-06-08 15:54:20,148 - trainer_separate_南投 - INFO - 訓練LSTM模型...
2025-06-08 15:54:20,148 - trainer_separate_南投 - INFO - 開始訓練LSTM模型
2025-06-08 15:54:20,243 - trainer_separate_南投 - INFO - LSTM數據形狀: X_train=torch.Size([34844, 24, 74]), y_train=torch.Size([34844, 6, 20])
2025-06-08 15:54:21,125 - trainer_separate_南投 - INFO - Epoch 0: Train Loss=241.060370, Val Loss=115.091929
2025-06-08 15:54:29,184 - trainer_separate_南投 - INFO - Epoch 10: Train Loss=20.355884, Val Loss=29.427638
2025-06-08 15:54:36,017 - trainer_separate_南投 - INFO - 早停於 epoch 19
2025-06-08 15:54:36,212 - trainer_separate_南投 - INFO - LSTM訓練完成: 15.87s
2025-06-08 15:54:36,212 - trainer_separate_南投 - INFO - 驗證集MAE: 2.8623
2025-06-08 15:54:36,217 - trainer_separate_南投 - INFO - 模型訓練管道執行完成
