2025-06-08 18:25:33,718 - preprocessor_separate_norm_中山 - INFO - ==================================================
2025-06-08 18:25:33,718 - preprocessor_separate_norm_中山 - INFO - 開始執行 separate_norm 模式的完整預處理管道
2025-06-08 18:25:33,718 - preprocessor_separate_norm_中山 - INFO - ==================================================
2025-06-08 18:25:33,718 - preprocessor_separate_norm_中山 - INFO - 開始載入 separate_norm 模式的原始數據
2025-06-08 18:25:33,719 - preprocessor_separate_norm_中山 - INFO - 載入文件: D:\pythonWork\R_datascience\final\Train\data\raw\Separate_Nomorlization\Nomorlization_中山_C0AH70_combined.csv
2025-06-08 18:25:33,826 - preprocessor_separate_norm_中山 - INFO - 合併 1 個文件，總記錄數: 43584
2025-06-08 18:25:33,857 - preprocessor_separate_norm_中山 - INFO - 數據驗證通過: (43584, 28), 時間範圍: 2020-01-01T00:00:00Z 到 2024-12-20T23:00:00Z
2025-06-08 18:25:33,857 - preprocessor_separate_norm_中山 - INFO - 原始數據載入完成: (43584, 28)
2025-06-08 18:25:33,857 - preprocessor_separate_norm_中山 - INFO - 開始數據預處理
2025-06-08 18:25:33,857 - preprocessor_separate_norm_中山 - INFO - 處理時間特徵
2025-06-08 18:25:33,858 - preprocessor_separate_norm_中山 - INFO - 數據已包含時間特徵，跳過時間特徵處理
2025-06-08 18:25:33,863 - preprocessor_separate_norm_中山 - INFO - 執行特徵工程
2025-06-08 18:25:33,899 - preprocessor_separate_norm_中山 - INFO - 執行數據清理
2025-06-08 18:25:34,044 - preprocessor_separate_norm_中山 - INFO - 數據清理完成: 43584 -> 43584 行
2025-06-08 18:25:34,044 - preprocessor_separate_norm_中山 - INFO - 執行特徵選擇
2025-06-08 18:25:34,060 - preprocessor_separate_norm_中山 - INFO - 特徵選擇完成: 69 個特徵, 19 個目標
2025-06-08 18:25:34,065 - preprocessor_separate_norm_中山 - INFO - 數據預處理完成: (43584, 90)
2025-06-08 18:25:34,629 - preprocessor_separate_norm_中山 - INFO - 處理後數據已保存: D:\pythonWork\R_datascience\final\Train\data\processed\separate_norm\separate_norm_中山_20250608_182533_processed.npz
2025-06-08 18:25:34,629 - preprocessor_separate_norm_中山 - INFO - 數據形狀: X=(43584, 69), y=(43584, 19)
2025-06-08 18:25:34,629 - preprocessor_separate_norm_中山 - INFO - 預處理管道執行完成
2025-06-08 18:25:34,629 - windows_separate_norm_中山 - INFO - ==================================================
2025-06-08 18:25:34,644 - windows_separate_norm_中山 - INFO - 開始執行 separate_norm 模式的時間窗口生成
2025-06-08 18:25:34,644 - windows_separate_norm_中山 - INFO - ==================================================
2025-06-08 18:25:34,644 - windows_separate_norm_中山 - INFO - 載入預處理數據: D:\pythonWork\R_datascience\final\Train\data\processed\separate_norm\separate_norm_中山_20250608_182533_processed.npz
2025-06-08 18:25:34,712 - windows_separate_norm_中山 - INFO - 數據載入完成: X=(43584, 69), y=(43584, 19)
2025-06-08 18:25:34,712 - windows_separate_norm_中山 - INFO - 開始創建滑動時間窗口
2025-06-08 18:25:34,712 - windows_separate_norm_中山 - INFO - 窗口參數: window_size=24, horizon=6, stride=1
2025-06-08 18:25:34,712 - windows_separate_norm_中山 - INFO - 處理 1 個測站的數據
2025-06-08 18:25:34,828 - windows_separate_norm_中山 - INFO - 單序列窗口創建完成: 43555 個窗口
2025-06-08 18:25:34,828 - windows_separate_norm_中山 - INFO - 測站 中山: 43555 個窗口
2025-06-08 18:25:34,879 - windows_separate_norm_中山 - INFO - 多測站窗口創建完成: 總計 43555 個窗口
2025-06-08 18:25:34,898 - windows_separate_norm_中山 - INFO - 開始分割數據集
2025-06-08 18:25:34,898 - windows_separate_norm_中山 - INFO - train: X=(34844, 24, 69), y=(34844, 6, 19)
2025-06-08 18:25:34,898 - windows_separate_norm_中山 - INFO - val: X=(4355, 24, 69), y=(4355, 6, 19)
2025-06-08 18:25:34,898 - windows_separate_norm_中山 - INFO - test: X=(4356, 24, 69), y=(4356, 6, 19)
2025-06-08 18:25:39,327 - windows_separate_norm_中山 - INFO - NumPy格式數據已保存: D:\pythonWork\R_datascience\final\Train\data\sliding_windows\separate_norm\separate_norm_中山_20250608_182533_windows.npz
2025-06-08 18:25:39,863 - windows_separate_norm_中山 - INFO - PyTorch格式數據已保存: D:\pythonWork\R_datascience\final\Train\data\sliding_windows\separate_norm\separate_norm_中山_20250608_182533_windows.pt
2025-06-08 18:25:39,863 - windows_separate_norm_中山 - INFO - 時間窗口生成管道執行完成
2025-06-08 18:25:39,879 - trainer_separate_norm_中山 - INFO - 使用設備: cuda
2025-06-08 18:25:39,879 - trainer_separate_norm_中山 - INFO - ==================================================
2025-06-08 18:25:39,879 - trainer_separate_norm_中山 - INFO - 開始執行 separate_norm 模式的模型訓練
2025-06-08 18:25:39,879 - trainer_separate_norm_中山 - INFO - ==================================================
2025-06-08 18:25:39,879 - trainer_separate_norm_中山 - INFO - 載入訓練數據
2025-06-08 18:25:40,804 - trainer_separate_norm_中山 - INFO - 訓練LightGBM模型...
2025-06-08 18:25:40,804 - trainer_separate_norm_中山 - INFO - 開始訓練LightGBM模型
2025-06-08 18:25:40,804 - trainer_separate_norm_中山 - INFO - LightGBM數據形狀: X_train=(34844, 1656), y_train=(34844, 114)
2025-06-08 18:25:51,344 - trainer_separate_norm_中山 - INFO - LightGBM訓練完成: 10.31s
2025-06-08 18:25:51,346 - trainer_separate_norm_中山 - INFO - 驗證集MAE: 0.1270
2025-06-08 18:25:51,369 - trainer_separate_norm_中山 - INFO - 訓練LSTM模型...
2025-06-08 18:25:51,369 - trainer_separate_norm_中山 - INFO - 開始訓練LSTM模型
2025-06-08 18:25:51,454 - trainer_separate_norm_中山 - INFO - LSTM數據形狀: X_train=torch.Size([34844, 24, 69]), y_train=torch.Size([34844, 6, 19])
2025-06-08 18:25:52,205 - trainer_separate_norm_中山 - INFO - Epoch 0: Train Loss=0.248667, Val Loss=0.174824
2025-06-08 18:25:59,060 - trainer_separate_norm_中山 - INFO - Epoch 10: Train Loss=0.089181, Val Loss=0.185436
2025-06-08 18:26:00,411 - trainer_separate_norm_中山 - INFO - 早停於 epoch 12
2025-06-08 18:26:00,587 - trainer_separate_norm_中山 - INFO - LSTM訓練完成: 9.04s
2025-06-08 18:26:00,587 - trainer_separate_norm_中山 - INFO - 驗證集MAE: 0.2888
2025-06-08 18:26:00,589 - trainer_separate_norm_中山 - INFO - 模型訓練管道執行完成
