2025-06-08 15:29:37,917 - preprocessor_separate_豐原 - INFO - ==================================================
2025-06-08 15:29:37,917 - preprocessor_separate_豐原 - INFO - 開始執行 separate 模式的完整預處理管道
2025-06-08 15:29:37,918 - preprocessor_separate_豐原 - INFO - ==================================================
2025-06-08 15:29:37,918 - preprocessor_separate_豐原 - INFO - 開始載入 separate 模式的原始數據
2025-06-08 15:29:37,918 - preprocessor_separate_豐原 - INFO - 載入文件: D:\pythonWork\R_datascience\final\Train\data\raw\Separate\豐原_C0F9M0_combined.csv
2025-06-08 15:29:37,968 - preprocessor_separate_豐原 - INFO - 合併 1 個文件，總記錄數: 43584
2025-06-08 15:29:38,001 - preprocessor_separate_豐原 - INFO - 數據驗證通過: (43584, 28), 時間範圍: 2020-01-01T00:00:00Z 到 2024-12-20T23:00:00Z
2025-06-08 15:29:38,001 - preprocessor_separate_豐原 - INFO - 原始數據載入完成: (43584, 28)
2025-06-08 15:29:38,001 - preprocessor_separate_豐原 - INFO - 開始數據預處理
2025-06-08 15:29:38,001 - preprocessor_separate_豐原 - INFO - 處理時間特徵
2025-06-08 15:29:38,040 - preprocessor_separate_豐原 - INFO - 執行特徵工程
2025-06-08 15:29:38,072 - preprocessor_separate_豐原 - INFO - 執行數據清理
2025-06-08 15:29:38,224 - preprocessor_separate_豐原 - INFO - 數據清理完成: 43584 -> 43584 行
2025-06-08 15:29:38,225 - preprocessor_separate_豐原 - INFO - 執行特徵選擇
2025-06-08 15:29:38,231 - preprocessor_separate_豐原 - INFO - 特徵選擇完成: 74 個特徵, 19 個目標
2025-06-08 15:29:38,232 - preprocessor_separate_豐原 - INFO - 執行數據標準化
2025-06-08 15:29:38,271 - preprocessor_separate_豐原 - INFO - 標準化器已保存: D:\pythonWork\R_datascience\final\Train\data\processed\separate_scaler.pkl
2025-06-08 15:29:38,272 - preprocessor_separate_豐原 - INFO - 數據預處理完成: (43584, 95)
2025-06-08 15:29:38,736 - preprocessor_separate_豐原 - INFO - 處理後數據已保存: D:\pythonWork\R_datascience\final\Train\data\processed\separate_豐原_20250608_152937_processed.npz
2025-06-08 15:29:38,736 - preprocessor_separate_豐原 - INFO - 數據形狀: X=(43584, 74), y=(43584, 19)
2025-06-08 15:29:38,737 - preprocessor_separate_豐原 - INFO - 預處理管道執行完成
