2025-06-08 18:30:46,326 - preprocessor_separate_norm_基隆 - INFO - ==================================================
2025-06-08 18:30:46,326 - preprocessor_separate_norm_基隆 - INFO - 開始執行 separate_norm 模式的完整預處理管道
2025-06-08 18:30:46,326 - preprocessor_separate_norm_基隆 - INFO - ==================================================
2025-06-08 18:30:46,326 - preprocessor_separate_norm_基隆 - INFO - 開始載入 separate_norm 模式的原始數據
2025-06-08 18:30:46,327 - preprocessor_separate_norm_基隆 - INFO - 載入文件: D:\pythonWork\R_datascience\final\Train\data\raw\Separate_Nomorlization\Nomorlization_基隆_466940_combined.csv
2025-06-08 18:30:46,426 - preprocessor_separate_norm_基隆 - INFO - 合併 1 個文件，總記錄數: 43584
2025-06-08 18:30:46,461 - preprocessor_separate_norm_基隆 - INFO - 數據驗證通過: (43584, 28), 時間範圍: 2020-01-01T00:00:00Z 到 2024-12-20T23:00:00Z
2025-06-08 18:30:46,462 - preprocessor_separate_norm_基隆 - INFO - 原始數據載入完成: (43584, 28)
2025-06-08 18:30:46,462 - preprocessor_separate_norm_基隆 - INFO - 開始數據預處理
2025-06-08 18:30:46,462 - preprocessor_separate_norm_基隆 - INFO - 處理時間特徵
2025-06-08 18:30:46,462 - preprocessor_separate_norm_基隆 - INFO - 數據已包含時間特徵，跳過時間特徵處理
2025-06-08 18:30:46,473 - preprocessor_separate_norm_基隆 - INFO - 執行特徵工程
2025-06-08 18:30:46,506 - preprocessor_separate_norm_基隆 - INFO - 執行數據清理
2025-06-08 18:30:46,667 - preprocessor_separate_norm_基隆 - INFO - 數據清理完成: 43584 -> 43584 行
2025-06-08 18:30:46,669 - preprocessor_separate_norm_基隆 - INFO - 執行特徵選擇
2025-06-08 18:30:46,672 - preprocessor_separate_norm_基隆 - INFO - 特徵選擇完成: 69 個特徵, 19 個目標
2025-06-08 18:30:46,674 - preprocessor_separate_norm_基隆 - INFO - 數據預處理完成: (43584, 90)
2025-06-08 18:30:47,241 - preprocessor_separate_norm_基隆 - INFO - 處理後數據已保存: D:\pythonWork\R_datascience\final\Train\data\processed\separate_norm\separate_norm_基隆_20250608_183046_processed.npz
2025-06-08 18:30:47,241 - preprocessor_separate_norm_基隆 - INFO - 數據形狀: X=(43584, 69), y=(43584, 19)
2025-06-08 18:30:47,241 - preprocessor_separate_norm_基隆 - INFO - 預處理管道執行完成
2025-06-08 18:30:47,241 - windows_separate_norm_基隆 - INFO - ==================================================
2025-06-08 18:30:47,254 - windows_separate_norm_基隆 - INFO - 開始執行 separate_norm 模式的時間窗口生成
2025-06-08 18:30:47,254 - windows_separate_norm_基隆 - INFO - ==================================================
2025-06-08 18:30:47,254 - windows_separate_norm_基隆 - INFO - 載入預處理數據: D:\pythonWork\R_datascience\final\Train\data\processed\separate_norm\separate_norm_基隆_20250608_183046_processed.npz
2025-06-08 18:30:47,333 - windows_separate_norm_基隆 - INFO - 數據載入完成: X=(43584, 69), y=(43584, 19)
2025-06-08 18:30:47,334 - windows_separate_norm_基隆 - INFO - 開始創建滑動時間窗口
2025-06-08 18:30:47,334 - windows_separate_norm_基隆 - INFO - 窗口參數: window_size=24, horizon=6, stride=1
2025-06-08 18:30:47,342 - windows_separate_norm_基隆 - INFO - 處理 1 個測站的數據
2025-06-08 18:30:47,445 - windows_separate_norm_基隆 - INFO - 單序列窗口創建完成: 43555 個窗口
2025-06-08 18:30:47,445 - windows_separate_norm_基隆 - INFO - 測站 基隆: 43555 個窗口
2025-06-08 18:30:47,502 - windows_separate_norm_基隆 - INFO - 多測站窗口創建完成: 總計 43555 個窗口
2025-06-08 18:30:47,515 - windows_separate_norm_基隆 - INFO - 開始分割數據集
2025-06-08 18:30:47,515 - windows_separate_norm_基隆 - INFO - train: X=(34844, 24, 69), y=(34844, 6, 19)
2025-06-08 18:30:47,515 - windows_separate_norm_基隆 - INFO - val: X=(4355, 24, 69), y=(4355, 6, 19)
2025-06-08 18:30:47,515 - windows_separate_norm_基隆 - INFO - test: X=(4356, 24, 69), y=(4356, 6, 19)
2025-06-08 18:30:51,931 - windows_separate_norm_基隆 - INFO - NumPy格式數據已保存: D:\pythonWork\R_datascience\final\Train\data\sliding_windows\separate_norm\separate_norm_基隆_20250608_183046_windows.npz
2025-06-08 18:30:52,466 - windows_separate_norm_基隆 - INFO - PyTorch格式數據已保存: D:\pythonWork\R_datascience\final\Train\data\sliding_windows\separate_norm\separate_norm_基隆_20250608_183046_windows.pt
2025-06-08 18:30:52,466 - windows_separate_norm_基隆 - INFO - 時間窗口生成管道執行完成
2025-06-08 18:30:52,487 - trainer_separate_norm_基隆 - INFO - 使用設備: cuda
2025-06-08 18:30:52,487 - trainer_separate_norm_基隆 - INFO - ==================================================
2025-06-08 18:30:52,487 - trainer_separate_norm_基隆 - INFO - 開始執行 separate_norm 模式的模型訓練
2025-06-08 18:30:52,487 - trainer_separate_norm_基隆 - INFO - ==================================================
2025-06-08 18:30:52,487 - trainer_separate_norm_基隆 - INFO - 載入訓練數據
2025-06-08 18:30:53,530 - trainer_separate_norm_基隆 - INFO - 訓練LightGBM模型...
2025-06-08 18:30:53,530 - trainer_separate_norm_基隆 - INFO - 開始訓練LightGBM模型
2025-06-08 18:30:53,530 - trainer_separate_norm_基隆 - INFO - LightGBM數據形狀: X_train=(34844, 1656), y_train=(34844, 114)
2025-06-08 18:30:59,013 - trainer_separate_norm_基隆 - INFO - LightGBM訓練完成: 4.96s
2025-06-08 18:30:59,013 - trainer_separate_norm_基隆 - INFO - 驗證集MAE: 0.1310
2025-06-08 18:30:59,041 - trainer_separate_norm_基隆 - INFO - 訓練LSTM模型...
2025-06-08 18:30:59,042 - trainer_separate_norm_基隆 - INFO - 開始訓練LSTM模型
2025-06-08 18:30:59,125 - trainer_separate_norm_基隆 - INFO - LSTM數據形狀: X_train=torch.Size([34844, 24, 69]), y_train=torch.Size([34844, 6, 19])
2025-06-08 18:30:59,866 - trainer_separate_norm_基隆 - INFO - Epoch 0: Train Loss=0.292896, Val Loss=0.255129
2025-06-08 18:31:06,701 - trainer_separate_norm_基隆 - INFO - Epoch 10: Train Loss=0.113980, Val Loss=0.261648
2025-06-08 18:31:09,389 - trainer_separate_norm_基隆 - INFO - 早停於 epoch 14
2025-06-08 18:31:09,568 - trainer_separate_norm_基隆 - INFO - LSTM訓練完成: 10.35s
2025-06-08 18:31:09,568 - trainer_separate_norm_基隆 - INFO - 驗證集MAE: 0.3218
2025-06-08 18:31:09,568 - trainer_separate_norm_基隆 - INFO - 模型訓練管道執行完成
