2025-06-08 15:55:06,444 - preprocessor_separate_善化 - INFO - ==================================================
2025-06-08 15:55:06,444 - preprocessor_separate_善化 - INFO - 開始執行 separate 模式的完整預處理管道
2025-06-08 15:55:06,444 - preprocessor_separate_善化 - INFO - ==================================================
2025-06-08 15:55:06,444 - preprocessor_separate_善化 - INFO - 開始載入 separate 模式的原始數據
2025-06-08 15:55:06,445 - preprocessor_separate_善化 - INFO - 載入文件: D:\pythonWork\R_datascience\final\Train\data\raw\Separate\善化_C0O900_combined.csv
2025-06-08 15:55:06,505 - preprocessor_separate_善化 - INFO - 合併 1 個文件，總記錄數: 43584
2025-06-08 15:55:06,535 - preprocessor_separate_善化 - INFO - 數據驗證通過: (43584, 29), 時間範圍: 2020-01-01T00:00:00Z 到 2024-12-20T23:00:00Z
2025-06-08 15:55:06,536 - preprocessor_separate_善化 - INFO - 原始數據載入完成: (43584, 29)
2025-06-08 15:55:06,536 - preprocessor_separate_善化 - INFO - 開始數據預處理
2025-06-08 15:55:06,536 - preprocessor_separate_善化 - INFO - 處理時間特徵
2025-06-08 15:55:06,580 - preprocessor_separate_善化 - INFO - 執行特徵工程
2025-06-08 15:55:06,619 - preprocessor_separate_善化 - INFO - 執行數據清理
2025-06-08 15:55:06,797 - preprocessor_separate_善化 - INFO - 數據清理完成: 43584 -> 43584 行
2025-06-08 15:55:06,798 - preprocessor_separate_善化 - INFO - 執行特徵選擇
2025-06-08 15:55:06,802 - preprocessor_separate_善化 - INFO - 特徵選擇完成: 74 個特徵, 20 個目標
2025-06-08 15:55:06,803 - preprocessor_separate_善化 - INFO - 執行數據標準化
2025-06-08 15:55:06,847 - preprocessor_separate_善化 - INFO - 標準化器已保存: D:\pythonWork\R_datascience\final\Train\data\processed\separate\separate_scaler.pkl
2025-06-08 15:55:06,848 - preprocessor_separate_善化 - INFO - 數據預處理完成: (43584, 96)
2025-06-08 15:55:07,325 - preprocessor_separate_善化 - INFO - 處理後數據已保存: D:\pythonWork\R_datascience\final\Train\data\processed\separate\separate_善化_20250608_155506_processed.npz
2025-06-08 15:55:07,325 - preprocessor_separate_善化 - INFO - 數據形狀: X=(43584, 74), y=(43584, 20)
2025-06-08 15:55:07,327 - preprocessor_separate_善化 - INFO - 預處理管道執行完成
2025-06-08 15:55:07,329 - windows_separate_善化 - INFO - ==================================================
2025-06-08 15:55:07,330 - windows_separate_善化 - INFO - 開始執行 separate 模式的時間窗口生成
2025-06-08 15:55:07,330 - windows_separate_善化 - INFO - ==================================================
2025-06-08 15:55:07,330 - windows_separate_善化 - INFO - 載入預處理數據: D:\pythonWork\R_datascience\final\Train\data\processed\separate\separate_善化_20250608_155506_processed.npz
2025-06-08 15:55:07,393 - windows_separate_善化 - INFO - 數據載入完成: X=(43584, 74), y=(43584, 20)
2025-06-08 15:55:07,393 - windows_separate_善化 - INFO - 開始創建滑動時間窗口
2025-06-08 15:55:07,393 - windows_separate_善化 - INFO - 窗口參數: window_size=24, horizon=6, stride=1
2025-06-08 15:55:07,402 - windows_separate_善化 - INFO - 處理 1 個測站的數據
2025-06-08 15:55:07,511 - windows_separate_善化 - INFO - 單序列窗口創建完成: 43555 個窗口
2025-06-08 15:55:07,511 - windows_separate_善化 - INFO - 測站 善化: 43555 個窗口
2025-06-08 15:55:07,574 - windows_separate_善化 - INFO - 多測站窗口創建完成: 總計 43555 個窗口
2025-06-08 15:55:07,593 - windows_separate_善化 - INFO - 開始分割數據集
2025-06-08 15:55:07,593 - windows_separate_善化 - INFO - train: X=(34844, 24, 74), y=(34844, 6, 20)
2025-06-08 15:55:07,593 - windows_separate_善化 - INFO - val: X=(4355, 24, 74), y=(4355, 6, 20)
2025-06-08 15:55:07,594 - windows_separate_善化 - INFO - test: X=(4356, 24, 74), y=(4356, 6, 20)
2025-06-08 15:55:12,562 - windows_separate_善化 - INFO - NumPy格式數據已保存: D:\pythonWork\R_datascience\final\Train\data\sliding_windows\separate\separate_善化_20250608_155506_windows.npz
2025-06-08 15:55:13,158 - windows_separate_善化 - INFO - PyTorch格式數據已保存: D:\pythonWork\R_datascience\final\Train\data\sliding_windows\separate\separate_善化_20250608_155506_windows.pt
2025-06-08 15:55:13,158 - windows_separate_善化 - INFO - 時間窗口生成管道執行完成
2025-06-08 15:55:13,176 - trainer_separate_善化 - INFO - 使用設備: cuda
2025-06-08 15:55:13,176 - trainer_separate_善化 - INFO - ==================================================
2025-06-08 15:55:13,176 - trainer_separate_善化 - INFO - 開始執行 separate 模式的模型訓練
2025-06-08 15:55:13,176 - trainer_separate_善化 - INFO - ==================================================
2025-06-08 15:55:13,176 - trainer_separate_善化 - INFO - 載入訓練數據
2025-06-08 15:55:14,263 - trainer_separate_善化 - INFO - 訓練LightGBM模型...
2025-06-08 15:55:14,263 - trainer_separate_善化 - INFO - 開始訓練LightGBM模型
2025-06-08 15:55:14,263 - trainer_separate_善化 - INFO - LightGBM數據形狀: X_train=(34844, 1776), y_train=(34844, 120)
2025-06-08 15:55:27,404 - trainer_separate_善化 - INFO - LightGBM訓練完成: 12.82s
2025-06-08 15:55:27,404 - trainer_separate_善化 - INFO - 驗證集MAE: 2.9575
2025-06-08 15:55:27,432 - trainer_separate_善化 - INFO - 訓練LSTM模型...
2025-06-08 15:55:27,432 - trainer_separate_善化 - INFO - 開始訓練LSTM模型
2025-06-08 15:55:27,527 - trainer_separate_善化 - INFO - LSTM數據形狀: X_train=torch.Size([34844, 24, 74]), y_train=torch.Size([34844, 6, 20])
2025-06-08 15:55:28,351 - trainer_separate_善化 - INFO - Epoch 0: Train Loss=272.496833, Val Loss=158.345154
2025-06-08 15:55:35,958 - trainer_separate_善化 - INFO - Epoch 10: Train Loss=25.580070, Val Loss=38.982651
2025-06-08 15:55:43,460 - trainer_separate_善化 - INFO - Epoch 20: Train Loss=15.710308, Val Loss=40.710794
2025-06-08 15:55:44,228 - trainer_separate_善化 - INFO - 早停於 epoch 21
2025-06-08 15:55:44,430 - trainer_separate_善化 - INFO - LSTM訓練完成: 16.80s
2025-06-08 15:55:44,430 - trainer_separate_善化 - INFO - 驗證集MAE: 3.0576
2025-06-08 15:55:44,435 - trainer_separate_善化 - INFO - 模型訓練管道執行完成
