2025-06-08 18:31:09,599 - preprocessor_separate_norm_士林 - INFO - ==================================================
2025-06-08 18:31:09,599 - preprocessor_separate_norm_士林 - INFO - 開始執行 separate_norm 模式的完整預處理管道
2025-06-08 18:31:09,599 - preprocessor_separate_norm_士林 - INFO - ==================================================
2025-06-08 18:31:09,599 - preprocessor_separate_norm_士林 - INFO - 開始載入 separate_norm 模式的原始數據
2025-06-08 18:31:09,599 - preprocessor_separate_norm_士林 - INFO - 載入文件: D:\pythonWork\R_datascience\final\Train\data\raw\Separate_Nomorlization\Nomorlization_士林_C0AI40_combined.csv
2025-06-08 18:31:09,704 - preprocessor_separate_norm_士林 - INFO - 合併 1 個文件，總記錄數: 43584
2025-06-08 18:31:09,736 - preprocessor_separate_norm_士林 - INFO - 數據驗證通過: (43584, 29), 時間範圍: 2020-01-01T00:00:00Z 到 2024-12-20T23:00:00Z
2025-06-08 18:31:09,736 - preprocessor_separate_norm_士林 - INFO - 原始數據載入完成: (43584, 29)
2025-06-08 18:31:09,736 - preprocessor_separate_norm_士林 - INFO - 開始數據預處理
2025-06-08 18:31:09,736 - preprocessor_separate_norm_士林 - INFO - 處理時間特徵
2025-06-08 18:31:09,736 - preprocessor_separate_norm_士林 - INFO - 數據已包含時間特徵，跳過時間特徵處理
2025-06-08 18:31:09,748 - preprocessor_separate_norm_士林 - INFO - 執行特徵工程
2025-06-08 18:31:09,780 - preprocessor_separate_norm_士林 - INFO - 執行數據清理
2025-06-08 18:31:09,927 - preprocessor_separate_norm_士林 - INFO - 數據清理完成: 43584 -> 43584 行
2025-06-08 18:31:09,927 - preprocessor_separate_norm_士林 - INFO - 執行特徵選擇
2025-06-08 18:31:09,943 - preprocessor_separate_norm_士林 - INFO - 特徵選擇完成: 69 個特徵, 20 個目標
2025-06-08 18:31:09,947 - preprocessor_separate_norm_士林 - INFO - 數據預處理完成: (43584, 91)
2025-06-08 18:31:10,527 - preprocessor_separate_norm_士林 - INFO - 處理後數據已保存: D:\pythonWork\R_datascience\final\Train\data\processed\separate_norm\separate_norm_士林_20250608_183109_processed.npz
2025-06-08 18:31:10,527 - preprocessor_separate_norm_士林 - INFO - 數據形狀: X=(43584, 69), y=(43584, 20)
2025-06-08 18:31:10,527 - preprocessor_separate_norm_士林 - INFO - 預處理管道執行完成
2025-06-08 18:31:10,537 - windows_separate_norm_士林 - INFO - ==================================================
2025-06-08 18:31:10,537 - windows_separate_norm_士林 - INFO - 開始執行 separate_norm 模式的時間窗口生成
2025-06-08 18:31:10,537 - windows_separate_norm_士林 - INFO - ==================================================
2025-06-08 18:31:10,537 - windows_separate_norm_士林 - INFO - 載入預處理數據: D:\pythonWork\R_datascience\final\Train\data\processed\separate_norm\separate_norm_士林_20250608_183109_processed.npz
2025-06-08 18:31:10,621 - windows_separate_norm_士林 - INFO - 數據載入完成: X=(43584, 69), y=(43584, 20)
2025-06-08 18:31:10,621 - windows_separate_norm_士林 - INFO - 開始創建滑動時間窗口
2025-06-08 18:31:10,621 - windows_separate_norm_士林 - INFO - 窗口參數: window_size=24, horizon=6, stride=1
2025-06-08 18:31:10,629 - windows_separate_norm_士林 - INFO - 處理 1 個測站的數據
2025-06-08 18:31:10,730 - windows_separate_norm_士林 - INFO - 單序列窗口創建完成: 43555 個窗口
2025-06-08 18:31:10,731 - windows_separate_norm_士林 - INFO - 測站 士林: 43555 個窗口
2025-06-08 18:31:10,789 - windows_separate_norm_士林 - INFO - 多測站窗口創建完成: 總計 43555 個窗口
2025-06-08 18:31:10,801 - windows_separate_norm_士林 - INFO - 開始分割數據集
2025-06-08 18:31:10,801 - windows_separate_norm_士林 - INFO - train: X=(34844, 24, 69), y=(34844, 6, 20)
2025-06-08 18:31:10,801 - windows_separate_norm_士林 - INFO - val: X=(4355, 24, 69), y=(4355, 6, 20)
2025-06-08 18:31:10,801 - windows_separate_norm_士林 - INFO - test: X=(4356, 24, 69), y=(4356, 6, 20)
2025-06-08 18:31:15,264 - windows_separate_norm_士林 - INFO - NumPy格式數據已保存: D:\pythonWork\R_datascience\final\Train\data\sliding_windows\separate_norm\separate_norm_士林_20250608_183109_windows.npz
2025-06-08 18:31:15,791 - windows_separate_norm_士林 - INFO - PyTorch格式數據已保存: D:\pythonWork\R_datascience\final\Train\data\sliding_windows\separate_norm\separate_norm_士林_20250608_183109_windows.pt
2025-06-08 18:31:15,791 - windows_separate_norm_士林 - INFO - 時間窗口生成管道執行完成
2025-06-08 18:31:15,809 - trainer_separate_norm_士林 - INFO - 使用設備: cuda
2025-06-08 18:31:15,810 - trainer_separate_norm_士林 - INFO - ==================================================
2025-06-08 18:31:15,810 - trainer_separate_norm_士林 - INFO - 開始執行 separate_norm 模式的模型訓練
2025-06-08 18:31:15,810 - trainer_separate_norm_士林 - INFO - ==================================================
2025-06-08 18:31:15,810 - trainer_separate_norm_士林 - INFO - 載入訓練數據
2025-06-08 18:31:16,872 - trainer_separate_norm_士林 - INFO - 訓練LightGBM模型...
2025-06-08 18:31:16,872 - trainer_separate_norm_士林 - INFO - 開始訓練LightGBM模型
2025-06-08 18:31:16,872 - trainer_separate_norm_士林 - INFO - LightGBM數據形狀: X_train=(34844, 1656), y_train=(34844, 120)
2025-06-08 18:31:27,066 - trainer_separate_norm_士林 - INFO - LightGBM訓練完成: 9.56s
2025-06-08 18:31:27,068 - trainer_separate_norm_士林 - INFO - 驗證集MAE: 0.1244
2025-06-08 18:31:27,094 - trainer_separate_norm_士林 - INFO - 訓練LSTM模型...
2025-06-08 18:31:27,094 - trainer_separate_norm_士林 - INFO - 開始訓練LSTM模型
2025-06-08 18:31:27,178 - trainer_separate_norm_士林 - INFO - LSTM數據形狀: X_train=torch.Size([34844, 24, 69]), y_train=torch.Size([34844, 6, 20])
2025-06-08 18:31:27,987 - trainer_separate_norm_士林 - INFO - Epoch 0: Train Loss=0.289397, Val Loss=0.209535
2025-06-08 18:31:34,846 - trainer_separate_norm_士林 - INFO - Epoch 10: Train Loss=0.104242, Val Loss=0.241807
2025-06-08 18:31:36,868 - trainer_separate_norm_士林 - INFO - 早停於 epoch 13
2025-06-08 18:31:37,056 - trainer_separate_norm_士林 - INFO - LSTM訓練完成: 9.77s
2025-06-08 18:31:37,056 - trainer_separate_norm_士林 - INFO - 驗證集MAE: 0.2997
2025-06-08 18:31:37,072 - trainer_separate_norm_士林 - INFO - 模型訓練管道執行完成
