2025-06-08 18:45:27,283 - preprocessor_separate_norm_沙鹿 - INFO - ==================================================
2025-06-08 18:45:27,283 - preprocessor_separate_norm_沙鹿 - INFO - 開始執行 separate_norm 模式的完整預處理管道
2025-06-08 18:45:27,283 - preprocessor_separate_norm_沙鹿 - INFO - ==================================================
2025-06-08 18:45:27,283 - preprocessor_separate_norm_沙鹿 - INFO - 開始載入 separate_norm 模式的原始數據
2025-06-08 18:45:27,284 - preprocessor_separate_norm_沙鹿 - INFO - 載入文件: D:\pythonWork\R_datascience\final\Train\data\raw\Separate_Nomorlization\Nomorlization_沙鹿_C0F9X0_combined.csv
2025-06-08 18:45:27,386 - preprocessor_separate_norm_沙鹿 - INFO - 合併 1 個文件，總記錄數: 43584
2025-06-08 18:45:27,417 - preprocessor_separate_norm_沙鹿 - INFO - 數據驗證通過: (43584, 28), 時間範圍: 2020-01-01T00:00:00Z 到 2024-12-20T23:00:00Z
2025-06-08 18:45:27,418 - preprocessor_separate_norm_沙鹿 - INFO - 原始數據載入完成: (43584, 28)
2025-06-08 18:45:27,418 - preprocessor_separate_norm_沙鹿 - INFO - 開始數據預處理
2025-06-08 18:45:27,418 - preprocessor_separate_norm_沙鹿 - INFO - 處理時間特徵
2025-06-08 18:45:27,418 - preprocessor_separate_norm_沙鹿 - INFO - 數據已包含時間特徵，跳過時間特徵處理
2025-06-08 18:45:27,430 - preprocessor_separate_norm_沙鹿 - INFO - 執行特徵工程
2025-06-08 18:45:27,462 - preprocessor_separate_norm_沙鹿 - INFO - 執行數據清理
2025-06-08 18:45:27,614 - preprocessor_separate_norm_沙鹿 - INFO - 數據清理完成: 43584 -> 43584 行
2025-06-08 18:45:27,614 - preprocessor_separate_norm_沙鹿 - INFO - 執行特徵選擇
2025-06-08 18:45:27,629 - preprocessor_separate_norm_沙鹿 - INFO - 特徵選擇完成: 69 個特徵, 19 個目標
2025-06-08 18:45:27,633 - preprocessor_separate_norm_沙鹿 - INFO - 數據預處理完成: (43584, 90)
2025-06-08 18:45:28,172 - preprocessor_separate_norm_沙鹿 - INFO - 處理後數據已保存: D:\pythonWork\R_datascience\final\Train\data\processed\separate_norm\separate_norm_沙鹿_20250608_184527_processed.npz
2025-06-08 18:45:28,172 - preprocessor_separate_norm_沙鹿 - INFO - 數據形狀: X=(43584, 69), y=(43584, 19)
2025-06-08 18:45:28,189 - preprocessor_separate_norm_沙鹿 - INFO - 預處理管道執行完成
2025-06-08 18:45:28,193 - windows_separate_norm_沙鹿 - INFO - ==================================================
2025-06-08 18:45:28,193 - windows_separate_norm_沙鹿 - INFO - 開始執行 separate_norm 模式的時間窗口生成
2025-06-08 18:45:28,193 - windows_separate_norm_沙鹿 - INFO - ==================================================
2025-06-08 18:45:28,193 - windows_separate_norm_沙鹿 - INFO - 載入預處理數據: D:\pythonWork\R_datascience\final\Train\data\processed\separate_norm\separate_norm_沙鹿_20250608_184527_processed.npz
2025-06-08 18:45:28,277 - windows_separate_norm_沙鹿 - INFO - 數據載入完成: X=(43584, 69), y=(43584, 19)
2025-06-08 18:45:28,277 - windows_separate_norm_沙鹿 - INFO - 開始創建滑動時間窗口
2025-06-08 18:45:28,277 - windows_separate_norm_沙鹿 - INFO - 窗口參數: window_size=24, horizon=6, stride=1
2025-06-08 18:45:28,286 - windows_separate_norm_沙鹿 - INFO - 處理 1 個測站的數據
2025-06-08 18:45:28,388 - windows_separate_norm_沙鹿 - INFO - 單序列窗口創建完成: 43555 個窗口
2025-06-08 18:45:28,388 - windows_separate_norm_沙鹿 - INFO - 測站 沙鹿: 43555 個窗口
2025-06-08 18:45:28,447 - windows_separate_norm_沙鹿 - INFO - 多測站窗口創建完成: 總計 43555 個窗口
2025-06-08 18:45:28,463 - windows_separate_norm_沙鹿 - INFO - 開始分割數據集
2025-06-08 18:45:28,463 - windows_separate_norm_沙鹿 - INFO - train: X=(34844, 24, 69), y=(34844, 6, 19)
2025-06-08 18:45:28,463 - windows_separate_norm_沙鹿 - INFO - val: X=(4355, 24, 69), y=(4355, 6, 19)
2025-06-08 18:45:28,463 - windows_separate_norm_沙鹿 - INFO - test: X=(4356, 24, 69), y=(4356, 6, 19)
2025-06-08 18:45:32,863 - windows_separate_norm_沙鹿 - INFO - NumPy格式數據已保存: D:\pythonWork\R_datascience\final\Train\data\sliding_windows\separate_norm\separate_norm_沙鹿_20250608_184527_windows.npz
2025-06-08 18:45:33,382 - windows_separate_norm_沙鹿 - INFO - PyTorch格式數據已保存: D:\pythonWork\R_datascience\final\Train\data\sliding_windows\separate_norm\separate_norm_沙鹿_20250608_184527_windows.pt
2025-06-08 18:45:33,382 - windows_separate_norm_沙鹿 - INFO - 時間窗口生成管道執行完成
2025-06-08 18:45:33,402 - trainer_separate_norm_沙鹿 - INFO - 使用設備: cuda
2025-06-08 18:45:33,402 - trainer_separate_norm_沙鹿 - INFO - ==================================================
2025-06-08 18:45:33,402 - trainer_separate_norm_沙鹿 - INFO - 開始執行 separate_norm 模式的模型訓練
2025-06-08 18:45:33,402 - trainer_separate_norm_沙鹿 - INFO - ==================================================
2025-06-08 18:45:33,402 - trainer_separate_norm_沙鹿 - INFO - 載入訓練數據
2025-06-08 18:45:34,481 - trainer_separate_norm_沙鹿 - INFO - 訓練LightGBM模型...
2025-06-08 18:45:34,481 - trainer_separate_norm_沙鹿 - INFO - 開始訓練LightGBM模型
2025-06-08 18:45:34,481 - trainer_separate_norm_沙鹿 - INFO - LightGBM數據形狀: X_train=(34844, 1656), y_train=(34844, 114)
2025-06-08 18:45:42,280 - trainer_separate_norm_沙鹿 - INFO - LightGBM訓練完成: 7.11s
2025-06-08 18:45:42,280 - trainer_separate_norm_沙鹿 - INFO - 驗證集MAE: 0.0737
2025-06-08 18:45:42,310 - trainer_separate_norm_沙鹿 - INFO - 訓練LSTM模型...
2025-06-08 18:45:42,310 - trainer_separate_norm_沙鹿 - INFO - 開始訓練LSTM模型
2025-06-08 18:45:42,394 - trainer_separate_norm_沙鹿 - INFO - LSTM數據形狀: X_train=torch.Size([34844, 24, 69]), y_train=torch.Size([34844, 6, 19])
2025-06-08 18:45:43,156 - trainer_separate_norm_沙鹿 - INFO - Epoch 0: Train Loss=0.260882, Val Loss=0.205398
2025-06-08 18:45:49,984 - trainer_separate_norm_沙鹿 - INFO - Epoch 10: Train Loss=0.097834, Val Loss=0.219383
2025-06-08 18:45:51,317 - trainer_separate_norm_沙鹿 - INFO - 早停於 epoch 12
2025-06-08 18:45:51,488 - trainer_separate_norm_沙鹿 - INFO - LSTM訓練完成: 9.01s
2025-06-08 18:45:51,488 - trainer_separate_norm_沙鹿 - INFO - 驗證集MAE: 0.2897
2025-06-08 18:45:51,510 - trainer_separate_norm_沙鹿 - INFO - 模型訓練管道執行完成
