2025-06-08 15:28:58,834 - preprocessor_separate_大里 - INFO - ==================================================
2025-06-08 15:28:58,834 - preprocessor_separate_大里 - INFO - 開始執行 separate 模式的完整預處理管道
2025-06-08 15:28:58,834 - preprocessor_separate_大里 - INFO - ==================================================
2025-06-08 15:28:58,835 - preprocessor_separate_大里 - INFO - 開始載入 separate 模式的原始數據
2025-06-08 15:28:58,835 - preprocessor_separate_大里 - INFO - 載入文件: D:\pythonWork\R_datascience\final\Train\data\raw\Separate\大里_C0F9N0_combined.csv
2025-06-08 15:28:58,888 - preprocessor_separate_大里 - INFO - 合併 1 個文件，總記錄數: 43584
2025-06-08 15:28:58,918 - preprocessor_separate_大里 - INFO - 數據驗證通過: (43584, 30), 時間範圍: 2020-01-01T00:00:00Z 到 2024-12-20T23:00:00Z
2025-06-08 15:28:58,918 - preprocessor_separate_大里 - INFO - 原始數據載入完成: (43584, 30)
2025-06-08 15:28:58,918 - preprocessor_separate_大里 - INFO - 開始數據預處理
2025-06-08 15:28:58,919 - preprocessor_separate_大里 - INFO - 處理時間特徵
2025-06-08 15:28:58,958 - preprocessor_separate_大里 - INFO - 執行特徵工程
2025-06-08 15:28:58,989 - preprocessor_separate_大里 - INFO - 執行數據清理
2025-06-08 15:28:59,148 - preprocessor_separate_大里 - INFO - 數據清理完成: 43584 -> 43584 行
2025-06-08 15:28:59,152 - preprocessor_separate_大里 - INFO - 執行特徵選擇
2025-06-08 15:28:59,157 - preprocessor_separate_大里 - INFO - 特徵選擇完成: 74 個特徵, 21 個目標
2025-06-08 15:28:59,157 - preprocessor_separate_大里 - INFO - 執行數據標準化
2025-06-08 15:28:59,202 - preprocessor_separate_大里 - INFO - 標準化器已保存: D:\pythonWork\R_datascience\final\Train\data\processed\separate_scaler.pkl
2025-06-08 15:28:59,202 - preprocessor_separate_大里 - INFO - 數據預處理完成: (43584, 97)
2025-06-08 15:28:59,673 - preprocessor_separate_大里 - INFO - 處理後數據已保存: D:\pythonWork\R_datascience\final\Train\data\processed\separate_大里_20250608_152858_processed.npz
2025-06-08 15:28:59,674 - preprocessor_separate_大里 - INFO - 數據形狀: X=(43584, 74), y=(43584, 21)
2025-06-08 15:28:59,675 - preprocessor_separate_大里 - INFO - 預處理管道執行完成
