2025-06-08 15:29:43,586 - preprocessor_separate_龍潭 - INFO - ==================================================
2025-06-08 15:29:43,586 - preprocessor_separate_龍潭 - INFO - 開始執行 separate 模式的完整預處理管道
2025-06-08 15:29:43,586 - preprocessor_separate_龍潭 - INFO - ==================================================
2025-06-08 15:29:43,586 - preprocessor_separate_龍潭 - INFO - 開始載入 separate 模式的原始數據
2025-06-08 15:29:43,587 - preprocessor_separate_龍潭 - INFO - 載入文件: D:\pythonWork\R_datascience\final\Train\data\raw\Separate\龍潭_C0C670_combined.csv
2025-06-08 15:29:43,640 - preprocessor_separate_龍潭 - INFO - 合併 1 個文件，總記錄數: 43584
2025-06-08 15:29:43,670 - preprocessor_separate_龍潭 - INFO - 數據驗證通過: (43584, 29), 時間範圍: 2020-01-01T00:00:00Z 到 2024-12-20T23:00:00Z
2025-06-08 15:29:43,670 - preprocessor_separate_龍潭 - INFO - 原始數據載入完成: (43584, 29)
2025-06-08 15:29:43,670 - preprocessor_separate_龍潭 - INFO - 開始數據預處理
2025-06-08 15:29:43,670 - preprocessor_separate_龍潭 - INFO - 處理時間特徵
2025-06-08 15:29:43,710 - preprocessor_separate_龍潭 - INFO - 執行特徵工程
2025-06-08 15:29:43,741 - preprocessor_separate_龍潭 - INFO - 執行數據清理
2025-06-08 15:29:43,894 - preprocessor_separate_龍潭 - INFO - 數據清理完成: 43584 -> 43584 行
2025-06-08 15:29:43,895 - preprocessor_separate_龍潭 - INFO - 執行特徵選擇
2025-06-08 15:29:43,899 - preprocessor_separate_龍潭 - INFO - 特徵選擇完成: 74 個特徵, 20 個目標
2025-06-08 15:29:43,900 - preprocessor_separate_龍潭 - INFO - 執行數據標準化
2025-06-08 15:29:43,942 - preprocessor_separate_龍潭 - INFO - 標準化器已保存: D:\pythonWork\R_datascience\final\Train\data\processed\separate_scaler.pkl
2025-06-08 15:29:43,943 - preprocessor_separate_龍潭 - INFO - 數據預處理完成: (43584, 96)
2025-06-08 15:29:44,406 - preprocessor_separate_龍潭 - INFO - 處理後數據已保存: D:\pythonWork\R_datascience\final\Train\data\processed\separate_龍潭_20250608_152943_processed.npz
2025-06-08 15:29:44,406 - preprocessor_separate_龍潭 - INFO - 數據形狀: X=(43584, 74), y=(43584, 20)
2025-06-08 15:29:44,408 - preprocessor_separate_龍潭 - INFO - 預處理管道執行完成
