2025-06-08 18:38:56,089 - preprocessor_separate_norm_新店 - INFO - ==================================================
2025-06-08 18:38:56,089 - preprocessor_separate_norm_新店 - INFO - 開始執行 separate_norm 模式的完整預處理管道
2025-06-08 18:38:56,089 - preprocessor_separate_norm_新店 - INFO - ==================================================
2025-06-08 18:38:56,089 - preprocessor_separate_norm_新店 - INFO - 開始載入 separate_norm 模式的原始數據
2025-06-08 18:38:56,090 - preprocessor_separate_norm_新店 - INFO - 載入文件: D:\pythonWork\R_datascience\final\Train\data\raw\Separate_Nomorlization\Nomorlization_新店_C0AC80_combined.csv
2025-06-08 18:38:56,199 - preprocessor_separate_norm_新店 - INFO - 合併 1 個文件，總記錄數: 43584
2025-06-08 18:38:56,230 - preprocessor_separate_norm_新店 - INFO - 數據驗證通過: (43584, 30), 時間範圍: 2020-01-01T00:00:00Z 到 2024-12-20T23:00:00Z
2025-06-08 18:38:56,230 - preprocessor_separate_norm_新店 - INFO - 原始數據載入完成: (43584, 30)
2025-06-08 18:38:56,230 - preprocessor_separate_norm_新店 - INFO - 開始數據預處理
2025-06-08 18:38:56,230 - preprocessor_separate_norm_新店 - INFO - 處理時間特徵
2025-06-08 18:38:56,230 - preprocessor_separate_norm_新店 - INFO - 數據已包含時間特徵，跳過時間特徵處理
2025-06-08 18:38:56,242 - preprocessor_separate_norm_新店 - INFO - 執行特徵工程
2025-06-08 18:38:56,275 - preprocessor_separate_norm_新店 - INFO - 執行數據清理
2025-06-08 18:38:56,444 - preprocessor_separate_norm_新店 - INFO - 數據清理完成: 43584 -> 43584 行
2025-06-08 18:38:56,444 - preprocessor_separate_norm_新店 - INFO - 執行特徵選擇
2025-06-08 18:38:56,444 - preprocessor_separate_norm_新店 - INFO - 特徵選擇完成: 69 個特徵, 21 個目標
2025-06-08 18:38:56,452 - preprocessor_separate_norm_新店 - INFO - 數據預處理完成: (43584, 92)
2025-06-08 18:38:56,996 - preprocessor_separate_norm_新店 - INFO - 處理後數據已保存: D:\pythonWork\R_datascience\final\Train\data\processed\separate_norm\separate_norm_新店_20250608_183856_processed.npz
2025-06-08 18:38:56,996 - preprocessor_separate_norm_新店 - INFO - 數據形狀: X=(43584, 69), y=(43584, 21)
2025-06-08 18:38:56,996 - preprocessor_separate_norm_新店 - INFO - 預處理管道執行完成
2025-06-08 18:38:57,010 - windows_separate_norm_新店 - INFO - ==================================================
2025-06-08 18:38:57,010 - windows_separate_norm_新店 - INFO - 開始執行 separate_norm 模式的時間窗口生成
2025-06-08 18:38:57,010 - windows_separate_norm_新店 - INFO - ==================================================
2025-06-08 18:38:57,010 - windows_separate_norm_新店 - INFO - 載入預處理數據: D:\pythonWork\R_datascience\final\Train\data\processed\separate_norm\separate_norm_新店_20250608_183856_processed.npz
2025-06-08 18:38:57,093 - windows_separate_norm_新店 - INFO - 數據載入完成: X=(43584, 69), y=(43584, 21)
2025-06-08 18:38:57,093 - windows_separate_norm_新店 - INFO - 開始創建滑動時間窗口
2025-06-08 18:38:57,094 - windows_separate_norm_新店 - INFO - 窗口參數: window_size=24, horizon=6, stride=1
2025-06-08 18:38:57,102 - windows_separate_norm_新店 - INFO - 處理 1 個測站的數據
2025-06-08 18:38:57,205 - windows_separate_norm_新店 - INFO - 單序列窗口創建完成: 43555 個窗口
2025-06-08 18:38:57,206 - windows_separate_norm_新店 - INFO - 測站 新店: 43555 個窗口
2025-06-08 18:38:57,263 - windows_separate_norm_新店 - INFO - 多測站窗口創建完成: 總計 43555 個窗口
2025-06-08 18:38:57,275 - windows_separate_norm_新店 - INFO - 開始分割數據集
2025-06-08 18:38:57,275 - windows_separate_norm_新店 - INFO - train: X=(34844, 24, 69), y=(34844, 6, 21)
2025-06-08 18:38:57,276 - windows_separate_norm_新店 - INFO - val: X=(4355, 24, 69), y=(4355, 6, 21)
2025-06-08 18:38:57,276 - windows_separate_norm_新店 - INFO - test: X=(4356, 24, 69), y=(4356, 6, 21)
2025-06-08 18:39:01,621 - windows_separate_norm_新店 - INFO - NumPy格式數據已保存: D:\pythonWork\R_datascience\final\Train\data\sliding_windows\separate_norm\separate_norm_新店_20250608_183856_windows.npz
2025-06-08 18:39:02,132 - windows_separate_norm_新店 - INFO - PyTorch格式數據已保存: D:\pythonWork\R_datascience\final\Train\data\sliding_windows\separate_norm\separate_norm_新店_20250608_183856_windows.pt
2025-06-08 18:39:02,132 - windows_separate_norm_新店 - INFO - 時間窗口生成管道執行完成
2025-06-08 18:39:02,149 - trainer_separate_norm_新店 - INFO - 使用設備: cuda
2025-06-08 18:39:02,150 - trainer_separate_norm_新店 - INFO - ==================================================
2025-06-08 18:39:02,150 - trainer_separate_norm_新店 - INFO - 開始執行 separate_norm 模式的模型訓練
2025-06-08 18:39:02,150 - trainer_separate_norm_新店 - INFO - ==================================================
2025-06-08 18:39:02,150 - trainer_separate_norm_新店 - INFO - 載入訓練數據
2025-06-08 18:39:03,244 - trainer_separate_norm_新店 - INFO - 訓練LightGBM模型...
2025-06-08 18:39:03,244 - trainer_separate_norm_新店 - INFO - 開始訓練LightGBM模型
2025-06-08 18:39:03,244 - trainer_separate_norm_新店 - INFO - LightGBM數據形狀: X_train=(34844, 1656), y_train=(34844, 126)
2025-06-08 18:39:10,348 - trainer_separate_norm_新店 - INFO - LightGBM訓練完成: 6.70s
2025-06-08 18:39:10,352 - trainer_separate_norm_新店 - INFO - 驗證集MAE: 0.1024
2025-06-08 18:39:10,382 - trainer_separate_norm_新店 - INFO - 訓練LSTM模型...
2025-06-08 18:39:10,382 - trainer_separate_norm_新店 - INFO - 開始訓練LSTM模型
2025-06-08 18:39:10,466 - trainer_separate_norm_新店 - INFO - LSTM數據形狀: X_train=torch.Size([34844, 24, 69]), y_train=torch.Size([34844, 6, 21])
2025-06-08 18:39:11,248 - trainer_separate_norm_新店 - INFO - Epoch 0: Train Loss=0.250123, Val Loss=0.176444
2025-06-08 18:39:18,025 - trainer_separate_norm_新店 - INFO - Epoch 10: Train Loss=0.094810, Val Loss=0.184910
2025-06-08 18:39:19,422 - trainer_separate_norm_新店 - INFO - 早停於 epoch 12
2025-06-08 18:39:19,613 - trainer_separate_norm_新店 - INFO - LSTM訓練完成: 9.04s
2025-06-08 18:39:19,615 - trainer_separate_norm_新店 - INFO - 驗證集MAE: 0.2559
2025-06-08 18:39:19,620 - trainer_separate_norm_新店 - INFO - 模型訓練管道執行完成
