2025-06-08 15:10:23,309 - preprocessor_separate_æ¡ƒåœ’ - INFO - ==================================================
2025-06-08 15:10:23,309 - preprocessor_separate_æ¡ƒåœ’ - INFO - é–‹å§‹åŸ·è¡Œ separate æ¨¡å¼çš„å®Œæ•´é è™•ç†ç®¡é“
2025-06-08 15:10:23,309 - preprocessor_separate_æ¡ƒåœ’ - INFO - ==================================================
2025-06-08 15:10:23,309 - preprocessor_separate_æ¡ƒåœ’ - INFO - é–‹å§‹è¼‰å…¥ separate æ¨¡å¼çš„åŸå§‹æ•¸æ“š
2025-06-08 15:10:23,309 - preprocessor_separate_æ¡ƒåœ’ - INFO - è¼‰å…¥æ–‡ä»¶: D:\pythonWork\R_datascience\final\Train\data\raw\Separate\æ¡ƒåœ’_C0C480_combined.csv
2025-06-08 15:10:23,375 - preprocessor_separate_æ¡ƒåœ’ - INFO - åˆä½µ 1 å€‹æ–‡ä»¶ï¼Œç¸½è¨˜éŒ„æ•¸: 43584
2025-06-08 15:10:23,408 - preprocessor_separate_æ¡ƒåœ’ - INFO - æ•¸æ“šé©—è­‰é€šé: (43584, 29), æ™‚é–“ç¯„åœ: 2020-01-01T00:00:00Z åˆ° 2024-12-20T23:00:00Z
2025-06-08 15:10:23,408 - preprocessor_separate_æ¡ƒåœ’ - INFO - åŸå§‹æ•¸æ“šè¼‰å…¥å®Œæˆ: (43584, 29)
2025-06-08 15:10:23,409 - preprocessor_separate_æ¡ƒåœ’ - INFO - é–‹å§‹æ•¸æ“šé è™•ç†
2025-06-08 15:10:23,409 - preprocessor_separate_æ¡ƒåœ’ - INFO - è™•ç†æ™‚é–“ç‰¹å¾µ
2025-06-08 15:10:23,448 - preprocessor_separate_æ¡ƒåœ’ - INFO - åŸ·è¡Œç‰¹å¾µå·¥ç¨‹
2025-06-08 15:10:23,481 - preprocessor_separate_æ¡ƒåœ’ - INFO - åŸ·è¡Œæ•¸æ“šæ¸…ç†
2025-06-08 15:10:23,660 - preprocessor_separate_æ¡ƒåœ’ - INFO - æ•¸æ“šæ¸…ç†å®Œæˆ: 43584 -> 43584 è¡Œ
2025-06-08 15:10:23,660 - preprocessor_separate_æ¡ƒåœ’ - INFO - åŸ·è¡Œç‰¹å¾µé¸æ“‡
2025-06-08 15:10:23,660 - preprocessor_separate_æ¡ƒåœ’ - INFO - ç‰¹å¾µé¸æ“‡å®Œæˆ: 74 å€‹ç‰¹å¾µ, 20 å€‹ç›®æ¨™
2025-06-08 15:10:23,660 - preprocessor_separate_æ¡ƒåœ’ - INFO - åŸ·è¡Œæ•¸æ“šæ¨™æº–åŒ–
2025-06-08 15:10:23,716 - preprocessor_separate_æ¡ƒåœ’ - INFO - æ¨™æº–åŒ–å™¨å·²ä¿å­˜: D:\pythonWork\R_datascience\final\Train\data\processed\separate_scaler.pkl
2025-06-08 15:10:23,717 - preprocessor_separate_æ¡ƒåœ’ - INFO - æ•¸æ“šé è™•ç†å®Œæˆ: (43584, 96)
2025-06-08 15:10:24,175 - preprocessor_separate_æ¡ƒåœ’ - INFO - è™•ç†å¾Œæ•¸æ“šå·²ä¿å­˜: D:\pythonWork\R_datascience\final\Train\data\processed\separate_æ¡ƒåœ’_150853_processed_processed.npz
2025-06-08 15:10:24,175 - preprocessor_separate_æ¡ƒåœ’ - INFO - æ•¸æ“šå½¢ç‹€: X=(43584, 74), y=(43584, 20)
2025-06-08 15:10:24,191 - preprocessor_separate_æ¡ƒåœ’ - INFO - é è™•ç†ç®¡é“åŸ·è¡Œå®Œæˆ
2025-06-08 15:10:24,191 - windows_separate_æ¡ƒåœ’ - INFO - ==================================================
2025-06-08 15:10:24,191 - windows_separate_æ¡ƒåœ’ - INFO - é–‹å§‹åŸ·è¡Œ separate æ¨¡å¼çš„æ™‚é–“çª—å£ç”Ÿæˆ
2025-06-08 15:10:24,191 - windows_separate_æ¡ƒåœ’ - INFO - ==================================================
2025-06-08 15:10:24,191 - windows_separate_æ¡ƒåœ’ - INFO - è¼‰å…¥é è™•ç†æ•¸æ“š: D:\pythonWork\R_datascience\final\Train\data\processed\separate_æ¡ƒåœ’_150853_processed_processed.npz
2025-06-08 15:10:24,247 - windows_separate_æ¡ƒåœ’ - INFO - æ•¸æ“šè¼‰å…¥å®Œæˆ: X=(43584, 74), y=(43584, 20)
2025-06-08 15:10:24,247 - windows_separate_æ¡ƒåœ’ - INFO - é–‹å§‹å‰µå»ºæ»‘å‹•æ™‚é–“çª—å£
2025-06-08 15:10:24,247 - windows_separate_æ¡ƒåœ’ - INFO - çª—å£åƒæ•¸: window_size=24, horizon=6, stride=1
2025-06-08 15:10:24,257 - windows_separate_æ¡ƒåœ’ - INFO - è™•ç† 1 å€‹æ¸¬ç«™çš„æ•¸æ“š
2025-06-08 15:10:24,359 - windows_separate_æ¡ƒåœ’ - INFO - å–®åºåˆ—çª—å£å‰µå»ºå®Œæˆ: 43555 å€‹çª—å£
2025-06-08 15:10:24,359 - windows_separate_æ¡ƒåœ’ - INFO - æ¸¬ç«™ æ¡ƒåœ’: 43555 å€‹çª—å£
2025-06-08 15:10:24,424 - windows_separate_æ¡ƒåœ’ - INFO - å¤šæ¸¬ç«™çª—å£å‰µå»ºå®Œæˆ: ç¸½è¨ˆ 43555 å€‹çª—å£
2025-06-08 15:10:24,427 - windows_separate_æ¡ƒåœ’ - INFO - é–‹å§‹åˆ†å‰²æ•¸æ“šé›†
2025-06-08 15:10:24,427 - windows_separate_æ¡ƒåœ’ - INFO - train: X=(34844, 24, 74), y=(34844, 6, 20)
2025-06-08 15:10:24,427 - windows_separate_æ¡ƒåœ’ - INFO - val: X=(4355, 24, 74), y=(4355, 6, 20)
2025-06-08 15:10:24,427 - windows_separate_æ¡ƒåœ’ - INFO - test: X=(4356, 24, 74), y=(4356, 6, 20)
2025-06-08 15:10:29,275 - windows_separate_æ¡ƒåœ’ - INFO - NumPyæ ¼å¼æ•¸æ“šå·²ä¿å­˜: D:\pythonWork\R_datascience\final\Train\data\sliding_windows\separate_æ¡ƒåœ’_150853_processed_windows.npz
2025-06-08 15:10:29,844 - windows_separate_æ¡ƒåœ’ - INFO - PyTorchæ ¼å¼æ•¸æ“šå·²ä¿å­˜: D:\pythonWork\R_datascience\final\Train\data\sliding_windows\separate_æ¡ƒåœ’_150853_processed_windows.pt
2025-06-08 15:10:29,844 - windows_separate_æ¡ƒåœ’ - INFO - æ™‚é–“çª—å£ç”Ÿæˆç®¡é“åŸ·è¡Œå®Œæˆ
2025-06-08 15:10:29,860 - trainer_separate_æ¡ƒåœ’ - INFO - ä½¿ç”¨è¨­å‚™: cuda
2025-06-08 15:10:29,860 - trainer_separate_æ¡ƒåœ’ - INFO - ==================================================
2025-06-08 15:10:29,860 - trainer_separate_æ¡ƒåœ’ - INFO - é–‹å§‹åŸ·è¡Œ separate æ¨¡å¼çš„æ¨¡å‹è¨“ç·´
2025-06-08 15:10:29,860 - trainer_separate_æ¡ƒåœ’ - INFO - ==================================================
2025-06-08 15:10:29,860 - trainer_separate_æ¡ƒåœ’ - INFO - è¼‰å…¥è¨“ç·´æ•¸æ“š
2025-06-08 15:10:30,816 - trainer_separate_æ¡ƒåœ’ - ERROR - è¨“ç·´ç®¡é“åŸ·è¡Œå¤±æ•—: Weights only load failed. This file can still be loaded, to do so you have two options, [1mdo those steps only if you trust the source of the checkpoint[0m. 
	(1) In PyTorch 2.6, we changed the default value of the `weights_only` argument in `torch.load` from `False` to `True`. Re-running `torch.load` with `weights_only` set to `False` will likely succeed, but it can result in arbitrary code execution. Do it only if you got the file from a trusted source.
	(2) Alternatively, to load with `weights_only=True` please check the recommended steps in the following error message.
	WeightsUnpickler error: Unsupported global: GLOBAL pathlib.WindowsPath was not an allowed global by default. Please use `torch.serialization.add_safe_globals([WindowsPath])` or the `torch.serialization.safe_globals([WindowsPath])` context manager to allowlist this global if you trust this class/function.

Check the documentation of torch.load to learn more about types accepted by default with weights_only https://pytorch.org/docs/stable/generated/torch.load.html.
