2025-06-08 16:20:46,259 - preprocessor_separate_美濃 - INFO - ==================================================
2025-06-08 16:20:46,260 - preprocessor_separate_美濃 - INFO - 開始執行 separate 模式的完整預處理管道
2025-06-08 16:20:46,260 - preprocessor_separate_美濃 - INFO - ==================================================
2025-06-08 16:20:46,260 - preprocessor_separate_美濃 - INFO - 開始載入 separate 模式的原始數據
2025-06-08 16:20:46,261 - preprocessor_separate_美濃 - INFO - 載入文件: D:\pythonWork\R_datascience\final\Train\data\raw\Separate\美濃_72V140_combined.csv
2025-06-08 16:20:46,324 - preprocessor_separate_美濃 - INFO - 合併 1 個文件，總記錄數: 43584
2025-06-08 16:20:46,357 - preprocessor_separate_美濃 - INFO - 數據驗證通過: (43584, 28), 時間範圍: 2020-01-01T00:00:00Z 到 2024-12-20T23:00:00Z
2025-06-08 16:20:46,357 - preprocessor_separate_美濃 - INFO - 原始數據載入完成: (43584, 28)
2025-06-08 16:20:46,358 - preprocessor_separate_美濃 - INFO - 開始數據預處理
2025-06-08 16:20:46,358 - preprocessor_separate_美濃 - INFO - 處理時間特徵
2025-06-08 16:20:46,402 - preprocessor_separate_美濃 - INFO - 執行特徵工程
2025-06-08 16:20:46,447 - preprocessor_separate_美濃 - INFO - 執行數據清理
2025-06-08 16:20:46,651 - preprocessor_separate_美濃 - INFO - 數據清理完成: 43584 -> 43584 行
2025-06-08 16:20:46,652 - preprocessor_separate_美濃 - INFO - 執行特徵選擇
2025-06-08 16:20:46,656 - preprocessor_separate_美濃 - INFO - 特徵選擇完成: 74 個特徵, 19 個目標
2025-06-08 16:20:46,659 - preprocessor_separate_美濃 - INFO - 執行數據標準化
2025-06-08 16:20:46,706 - preprocessor_separate_美濃 - INFO - 標準化器已保存: D:\pythonWork\R_datascience\final\Train\data\processed\separate\separate_scaler.pkl
2025-06-08 16:20:46,706 - preprocessor_separate_美濃 - INFO - 數據預處理完成: (43584, 95)
2025-06-08 16:20:47,176 - preprocessor_separate_美濃 - INFO - 處理後數據已保存: D:\pythonWork\R_datascience\final\Train\data\processed\separate\separate_美濃_20250608_162046_processed.npz
2025-06-08 16:20:47,176 - preprocessor_separate_美濃 - INFO - 數據形狀: X=(43584, 74), y=(43584, 19)
2025-06-08 16:20:47,178 - preprocessor_separate_美濃 - INFO - 預處理管道執行完成
2025-06-08 16:20:47,180 - windows_separate_美濃 - INFO - ==================================================
2025-06-08 16:20:47,180 - windows_separate_美濃 - INFO - 開始執行 separate 模式的時間窗口生成
2025-06-08 16:20:47,180 - windows_separate_美濃 - INFO - ==================================================
2025-06-08 16:20:47,181 - windows_separate_美濃 - INFO - 載入預處理數據: D:\pythonWork\R_datascience\final\Train\data\processed\separate\separate_美濃_20250608_162046_processed.npz
2025-06-08 16:20:47,247 - windows_separate_美濃 - INFO - 數據載入完成: X=(43584, 74), y=(43584, 19)
2025-06-08 16:20:47,248 - windows_separate_美濃 - INFO - 開始創建滑動時間窗口
2025-06-08 16:20:47,248 - windows_separate_美濃 - INFO - 窗口參數: window_size=24, horizon=6, stride=1
2025-06-08 16:20:47,257 - windows_separate_美濃 - INFO - 處理 1 個測站的數據
2025-06-08 16:20:47,366 - windows_separate_美濃 - INFO - 單序列窗口創建完成: 43555 個窗口
2025-06-08 16:20:47,367 - windows_separate_美濃 - INFO - 測站 美濃: 43555 個窗口
2025-06-08 16:20:47,430 - windows_separate_美濃 - INFO - 多測站窗口創建完成: 總計 43555 個窗口
2025-06-08 16:20:47,447 - windows_separate_美濃 - INFO - 開始分割數據集
2025-06-08 16:20:47,447 - windows_separate_美濃 - INFO - train: X=(34844, 24, 74), y=(34844, 6, 19)
2025-06-08 16:20:47,447 - windows_separate_美濃 - INFO - val: X=(4355, 24, 74), y=(4355, 6, 19)
2025-06-08 16:20:47,448 - windows_separate_美濃 - INFO - test: X=(4356, 24, 74), y=(4356, 6, 19)
2025-06-08 16:20:52,502 - windows_separate_美濃 - INFO - NumPy格式數據已保存: D:\pythonWork\R_datascience\final\Train\data\sliding_windows\separate\separate_美濃_20250608_162046_windows.npz
2025-06-08 16:20:53,099 - windows_separate_美濃 - INFO - PyTorch格式數據已保存: D:\pythonWork\R_datascience\final\Train\data\sliding_windows\separate\separate_美濃_20250608_162046_windows.pt
2025-06-08 16:20:53,100 - windows_separate_美濃 - INFO - 時間窗口生成管道執行完成
2025-06-08 16:20:53,118 - trainer_separate_美濃 - INFO - 使用設備: cuda
2025-06-08 16:20:53,118 - trainer_separate_美濃 - INFO - ==================================================
2025-06-08 16:20:53,118 - trainer_separate_美濃 - INFO - 開始執行 separate 模式的模型訓練
2025-06-08 16:20:53,118 - trainer_separate_美濃 - INFO - ==================================================
2025-06-08 16:20:53,119 - trainer_separate_美濃 - INFO - 載入訓練數據
2025-06-08 16:20:54,369 - trainer_separate_美濃 - INFO - 訓練LightGBM模型...
2025-06-08 16:20:54,369 - trainer_separate_美濃 - INFO - 開始訓練LightGBM模型
2025-06-08 16:20:54,369 - trainer_separate_美濃 - INFO - LightGBM數據形狀: X_train=(34844, 1776), y_train=(34844, 114)
2025-06-08 16:21:07,597 - trainer_separate_美濃 - INFO - LightGBM訓練完成: 12.85s
2025-06-08 16:21:07,597 - trainer_separate_美濃 - INFO - 驗證集MAE: 2.7783
2025-06-08 16:21:07,627 - trainer_separate_美濃 - INFO - 訓練LSTM模型...
2025-06-08 16:21:07,627 - trainer_separate_美濃 - INFO - 開始訓練LSTM模型
2025-06-08 16:21:07,722 - trainer_separate_美濃 - INFO - LSTM數據形狀: X_train=torch.Size([34844, 24, 74]), y_train=torch.Size([34844, 6, 19])
2025-06-08 16:21:08,545 - trainer_separate_美濃 - INFO - Epoch 0: Train Loss=246.491578, Val Loss=130.267311
2025-06-08 16:21:16,063 - trainer_separate_美濃 - INFO - Epoch 10: Train Loss=18.956078, Val Loss=29.784689
2025-06-08 16:21:23,535 - trainer_separate_美濃 - INFO - Epoch 20: Train Loss=12.001397, Val Loss=33.604583
2025-06-08 16:21:23,535 - trainer_separate_美濃 - INFO - 早停於 epoch 20
2025-06-08 16:21:23,722 - trainer_separate_美濃 - INFO - LSTM訓練完成: 15.91s
2025-06-08 16:21:23,722 - trainer_separate_美濃 - INFO - 驗證集MAE: 2.7818
2025-06-08 16:21:23,728 - trainer_separate_美濃 - INFO - 模型訓練管道執行完成
