2025-06-08 18:39:44,751 - preprocessor_separate_norm_新營 - INFO - ==================================================
2025-06-08 18:39:44,751 - preprocessor_separate_norm_新營 - INFO - 開始執行 separate_norm 模式的完整預處理管道
2025-06-08 18:39:44,751 - preprocessor_separate_norm_新營 - INFO - ==================================================
2025-06-08 18:39:44,751 - preprocessor_separate_norm_新營 - INFO - 開始載入 separate_norm 模式的原始數據
2025-06-08 18:39:44,752 - preprocessor_separate_norm_新營 - INFO - 載入文件: D:\pythonWork\R_datascience\final\Train\data\raw\Separate_Nomorlization\Nomorlization_新營_C0X250_combined.csv
2025-06-08 18:39:44,853 - preprocessor_separate_norm_新營 - INFO - 合併 1 個文件，總記錄數: 43584
2025-06-08 18:39:44,885 - preprocessor_separate_norm_新營 - INFO - 數據驗證通過: (43584, 27), 時間範圍: 2020-01-01T00:00:00Z 到 2024-12-20T23:00:00Z
2025-06-08 18:39:44,885 - preprocessor_separate_norm_新營 - INFO - 原始數據載入完成: (43584, 27)
2025-06-08 18:39:44,885 - preprocessor_separate_norm_新營 - INFO - 開始數據預處理
2025-06-08 18:39:44,885 - preprocessor_separate_norm_新營 - INFO - 處理時間特徵
2025-06-08 18:39:44,885 - preprocessor_separate_norm_新營 - INFO - 數據已包含時間特徵，跳過時間特徵處理
2025-06-08 18:39:44,898 - preprocessor_separate_norm_新營 - INFO - 執行特徵工程
2025-06-08 18:39:44,930 - preprocessor_separate_norm_新營 - INFO - 執行數據清理
2025-06-08 18:39:45,095 - preprocessor_separate_norm_新營 - INFO - 數據清理完成: 43584 -> 43584 行
2025-06-08 18:39:45,095 - preprocessor_separate_norm_新營 - INFO - 執行特徵選擇
2025-06-08 18:39:45,095 - preprocessor_separate_norm_新營 - INFO - 特徵選擇完成: 69 個特徵, 18 個目標
2025-06-08 18:39:45,106 - preprocessor_separate_norm_新營 - INFO - 數據預處理完成: (43584, 89)
2025-06-08 18:39:45,623 - preprocessor_separate_norm_新營 - INFO - 處理後數據已保存: D:\pythonWork\R_datascience\final\Train\data\processed\separate_norm\separate_norm_新營_20250608_183944_processed.npz
2025-06-08 18:39:45,623 - preprocessor_separate_norm_新營 - INFO - 數據形狀: X=(43584, 69), y=(43584, 18)
2025-06-08 18:39:45,639 - preprocessor_separate_norm_新營 - INFO - 預處理管道執行完成
2025-06-08 18:39:45,642 - windows_separate_norm_新營 - INFO - ==================================================
2025-06-08 18:39:45,642 - windows_separate_norm_新營 - INFO - 開始執行 separate_norm 模式的時間窗口生成
2025-06-08 18:39:45,642 - windows_separate_norm_新營 - INFO - ==================================================
2025-06-08 18:39:45,642 - windows_separate_norm_新營 - INFO - 載入預處理數據: D:\pythonWork\R_datascience\final\Train\data\processed\separate_norm\separate_norm_新營_20250608_183944_processed.npz
2025-06-08 18:39:45,729 - windows_separate_norm_新營 - INFO - 數據載入完成: X=(43584, 69), y=(43584, 18)
2025-06-08 18:39:45,730 - windows_separate_norm_新營 - INFO - 開始創建滑動時間窗口
2025-06-08 18:39:45,730 - windows_separate_norm_新營 - INFO - 窗口參數: window_size=24, horizon=6, stride=1
2025-06-08 18:39:45,739 - windows_separate_norm_新營 - INFO - 處理 1 個測站的數據
2025-06-08 18:39:45,840 - windows_separate_norm_新營 - INFO - 單序列窗口創建完成: 43555 個窗口
2025-06-08 18:39:45,840 - windows_separate_norm_新營 - INFO - 測站 新營: 43555 個窗口
2025-06-08 18:39:45,898 - windows_separate_norm_新營 - INFO - 多測站窗口創建完成: 總計 43555 個窗口
2025-06-08 18:39:45,910 - windows_separate_norm_新營 - INFO - 開始分割數據集
2025-06-08 18:39:45,910 - windows_separate_norm_新營 - INFO - train: X=(34844, 24, 69), y=(34844, 6, 18)
2025-06-08 18:39:45,910 - windows_separate_norm_新營 - INFO - val: X=(4355, 24, 69), y=(4355, 6, 18)
2025-06-08 18:39:45,910 - windows_separate_norm_新營 - INFO - test: X=(4356, 24, 69), y=(4356, 6, 18)
2025-06-08 18:39:50,210 - windows_separate_norm_新營 - INFO - NumPy格式數據已保存: D:\pythonWork\R_datascience\final\Train\data\sliding_windows\separate_norm\separate_norm_新營_20250608_183944_windows.npz
2025-06-08 18:39:50,731 - windows_separate_norm_新營 - INFO - PyTorch格式數據已保存: D:\pythonWork\R_datascience\final\Train\data\sliding_windows\separate_norm\separate_norm_新營_20250608_183944_windows.pt
2025-06-08 18:39:50,731 - windows_separate_norm_新營 - INFO - 時間窗口生成管道執行完成
2025-06-08 18:39:50,747 - trainer_separate_norm_新營 - INFO - 使用設備: cuda
2025-06-08 18:39:50,747 - trainer_separate_norm_新營 - INFO - ==================================================
2025-06-08 18:39:50,747 - trainer_separate_norm_新營 - INFO - 開始執行 separate_norm 模式的模型訓練
2025-06-08 18:39:50,747 - trainer_separate_norm_新營 - INFO - ==================================================
2025-06-08 18:39:50,747 - trainer_separate_norm_新營 - INFO - 載入訓練數據
2025-06-08 18:39:51,838 - trainer_separate_norm_新營 - INFO - 訓練LightGBM模型...
2025-06-08 18:39:51,839 - trainer_separate_norm_新營 - INFO - 開始訓練LightGBM模型
2025-06-08 18:39:51,839 - trainer_separate_norm_新營 - INFO - LightGBM數據形狀: X_train=(34844, 1656), y_train=(34844, 108)
2025-06-08 18:40:02,596 - trainer_separate_norm_新營 - INFO - LightGBM訓練完成: 10.38s
2025-06-08 18:40:02,596 - trainer_separate_norm_新營 - INFO - 驗證集MAE: 0.0675
2025-06-08 18:40:02,635 - trainer_separate_norm_新營 - INFO - 訓練LSTM模型...
2025-06-08 18:40:02,635 - trainer_separate_norm_新營 - INFO - 開始訓練LSTM模型
2025-06-08 18:40:02,718 - trainer_separate_norm_新營 - INFO - LSTM數據形狀: X_train=torch.Size([34844, 24, 69]), y_train=torch.Size([34844, 6, 18])
2025-06-08 18:40:03,463 - trainer_separate_norm_新營 - INFO - Epoch 0: Train Loss=0.248574, Val Loss=0.169728
2025-06-08 18:40:10,289 - trainer_separate_norm_新營 - INFO - Epoch 10: Train Loss=0.093791, Val Loss=0.190433
2025-06-08 18:40:11,647 - trainer_separate_norm_新營 - INFO - 早停於 epoch 12
2025-06-08 18:40:11,825 - trainer_separate_norm_新營 - INFO - LSTM訓練完成: 9.01s
2025-06-08 18:40:11,825 - trainer_separate_norm_新營 - INFO - 驗證集MAE: 0.2946
2025-06-08 18:40:11,842 - trainer_separate_norm_新營 - INFO - 模型訓練管道執行完成
