2025-06-08 18:27:17,540 - preprocessor_separate_norm_前金 - INFO - ==================================================
2025-06-08 18:27:17,540 - preprocessor_separate_norm_前金 - INFO - 開始執行 separate_norm 模式的完整預處理管道
2025-06-08 18:27:17,540 - preprocessor_separate_norm_前金 - INFO - ==================================================
2025-06-08 18:27:17,540 - preprocessor_separate_norm_前金 - INFO - 開始載入 separate_norm 模式的原始數據
2025-06-08 18:27:17,541 - preprocessor_separate_norm_前金 - INFO - 載入文件: D:\pythonWork\R_datascience\final\Train\data\raw\Separate_Nomorlization\Nomorlization_前金_C0V690_combined.csv
2025-06-08 18:27:17,647 - preprocessor_separate_norm_前金 - INFO - 合併 1 個文件，總記錄數: 43584
2025-06-08 18:27:17,684 - preprocessor_separate_norm_前金 - INFO - 數據驗證通過: (43584, 28), 時間範圍: 2020-01-01T00:00:00Z 到 2024-12-20T23:00:00Z
2025-06-08 18:27:17,684 - preprocessor_separate_norm_前金 - INFO - 原始數據載入完成: (43584, 28)
2025-06-08 18:27:17,684 - preprocessor_separate_norm_前金 - INFO - 開始數據預處理
2025-06-08 18:27:17,684 - preprocessor_separate_norm_前金 - INFO - 處理時間特徵
2025-06-08 18:27:17,684 - preprocessor_separate_norm_前金 - INFO - 數據已包含時間特徵，跳過時間特徵處理
2025-06-08 18:27:17,704 - preprocessor_separate_norm_前金 - INFO - 執行特徵工程
2025-06-08 18:27:17,734 - preprocessor_separate_norm_前金 - INFO - 執行數據清理
2025-06-08 18:27:17,879 - preprocessor_separate_norm_前金 - INFO - 數據清理完成: 43584 -> 43584 行
2025-06-08 18:27:17,879 - preprocessor_separate_norm_前金 - INFO - 執行特徵選擇
2025-06-08 18:27:17,895 - preprocessor_separate_norm_前金 - INFO - 特徵選擇完成: 69 個特徵, 19 個目標
2025-06-08 18:27:17,895 - preprocessor_separate_norm_前金 - INFO - 數據預處理完成: (43584, 90)
2025-06-08 18:27:18,418 - preprocessor_separate_norm_前金 - INFO - 處理後數據已保存: D:\pythonWork\R_datascience\final\Train\data\processed\separate_norm\separate_norm_前金_20250608_182717_processed.npz
2025-06-08 18:27:18,418 - preprocessor_separate_norm_前金 - INFO - 數據形狀: X=(43584, 69), y=(43584, 19)
2025-06-08 18:27:18,434 - preprocessor_separate_norm_前金 - INFO - 預處理管道執行完成
2025-06-08 18:27:18,434 - windows_separate_norm_前金 - INFO - ==================================================
2025-06-08 18:27:18,437 - windows_separate_norm_前金 - INFO - 開始執行 separate_norm 模式的時間窗口生成
2025-06-08 18:27:18,437 - windows_separate_norm_前金 - INFO - ==================================================
2025-06-08 18:27:18,437 - windows_separate_norm_前金 - INFO - 載入預處理數據: D:\pythonWork\R_datascience\final\Train\data\processed\separate_norm\separate_norm_前金_20250608_182717_processed.npz
2025-06-08 18:27:18,514 - windows_separate_norm_前金 - INFO - 數據載入完成: X=(43584, 69), y=(43584, 19)
2025-06-08 18:27:18,514 - windows_separate_norm_前金 - INFO - 開始創建滑動時間窗口
2025-06-08 18:27:18,514 - windows_separate_norm_前金 - INFO - 窗口參數: window_size=24, horizon=6, stride=1
2025-06-08 18:27:18,523 - windows_separate_norm_前金 - INFO - 處理 1 個測站的數據
2025-06-08 18:27:18,615 - windows_separate_norm_前金 - INFO - 單序列窗口創建完成: 43555 個窗口
2025-06-08 18:27:18,615 - windows_separate_norm_前金 - INFO - 測站 前金: 43555 個窗口
2025-06-08 18:27:18,683 - windows_separate_norm_前金 - INFO - 多測站窗口創建完成: 總計 43555 個窗口
2025-06-08 18:27:18,702 - windows_separate_norm_前金 - INFO - 開始分割數據集
2025-06-08 18:27:18,702 - windows_separate_norm_前金 - INFO - train: X=(34844, 24, 69), y=(34844, 6, 19)
2025-06-08 18:27:18,702 - windows_separate_norm_前金 - INFO - val: X=(4355, 24, 69), y=(4355, 6, 19)
2025-06-08 18:27:18,702 - windows_separate_norm_前金 - INFO - test: X=(4356, 24, 69), y=(4356, 6, 19)
2025-06-08 18:27:22,978 - windows_separate_norm_前金 - INFO - NumPy格式數據已保存: D:\pythonWork\R_datascience\final\Train\data\sliding_windows\separate_norm\separate_norm_前金_20250608_182717_windows.npz
2025-06-08 18:27:23,512 - windows_separate_norm_前金 - INFO - PyTorch格式數據已保存: D:\pythonWork\R_datascience\final\Train\data\sliding_windows\separate_norm\separate_norm_前金_20250608_182717_windows.pt
2025-06-08 18:27:23,512 - windows_separate_norm_前金 - INFO - 時間窗口生成管道執行完成
2025-06-08 18:27:23,512 - trainer_separate_norm_前金 - INFO - 使用設備: cuda
2025-06-08 18:27:23,527 - trainer_separate_norm_前金 - INFO - ==================================================
2025-06-08 18:27:23,527 - trainer_separate_norm_前金 - INFO - 開始執行 separate_norm 模式的模型訓練
2025-06-08 18:27:23,527 - trainer_separate_norm_前金 - INFO - ==================================================
2025-06-08 18:27:23,527 - trainer_separate_norm_前金 - INFO - 載入訓練數據
2025-06-08 18:27:24,501 - trainer_separate_norm_前金 - INFO - 訓練LightGBM模型...
2025-06-08 18:27:24,501 - trainer_separate_norm_前金 - INFO - 開始訓練LightGBM模型
2025-06-08 18:27:24,501 - trainer_separate_norm_前金 - INFO - LightGBM數據形狀: X_train=(34844, 1656), y_train=(34844, 114)
2025-06-08 18:27:32,878 - trainer_separate_norm_前金 - INFO - LightGBM訓練完成: 7.97s
2025-06-08 18:27:32,878 - trainer_separate_norm_前金 - INFO - 驗證集MAE: 0.0629
2025-06-08 18:27:32,905 - trainer_separate_norm_前金 - INFO - 訓練LSTM模型...
2025-06-08 18:27:32,905 - trainer_separate_norm_前金 - INFO - 開始訓練LSTM模型
2025-06-08 18:27:32,989 - trainer_separate_norm_前金 - INFO - LSTM數據形狀: X_train=torch.Size([34844, 24, 69]), y_train=torch.Size([34844, 6, 19])
2025-06-08 18:27:33,760 - trainer_separate_norm_前金 - INFO - Epoch 0: Train Loss=0.226865, Val Loss=0.178412
2025-06-08 18:27:40,613 - trainer_separate_norm_前金 - INFO - Epoch 10: Train Loss=0.084812, Val Loss=0.170061
2025-06-08 18:27:41,943 - trainer_separate_norm_前金 - INFO - 早停於 epoch 12
2025-06-08 18:27:42,116 - trainer_separate_norm_前金 - INFO - LSTM訓練完成: 9.04s
2025-06-08 18:27:42,116 - trainer_separate_norm_前金 - INFO - 驗證集MAE: 0.2513
2025-06-08 18:27:42,132 - trainer_separate_norm_前金 - INFO - 模型訓練管道執行完成
