2025-06-08 18:49:44,361 - preprocessor_separate_norm_臺西 - INFO - ==================================================
2025-06-08 18:49:44,362 - preprocessor_separate_norm_臺西 - INFO - 開始執行 separate_norm 模式的完整預處理管道
2025-06-08 18:49:44,362 - preprocessor_separate_norm_臺西 - INFO - ==================================================
2025-06-08 18:49:44,362 - preprocessor_separate_norm_臺西 - INFO - 開始載入 separate_norm 模式的原始數據
2025-06-08 18:49:44,362 - preprocessor_separate_norm_臺西 - INFO - 載入文件: D:\pythonWork\R_datascience\final\Train\data\raw\Separate_Nomorlization\Nomorlization_臺西_C0K530_combined.csv
2025-06-08 18:49:44,463 - preprocessor_separate_norm_臺西 - INFO - 合併 1 個文件，總記錄數: 43584
2025-06-08 18:49:44,494 - preprocessor_separate_norm_臺西 - INFO - 數據驗證通過: (43584, 27), 時間範圍: 2020-01-01T00:00:00Z 到 2024-12-20T23:00:00Z
2025-06-08 18:49:44,494 - preprocessor_separate_norm_臺西 - INFO - 原始數據載入完成: (43584, 27)
2025-06-08 18:49:44,494 - preprocessor_separate_norm_臺西 - INFO - 開始數據預處理
2025-06-08 18:49:44,495 - preprocessor_separate_norm_臺西 - INFO - 處理時間特徵
2025-06-08 18:49:44,495 - preprocessor_separate_norm_臺西 - INFO - 數據已包含時間特徵，跳過時間特徵處理
2025-06-08 18:49:44,507 - preprocessor_separate_norm_臺西 - INFO - 執行特徵工程
2025-06-08 18:49:44,539 - preprocessor_separate_norm_臺西 - INFO - 執行數據清理
2025-06-08 18:49:44,685 - preprocessor_separate_norm_臺西 - INFO - 數據清理完成: 43584 -> 43584 行
2025-06-08 18:49:44,701 - preprocessor_separate_norm_臺西 - INFO - 執行特徵選擇
2025-06-08 18:49:44,703 - preprocessor_separate_norm_臺西 - INFO - 特徵選擇完成: 69 個特徵, 18 個目標
2025-06-08 18:49:44,707 - preprocessor_separate_norm_臺西 - INFO - 數據預處理完成: (43584, 89)
2025-06-08 18:49:45,251 - preprocessor_separate_norm_臺西 - INFO - 處理後數據已保存: D:\pythonWork\R_datascience\final\Train\data\processed\separate_norm\separate_norm_臺西_20250608_184944_processed.npz
2025-06-08 18:49:45,251 - preprocessor_separate_norm_臺西 - INFO - 數據形狀: X=(43584, 69), y=(43584, 18)
2025-06-08 18:49:45,251 - preprocessor_separate_norm_臺西 - INFO - 預處理管道執行完成
2025-06-08 18:49:45,266 - windows_separate_norm_臺西 - INFO - ==================================================
2025-06-08 18:49:45,266 - windows_separate_norm_臺西 - INFO - 開始執行 separate_norm 模式的時間窗口生成
2025-06-08 18:49:45,266 - windows_separate_norm_臺西 - INFO - ==================================================
2025-06-08 18:49:45,266 - windows_separate_norm_臺西 - INFO - 載入預處理數據: D:\pythonWork\R_datascience\final\Train\data\processed\separate_norm\separate_norm_臺西_20250608_184944_processed.npz
2025-06-08 18:49:45,348 - windows_separate_norm_臺西 - INFO - 數據載入完成: X=(43584, 69), y=(43584, 18)
2025-06-08 18:49:45,349 - windows_separate_norm_臺西 - INFO - 開始創建滑動時間窗口
2025-06-08 18:49:45,349 - windows_separate_norm_臺西 - INFO - 窗口參數: window_size=24, horizon=6, stride=1
2025-06-08 18:49:45,356 - windows_separate_norm_臺西 - INFO - 處理 1 個測站的數據
2025-06-08 18:49:45,458 - windows_separate_norm_臺西 - INFO - 單序列窗口創建完成: 43555 個窗口
2025-06-08 18:49:45,458 - windows_separate_norm_臺西 - INFO - 測站 臺西: 43555 個窗口
2025-06-08 18:49:45,516 - windows_separate_norm_臺西 - INFO - 多測站窗口創建完成: 總計 43555 個窗口
2025-06-08 18:49:45,532 - windows_separate_norm_臺西 - INFO - 開始分割數據集
2025-06-08 18:49:45,532 - windows_separate_norm_臺西 - INFO - train: X=(34844, 24, 69), y=(34844, 6, 18)
2025-06-08 18:49:45,533 - windows_separate_norm_臺西 - INFO - val: X=(4355, 24, 69), y=(4355, 6, 18)
2025-06-08 18:49:45,533 - windows_separate_norm_臺西 - INFO - test: X=(4356, 24, 69), y=(4356, 6, 18)
2025-06-08 18:49:49,958 - windows_separate_norm_臺西 - INFO - NumPy格式數據已保存: D:\pythonWork\R_datascience\final\Train\data\sliding_windows\separate_norm\separate_norm_臺西_20250608_184944_windows.npz
2025-06-08 18:49:50,479 - windows_separate_norm_臺西 - INFO - PyTorch格式數據已保存: D:\pythonWork\R_datascience\final\Train\data\sliding_windows\separate_norm\separate_norm_臺西_20250608_184944_windows.pt
2025-06-08 18:49:50,479 - windows_separate_norm_臺西 - INFO - 時間窗口生成管道執行完成
2025-06-08 18:49:50,500 - trainer_separate_norm_臺西 - INFO - 使用設備: cuda
2025-06-08 18:49:50,500 - trainer_separate_norm_臺西 - INFO - ==================================================
2025-06-08 18:49:50,500 - trainer_separate_norm_臺西 - INFO - 開始執行 separate_norm 模式的模型訓練
2025-06-08 18:49:50,501 - trainer_separate_norm_臺西 - INFO - ==================================================
2025-06-08 18:49:50,501 - trainer_separate_norm_臺西 - INFO - 載入訓練數據
2025-06-08 18:49:51,572 - trainer_separate_norm_臺西 - INFO - 訓練LightGBM模型...
2025-06-08 18:49:51,572 - trainer_separate_norm_臺西 - INFO - 開始訓練LightGBM模型
2025-06-08 18:49:51,572 - trainer_separate_norm_臺西 - INFO - LightGBM數據形狀: X_train=(34844, 1656), y_train=(34844, 108)
2025-06-08 18:50:03,107 - trainer_separate_norm_臺西 - INFO - LightGBM訓練完成: 11.12s
2025-06-08 18:50:03,107 - trainer_separate_norm_臺西 - INFO - 驗證集MAE: 0.0873
2025-06-08 18:50:03,142 - trainer_separate_norm_臺西 - INFO - 訓練LSTM模型...
2025-06-08 18:50:03,142 - trainer_separate_norm_臺西 - INFO - 開始訓練LSTM模型
2025-06-08 18:50:03,226 - trainer_separate_norm_臺西 - INFO - LSTM數據形狀: X_train=torch.Size([34844, 24, 69]), y_train=torch.Size([34844, 6, 18])
2025-06-08 18:50:04,031 - trainer_separate_norm_臺西 - INFO - Epoch 0: Train Loss=0.277519, Val Loss=0.206793
2025-06-08 18:50:10,808 - trainer_separate_norm_臺西 - INFO - Epoch 10: Train Loss=0.108574, Val Loss=0.238851
2025-06-08 18:50:12,821 - trainer_separate_norm_臺西 - INFO - 早停於 epoch 13
2025-06-08 18:50:12,989 - trainer_separate_norm_臺西 - INFO - LSTM訓練完成: 9.68s
2025-06-08 18:50:12,989 - trainer_separate_norm_臺西 - INFO - 驗證集MAE: 0.3359
2025-06-08 18:50:12,994 - trainer_separate_norm_臺西 - INFO - 模型訓練管道執行完成
