2025-06-08 15:56:47,793 - preprocessor_separate_埔里 - INFO - ==================================================
2025-06-08 15:56:47,793 - preprocessor_separate_埔里 - INFO - 開始執行 separate 模式的完整預處理管道
2025-06-08 15:56:47,793 - preprocessor_separate_埔里 - INFO - ==================================================
2025-06-08 15:56:47,793 - preprocessor_separate_埔里 - INFO - 開始載入 separate 模式的原始數據
2025-06-08 15:56:47,793 - preprocessor_separate_埔里 - INFO - 載入文件: D:\pythonWork\R_datascience\final\Train\data\raw\Separate\埔里_C0H890_combined.csv
2025-06-08 15:56:47,854 - preprocessor_separate_埔里 - INFO - 合併 1 個文件，總記錄數: 43584
2025-06-08 15:56:47,885 - preprocessor_separate_埔里 - INFO - 數據驗證通過: (43584, 28), 時間範圍: 2020-01-01T00:00:00Z 到 2024-12-20T23:00:00Z
2025-06-08 15:56:47,885 - preprocessor_separate_埔里 - INFO - 原始數據載入完成: (43584, 28)
2025-06-08 15:56:47,885 - preprocessor_separate_埔里 - INFO - 開始數據預處理
2025-06-08 15:56:47,885 - preprocessor_separate_埔里 - INFO - 處理時間特徵
2025-06-08 15:56:47,923 - preprocessor_separate_埔里 - INFO - 執行特徵工程
2025-06-08 15:56:47,956 - preprocessor_separate_埔里 - INFO - 執行數據清理
2025-06-08 15:56:48,149 - preprocessor_separate_埔里 - INFO - 數據清理完成: 43584 -> 43584 行
2025-06-08 15:56:48,150 - preprocessor_separate_埔里 - INFO - 執行特徵選擇
2025-06-08 15:56:48,154 - preprocessor_separate_埔里 - INFO - 特徵選擇完成: 74 個特徵, 19 個目標
2025-06-08 15:56:48,155 - preprocessor_separate_埔里 - INFO - 執行數據標準化
2025-06-08 15:56:48,191 - preprocessor_separate_埔里 - INFO - 標準化器已保存: D:\pythonWork\R_datascience\final\Train\data\processed\separate\separate_scaler.pkl
2025-06-08 15:56:48,191 - preprocessor_separate_埔里 - INFO - 數據預處理完成: (43584, 95)
2025-06-08 15:56:48,673 - preprocessor_separate_埔里 - INFO - 處理後數據已保存: D:\pythonWork\R_datascience\final\Train\data\processed\separate\separate_埔里_20250608_155647_processed.npz
2025-06-08 15:56:48,673 - preprocessor_separate_埔里 - INFO - 數據形狀: X=(43584, 74), y=(43584, 19)
2025-06-08 15:56:48,675 - preprocessor_separate_埔里 - INFO - 預處理管道執行完成
2025-06-08 15:56:48,678 - windows_separate_埔里 - INFO - ==================================================
2025-06-08 15:56:48,678 - windows_separate_埔里 - INFO - 開始執行 separate 模式的時間窗口生成
2025-06-08 15:56:48,678 - windows_separate_埔里 - INFO - ==================================================
2025-06-08 15:56:48,678 - windows_separate_埔里 - INFO - 載入預處理數據: D:\pythonWork\R_datascience\final\Train\data\processed\separate\separate_埔里_20250608_155647_processed.npz
2025-06-08 15:56:48,739 - windows_separate_埔里 - INFO - 數據載入完成: X=(43584, 74), y=(43584, 19)
2025-06-08 15:56:48,739 - windows_separate_埔里 - INFO - 開始創建滑動時間窗口
2025-06-08 15:56:48,739 - windows_separate_埔里 - INFO - 窗口參數: window_size=24, horizon=6, stride=1
2025-06-08 15:56:48,749 - windows_separate_埔里 - INFO - 處理 1 個測站的數據
2025-06-08 15:56:48,855 - windows_separate_埔里 - INFO - 單序列窗口創建完成: 43555 個窗口
2025-06-08 15:56:48,855 - windows_separate_埔里 - INFO - 測站 埔里: 43555 個窗口
2025-06-08 15:56:48,920 - windows_separate_埔里 - INFO - 多測站窗口創建完成: 總計 43555 個窗口
2025-06-08 15:56:48,939 - windows_separate_埔里 - INFO - 開始分割數據集
2025-06-08 15:56:48,940 - windows_separate_埔里 - INFO - train: X=(34844, 24, 74), y=(34844, 6, 19)
2025-06-08 15:56:48,940 - windows_separate_埔里 - INFO - val: X=(4355, 24, 74), y=(4355, 6, 19)
2025-06-08 15:56:48,940 - windows_separate_埔里 - INFO - test: X=(4356, 24, 74), y=(4356, 6, 19)
2025-06-08 15:56:53,899 - windows_separate_埔里 - INFO - NumPy格式數據已保存: D:\pythonWork\R_datascience\final\Train\data\sliding_windows\separate\separate_埔里_20250608_155647_windows.npz
2025-06-08 15:56:54,482 - windows_separate_埔里 - INFO - PyTorch格式數據已保存: D:\pythonWork\R_datascience\final\Train\data\sliding_windows\separate\separate_埔里_20250608_155647_windows.pt
2025-06-08 15:56:54,483 - windows_separate_埔里 - INFO - 時間窗口生成管道執行完成
2025-06-08 15:56:54,502 - trainer_separate_埔里 - INFO - 使用設備: cuda
2025-06-08 15:56:54,502 - trainer_separate_埔里 - INFO - ==================================================
2025-06-08 15:56:54,502 - trainer_separate_埔里 - INFO - 開始執行 separate 模式的模型訓練
2025-06-08 15:56:54,503 - trainer_separate_埔里 - INFO - ==================================================
2025-06-08 15:56:54,503 - trainer_separate_埔里 - INFO - 載入訓練數據
2025-06-08 15:56:55,679 - trainer_separate_埔里 - INFO - 訓練LightGBM模型...
2025-06-08 15:56:55,679 - trainer_separate_埔里 - INFO - 開始訓練LightGBM模型
2025-06-08 15:56:55,679 - trainer_separate_埔里 - INFO - LightGBM數據形狀: X_train=(34844, 1776), y_train=(34844, 114)
2025-06-08 15:57:04,862 - trainer_separate_埔里 - INFO - LightGBM訓練完成: 8.85s
2025-06-08 15:57:04,863 - trainer_separate_埔里 - INFO - 驗證集MAE: 2.3718
2025-06-08 15:57:04,891 - trainer_separate_埔里 - INFO - 訓練LSTM模型...
2025-06-08 15:57:04,891 - trainer_separate_埔里 - INFO - 開始訓練LSTM模型
2025-06-08 15:57:04,997 - trainer_separate_埔里 - INFO - LSTM數據形狀: X_train=torch.Size([34844, 24, 74]), y_train=torch.Size([34844, 6, 19])
2025-06-08 15:57:05,844 - trainer_separate_埔里 - INFO - Epoch 0: Train Loss=204.024804, Val Loss=104.364378
2025-06-08 15:57:13,285 - trainer_separate_埔里 - INFO - Epoch 10: Train Loss=16.305524, Val Loss=21.015858
2025-06-08 15:57:20,862 - trainer_separate_埔里 - INFO - Epoch 20: Train Loss=9.808744, Val Loss=24.018916
2025-06-08 15:57:20,862 - trainer_separate_埔里 - INFO - 早停於 epoch 20
2025-06-08 15:57:21,048 - trainer_separate_埔里 - INFO - LSTM訓練完成: 15.97s
2025-06-08 15:57:21,048 - trainer_separate_埔里 - INFO - 驗證集MAE: 2.3613
2025-06-08 15:57:21,053 - trainer_separate_埔里 - INFO - 模型訓練管道執行完成
