2025-06-08 16:24:14,310 - preprocessor_separate_菜寮 - INFO - ==================================================
2025-06-08 16:24:14,310 - preprocessor_separate_菜寮 - INFO - 開始執行 separate 模式的完整預處理管道
2025-06-08 16:24:14,310 - preprocessor_separate_菜寮 - INFO - ==================================================
2025-06-08 16:24:14,311 - preprocessor_separate_菜寮 - INFO - 開始載入 separate 模式的原始數據
2025-06-08 16:24:14,311 - preprocessor_separate_菜寮 - INFO - 載入文件: D:\pythonWork\R_datascience\final\Train\data\raw\Separate\菜寮_C0AD30_combined.csv
2025-06-08 16:24:14,372 - preprocessor_separate_菜寮 - INFO - 合併 1 個文件，總記錄數: 43584
2025-06-08 16:24:14,403 - preprocessor_separate_菜寮 - INFO - 數據驗證通過: (43584, 29), 時間範圍: 2020-01-01T00:00:00Z 到 2024-12-20T23:00:00Z
2025-06-08 16:24:14,403 - preprocessor_separate_菜寮 - INFO - 原始數據載入完成: (43584, 29)
2025-06-08 16:24:14,404 - preprocessor_separate_菜寮 - INFO - 開始數據預處理
2025-06-08 16:24:14,404 - preprocessor_separate_菜寮 - INFO - 處理時間特徵
2025-06-08 16:24:14,452 - preprocessor_separate_菜寮 - INFO - 執行特徵工程
2025-06-08 16:24:14,495 - preprocessor_separate_菜寮 - INFO - 執行數據清理
2025-06-08 16:24:14,684 - preprocessor_separate_菜寮 - INFO - 數據清理完成: 43584 -> 43584 行
2025-06-08 16:24:14,685 - preprocessor_separate_菜寮 - INFO - 執行特徵選擇
2025-06-08 16:24:14,690 - preprocessor_separate_菜寮 - INFO - 特徵選擇完成: 74 個特徵, 20 個目標
2025-06-08 16:24:14,691 - preprocessor_separate_菜寮 - INFO - 執行數據標準化
2025-06-08 16:24:14,738 - preprocessor_separate_菜寮 - INFO - 標準化器已保存: D:\pythonWork\R_datascience\final\Train\data\processed\separate\separate_scaler.pkl
2025-06-08 16:24:14,739 - preprocessor_separate_菜寮 - INFO - 數據預處理完成: (43584, 96)
2025-06-08 16:24:15,240 - preprocessor_separate_菜寮 - INFO - 處理後數據已保存: D:\pythonWork\R_datascience\final\Train\data\processed\separate\separate_菜寮_20250608_162414_processed.npz
2025-06-08 16:24:15,240 - preprocessor_separate_菜寮 - INFO - 數據形狀: X=(43584, 74), y=(43584, 20)
2025-06-08 16:24:15,242 - preprocessor_separate_菜寮 - INFO - 預處理管道執行完成
2025-06-08 16:24:15,244 - windows_separate_菜寮 - INFO - ==================================================
2025-06-08 16:24:15,244 - windows_separate_菜寮 - INFO - 開始執行 separate 模式的時間窗口生成
2025-06-08 16:24:15,244 - windows_separate_菜寮 - INFO - ==================================================
2025-06-08 16:24:15,244 - windows_separate_菜寮 - INFO - 載入預處理數據: D:\pythonWork\R_datascience\final\Train\data\processed\separate\separate_菜寮_20250608_162414_processed.npz
2025-06-08 16:24:15,310 - windows_separate_菜寮 - INFO - 數據載入完成: X=(43584, 74), y=(43584, 20)
2025-06-08 16:24:15,310 - windows_separate_菜寮 - INFO - 開始創建滑動時間窗口
2025-06-08 16:24:15,310 - windows_separate_菜寮 - INFO - 窗口參數: window_size=24, horizon=6, stride=1
2025-06-08 16:24:15,319 - windows_separate_菜寮 - INFO - 處理 1 個測站的數據
2025-06-08 16:24:15,430 - windows_separate_菜寮 - INFO - 單序列窗口創建完成: 43555 個窗口
2025-06-08 16:24:15,430 - windows_separate_菜寮 - INFO - 測站 菜寮: 43555 個窗口
2025-06-08 16:24:15,492 - windows_separate_菜寮 - INFO - 多測站窗口創建完成: 總計 43555 個窗口
2025-06-08 16:24:15,510 - windows_separate_菜寮 - INFO - 開始分割數據集
2025-06-08 16:24:15,510 - windows_separate_菜寮 - INFO - train: X=(34844, 24, 74), y=(34844, 6, 20)
2025-06-08 16:24:15,510 - windows_separate_菜寮 - INFO - val: X=(4355, 24, 74), y=(4355, 6, 20)
2025-06-08 16:24:15,510 - windows_separate_菜寮 - INFO - test: X=(4356, 24, 74), y=(4356, 6, 20)
2025-06-08 16:24:20,458 - windows_separate_菜寮 - INFO - NumPy格式數據已保存: D:\pythonWork\R_datascience\final\Train\data\sliding_windows\separate\separate_菜寮_20250608_162414_windows.npz
2025-06-08 16:24:21,054 - windows_separate_菜寮 - INFO - PyTorch格式數據已保存: D:\pythonWork\R_datascience\final\Train\data\sliding_windows\separate\separate_菜寮_20250608_162414_windows.pt
2025-06-08 16:24:21,055 - windows_separate_菜寮 - INFO - 時間窗口生成管道執行完成
2025-06-08 16:24:21,071 - trainer_separate_菜寮 - INFO - 使用設備: cuda
2025-06-08 16:24:21,073 - trainer_separate_菜寮 - INFO - ==================================================
2025-06-08 16:24:21,073 - trainer_separate_菜寮 - INFO - 開始執行 separate 模式的模型訓練
2025-06-08 16:24:21,073 - trainer_separate_菜寮 - INFO - ==================================================
2025-06-08 16:24:21,073 - trainer_separate_菜寮 - INFO - 載入訓練數據
2025-06-08 16:24:22,260 - trainer_separate_菜寮 - INFO - 訓練LightGBM模型...
2025-06-08 16:24:22,260 - trainer_separate_菜寮 - INFO - 開始訓練LightGBM模型
2025-06-08 16:24:22,260 - trainer_separate_菜寮 - INFO - LightGBM數據形狀: X_train=(34844, 1776), y_train=(34844, 120)
2025-06-08 16:24:30,750 - trainer_separate_菜寮 - INFO - LightGBM訓練完成: 8.27s
2025-06-08 16:24:30,751 - trainer_separate_菜寮 - INFO - 驗證集MAE: 2.7801
2025-06-08 16:24:30,786 - trainer_separate_菜寮 - INFO - 訓練LSTM模型...
2025-06-08 16:24:30,787 - trainer_separate_菜寮 - INFO - 開始訓練LSTM模型
2025-06-08 16:24:30,881 - trainer_separate_菜寮 - INFO - LSTM數據形狀: X_train=torch.Size([34844, 24, 74]), y_train=torch.Size([34844, 6, 20])
2025-06-08 16:24:31,747 - trainer_separate_菜寮 - INFO - Epoch 0: Train Loss=141.701313, Val Loss=93.503938
2025-06-08 16:24:39,428 - trainer_separate_菜寮 - INFO - Epoch 10: Train Loss=18.001748, Val Loss=34.265607
2025-06-08 16:24:44,678 - trainer_separate_菜寮 - INFO - 早停於 epoch 17
2025-06-08 16:24:44,868 - trainer_separate_菜寮 - INFO - LSTM訓練完成: 13.89s
2025-06-08 16:24:44,868 - trainer_separate_菜寮 - INFO - 驗證集MAE: 3.0703
2025-06-08 16:24:44,873 - trainer_separate_菜寮 - INFO - 模型訓練管道執行完成
