2025-06-08 16:06:38,179 - preprocessor_separate_忠明 - INFO - ==================================================
2025-06-08 16:06:38,179 - preprocessor_separate_忠明 - INFO - 開始執行 separate 模式的完整預處理管道
2025-06-08 16:06:38,179 - preprocessor_separate_忠明 - INFO - ==================================================
2025-06-08 16:06:38,179 - preprocessor_separate_忠明 - INFO - 開始載入 separate 模式的原始數據
2025-06-08 16:06:38,180 - preprocessor_separate_忠明 - INFO - 載入文件: D:\pythonWork\R_datascience\final\Train\data\raw\Separate\忠明_C0F9U0_combined.csv
2025-06-08 16:06:38,241 - preprocessor_separate_忠明 - INFO - 合併 1 個文件，總記錄數: 43584
2025-06-08 16:06:38,272 - preprocessor_separate_忠明 - INFO - 數據驗證通過: (43584, 28), 時間範圍: 2020-01-01T00:00:00Z 到 2024-12-20T23:00:00Z
2025-06-08 16:06:38,272 - preprocessor_separate_忠明 - INFO - 原始數據載入完成: (43584, 28)
2025-06-08 16:06:38,272 - preprocessor_separate_忠明 - INFO - 開始數據預處理
2025-06-08 16:06:38,272 - preprocessor_separate_忠明 - INFO - 處理時間特徵
2025-06-08 16:06:38,315 - preprocessor_separate_忠明 - INFO - 執行特徵工程
2025-06-08 16:06:38,354 - preprocessor_separate_忠明 - INFO - 執行數據清理
2025-06-08 16:06:38,548 - preprocessor_separate_忠明 - INFO - 數據清理完成: 43584 -> 43584 行
2025-06-08 16:06:38,549 - preprocessor_separate_忠明 - INFO - 執行特徵選擇
2025-06-08 16:06:38,551 - preprocessor_separate_忠明 - INFO - 特徵選擇完成: 74 個特徵, 19 個目標
2025-06-08 16:06:38,555 - preprocessor_separate_忠明 - INFO - 執行數據標準化
2025-06-08 16:06:38,594 - preprocessor_separate_忠明 - INFO - 標準化器已保存: D:\pythonWork\R_datascience\final\Train\data\processed\separate\separate_scaler.pkl
2025-06-08 16:06:38,594 - preprocessor_separate_忠明 - INFO - 數據預處理完成: (43584, 95)
2025-06-08 16:06:39,085 - preprocessor_separate_忠明 - INFO - 處理後數據已保存: D:\pythonWork\R_datascience\final\Train\data\processed\separate\separate_忠明_20250608_160638_processed.npz
2025-06-08 16:06:39,085 - preprocessor_separate_忠明 - INFO - 數據形狀: X=(43584, 74), y=(43584, 19)
2025-06-08 16:06:39,085 - preprocessor_separate_忠明 - INFO - 預處理管道執行完成
2025-06-08 16:06:39,085 - windows_separate_忠明 - INFO - ==================================================
2025-06-08 16:06:39,085 - windows_separate_忠明 - INFO - 開始執行 separate 模式的時間窗口生成
2025-06-08 16:06:39,085 - windows_separate_忠明 - INFO - ==================================================
2025-06-08 16:06:39,085 - windows_separate_忠明 - INFO - 載入預處理數據: D:\pythonWork\R_datascience\final\Train\data\processed\separate\separate_忠明_20250608_160638_processed.npz
2025-06-08 16:06:39,156 - windows_separate_忠明 - INFO - 數據載入完成: X=(43584, 74), y=(43584, 19)
2025-06-08 16:06:39,156 - windows_separate_忠明 - INFO - 開始創建滑動時間窗口
2025-06-08 16:06:39,156 - windows_separate_忠明 - INFO - 窗口參數: window_size=24, horizon=6, stride=1
2025-06-08 16:06:39,165 - windows_separate_忠明 - INFO - 處理 1 個測站的數據
2025-06-08 16:06:39,275 - windows_separate_忠明 - INFO - 單序列窗口創建完成: 43555 個窗口
2025-06-08 16:06:39,275 - windows_separate_忠明 - INFO - 測站 忠明: 43555 個窗口
2025-06-08 16:06:39,338 - windows_separate_忠明 - INFO - 多測站窗口創建完成: 總計 43555 個窗口
2025-06-08 16:06:39,354 - windows_separate_忠明 - INFO - 開始分割數據集
2025-06-08 16:06:39,354 - windows_separate_忠明 - INFO - train: X=(34844, 24, 74), y=(34844, 6, 19)
2025-06-08 16:06:39,354 - windows_separate_忠明 - INFO - val: X=(4355, 24, 74), y=(4355, 6, 19)
2025-06-08 16:06:39,356 - windows_separate_忠明 - INFO - test: X=(4356, 24, 74), y=(4356, 6, 19)
2025-06-08 16:06:44,385 - windows_separate_忠明 - INFO - NumPy格式數據已保存: D:\pythonWork\R_datascience\final\Train\data\sliding_windows\separate\separate_忠明_20250608_160638_windows.npz
2025-06-08 16:06:44,977 - windows_separate_忠明 - INFO - PyTorch格式數據已保存: D:\pythonWork\R_datascience\final\Train\data\sliding_windows\separate\separate_忠明_20250608_160638_windows.pt
2025-06-08 16:06:44,977 - windows_separate_忠明 - INFO - 時間窗口生成管道執行完成
2025-06-08 16:06:44,997 - trainer_separate_忠明 - INFO - 使用設備: cuda
2025-06-08 16:06:44,997 - trainer_separate_忠明 - INFO - ==================================================
2025-06-08 16:06:44,997 - trainer_separate_忠明 - INFO - 開始執行 separate 模式的模型訓練
2025-06-08 16:06:44,997 - trainer_separate_忠明 - INFO - ==================================================
2025-06-08 16:06:44,997 - trainer_separate_忠明 - INFO - 載入訓練數據
2025-06-08 16:06:46,270 - trainer_separate_忠明 - INFO - 訓練LightGBM模型...
2025-06-08 16:06:46,270 - trainer_separate_忠明 - INFO - 開始訓練LightGBM模型
2025-06-08 16:06:46,270 - trainer_separate_忠明 - INFO - LightGBM數據形狀: X_train=(34844, 1776), y_train=(34844, 114)
2025-06-08 16:06:55,825 - trainer_separate_忠明 - INFO - LightGBM訓練完成: 9.23s
2025-06-08 16:06:55,825 - trainer_separate_忠明 - INFO - 驗證集MAE: 2.5840
2025-06-08 16:06:55,859 - trainer_separate_忠明 - INFO - 訓練LSTM模型...
2025-06-08 16:06:55,859 - trainer_separate_忠明 - INFO - 開始訓練LSTM模型
2025-06-08 16:06:55,875 - trainer_separate_忠明 - INFO - LSTM數據形狀: X_train=torch.Size([34844, 24, 74]), y_train=torch.Size([34844, 6, 19])
2025-06-08 16:06:56,797 - trainer_separate_忠明 - INFO - Epoch 0: Train Loss=206.119506, Val Loss=102.711823
2025-06-08 16:07:04,448 - trainer_separate_忠明 - INFO - Epoch 10: Train Loss=20.861969, Val Loss=32.876619
2025-06-08 16:07:12,171 - trainer_separate_忠明 - INFO - Epoch 20: Train Loss=12.310698, Val Loss=36.750054
2025-06-08 16:07:12,993 - trainer_separate_忠明 - INFO - 早停於 epoch 21
2025-06-08 16:07:13,200 - trainer_separate_忠明 - INFO - LSTM訓練完成: 17.13s
2025-06-08 16:07:13,200 - trainer_separate_忠明 - INFO - 驗證集MAE: 3.1909
2025-06-08 16:07:13,205 - trainer_separate_忠明 - INFO - 模型訓練管道執行完成
