2025-06-08 16:10:34,029 - preprocessor_separate_新莊 - INFO - ==================================================
2025-06-08 16:10:34,029 - preprocessor_separate_新莊 - INFO - 開始執行 separate 模式的完整預處理管道
2025-06-08 16:10:34,030 - preprocessor_separate_新莊 - INFO - ==================================================
2025-06-08 16:10:34,030 - preprocessor_separate_新莊 - INFO - 開始載入 separate 模式的原始數據
2025-06-08 16:10:34,030 - preprocessor_separate_新莊 - INFO - 載入文件: D:\pythonWork\R_datascience\final\Train\data\raw\Separate\新莊_C0ACA0_combined.csv
2025-06-08 16:10:34,096 - preprocessor_separate_新莊 - INFO - 合併 1 個文件，總記錄數: 43584
2025-06-08 16:10:34,127 - preprocessor_separate_新莊 - INFO - 數據驗證通過: (43584, 30), 時間範圍: 2020-01-01T00:00:00Z 到 2024-12-20T23:00:00Z
2025-06-08 16:10:34,127 - preprocessor_separate_新莊 - INFO - 原始數據載入完成: (43584, 30)
2025-06-08 16:10:34,127 - preprocessor_separate_新莊 - INFO - 開始數據預處理
2025-06-08 16:10:34,128 - preprocessor_separate_新莊 - INFO - 處理時間特徵
2025-06-08 16:10:34,170 - preprocessor_separate_新莊 - INFO - 執行特徵工程
2025-06-08 16:10:34,214 - preprocessor_separate_新莊 - INFO - 執行數據清理
2025-06-08 16:10:34,417 - preprocessor_separate_新莊 - INFO - 數據清理完成: 43584 -> 43584 行
2025-06-08 16:10:34,418 - preprocessor_separate_新莊 - INFO - 執行特徵選擇
2025-06-08 16:10:34,422 - preprocessor_separate_新莊 - INFO - 特徵選擇完成: 74 個特徵, 21 個目標
2025-06-08 16:10:34,423 - preprocessor_separate_新莊 - INFO - 執行數據標準化
2025-06-08 16:10:34,470 - preprocessor_separate_新莊 - INFO - 標準化器已保存: D:\pythonWork\R_datascience\final\Train\data\processed\separate\separate_scaler.pkl
2025-06-08 16:10:34,470 - preprocessor_separate_新莊 - INFO - 數據預處理完成: (43584, 97)
2025-06-08 16:10:34,968 - preprocessor_separate_新莊 - INFO - 處理後數據已保存: D:\pythonWork\R_datascience\final\Train\data\processed\separate\separate_新莊_20250608_161034_processed.npz
2025-06-08 16:10:34,969 - preprocessor_separate_新莊 - INFO - 數據形狀: X=(43584, 74), y=(43584, 21)
2025-06-08 16:10:34,970 - preprocessor_separate_新莊 - INFO - 預處理管道執行完成
2025-06-08 16:10:34,973 - windows_separate_新莊 - INFO - ==================================================
2025-06-08 16:10:34,973 - windows_separate_新莊 - INFO - 開始執行 separate 模式的時間窗口生成
2025-06-08 16:10:34,973 - windows_separate_新莊 - INFO - ==================================================
2025-06-08 16:10:34,973 - windows_separate_新莊 - INFO - 載入預處理數據: D:\pythonWork\R_datascience\final\Train\data\processed\separate\separate_新莊_20250608_161034_processed.npz
2025-06-08 16:10:35,040 - windows_separate_新莊 - INFO - 數據載入完成: X=(43584, 74), y=(43584, 21)
2025-06-08 16:10:35,040 - windows_separate_新莊 - INFO - 開始創建滑動時間窗口
2025-06-08 16:10:35,040 - windows_separate_新莊 - INFO - 窗口參數: window_size=24, horizon=6, stride=1
2025-06-08 16:10:35,049 - windows_separate_新莊 - INFO - 處理 1 個測站的數據
2025-06-08 16:10:35,158 - windows_separate_新莊 - INFO - 單序列窗口創建完成: 43555 個窗口
2025-06-08 16:10:35,159 - windows_separate_新莊 - INFO - 測站 新莊: 43555 個窗口
2025-06-08 16:10:35,221 - windows_separate_新莊 - INFO - 多測站窗口創建完成: 總計 43555 個窗口
2025-06-08 16:10:35,239 - windows_separate_新莊 - INFO - 開始分割數據集
2025-06-08 16:10:35,239 - windows_separate_新莊 - INFO - train: X=(34844, 24, 74), y=(34844, 6, 21)
2025-06-08 16:10:35,239 - windows_separate_新莊 - INFO - val: X=(4355, 24, 74), y=(4355, 6, 21)
2025-06-08 16:10:35,239 - windows_separate_新莊 - INFO - test: X=(4356, 24, 74), y=(4356, 6, 21)
2025-06-08 16:10:40,199 - windows_separate_新莊 - INFO - NumPy格式數據已保存: D:\pythonWork\R_datascience\final\Train\data\sliding_windows\separate\separate_新莊_20250608_161034_windows.npz
2025-06-08 16:10:40,773 - windows_separate_新莊 - INFO - PyTorch格式數據已保存: D:\pythonWork\R_datascience\final\Train\data\sliding_windows\separate\separate_新莊_20250608_161034_windows.pt
2025-06-08 16:10:40,773 - windows_separate_新莊 - INFO - 時間窗口生成管道執行完成
2025-06-08 16:10:40,792 - trainer_separate_新莊 - INFO - 使用設備: cuda
2025-06-08 16:10:40,792 - trainer_separate_新莊 - INFO - ==================================================
2025-06-08 16:10:40,793 - trainer_separate_新莊 - INFO - 開始執行 separate 模式的模型訓練
2025-06-08 16:10:40,793 - trainer_separate_新莊 - INFO - ==================================================
2025-06-08 16:10:40,793 - trainer_separate_新莊 - INFO - 載入訓練數據
2025-06-08 16:10:42,010 - trainer_separate_新莊 - INFO - 訓練LightGBM模型...
2025-06-08 16:10:42,010 - trainer_separate_新莊 - INFO - 開始訓練LightGBM模型
2025-06-08 16:10:42,010 - trainer_separate_新莊 - INFO - LightGBM數據形狀: X_train=(34844, 1776), y_train=(34844, 126)
2025-06-08 16:10:49,420 - trainer_separate_新莊 - INFO - LightGBM訓練完成: 7.17s
2025-06-08 16:10:49,421 - trainer_separate_新莊 - INFO - 驗證集MAE: 2.7210
2025-06-08 16:10:49,452 - trainer_separate_新莊 - INFO - 訓練LSTM模型...
2025-06-08 16:10:49,452 - trainer_separate_新莊 - INFO - 開始訓練LSTM模型
2025-06-08 16:10:49,469 - trainer_separate_新莊 - INFO - LSTM數據形狀: X_train=torch.Size([34844, 24, 74]), y_train=torch.Size([34844, 6, 21])
2025-06-08 16:10:50,298 - trainer_separate_新莊 - INFO - Epoch 0: Train Loss=153.961640, Val Loss=95.017162
2025-06-08 16:10:58,500 - trainer_separate_新莊 - INFO - Epoch 10: Train Loss=19.428377, Val Loss=36.231867
2025-06-08 16:11:03,875 - trainer_separate_新莊 - INFO - 早停於 epoch 17
2025-06-08 16:11:04,078 - trainer_separate_新莊 - INFO - LSTM訓練完成: 14.42s
2025-06-08 16:11:04,078 - trainer_separate_新莊 - INFO - 驗證集MAE: 3.1850
2025-06-08 16:11:04,101 - trainer_separate_新莊 - INFO - 模型訓練管道執行完成
