2025-06-08 18:47:34,808 - preprocessor_separate_norm_竹東 - INFO - ==================================================
2025-06-08 18:47:34,808 - preprocessor_separate_norm_竹東 - INFO - 開始執行 separate_norm 模式的完整預處理管道
2025-06-08 18:47:34,808 - preprocessor_separate_norm_竹東 - INFO - ==================================================
2025-06-08 18:47:34,809 - preprocessor_separate_norm_竹東 - INFO - 開始載入 separate_norm 模式的原始數據
2025-06-08 18:47:34,809 - preprocessor_separate_norm_竹東 - INFO - 載入文件: D:\pythonWork\R_datascience\final\Train\data\raw\Separate_Nomorlization\Nomorlization_竹東_C0D560_combined.csv
2025-06-08 18:47:34,914 - preprocessor_separate_norm_竹東 - INFO - 合併 1 個文件，總記錄數: 43584
2025-06-08 18:47:34,945 - preprocessor_separate_norm_竹東 - INFO - 數據驗證通過: (43584, 28), 時間範圍: 2020-01-01T00:00:00Z 到 2024-12-20T23:00:00Z
2025-06-08 18:47:34,945 - preprocessor_separate_norm_竹東 - INFO - 原始數據載入完成: (43584, 28)
2025-06-08 18:47:34,945 - preprocessor_separate_norm_竹東 - INFO - 開始數據預處理
2025-06-08 18:47:34,945 - preprocessor_separate_norm_竹東 - INFO - 處理時間特徵
2025-06-08 18:47:34,946 - preprocessor_separate_norm_竹東 - INFO - 數據已包含時間特徵，跳過時間特徵處理
2025-06-08 18:47:34,957 - preprocessor_separate_norm_竹東 - INFO - 執行特徵工程
2025-06-08 18:47:34,992 - preprocessor_separate_norm_竹東 - INFO - 執行數據清理
2025-06-08 18:47:35,171 - preprocessor_separate_norm_竹東 - INFO - 數據清理完成: 43584 -> 43584 行
2025-06-08 18:47:35,171 - preprocessor_separate_norm_竹東 - INFO - 執行特徵選擇
2025-06-08 18:47:35,171 - preprocessor_separate_norm_竹東 - INFO - 特徵選擇完成: 69 個特徵, 19 個目標
2025-06-08 18:47:35,171 - preprocessor_separate_norm_竹東 - INFO - 數據預處理完成: (43584, 90)
2025-06-08 18:47:35,711 - preprocessor_separate_norm_竹東 - INFO - 處理後數據已保存: D:\pythonWork\R_datascience\final\Train\data\processed\separate_norm\separate_norm_竹東_20250608_184734_processed.npz
2025-06-08 18:47:35,711 - preprocessor_separate_norm_竹東 - INFO - 數據形狀: X=(43584, 69), y=(43584, 19)
2025-06-08 18:47:35,727 - preprocessor_separate_norm_竹東 - INFO - 預處理管道執行完成
2025-06-08 18:47:35,730 - windows_separate_norm_竹東 - INFO - ==================================================
2025-06-08 18:47:35,730 - windows_separate_norm_竹東 - INFO - 開始執行 separate_norm 模式的時間窗口生成
2025-06-08 18:47:35,730 - windows_separate_norm_竹東 - INFO - ==================================================
2025-06-08 18:47:35,730 - windows_separate_norm_竹東 - INFO - 載入預處理數據: D:\pythonWork\R_datascience\final\Train\data\processed\separate_norm\separate_norm_竹東_20250608_184734_processed.npz
2025-06-08 18:47:35,814 - windows_separate_norm_竹東 - INFO - 數據載入完成: X=(43584, 69), y=(43584, 19)
2025-06-08 18:47:35,814 - windows_separate_norm_竹東 - INFO - 開始創建滑動時間窗口
2025-06-08 18:47:35,814 - windows_separate_norm_竹東 - INFO - 窗口參數: window_size=24, horizon=6, stride=1
2025-06-08 18:47:35,823 - windows_separate_norm_竹東 - INFO - 處理 1 個測站的數據
2025-06-08 18:47:35,925 - windows_separate_norm_竹東 - INFO - 單序列窗口創建完成: 43555 個窗口
2025-06-08 18:47:35,925 - windows_separate_norm_竹東 - INFO - 測站 竹東: 43555 個窗口
2025-06-08 18:47:35,985 - windows_separate_norm_竹東 - INFO - 多測站窗口創建完成: 總計 43555 個窗口
2025-06-08 18:47:36,000 - windows_separate_norm_竹東 - INFO - 開始分割數據集
2025-06-08 18:47:36,000 - windows_separate_norm_竹東 - INFO - train: X=(34844, 24, 69), y=(34844, 6, 19)
2025-06-08 18:47:36,000 - windows_separate_norm_竹東 - INFO - val: X=(4355, 24, 69), y=(4355, 6, 19)
2025-06-08 18:47:36,000 - windows_separate_norm_竹東 - INFO - test: X=(4356, 24, 69), y=(4356, 6, 19)
2025-06-08 18:47:40,396 - windows_separate_norm_竹東 - INFO - NumPy格式數據已保存: D:\pythonWork\R_datascience\final\Train\data\sliding_windows\separate_norm\separate_norm_竹東_20250608_184734_windows.npz
2025-06-08 18:47:40,933 - windows_separate_norm_竹東 - INFO - PyTorch格式數據已保存: D:\pythonWork\R_datascience\final\Train\data\sliding_windows\separate_norm\separate_norm_竹東_20250608_184734_windows.pt
2025-06-08 18:47:40,933 - windows_separate_norm_竹東 - INFO - 時間窗口生成管道執行完成
2025-06-08 18:47:40,956 - trainer_separate_norm_竹東 - INFO - 使用設備: cuda
2025-06-08 18:47:40,957 - trainer_separate_norm_竹東 - INFO - ==================================================
2025-06-08 18:47:40,957 - trainer_separate_norm_竹東 - INFO - 開始執行 separate_norm 模式的模型訓練
2025-06-08 18:47:40,957 - trainer_separate_norm_竹東 - INFO - ==================================================
2025-06-08 18:47:40,957 - trainer_separate_norm_竹東 - INFO - 載入訓練數據
2025-06-08 18:47:42,030 - trainer_separate_norm_竹東 - INFO - 訓練LightGBM模型...
2025-06-08 18:47:42,030 - trainer_separate_norm_竹東 - INFO - 開始訓練LightGBM模型
2025-06-08 18:47:42,030 - trainer_separate_norm_竹東 - INFO - LightGBM數據形狀: X_train=(34844, 1656), y_train=(34844, 114)
2025-06-08 18:47:50,783 - trainer_separate_norm_竹東 - INFO - LightGBM訓練完成: 8.39s
2025-06-08 18:47:50,783 - trainer_separate_norm_竹東 - INFO - 驗證集MAE: 0.0881
2025-06-08 18:47:50,855 - trainer_separate_norm_竹東 - INFO - 訓練LSTM模型...
2025-06-08 18:47:50,855 - trainer_separate_norm_竹東 - INFO - 開始訓練LSTM模型
2025-06-08 18:47:50,939 - trainer_separate_norm_竹東 - INFO - LSTM數據形狀: X_train=torch.Size([34844, 24, 69]), y_train=torch.Size([34844, 6, 19])
2025-06-08 18:47:51,773 - trainer_separate_norm_竹東 - INFO - Epoch 0: Train Loss=0.251803, Val Loss=0.172962
2025-06-08 18:47:58,617 - trainer_separate_norm_竹東 - INFO - Epoch 10: Train Loss=0.093975, Val Loss=0.192991
2025-06-08 18:47:59,965 - trainer_separate_norm_竹東 - INFO - 早停於 epoch 12
2025-06-08 18:48:00,141 - trainer_separate_norm_竹東 - INFO - LSTM訓練完成: 9.11s
2025-06-08 18:48:00,141 - trainer_separate_norm_竹東 - INFO - 驗證集MAE: 0.2809
2025-06-08 18:48:00,141 - trainer_separate_norm_竹東 - INFO - 模型訓練管道執行完成
