2025-06-08 15:54:36,258 - preprocessor_separate_古亭 - INFO - ==================================================
2025-06-08 15:54:36,258 - preprocessor_separate_古亭 - INFO - 開始執行 separate 模式的完整預處理管道
2025-06-08 15:54:36,258 - preprocessor_separate_古亭 - INFO - ==================================================
2025-06-08 15:54:36,259 - preprocessor_separate_古亭 - INFO - 開始載入 separate 模式的原始數據
2025-06-08 15:54:36,260 - preprocessor_separate_古亭 - INFO - 載入文件: D:\pythonWork\R_datascience\final\Train\data\raw\Separate\古亭_C0AH10_combined.csv
2025-06-08 15:54:36,320 - preprocessor_separate_古亭 - INFO - 合併 1 個文件，總記錄數: 43584
2025-06-08 15:54:36,351 - preprocessor_separate_古亭 - INFO - 數據驗證通過: (43584, 29), 時間範圍: 2020-01-01T00:00:00Z 到 2024-12-20T23:00:00Z
2025-06-08 15:54:36,351 - preprocessor_separate_古亭 - INFO - 原始數據載入完成: (43584, 29)
2025-06-08 15:54:36,351 - preprocessor_separate_古亭 - INFO - 開始數據預處理
2025-06-08 15:54:36,352 - preprocessor_separate_古亭 - INFO - 處理時間特徵
2025-06-08 15:54:36,395 - preprocessor_separate_古亭 - INFO - 執行特徵工程
2025-06-08 15:54:36,434 - preprocessor_separate_古亭 - INFO - 執行數據清理
2025-06-08 15:54:36,612 - preprocessor_separate_古亭 - INFO - 數據清理完成: 43584 -> 43584 行
2025-06-08 15:54:36,613 - preprocessor_separate_古亭 - INFO - 執行特徵選擇
2025-06-08 15:54:36,617 - preprocessor_separate_古亭 - INFO - 特徵選擇完成: 74 個特徵, 20 個目標
2025-06-08 15:54:36,618 - preprocessor_separate_古亭 - INFO - 執行數據標準化
2025-06-08 15:54:36,661 - preprocessor_separate_古亭 - INFO - 標準化器已保存: D:\pythonWork\R_datascience\final\Train\data\processed\separate\separate_scaler.pkl
2025-06-08 15:54:36,662 - preprocessor_separate_古亭 - INFO - 數據預處理完成: (43584, 96)
2025-06-08 15:54:37,151 - preprocessor_separate_古亭 - INFO - 處理後數據已保存: D:\pythonWork\R_datascience\final\Train\data\processed\separate\separate_古亭_20250608_155436_processed.npz
2025-06-08 15:54:37,151 - preprocessor_separate_古亭 - INFO - 數據形狀: X=(43584, 74), y=(43584, 20)
2025-06-08 15:54:37,153 - preprocessor_separate_古亭 - INFO - 預處理管道執行完成
2025-06-08 15:54:37,164 - windows_separate_古亭 - INFO - ==================================================
2025-06-08 15:54:37,164 - windows_separate_古亭 - INFO - 開始執行 separate 模式的時間窗口生成
2025-06-08 15:54:37,164 - windows_separate_古亭 - INFO - ==================================================
2025-06-08 15:54:37,164 - windows_separate_古亭 - INFO - 載入預處理數據: D:\pythonWork\R_datascience\final\Train\data\processed\separate\separate_古亭_20250608_155436_processed.npz
2025-06-08 15:54:37,229 - windows_separate_古亭 - INFO - 數據載入完成: X=(43584, 74), y=(43584, 20)
2025-06-08 15:54:37,229 - windows_separate_古亭 - INFO - 開始創建滑動時間窗口
2025-06-08 15:54:37,229 - windows_separate_古亭 - INFO - 窗口參數: window_size=24, horizon=6, stride=1
2025-06-08 15:54:37,238 - windows_separate_古亭 - INFO - 處理 1 個測站的數據
2025-06-08 15:54:37,343 - windows_separate_古亭 - INFO - 單序列窗口創建完成: 43555 個窗口
2025-06-08 15:54:37,344 - windows_separate_古亭 - INFO - 測站 古亭: 43555 個窗口
2025-06-08 15:54:37,406 - windows_separate_古亭 - INFO - 多測站窗口創建完成: 總計 43555 個窗口
2025-06-08 15:54:37,423 - windows_separate_古亭 - INFO - 開始分割數據集
2025-06-08 15:54:37,423 - windows_separate_古亭 - INFO - train: X=(34844, 24, 74), y=(34844, 6, 20)
2025-06-08 15:54:37,423 - windows_separate_古亭 - INFO - val: X=(4355, 24, 74), y=(4355, 6, 20)
2025-06-08 15:54:37,424 - windows_separate_古亭 - INFO - test: X=(4356, 24, 74), y=(4356, 6, 20)
2025-06-08 15:54:42,373 - windows_separate_古亭 - INFO - NumPy格式數據已保存: D:\pythonWork\R_datascience\final\Train\data\sliding_windows\separate\separate_古亭_20250608_155436_windows.npz
2025-06-08 15:54:42,954 - windows_separate_古亭 - INFO - PyTorch格式數據已保存: D:\pythonWork\R_datascience\final\Train\data\sliding_windows\separate\separate_古亭_20250608_155436_windows.pt
2025-06-08 15:54:42,954 - windows_separate_古亭 - INFO - 時間窗口生成管道執行完成
2025-06-08 15:54:42,973 - trainer_separate_古亭 - INFO - 使用設備: cuda
2025-06-08 15:54:42,973 - trainer_separate_古亭 - INFO - ==================================================
2025-06-08 15:54:42,973 - trainer_separate_古亭 - INFO - 開始執行 separate 模式的模型訓練
2025-06-08 15:54:42,973 - trainer_separate_古亭 - INFO - ==================================================
2025-06-08 15:54:42,973 - trainer_separate_古亭 - INFO - 載入訓練數據
2025-06-08 15:54:44,058 - trainer_separate_古亭 - INFO - 訓練LightGBM模型...
2025-06-08 15:54:44,058 - trainer_separate_古亭 - INFO - 開始訓練LightGBM模型
2025-06-08 15:54:44,058 - trainer_separate_古亭 - INFO - LightGBM數據形狀: X_train=(34844, 1776), y_train=(34844, 120)
2025-06-08 15:54:51,886 - trainer_separate_古亭 - INFO - LightGBM訓練完成: 7.60s
2025-06-08 15:54:51,886 - trainer_separate_古亭 - INFO - 驗證集MAE: 2.8477
2025-06-08 15:54:51,914 - trainer_separate_古亭 - INFO - 訓練LSTM模型...
2025-06-08 15:54:51,915 - trainer_separate_古亭 - INFO - 開始訓練LSTM模型
2025-06-08 15:54:52,010 - trainer_separate_古亭 - INFO - LSTM數據形狀: X_train=torch.Size([34844, 24, 74]), y_train=torch.Size([34844, 6, 20])
2025-06-08 15:54:52,840 - trainer_separate_古亭 - INFO - Epoch 0: Train Loss=131.771231, Val Loss=86.626111
2025-06-08 15:55:00,247 - trainer_separate_古亭 - INFO - Epoch 10: Train Loss=15.648009, Val Loss=34.773735
2025-06-08 15:55:06,207 - trainer_separate_古亭 - INFO - 早停於 epoch 18
2025-06-08 15:55:06,402 - trainer_separate_古亭 - INFO - LSTM訓練完成: 14.29s
2025-06-08 15:55:06,402 - trainer_separate_古亭 - INFO - 驗證集MAE: 3.0884
2025-06-08 15:55:06,408 - trainer_separate_古亭 - INFO - 模型訓練管道執行完成
