2025-06-08 18:41:53,811 - preprocessor_separate_norm_板橋 - INFO - ==================================================
2025-06-08 18:41:53,811 - preprocessor_separate_norm_板橋 - INFO - 開始執行 separate_norm 模式的完整預處理管道
2025-06-08 18:41:53,811 - preprocessor_separate_norm_板橋 - INFO - ==================================================
2025-06-08 18:41:53,811 - preprocessor_separate_norm_板橋 - INFO - 開始載入 separate_norm 模式的原始數據
2025-06-08 18:41:53,811 - preprocessor_separate_norm_板橋 - INFO - 載入文件: D:\pythonWork\R_datascience\final\Train\data\raw\Separate_Nomorlization\Nomorlization_板橋_C0ACA0_combined.csv
2025-06-08 18:41:53,909 - preprocessor_separate_norm_板橋 - INFO - 合併 1 個文件，總記錄數: 43584
2025-06-08 18:41:53,952 - preprocessor_separate_norm_板橋 - INFO - 數據驗證通過: (43584, 29), 時間範圍: 2020-01-01T00:00:00Z 到 2024-12-20T23:00:00Z
2025-06-08 18:41:53,953 - preprocessor_separate_norm_板橋 - INFO - 原始數據載入完成: (43584, 29)
2025-06-08 18:41:53,953 - preprocessor_separate_norm_板橋 - INFO - 開始數據預處理
2025-06-08 18:41:53,953 - preprocessor_separate_norm_板橋 - INFO - 處理時間特徵
2025-06-08 18:41:53,953 - preprocessor_separate_norm_板橋 - INFO - 數據已包含時間特徵，跳過時間特徵處理
2025-06-08 18:41:53,965 - preprocessor_separate_norm_板橋 - INFO - 執行特徵工程
2025-06-08 18:41:53,998 - preprocessor_separate_norm_板橋 - INFO - 執行數據清理
2025-06-08 18:41:54,165 - preprocessor_separate_norm_板橋 - INFO - 數據清理完成: 43584 -> 43584 行
2025-06-08 18:41:54,165 - preprocessor_separate_norm_板橋 - INFO - 執行特徵選擇
2025-06-08 18:41:54,165 - preprocessor_separate_norm_板橋 - INFO - 特徵選擇完成: 69 個特徵, 20 個目標
2025-06-08 18:41:54,173 - preprocessor_separate_norm_板橋 - INFO - 數據預處理完成: (43584, 91)
2025-06-08 18:41:54,732 - preprocessor_separate_norm_板橋 - INFO - 處理後數據已保存: D:\pythonWork\R_datascience\final\Train\data\processed\separate_norm\separate_norm_板橋_20250608_184153_processed.npz
2025-06-08 18:41:54,732 - preprocessor_separate_norm_板橋 - INFO - 數據形狀: X=(43584, 69), y=(43584, 20)
2025-06-08 18:41:54,732 - preprocessor_separate_norm_板橋 - INFO - 預處理管道執行完成
2025-06-08 18:41:54,741 - windows_separate_norm_板橋 - INFO - ==================================================
2025-06-08 18:41:54,741 - windows_separate_norm_板橋 - INFO - 開始執行 separate_norm 模式的時間窗口生成
2025-06-08 18:41:54,741 - windows_separate_norm_板橋 - INFO - ==================================================
2025-06-08 18:41:54,741 - windows_separate_norm_板橋 - INFO - 載入預處理數據: D:\pythonWork\R_datascience\final\Train\data\processed\separate_norm\separate_norm_板橋_20250608_184153_processed.npz
2025-06-08 18:41:54,824 - windows_separate_norm_板橋 - INFO - 數據載入完成: X=(43584, 69), y=(43584, 20)
2025-06-08 18:41:54,824 - windows_separate_norm_板橋 - INFO - 開始創建滑動時間窗口
2025-06-08 18:41:54,824 - windows_separate_norm_板橋 - INFO - 窗口參數: window_size=24, horizon=6, stride=1
2025-06-08 18:41:54,833 - windows_separate_norm_板橋 - INFO - 處理 1 個測站的數據
2025-06-08 18:41:54,935 - windows_separate_norm_板橋 - INFO - 單序列窗口創建完成: 43555 個窗口
2025-06-08 18:41:54,935 - windows_separate_norm_板橋 - INFO - 測站 板橋: 43555 個窗口
2025-06-08 18:41:54,994 - windows_separate_norm_板橋 - INFO - 多測站窗口創建完成: 總計 43555 個窗口
2025-06-08 18:41:55,005 - windows_separate_norm_板橋 - INFO - 開始分割數據集
2025-06-08 18:41:55,005 - windows_separate_norm_板橋 - INFO - train: X=(34844, 24, 69), y=(34844, 6, 20)
2025-06-08 18:41:55,005 - windows_separate_norm_板橋 - INFO - val: X=(4355, 24, 69), y=(4355, 6, 20)
2025-06-08 18:41:55,005 - windows_separate_norm_板橋 - INFO - test: X=(4356, 24, 69), y=(4356, 6, 20)
2025-06-08 18:41:59,433 - windows_separate_norm_板橋 - INFO - NumPy格式數據已保存: D:\pythonWork\R_datascience\final\Train\data\sliding_windows\separate_norm\separate_norm_板橋_20250608_184153_windows.npz
2025-06-08 18:42:00,132 - windows_separate_norm_板橋 - INFO - PyTorch格式數據已保存: D:\pythonWork\R_datascience\final\Train\data\sliding_windows\separate_norm\separate_norm_板橋_20250608_184153_windows.pt
2025-06-08 18:42:00,132 - windows_separate_norm_板橋 - INFO - 時間窗口生成管道執行完成
2025-06-08 18:42:00,132 - trainer_separate_norm_板橋 - INFO - 使用設備: cuda
2025-06-08 18:42:00,145 - trainer_separate_norm_板橋 - INFO - ==================================================
2025-06-08 18:42:00,145 - trainer_separate_norm_板橋 - INFO - 開始執行 separate_norm 模式的模型訓練
2025-06-08 18:42:00,145 - trainer_separate_norm_板橋 - INFO - ==================================================
2025-06-08 18:42:00,145 - trainer_separate_norm_板橋 - INFO - 載入訓練數據
2025-06-08 18:42:01,192 - trainer_separate_norm_板橋 - INFO - 訓練LightGBM模型...
2025-06-08 18:42:01,192 - trainer_separate_norm_板橋 - INFO - 開始訓練LightGBM模型
2025-06-08 18:42:01,192 - trainer_separate_norm_板橋 - INFO - LightGBM數據形狀: X_train=(34844, 1656), y_train=(34844, 120)
2025-06-08 18:42:09,431 - trainer_separate_norm_板橋 - INFO - LightGBM訓練完成: 7.60s
2025-06-08 18:42:09,431 - trainer_separate_norm_板橋 - INFO - 驗證集MAE: 0.1242
2025-06-08 18:42:09,465 - trainer_separate_norm_板橋 - INFO - 訓練LSTM模型...
2025-06-08 18:42:09,465 - trainer_separate_norm_板橋 - INFO - 開始訓練LSTM模型
2025-06-08 18:42:09,549 - trainer_separate_norm_板橋 - INFO - LSTM數據形狀: X_train=torch.Size([34844, 24, 69]), y_train=torch.Size([34844, 6, 20])
2025-06-08 18:42:10,280 - trainer_separate_norm_板橋 - INFO - Epoch 0: Train Loss=0.206404, Val Loss=0.148658
2025-06-08 18:42:17,118 - trainer_separate_norm_板橋 - INFO - Epoch 10: Train Loss=0.071221, Val Loss=0.173298
2025-06-08 18:42:19,149 - trainer_separate_norm_板橋 - INFO - 早停於 epoch 13
2025-06-08 18:42:19,337 - trainer_separate_norm_板橋 - INFO - LSTM訓練完成: 9.69s
2025-06-08 18:42:19,337 - trainer_separate_norm_板橋 - INFO - 驗證集MAE: 0.2648
2025-06-08 18:42:19,337 - trainer_separate_norm_板橋 - INFO - 模型訓練管道執行完成
