2025-06-08 18:42:41,411 - preprocessor_separate_norm_林園 - INFO - ==================================================
2025-06-08 18:42:41,411 - preprocessor_separate_norm_林園 - INFO - 開始執行 separate_norm 模式的完整預處理管道
2025-06-08 18:42:41,411 - preprocessor_separate_norm_林園 - INFO - ==================================================
2025-06-08 18:42:41,411 - preprocessor_separate_norm_林園 - INFO - 開始載入 separate_norm 模式的原始數據
2025-06-08 18:42:41,412 - preprocessor_separate_norm_林園 - INFO - 載入文件: D:\pythonWork\R_datascience\final\Train\data\raw\Separate_Nomorlization\Nomorlization_林園_C0R640_combined.csv
2025-06-08 18:42:41,514 - preprocessor_separate_norm_林園 - INFO - 合併 1 個文件，總記錄數: 43584
2025-06-08 18:42:41,555 - preprocessor_separate_norm_林園 - INFO - 數據驗證通過: (43584, 30), 時間範圍: 2020-01-01T00:00:00Z 到 2024-12-20T23:00:00Z
2025-06-08 18:42:41,556 - preprocessor_separate_norm_林園 - INFO - 原始數據載入完成: (43584, 30)
2025-06-08 18:42:41,556 - preprocessor_separate_norm_林園 - INFO - 開始數據預處理
2025-06-08 18:42:41,556 - preprocessor_separate_norm_林園 - INFO - 處理時間特徵
2025-06-08 18:42:41,556 - preprocessor_separate_norm_林園 - INFO - 數據已包含時間特徵，跳過時間特徵處理
2025-06-08 18:42:41,568 - preprocessor_separate_norm_林園 - INFO - 執行特徵工程
2025-06-08 18:42:41,600 - preprocessor_separate_norm_林園 - INFO - 執行數據清理
2025-06-08 18:42:41,755 - preprocessor_separate_norm_林園 - INFO - 數據清理完成: 43584 -> 43584 行
2025-06-08 18:42:41,755 - preprocessor_separate_norm_林園 - INFO - 執行特徵選擇
2025-06-08 18:42:41,771 - preprocessor_separate_norm_林園 - INFO - 特徵選擇完成: 69 個特徵, 21 個目標
2025-06-08 18:42:41,774 - preprocessor_separate_norm_林園 - INFO - 數據預處理完成: (43584, 92)
2025-06-08 18:42:42,287 - preprocessor_separate_norm_林園 - INFO - 處理後數據已保存: D:\pythonWork\R_datascience\final\Train\data\processed\separate_norm\separate_norm_林園_20250608_184241_processed.npz
2025-06-08 18:42:42,287 - preprocessor_separate_norm_林園 - INFO - 數據形狀: X=(43584, 69), y=(43584, 21)
2025-06-08 18:42:42,302 - preprocessor_separate_norm_林園 - INFO - 預處理管道執行完成
2025-06-08 18:42:42,307 - windows_separate_norm_林園 - INFO - ==================================================
2025-06-08 18:42:42,307 - windows_separate_norm_林園 - INFO - 開始執行 separate_norm 模式的時間窗口生成
2025-06-08 18:42:42,307 - windows_separate_norm_林園 - INFO - ==================================================
2025-06-08 18:42:42,307 - windows_separate_norm_林園 - INFO - 載入預處理數據: D:\pythonWork\R_datascience\final\Train\data\processed\separate_norm\separate_norm_林園_20250608_184241_processed.npz
2025-06-08 18:42:42,392 - windows_separate_norm_林園 - INFO - 數據載入完成: X=(43584, 69), y=(43584, 21)
2025-06-08 18:42:42,392 - windows_separate_norm_林園 - INFO - 開始創建滑動時間窗口
2025-06-08 18:42:42,392 - windows_separate_norm_林園 - INFO - 窗口參數: window_size=24, horizon=6, stride=1
2025-06-08 18:42:42,400 - windows_separate_norm_林園 - INFO - 處理 1 個測站的數據
2025-06-08 18:42:42,504 - windows_separate_norm_林園 - INFO - 單序列窗口創建完成: 43555 個窗口
2025-06-08 18:42:42,505 - windows_separate_norm_林園 - INFO - 測站 林園: 43555 個窗口
2025-06-08 18:42:42,564 - windows_separate_norm_林園 - INFO - 多測站窗口創建完成: 總計 43555 個窗口
2025-06-08 18:42:42,576 - windows_separate_norm_林園 - INFO - 開始分割數據集
2025-06-08 18:42:42,576 - windows_separate_norm_林園 - INFO - train: X=(34844, 24, 69), y=(34844, 6, 21)
2025-06-08 18:42:42,576 - windows_separate_norm_林園 - INFO - val: X=(4355, 24, 69), y=(4355, 6, 21)
2025-06-08 18:42:42,576 - windows_separate_norm_林園 - INFO - test: X=(4356, 24, 69), y=(4356, 6, 21)
2025-06-08 18:42:46,903 - windows_separate_norm_林園 - INFO - NumPy格式數據已保存: D:\pythonWork\R_datascience\final\Train\data\sliding_windows\separate_norm\separate_norm_林園_20250608_184241_windows.npz
2025-06-08 18:42:47,538 - windows_separate_norm_林園 - INFO - PyTorch格式數據已保存: D:\pythonWork\R_datascience\final\Train\data\sliding_windows\separate_norm\separate_norm_林園_20250608_184241_windows.pt
2025-06-08 18:42:47,538 - windows_separate_norm_林園 - INFO - 時間窗口生成管道執行完成
2025-06-08 18:42:47,566 - trainer_separate_norm_林園 - INFO - 使用設備: cuda
2025-06-08 18:42:47,566 - trainer_separate_norm_林園 - INFO - ==================================================
2025-06-08 18:42:47,566 - trainer_separate_norm_林園 - INFO - 開始執行 separate_norm 模式的模型訓練
2025-06-08 18:42:47,566 - trainer_separate_norm_林園 - INFO - ==================================================
2025-06-08 18:42:47,566 - trainer_separate_norm_林園 - INFO - 載入訓練數據
2025-06-08 18:42:48,613 - trainer_separate_norm_林園 - INFO - 訓練LightGBM模型...
2025-06-08 18:42:48,613 - trainer_separate_norm_林園 - INFO - 開始訓練LightGBM模型
2025-06-08 18:42:48,613 - trainer_separate_norm_林園 - INFO - LightGBM數據形狀: X_train=(34844, 1656), y_train=(34844, 126)
2025-06-08 18:43:00,923 - trainer_separate_norm_林園 - INFO - LightGBM訓練完成: 11.49s
2025-06-08 18:43:00,923 - trainer_separate_norm_林園 - INFO - 驗證集MAE: 0.0629
2025-06-08 18:43:00,957 - trainer_separate_norm_林園 - INFO - 訓練LSTM模型...
2025-06-08 18:43:00,957 - trainer_separate_norm_林園 - INFO - 開始訓練LSTM模型
2025-06-08 18:43:01,042 - trainer_separate_norm_林園 - INFO - LSTM數據形狀: X_train=torch.Size([34844, 24, 69]), y_train=torch.Size([34844, 6, 21])
2025-06-08 18:43:01,788 - trainer_separate_norm_林園 - INFO - Epoch 0: Train Loss=0.202837, Val Loss=0.158738
2025-06-08 18:43:08,566 - trainer_separate_norm_林園 - INFO - Epoch 10: Train Loss=0.081238, Val Loss=0.170716
2025-06-08 18:43:09,896 - trainer_separate_norm_林園 - INFO - 早停於 epoch 12
2025-06-08 18:43:10,090 - trainer_separate_norm_林園 - INFO - LSTM訓練完成: 8.95s
2025-06-08 18:43:10,090 - trainer_separate_norm_林園 - INFO - 驗證集MAE: 0.2460
2025-06-08 18:43:10,111 - trainer_separate_norm_林園 - INFO - 模型訓練管道執行完成
