2025-06-08 16:10:02,988 - preprocessor_separate_新竹 - INFO - ==================================================
2025-06-08 16:10:02,988 - preprocessor_separate_新竹 - INFO - 開始執行 separate 模式的完整預處理管道
2025-06-08 16:10:02,988 - preprocessor_separate_新竹 - INFO - ==================================================
2025-06-08 16:10:02,988 - preprocessor_separate_新竹 - INFO - 開始載入 separate 模式的原始數據
2025-06-08 16:10:02,989 - preprocessor_separate_新竹 - INFO - 載入文件: D:\pythonWork\R_datascience\final\Train\data\raw\Separate\新竹_C0D660_combined.csv
2025-06-08 16:10:03,057 - preprocessor_separate_新竹 - INFO - 合併 1 個文件，總記錄數: 43584
2025-06-08 16:10:03,093 - preprocessor_separate_新竹 - INFO - 數據驗證通過: (43584, 30), 時間範圍: 2020-01-01T00:00:00Z 到 2024-12-20T23:00:00Z
2025-06-08 16:10:03,093 - preprocessor_separate_新竹 - INFO - 原始數據載入完成: (43584, 30)
2025-06-08 16:10:03,093 - preprocessor_separate_新竹 - INFO - 開始數據預處理
2025-06-08 16:10:03,093 - preprocessor_separate_新竹 - INFO - 處理時間特徵
2025-06-08 16:10:03,137 - preprocessor_separate_新竹 - INFO - 執行特徵工程
2025-06-08 16:10:03,181 - preprocessor_separate_新竹 - INFO - 執行數據清理
2025-06-08 16:10:03,375 - preprocessor_separate_新竹 - INFO - 數據清理完成: 43584 -> 43584 行
2025-06-08 16:10:03,376 - preprocessor_separate_新竹 - INFO - 執行特徵選擇
2025-06-08 16:10:03,380 - preprocessor_separate_新竹 - INFO - 特徵選擇完成: 74 個特徵, 21 個目標
2025-06-08 16:10:03,381 - preprocessor_separate_新竹 - INFO - 執行數據標準化
2025-06-08 16:10:03,429 - preprocessor_separate_新竹 - INFO - 標準化器已保存: D:\pythonWork\R_datascience\final\Train\data\processed\separate\separate_scaler.pkl
2025-06-08 16:10:03,430 - preprocessor_separate_新竹 - INFO - 數據預處理完成: (43584, 97)
2025-06-08 16:10:03,916 - preprocessor_separate_新竹 - INFO - 處理後數據已保存: D:\pythonWork\R_datascience\final\Train\data\processed\separate\separate_新竹_20250608_161002_processed.npz
2025-06-08 16:10:03,916 - preprocessor_separate_新竹 - INFO - 數據形狀: X=(43584, 74), y=(43584, 21)
2025-06-08 16:10:03,917 - preprocessor_separate_新竹 - INFO - 預處理管道執行完成
2025-06-08 16:10:03,920 - windows_separate_新竹 - INFO - ==================================================
2025-06-08 16:10:03,920 - windows_separate_新竹 - INFO - 開始執行 separate 模式的時間窗口生成
2025-06-08 16:10:03,921 - windows_separate_新竹 - INFO - ==================================================
2025-06-08 16:10:03,921 - windows_separate_新竹 - INFO - 載入預處理數據: D:\pythonWork\R_datascience\final\Train\data\processed\separate\separate_新竹_20250608_161002_processed.npz
2025-06-08 16:10:03,987 - windows_separate_新竹 - INFO - 數據載入完成: X=(43584, 74), y=(43584, 21)
2025-06-08 16:10:03,988 - windows_separate_新竹 - INFO - 開始創建滑動時間窗口
2025-06-08 16:10:03,988 - windows_separate_新竹 - INFO - 窗口參數: window_size=24, horizon=6, stride=1
2025-06-08 16:10:03,998 - windows_separate_新竹 - INFO - 處理 1 個測站的數據
2025-06-08 16:10:04,109 - windows_separate_新竹 - INFO - 單序列窗口創建完成: 43555 個窗口
2025-06-08 16:10:04,109 - windows_separate_新竹 - INFO - 測站 新竹: 43555 個窗口
2025-06-08 16:10:04,172 - windows_separate_新竹 - INFO - 多測站窗口創建完成: 總計 43555 個窗口
2025-06-08 16:10:04,191 - windows_separate_新竹 - INFO - 開始分割數據集
2025-06-08 16:10:04,191 - windows_separate_新竹 - INFO - train: X=(34844, 24, 74), y=(34844, 6, 21)
2025-06-08 16:10:04,191 - windows_separate_新竹 - INFO - val: X=(4355, 24, 74), y=(4355, 6, 21)
2025-06-08 16:10:04,191 - windows_separate_新竹 - INFO - test: X=(4356, 24, 74), y=(4356, 6, 21)
2025-06-08 16:10:09,132 - windows_separate_新竹 - INFO - NumPy格式數據已保存: D:\pythonWork\R_datascience\final\Train\data\sliding_windows\separate\separate_新竹_20250608_161002_windows.npz
2025-06-08 16:10:09,675 - windows_separate_新竹 - INFO - PyTorch格式數據已保存: D:\pythonWork\R_datascience\final\Train\data\sliding_windows\separate\separate_新竹_20250608_161002_windows.pt
2025-06-08 16:10:09,675 - windows_separate_新竹 - INFO - 時間窗口生成管道執行完成
2025-06-08 16:10:09,702 - trainer_separate_新竹 - INFO - 使用設備: cuda
2025-06-08 16:10:09,702 - trainer_separate_新竹 - INFO - ==================================================
2025-06-08 16:10:09,702 - trainer_separate_新竹 - INFO - 開始執行 separate 模式的模型訓練
2025-06-08 16:10:09,702 - trainer_separate_新竹 - INFO - ==================================================
2025-06-08 16:10:09,703 - trainer_separate_新竹 - INFO - 載入訓練數據
2025-06-08 16:10:10,973 - trainer_separate_新竹 - INFO - 訓練LightGBM模型...
2025-06-08 16:10:10,973 - trainer_separate_新竹 - INFO - 開始訓練LightGBM模型
2025-06-08 16:10:10,975 - trainer_separate_新竹 - INFO - LightGBM數據形狀: X_train=(34844, 1776), y_train=(34844, 126)
2025-06-08 16:10:18,770 - trainer_separate_新竹 - INFO - LightGBM訓練完成: 7.52s
2025-06-08 16:10:18,770 - trainer_separate_新竹 - INFO - 驗證集MAE: 2.7684
2025-06-08 16:10:18,799 - trainer_separate_新竹 - INFO - 訓練LSTM模型...
2025-06-08 16:10:18,800 - trainer_separate_新竹 - INFO - 開始訓練LSTM模型
2025-06-08 16:10:18,815 - trainer_separate_新竹 - INFO - LSTM數據形狀: X_train=torch.Size([34844, 24, 74]), y_train=torch.Size([34844, 6, 21])
2025-06-08 16:10:19,730 - trainer_separate_新竹 - INFO - Epoch 0: Train Loss=147.318365, Val Loss=96.704653
2025-06-08 16:10:27,415 - trainer_separate_新竹 - INFO - Epoch 10: Train Loss=15.250132, Val Loss=31.739279
2025-06-08 16:10:33,786 - trainer_separate_新竹 - INFO - 早停於 epoch 18
2025-06-08 16:10:33,988 - trainer_separate_新竹 - INFO - LSTM訓練完成: 14.99s
2025-06-08 16:10:33,988 - trainer_separate_新竹 - INFO - 驗證集MAE: 2.8841
2025-06-08 16:10:33,993 - trainer_separate_新竹 - INFO - 模型訓練管道執行完成
