2025-06-08 16:18:23,052 - preprocessor_separate_潮州 - INFO - ==================================================
2025-06-08 16:18:23,052 - preprocessor_separate_潮州 - INFO - 開始執行 separate 模式的完整預處理管道
2025-06-08 16:18:23,052 - preprocessor_separate_潮州 - INFO - ==================================================
2025-06-08 16:18:23,052 - preprocessor_separate_潮州 - INFO - 開始載入 separate 模式的原始數據
2025-06-08 16:18:23,053 - preprocessor_separate_潮州 - INFO - 載入文件: D:\pythonWork\R_datascience\final\Train\data\raw\Separate\潮州_C0R220_combined.csv
2025-06-08 16:18:23,117 - preprocessor_separate_潮州 - INFO - 合併 1 個文件，總記錄數: 43584
2025-06-08 16:18:23,148 - preprocessor_separate_潮州 - INFO - 數據驗證通過: (43584, 30), 時間範圍: 2020-01-01T00:00:00Z 到 2024-12-20T23:00:00Z
2025-06-08 16:18:23,148 - preprocessor_separate_潮州 - INFO - 原始數據載入完成: (43584, 30)
2025-06-08 16:18:23,148 - preprocessor_separate_潮州 - INFO - 開始數據預處理
2025-06-08 16:18:23,149 - preprocessor_separate_潮州 - INFO - 處理時間特徵
2025-06-08 16:18:23,193 - preprocessor_separate_潮州 - INFO - 執行特徵工程
2025-06-08 16:18:23,236 - preprocessor_separate_潮州 - INFO - 執行數據清理
2025-06-08 16:18:23,434 - preprocessor_separate_潮州 - INFO - 數據清理完成: 43584 -> 43584 行
2025-06-08 16:18:23,435 - preprocessor_separate_潮州 - INFO - 執行特徵選擇
2025-06-08 16:18:23,439 - preprocessor_separate_潮州 - INFO - 特徵選擇完成: 74 個特徵, 21 個目標
2025-06-08 16:18:23,441 - preprocessor_separate_潮州 - INFO - 執行數據標準化
2025-06-08 16:18:23,486 - preprocessor_separate_潮州 - INFO - 標準化器已保存: D:\pythonWork\R_datascience\final\Train\data\processed\separate\separate_scaler.pkl
2025-06-08 16:18:23,487 - preprocessor_separate_潮州 - INFO - 數據預處理完成: (43584, 97)
2025-06-08 16:18:23,964 - preprocessor_separate_潮州 - INFO - 處理後數據已保存: D:\pythonWork\R_datascience\final\Train\data\processed\separate\separate_潮州_20250608_161823_processed.npz
2025-06-08 16:18:23,964 - preprocessor_separate_潮州 - INFO - 數據形狀: X=(43584, 74), y=(43584, 21)
2025-06-08 16:18:23,965 - preprocessor_separate_潮州 - INFO - 預處理管道執行完成
2025-06-08 16:18:23,968 - windows_separate_潮州 - INFO - ==================================================
2025-06-08 16:18:23,968 - windows_separate_潮州 - INFO - 開始執行 separate 模式的時間窗口生成
2025-06-08 16:18:23,968 - windows_separate_潮州 - INFO - ==================================================
2025-06-08 16:18:23,968 - windows_separate_潮州 - INFO - 載入預處理數據: D:\pythonWork\R_datascience\final\Train\data\processed\separate\separate_潮州_20250608_161823_processed.npz
2025-06-08 16:18:24,038 - windows_separate_潮州 - INFO - 數據載入完成: X=(43584, 74), y=(43584, 21)
2025-06-08 16:18:24,038 - windows_separate_潮州 - INFO - 開始創建滑動時間窗口
2025-06-08 16:18:24,039 - windows_separate_潮州 - INFO - 窗口參數: window_size=24, horizon=6, stride=1
2025-06-08 16:18:24,048 - windows_separate_潮州 - INFO - 處理 1 個測站的數據
2025-06-08 16:18:24,159 - windows_separate_潮州 - INFO - 單序列窗口創建完成: 43555 個窗口
2025-06-08 16:18:24,159 - windows_separate_潮州 - INFO - 測站 潮州: 43555 個窗口
2025-06-08 16:18:24,224 - windows_separate_潮州 - INFO - 多測站窗口創建完成: 總計 43555 個窗口
2025-06-08 16:18:24,243 - windows_separate_潮州 - INFO - 開始分割數據集
2025-06-08 16:18:24,244 - windows_separate_潮州 - INFO - train: X=(34844, 24, 74), y=(34844, 6, 21)
2025-06-08 16:18:24,244 - windows_separate_潮州 - INFO - val: X=(4355, 24, 74), y=(4355, 6, 21)
2025-06-08 16:18:24,244 - windows_separate_潮州 - INFO - test: X=(4356, 24, 74), y=(4356, 6, 21)
2025-06-08 16:18:29,309 - windows_separate_潮州 - INFO - NumPy格式數據已保存: D:\pythonWork\R_datascience\final\Train\data\sliding_windows\separate\separate_潮州_20250608_161823_windows.npz
2025-06-08 16:18:29,897 - windows_separate_潮州 - INFO - PyTorch格式數據已保存: D:\pythonWork\R_datascience\final\Train\data\sliding_windows\separate\separate_潮州_20250608_161823_windows.pt
2025-06-08 16:18:29,898 - windows_separate_潮州 - INFO - 時間窗口生成管道執行完成
2025-06-08 16:18:29,917 - trainer_separate_潮州 - INFO - 使用設備: cuda
2025-06-08 16:18:29,917 - trainer_separate_潮州 - INFO - ==================================================
2025-06-08 16:18:29,917 - trainer_separate_潮州 - INFO - 開始執行 separate 模式的模型訓練
2025-06-08 16:18:29,917 - trainer_separate_潮州 - INFO - ==================================================
2025-06-08 16:18:29,917 - trainer_separate_潮州 - INFO - 載入訓練數據
2025-06-08 16:18:31,124 - trainer_separate_潮州 - INFO - 訓練LightGBM模型...
2025-06-08 16:18:31,124 - trainer_separate_潮州 - INFO - 開始訓練LightGBM模型
2025-06-08 16:18:31,124 - trainer_separate_潮州 - INFO - LightGBM數據形狀: X_train=(34844, 1776), y_train=(34844, 126)
2025-06-08 16:18:41,665 - trainer_separate_潮州 - INFO - LightGBM訓練完成: 10.22s
2025-06-08 16:18:41,665 - trainer_separate_潮州 - INFO - 驗證集MAE: 3.2388
2025-06-08 16:18:41,700 - trainer_separate_潮州 - INFO - 訓練LSTM模型...
2025-06-08 16:18:41,700 - trainer_separate_潮州 - INFO - 開始訓練LSTM模型
2025-06-08 16:18:41,804 - trainer_separate_潮州 - INFO - LSTM數據形狀: X_train=torch.Size([34844, 24, 74]), y_train=torch.Size([34844, 6, 21])
2025-06-08 16:18:42,610 - trainer_separate_潮州 - INFO - Epoch 0: Train Loss=305.885183, Val Loss=169.402416
2025-06-08 16:18:49,985 - trainer_separate_潮州 - INFO - Epoch 10: Train Loss=27.385879, Val Loss=41.691260
2025-06-08 16:18:57,675 - trainer_separate_潮州 - INFO - Epoch 20: Train Loss=17.178071, Val Loss=45.209913
2025-06-08 16:18:58,426 - trainer_separate_潮州 - INFO - 早停於 epoch 21
2025-06-08 16:18:58,629 - trainer_separate_潮州 - INFO - LSTM訓練完成: 16.73s
2025-06-08 16:18:58,630 - trainer_separate_潮州 - INFO - 驗證集MAE: 3.1013
2025-06-08 16:18:58,651 - trainer_separate_潮州 - INFO - 模型訓練管道執行完成
