2025-06-08 16:23:42,362 - preprocessor_separate_苗栗 - INFO - ==================================================
2025-06-08 16:23:42,362 - preprocessor_separate_苗栗 - INFO - 開始執行 separate 模式的完整預處理管道
2025-06-08 16:23:42,362 - preprocessor_separate_苗栗 - INFO - ==================================================
2025-06-08 16:23:42,362 - preprocessor_separate_苗栗 - INFO - 開始載入 separate 模式的原始數據
2025-06-08 16:23:42,370 - preprocessor_separate_苗栗 - INFO - 載入文件: D:\pythonWork\R_datascience\final\Train\data\raw\Separate\苗栗_C0E750_combined.csv
2025-06-08 16:23:42,432 - preprocessor_separate_苗栗 - INFO - 合併 1 個文件，總記錄數: 43584
2025-06-08 16:23:42,462 - preprocessor_separate_苗栗 - INFO - 數據驗證通過: (43584, 28), 時間範圍: 2020-01-01T00:00:00Z 到 2024-12-20T23:00:00Z
2025-06-08 16:23:42,462 - preprocessor_separate_苗栗 - INFO - 原始數據載入完成: (43584, 28)
2025-06-08 16:23:42,462 - preprocessor_separate_苗栗 - INFO - 開始數據預處理
2025-06-08 16:23:42,462 - preprocessor_separate_苗栗 - INFO - 處理時間特徵
2025-06-08 16:23:42,506 - preprocessor_separate_苗栗 - INFO - 執行特徵工程
2025-06-08 16:23:42,542 - preprocessor_separate_苗栗 - INFO - 執行數據清理
2025-06-08 16:23:42,740 - preprocessor_separate_苗栗 - INFO - 數據清理完成: 43584 -> 43584 行
2025-06-08 16:23:42,742 - preprocessor_separate_苗栗 - INFO - 執行特徵選擇
2025-06-08 16:23:42,742 - preprocessor_separate_苗栗 - INFO - 特徵選擇完成: 74 個特徵, 19 個目標
2025-06-08 16:23:42,748 - preprocessor_separate_苗栗 - INFO - 執行數據標準化
2025-06-08 16:23:42,791 - preprocessor_separate_苗栗 - INFO - 標準化器已保存: D:\pythonWork\R_datascience\final\Train\data\processed\separate\separate_scaler.pkl
2025-06-08 16:23:42,792 - preprocessor_separate_苗栗 - INFO - 數據預處理完成: (43584, 95)
2025-06-08 16:23:43,263 - preprocessor_separate_苗栗 - INFO - 處理後數據已保存: D:\pythonWork\R_datascience\final\Train\data\processed\separate\separate_苗栗_20250608_162342_processed.npz
2025-06-08 16:23:43,264 - preprocessor_separate_苗栗 - INFO - 數據形狀: X=(43584, 74), y=(43584, 19)
2025-06-08 16:23:43,265 - preprocessor_separate_苗栗 - INFO - 預處理管道執行完成
2025-06-08 16:23:43,268 - windows_separate_苗栗 - INFO - ==================================================
2025-06-08 16:23:43,268 - windows_separate_苗栗 - INFO - 開始執行 separate 模式的時間窗口生成
2025-06-08 16:23:43,268 - windows_separate_苗栗 - INFO - ==================================================
2025-06-08 16:23:43,268 - windows_separate_苗栗 - INFO - 載入預處理數據: D:\pythonWork\R_datascience\final\Train\data\processed\separate\separate_苗栗_20250608_162342_processed.npz
2025-06-08 16:23:43,331 - windows_separate_苗栗 - INFO - 數據載入完成: X=(43584, 74), y=(43584, 19)
2025-06-08 16:23:43,332 - windows_separate_苗栗 - INFO - 開始創建滑動時間窗口
2025-06-08 16:23:43,332 - windows_separate_苗栗 - INFO - 窗口參數: window_size=24, horizon=6, stride=1
2025-06-08 16:23:43,341 - windows_separate_苗栗 - INFO - 處理 1 個測站的數據
2025-06-08 16:23:43,448 - windows_separate_苗栗 - INFO - 單序列窗口創建完成: 43555 個窗口
2025-06-08 16:23:43,448 - windows_separate_苗栗 - INFO - 測站 苗栗: 43555 個窗口
2025-06-08 16:23:43,508 - windows_separate_苗栗 - INFO - 多測站窗口創建完成: 總計 43555 個窗口
2025-06-08 16:23:43,528 - windows_separate_苗栗 - INFO - 開始分割數據集
2025-06-08 16:23:43,529 - windows_separate_苗栗 - INFO - train: X=(34844, 24, 74), y=(34844, 6, 19)
2025-06-08 16:23:43,529 - windows_separate_苗栗 - INFO - val: X=(4355, 24, 74), y=(4355, 6, 19)
2025-06-08 16:23:43,529 - windows_separate_苗栗 - INFO - test: X=(4356, 24, 74), y=(4356, 6, 19)
2025-06-08 16:23:48,458 - windows_separate_苗栗 - INFO - NumPy格式數據已保存: D:\pythonWork\R_datascience\final\Train\data\sliding_windows\separate\separate_苗栗_20250608_162342_windows.npz
2025-06-08 16:23:49,048 - windows_separate_苗栗 - INFO - PyTorch格式數據已保存: D:\pythonWork\R_datascience\final\Train\data\sliding_windows\separate\separate_苗栗_20250608_162342_windows.pt
2025-06-08 16:23:49,048 - windows_separate_苗栗 - INFO - 時間窗口生成管道執行完成
2025-06-08 16:23:49,069 - trainer_separate_苗栗 - INFO - 使用設備: cuda
2025-06-08 16:23:49,069 - trainer_separate_苗栗 - INFO - ==================================================
2025-06-08 16:23:49,069 - trainer_separate_苗栗 - INFO - 開始執行 separate 模式的模型訓練
2025-06-08 16:23:49,069 - trainer_separate_苗栗 - INFO - ==================================================
2025-06-08 16:23:49,069 - trainer_separate_苗栗 - INFO - 載入訓練數據
2025-06-08 16:23:50,273 - trainer_separate_苗栗 - INFO - 訓練LightGBM模型...
2025-06-08 16:23:50,273 - trainer_separate_苗栗 - INFO - 開始訓練LightGBM模型
2025-06-08 16:23:50,273 - trainer_separate_苗栗 - INFO - LightGBM數據形狀: X_train=(34844, 1776), y_train=(34844, 114)
2025-06-08 16:23:59,813 - trainer_separate_苗栗 - INFO - LightGBM訓練完成: 9.25s
2025-06-08 16:23:59,813 - trainer_separate_苗栗 - INFO - 驗證集MAE: 2.7638
2025-06-08 16:23:59,844 - trainer_separate_苗栗 - INFO - 訓練LSTM模型...
2025-06-08 16:23:59,844 - trainer_separate_苗栗 - INFO - 開始訓練LSTM模型
2025-06-08 16:23:59,932 - trainer_separate_苗栗 - INFO - LSTM數據形狀: X_train=torch.Size([34844, 24, 74]), y_train=torch.Size([34844, 6, 19])
2025-06-08 16:24:00,806 - trainer_separate_苗栗 - INFO - Epoch 0: Train Loss=158.736930, Val Loss=95.774390
2025-06-08 16:24:08,237 - trainer_separate_苗栗 - INFO - Epoch 10: Train Loss=15.771412, Val Loss=33.896190
2025-06-08 16:24:14,082 - trainer_separate_苗栗 - INFO - 早停於 epoch 18
2025-06-08 16:24:14,268 - trainer_separate_苗栗 - INFO - LSTM訓練完成: 14.24s
2025-06-08 16:24:14,268 - trainer_separate_苗栗 - INFO - 驗證集MAE: 3.0205
2025-06-08 16:24:14,274 - trainer_separate_苗栗 - INFO - 模型訓練管道執行完成
