2025-06-08 16:14:02,184 - preprocessor_separate_桃園 - INFO - ==================================================
2025-06-08 16:14:02,184 - preprocessor_separate_桃園 - INFO - 開始執行 separate 模式的完整預處理管道
2025-06-08 16:14:02,184 - preprocessor_separate_桃園 - INFO - ==================================================
2025-06-08 16:14:02,184 - preprocessor_separate_桃園 - INFO - 開始載入 separate 模式的原始數據
2025-06-08 16:14:02,185 - preprocessor_separate_桃園 - INFO - 載入文件: D:\pythonWork\R_datascience\final\Train\data\raw\Separate\桃園_C0C480_combined.csv
2025-06-08 16:14:02,248 - preprocessor_separate_桃園 - INFO - 合併 1 個文件，總記錄數: 43584
2025-06-08 16:14:02,280 - preprocessor_separate_桃園 - INFO - 數據驗證通過: (43584, 29), 時間範圍: 2020-01-01T00:00:00Z 到 2024-12-20T23:00:00Z
2025-06-08 16:14:02,280 - preprocessor_separate_桃園 - INFO - 原始數據載入完成: (43584, 29)
2025-06-08 16:14:02,280 - preprocessor_separate_桃園 - INFO - 開始數據預處理
2025-06-08 16:14:02,281 - preprocessor_separate_桃園 - INFO - 處理時間特徵
2025-06-08 16:14:02,324 - preprocessor_separate_桃園 - INFO - 執行特徵工程
2025-06-08 16:14:02,369 - preprocessor_separate_桃園 - INFO - 執行數據清理
2025-06-08 16:14:02,561 - preprocessor_separate_桃園 - INFO - 數據清理完成: 43584 -> 43584 行
2025-06-08 16:14:02,563 - preprocessor_separate_桃園 - INFO - 執行特徵選擇
2025-06-08 16:14:02,567 - preprocessor_separate_桃園 - INFO - 特徵選擇完成: 74 個特徵, 20 個目標
2025-06-08 16:14:02,568 - preprocessor_separate_桃園 - INFO - 執行數據標準化
2025-06-08 16:14:02,612 - preprocessor_separate_桃園 - INFO - 標準化器已保存: D:\pythonWork\R_datascience\final\Train\data\processed\separate\separate_scaler.pkl
2025-06-08 16:14:02,613 - preprocessor_separate_桃園 - INFO - 數據預處理完成: (43584, 96)
2025-06-08 16:14:03,099 - preprocessor_separate_桃園 - INFO - 處理後數據已保存: D:\pythonWork\R_datascience\final\Train\data\processed\separate\separate_桃園_20250608_161402_processed.npz
2025-06-08 16:14:03,099 - preprocessor_separate_桃園 - INFO - 數據形狀: X=(43584, 74), y=(43584, 20)
2025-06-08 16:14:03,100 - preprocessor_separate_桃園 - INFO - 預處理管道執行完成
2025-06-08 16:14:03,103 - windows_separate_桃園 - INFO - ==================================================
2025-06-08 16:14:03,103 - windows_separate_桃園 - INFO - 開始執行 separate 模式的時間窗口生成
2025-06-08 16:14:03,103 - windows_separate_桃園 - INFO - ==================================================
2025-06-08 16:14:03,103 - windows_separate_桃園 - INFO - 載入預處理數據: D:\pythonWork\R_datascience\final\Train\data\processed\separate\separate_桃園_20250608_161402_processed.npz
2025-06-08 16:14:03,165 - windows_separate_桃園 - INFO - 數據載入完成: X=(43584, 74), y=(43584, 20)
2025-06-08 16:14:03,165 - windows_separate_桃園 - INFO - 開始創建滑動時間窗口
2025-06-08 16:14:03,165 - windows_separate_桃園 - INFO - 窗口參數: window_size=24, horizon=6, stride=1
2025-06-08 16:14:03,182 - windows_separate_桃園 - INFO - 處理 1 個測站的數據
2025-06-08 16:14:03,292 - windows_separate_桃園 - INFO - 單序列窗口創建完成: 43555 個窗口
2025-06-08 16:14:03,292 - windows_separate_桃園 - INFO - 測站 桃園: 43555 個窗口
2025-06-08 16:14:03,355 - windows_separate_桃園 - INFO - 多測站窗口創建完成: 總計 43555 個窗口
2025-06-08 16:14:03,368 - windows_separate_桃園 - INFO - 開始分割數據集
2025-06-08 16:14:03,368 - windows_separate_桃園 - INFO - train: X=(34844, 24, 74), y=(34844, 6, 20)
2025-06-08 16:14:03,368 - windows_separate_桃園 - INFO - val: X=(4355, 24, 74), y=(4355, 6, 20)
2025-06-08 16:14:03,368 - windows_separate_桃園 - INFO - test: X=(4356, 24, 74), y=(4356, 6, 20)
2025-06-08 16:14:08,313 - windows_separate_桃園 - INFO - NumPy格式數據已保存: D:\pythonWork\R_datascience\final\Train\data\sliding_windows\separate\separate_桃園_20250608_161402_windows.npz
2025-06-08 16:14:08,891 - windows_separate_桃園 - INFO - PyTorch格式數據已保存: D:\pythonWork\R_datascience\final\Train\data\sliding_windows\separate\separate_桃園_20250608_161402_windows.pt
2025-06-08 16:14:08,891 - windows_separate_桃園 - INFO - 時間窗口生成管道執行完成
2025-06-08 16:14:08,911 - trainer_separate_桃園 - INFO - 使用設備: cuda
2025-06-08 16:14:08,911 - trainer_separate_桃園 - INFO - ==================================================
2025-06-08 16:14:08,912 - trainer_separate_桃園 - INFO - 開始執行 separate 模式的模型訓練
2025-06-08 16:14:08,912 - trainer_separate_桃園 - INFO - ==================================================
2025-06-08 16:14:08,912 - trainer_separate_桃園 - INFO - 載入訓練數據
2025-06-08 16:14:10,105 - trainer_separate_桃園 - INFO - 訓練LightGBM模型...
2025-06-08 16:14:10,105 - trainer_separate_桃園 - INFO - 開始訓練LightGBM模型
2025-06-08 16:14:10,105 - trainer_separate_桃園 - INFO - LightGBM數據形狀: X_train=(34844, 1776), y_train=(34844, 120)
2025-06-08 16:14:16,610 - trainer_separate_桃園 - INFO - LightGBM訓練完成: 6.25s
2025-06-08 16:14:16,611 - trainer_separate_桃園 - INFO - 驗證集MAE: 2.7769
2025-06-08 16:14:16,649 - trainer_separate_桃園 - INFO - 訓練LSTM模型...
2025-06-08 16:14:16,651 - trainer_separate_桃園 - INFO - 開始訓練LSTM模型
2025-06-08 16:14:16,746 - trainer_separate_桃園 - INFO - LSTM數據形狀: X_train=torch.Size([34844, 24, 74]), y_train=torch.Size([34844, 6, 20])
2025-06-08 16:14:17,573 - trainer_separate_桃園 - INFO - Epoch 0: Train Loss=154.092728, Val Loss=100.434880
2025-06-08 16:14:24,978 - trainer_separate_桃園 - INFO - Epoch 10: Train Loss=18.393351, Val Loss=34.000412
2025-06-08 16:14:30,158 - trainer_separate_桃園 - INFO - 早停於 epoch 17
2025-06-08 16:14:30,374 - trainer_separate_桃園 - INFO - LSTM訓練完成: 13.51s
2025-06-08 16:14:30,374 - trainer_separate_桃園 - INFO - 驗證集MAE: 3.1298
2025-06-08 16:14:30,379 - trainer_separate_桃園 - INFO - 模型訓練管道執行完成
