2025-06-08 15:51:41,417 - preprocessor_separate_仁武 - INFO - ==================================================
2025-06-08 15:51:41,417 - preprocessor_separate_仁武 - INFO - 開始執行 separate 模式的完整預處理管道
2025-06-08 15:51:41,417 - preprocessor_separate_仁武 - INFO - ==================================================
2025-06-08 15:51:41,417 - preprocessor_separate_仁武 - INFO - 開始載入 separate 模式的原始數據
2025-06-08 15:51:41,417 - preprocessor_separate_仁武 - INFO - 載入文件: D:\pythonWork\R_datascience\final\Train\data\raw\Separate\仁武_C0V680_combined.csv
2025-06-08 15:51:41,466 - preprocessor_separate_仁武 - INFO - 合併 1 個文件，總記錄數: 43584
2025-06-08 15:51:41,504 - preprocessor_separate_仁武 - INFO - 數據驗證通過: (43584, 29), 時間範圍: 2020-01-01T00:00:00Z 到 2024-12-20T23:00:00Z
2025-06-08 15:51:41,504 - preprocessor_separate_仁武 - INFO - 原始數據載入完成: (43584, 29)
2025-06-08 15:51:41,504 - preprocessor_separate_仁武 - INFO - 開始數據預處理
2025-06-08 15:51:41,504 - preprocessor_separate_仁武 - INFO - 處理時間特徵
2025-06-08 15:51:41,550 - preprocessor_separate_仁武 - INFO - 執行特徵工程
2025-06-08 15:51:41,598 - preprocessor_separate_仁武 - INFO - 執行數據清理
2025-06-08 15:51:41,781 - preprocessor_separate_仁武 - INFO - 數據清理完成: 43584 -> 43584 行
2025-06-08 15:51:41,781 - preprocessor_separate_仁武 - INFO - 執行特徵選擇
2025-06-08 15:51:41,781 - preprocessor_separate_仁武 - INFO - 特徵選擇完成: 74 個特徵, 20 個目標
2025-06-08 15:51:41,797 - preprocessor_separate_仁武 - INFO - 執行數據標準化
2025-06-08 15:51:41,839 - preprocessor_separate_仁武 - INFO - 標準化器已保存: D:\pythonWork\R_datascience\final\Train\data\processed\separate\separate_scaler.pkl
2025-06-08 15:51:41,841 - preprocessor_separate_仁武 - INFO - 數據預處理完成: (43584, 96)
2025-06-08 15:51:42,340 - preprocessor_separate_仁武 - INFO - 處理後數據已保存: D:\pythonWork\R_datascience\final\Train\data\processed\separate\separate_仁武_20250608_155141_processed.npz
2025-06-08 15:51:42,342 - preprocessor_separate_仁武 - INFO - 數據形狀: X=(43584, 74), y=(43584, 20)
2025-06-08 15:51:42,342 - preprocessor_separate_仁武 - INFO - 預處理管道執行完成
2025-06-08 15:51:42,346 - windows_separate_仁武 - INFO - ==================================================
2025-06-08 15:51:42,346 - windows_separate_仁武 - INFO - 開始執行 separate 模式的時間窗口生成
2025-06-08 15:51:42,346 - windows_separate_仁武 - INFO - ==================================================
2025-06-08 15:51:42,346 - windows_separate_仁武 - INFO - 載入預處理數據: D:\pythonWork\R_datascience\final\Train\data\processed\separate\separate_仁武_20250608_155141_processed.npz
2025-06-08 15:51:42,413 - windows_separate_仁武 - INFO - 數據載入完成: X=(43584, 74), y=(43584, 20)
2025-06-08 15:51:42,414 - windows_separate_仁武 - INFO - 開始創建滑動時間窗口
2025-06-08 15:51:42,414 - windows_separate_仁武 - INFO - 窗口參數: window_size=24, horizon=6, stride=1
2025-06-08 15:51:42,418 - windows_separate_仁武 - INFO - 處理 1 個測站的數據
2025-06-08 15:51:42,534 - windows_separate_仁武 - INFO - 單序列窗口創建完成: 43555 個窗口
2025-06-08 15:51:42,535 - windows_separate_仁武 - INFO - 測站 仁武: 43555 個窗口
2025-06-08 15:51:42,598 - windows_separate_仁武 - INFO - 多測站窗口創建完成: 總計 43555 個窗口
2025-06-08 15:51:42,615 - windows_separate_仁武 - INFO - 開始分割數據集
2025-06-08 15:51:42,615 - windows_separate_仁武 - INFO - train: X=(34844, 24, 74), y=(34844, 6, 20)
2025-06-08 15:51:42,615 - windows_separate_仁武 - INFO - val: X=(4355, 24, 74), y=(4355, 6, 20)
2025-06-08 15:51:42,615 - windows_separate_仁武 - INFO - test: X=(4356, 24, 74), y=(4356, 6, 20)
2025-06-08 15:51:47,537 - windows_separate_仁武 - INFO - NumPy格式數據已保存: D:\pythonWork\R_datascience\final\Train\data\sliding_windows\separate\separate_仁武_20250608_155141_windows.npz
2025-06-08 15:51:48,099 - windows_separate_仁武 - INFO - PyTorch格式數據已保存: D:\pythonWork\R_datascience\final\Train\data\sliding_windows\separate\separate_仁武_20250608_155141_windows.pt
2025-06-08 15:51:48,099 - windows_separate_仁武 - INFO - 時間窗口生成管道執行完成
2025-06-08 15:51:48,117 - trainer_separate_仁武 - INFO - 使用設備: cuda
2025-06-08 15:51:48,117 - trainer_separate_仁武 - INFO - ==================================================
2025-06-08 15:51:48,118 - trainer_separate_仁武 - INFO - 開始執行 separate 模式的模型訓練
2025-06-08 15:51:48,118 - trainer_separate_仁武 - INFO - ==================================================
2025-06-08 15:51:48,118 - trainer_separate_仁武 - INFO - 載入訓練數據
2025-06-08 15:51:49,137 - trainer_separate_仁武 - INFO - 訓練LightGBM模型...
2025-06-08 15:51:49,137 - trainer_separate_仁武 - INFO - 開始訓練LightGBM模型
2025-06-08 15:51:49,137 - trainer_separate_仁武 - INFO - LightGBM數據形狀: X_train=(34844, 1776), y_train=(34844, 120)
2025-06-08 15:51:57,199 - trainer_separate_仁武 - INFO - LightGBM訓練完成: 7.94s
2025-06-08 15:51:57,199 - trainer_separate_仁武 - INFO - 驗證集MAE: 3.2445
2025-06-08 15:51:57,222 - trainer_separate_仁武 - INFO - 訓練LSTM模型...
2025-06-08 15:51:57,222 - trainer_separate_仁武 - INFO - 開始訓練LSTM模型
2025-06-08 15:51:57,305 - trainer_separate_仁武 - INFO - LSTM數據形狀: X_train=torch.Size([34844, 24, 74]), y_train=torch.Size([34844, 6, 20])
2025-06-08 15:51:58,081 - trainer_separate_仁武 - INFO - Epoch 0: Train Loss=343.856722, Val Loss=184.351840
2025-06-08 15:52:05,654 - trainer_separate_仁武 - INFO - Epoch 10: Train Loss=30.413522, Val Loss=44.204254
2025-06-08 15:52:13,265 - trainer_separate_仁武 - INFO - Epoch 20: Train Loss=18.723625, Val Loss=42.699578
2025-06-08 15:52:16,232 - trainer_separate_仁武 - INFO - 早停於 epoch 24
2025-06-08 15:52:16,426 - trainer_separate_仁武 - INFO - LSTM訓練完成: 19.01s
2025-06-08 15:52:16,427 - trainer_separate_仁武 - INFO - 驗證集MAE: 3.2986
2025-06-08 15:52:16,451 - trainer_separate_仁武 - INFO - 模型訓練管道執行完成
