2025-06-08 18:43:10,136 - preprocessor_separate_norm_桃園 - INFO - ==================================================
2025-06-08 18:43:10,136 - preprocessor_separate_norm_桃園 - INFO - 開始執行 separate_norm 模式的完整預處理管道
2025-06-08 18:43:10,136 - preprocessor_separate_norm_桃園 - INFO - ==================================================
2025-06-08 18:43:10,136 - preprocessor_separate_norm_桃園 - INFO - 開始載入 separate_norm 模式的原始數據
2025-06-08 18:43:10,137 - preprocessor_separate_norm_桃園 - INFO - 載入文件: D:\pythonWork\R_datascience\final\Train\data\raw\Separate_Nomorlization\Nomorlization_桃園_C0C480_combined.csv
2025-06-08 18:43:10,245 - preprocessor_separate_norm_桃園 - INFO - 合併 1 個文件，總記錄數: 43584
2025-06-08 18:43:10,280 - preprocessor_separate_norm_桃園 - INFO - 數據驗證通過: (43584, 29), 時間範圍: 2020-01-01T00:00:00Z 到 2024-12-20T23:00:00Z
2025-06-08 18:43:10,280 - preprocessor_separate_norm_桃園 - INFO - 原始數據載入完成: (43584, 29)
2025-06-08 18:43:10,280 - preprocessor_separate_norm_桃園 - INFO - 開始數據預處理
2025-06-08 18:43:10,280 - preprocessor_separate_norm_桃園 - INFO - 處理時間特徵
2025-06-08 18:43:10,281 - preprocessor_separate_norm_桃園 - INFO - 數據已包含時間特徵，跳過時間特徵處理
2025-06-08 18:43:10,292 - preprocessor_separate_norm_桃園 - INFO - 執行特徵工程
2025-06-08 18:43:10,325 - preprocessor_separate_norm_桃園 - INFO - 執行數據清理
2025-06-08 18:43:10,488 - preprocessor_separate_norm_桃園 - INFO - 數據清理完成: 43584 -> 43584 行
2025-06-08 18:43:10,488 - preprocessor_separate_norm_桃園 - INFO - 執行特徵選擇
2025-06-08 18:43:10,488 - preprocessor_separate_norm_桃園 - INFO - 特徵選擇完成: 69 個特徵, 20 個目標
2025-06-08 18:43:10,495 - preprocessor_separate_norm_桃園 - INFO - 數據預處理完成: (43584, 91)
2025-06-08 18:43:11,054 - preprocessor_separate_norm_桃園 - INFO - 處理後數據已保存: D:\pythonWork\R_datascience\final\Train\data\processed\separate_norm\separate_norm_桃園_20250608_184310_processed.npz
2025-06-08 18:43:11,070 - preprocessor_separate_norm_桃園 - INFO - 數據形狀: X=(43584, 69), y=(43584, 20)
2025-06-08 18:43:11,072 - preprocessor_separate_norm_桃園 - INFO - 預處理管道執行完成
2025-06-08 18:43:11,075 - windows_separate_norm_桃園 - INFO - ==================================================
2025-06-08 18:43:11,075 - windows_separate_norm_桃園 - INFO - 開始執行 separate_norm 模式的時間窗口生成
2025-06-08 18:43:11,075 - windows_separate_norm_桃園 - INFO - ==================================================
2025-06-08 18:43:11,075 - windows_separate_norm_桃園 - INFO - 載入預處理數據: D:\pythonWork\R_datascience\final\Train\data\processed\separate_norm\separate_norm_桃園_20250608_184310_processed.npz
2025-06-08 18:43:11,158 - windows_separate_norm_桃園 - INFO - 數據載入完成: X=(43584, 69), y=(43584, 20)
2025-06-08 18:43:11,158 - windows_separate_norm_桃園 - INFO - 開始創建滑動時間窗口
2025-06-08 18:43:11,158 - windows_separate_norm_桃園 - INFO - 窗口參數: window_size=24, horizon=6, stride=1
2025-06-08 18:43:11,167 - windows_separate_norm_桃園 - INFO - 處理 1 個測站的數據
2025-06-08 18:43:11,269 - windows_separate_norm_桃園 - INFO - 單序列窗口創建完成: 43555 個窗口
2025-06-08 18:43:11,269 - windows_separate_norm_桃園 - INFO - 測站 桃園: 43555 個窗口
2025-06-08 18:43:11,328 - windows_separate_norm_桃園 - INFO - 多測站窗口創建完成: 總計 43555 個窗口
2025-06-08 18:43:11,343 - windows_separate_norm_桃園 - INFO - 開始分割數據集
2025-06-08 18:43:11,343 - windows_separate_norm_桃園 - INFO - train: X=(34844, 24, 69), y=(34844, 6, 20)
2025-06-08 18:43:11,343 - windows_separate_norm_桃園 - INFO - val: X=(4355, 24, 69), y=(4355, 6, 20)
2025-06-08 18:43:11,343 - windows_separate_norm_桃園 - INFO - test: X=(4356, 24, 69), y=(4356, 6, 20)
2025-06-08 18:43:15,796 - windows_separate_norm_桃園 - INFO - NumPy格式數據已保存: D:\pythonWork\R_datascience\final\Train\data\sliding_windows\separate_norm\separate_norm_桃園_20250608_184310_windows.npz
2025-06-08 18:43:16,420 - windows_separate_norm_桃園 - INFO - PyTorch格式數據已保存: D:\pythonWork\R_datascience\final\Train\data\sliding_windows\separate_norm\separate_norm_桃園_20250608_184310_windows.pt
2025-06-08 18:43:16,421 - windows_separate_norm_桃園 - INFO - 時間窗口生成管道執行完成
2025-06-08 18:43:16,437 - trainer_separate_norm_桃園 - INFO - 使用設備: cuda
2025-06-08 18:43:16,437 - trainer_separate_norm_桃園 - INFO - ==================================================
2025-06-08 18:43:16,437 - trainer_separate_norm_桃園 - INFO - 開始執行 separate_norm 模式的模型訓練
2025-06-08 18:43:16,437 - trainer_separate_norm_桃園 - INFO - ==================================================
2025-06-08 18:43:16,438 - trainer_separate_norm_桃園 - INFO - 載入訓練數據
2025-06-08 18:43:17,477 - trainer_separate_norm_桃園 - INFO - 訓練LightGBM模型...
2025-06-08 18:43:17,477 - trainer_separate_norm_桃園 - INFO - 開始訓練LightGBM模型
2025-06-08 18:43:17,477 - trainer_separate_norm_桃園 - INFO - LightGBM數據形狀: X_train=(34844, 1656), y_train=(34844, 120)
2025-06-08 18:43:27,382 - trainer_separate_norm_桃園 - INFO - LightGBM訓練完成: 9.23s
2025-06-08 18:43:27,382 - trainer_separate_norm_桃園 - INFO - 驗證集MAE: 0.1042
2025-06-08 18:43:27,420 - trainer_separate_norm_桃園 - INFO - 訓練LSTM模型...
2025-06-08 18:43:27,420 - trainer_separate_norm_桃園 - INFO - 開始訓練LSTM模型
2025-06-08 18:43:27,504 - trainer_separate_norm_桃園 - INFO - LSTM數據形狀: X_train=torch.Size([34844, 24, 69]), y_train=torch.Size([34844, 6, 20])
2025-06-08 18:43:28,239 - trainer_separate_norm_桃園 - INFO - Epoch 0: Train Loss=0.228258, Val Loss=0.180993
2025-06-08 18:43:35,103 - trainer_separate_norm_桃園 - INFO - Epoch 10: Train Loss=0.085016, Val Loss=0.210035
2025-06-08 18:43:37,132 - trainer_separate_norm_桃園 - INFO - 早停於 epoch 13
2025-06-08 18:43:37,328 - trainer_separate_norm_桃園 - INFO - LSTM訓練完成: 9.71s
2025-06-08 18:43:37,328 - trainer_separate_norm_桃園 - INFO - 驗證集MAE: 0.3026
2025-06-08 18:43:37,332 - trainer_separate_norm_桃園 - INFO - 模型訓練管道執行完成
