2025-06-08 16:22:32,103 - preprocessor_separate_臺西 - INFO - ==================================================
2025-06-08 16:22:32,103 - preprocessor_separate_臺西 - INFO - 開始執行 separate 模式的完整預處理管道
2025-06-08 16:22:32,103 - preprocessor_separate_臺西 - INFO - ==================================================
2025-06-08 16:22:32,103 - preprocessor_separate_臺西 - INFO - 開始載入 separate 模式的原始數據
2025-06-08 16:22:32,104 - preprocessor_separate_臺西 - INFO - 載入文件: D:\pythonWork\R_datascience\final\Train\data\raw\Separate\臺西_C0K530_combined.csv
2025-06-08 16:22:32,166 - preprocessor_separate_臺西 - INFO - 合併 1 個文件，總記錄數: 43584
2025-06-08 16:22:32,191 - preprocessor_separate_臺西 - INFO - 數據驗證通過: (43584, 27), 時間範圍: 2020-01-01T00:00:00Z 到 2024-12-20T23:00:00Z
2025-06-08 16:22:32,191 - preprocessor_separate_臺西 - INFO - 原始數據載入完成: (43584, 27)
2025-06-08 16:22:32,191 - preprocessor_separate_臺西 - INFO - 開始數據預處理
2025-06-08 16:22:32,191 - preprocessor_separate_臺西 - INFO - 處理時間特徵
2025-06-08 16:22:32,241 - preprocessor_separate_臺西 - INFO - 執行特徵工程
2025-06-08 16:22:32,283 - preprocessor_separate_臺西 - INFO - 執行數據清理
2025-06-08 16:22:32,461 - preprocessor_separate_臺西 - INFO - 數據清理完成: 43584 -> 43584 行
2025-06-08 16:22:32,471 - preprocessor_separate_臺西 - INFO - 執行特徵選擇
2025-06-08 16:22:32,473 - preprocessor_separate_臺西 - INFO - 特徵選擇完成: 74 個特徵, 18 個目標
2025-06-08 16:22:32,477 - preprocessor_separate_臺西 - INFO - 執行數據標準化
2025-06-08 16:22:32,521 - preprocessor_separate_臺西 - INFO - 標準化器已保存: D:\pythonWork\R_datascience\final\Train\data\processed\separate\separate_scaler.pkl
2025-06-08 16:22:32,522 - preprocessor_separate_臺西 - INFO - 數據預處理完成: (43584, 94)
2025-06-08 16:22:32,991 - preprocessor_separate_臺西 - INFO - 處理後數據已保存: D:\pythonWork\R_datascience\final\Train\data\processed\separate\separate_臺西_20250608_162232_processed.npz
2025-06-08 16:22:32,991 - preprocessor_separate_臺西 - INFO - 數據形狀: X=(43584, 74), y=(43584, 18)
2025-06-08 16:22:32,991 - preprocessor_separate_臺西 - INFO - 預處理管道執行完成
2025-06-08 16:22:33,001 - windows_separate_臺西 - INFO - ==================================================
2025-06-08 16:22:33,001 - windows_separate_臺西 - INFO - 開始執行 separate 模式的時間窗口生成
2025-06-08 16:22:33,001 - windows_separate_臺西 - INFO - ==================================================
2025-06-08 16:22:33,001 - windows_separate_臺西 - INFO - 載入預處理數據: D:\pythonWork\R_datascience\final\Train\data\processed\separate\separate_臺西_20250608_162232_processed.npz
2025-06-08 16:22:33,061 - windows_separate_臺西 - INFO - 數據載入完成: X=(43584, 74), y=(43584, 18)
2025-06-08 16:22:33,061 - windows_separate_臺西 - INFO - 開始創建滑動時間窗口
2025-06-08 16:22:33,061 - windows_separate_臺西 - INFO - 窗口參數: window_size=24, horizon=6, stride=1
2025-06-08 16:22:33,077 - windows_separate_臺西 - INFO - 處理 1 個測站的數據
2025-06-08 16:22:33,181 - windows_separate_臺西 - INFO - 單序列窗口創建完成: 43555 個窗口
2025-06-08 16:22:33,181 - windows_separate_臺西 - INFO - 測站 臺西: 43555 個窗口
2025-06-08 16:22:33,241 - windows_separate_臺西 - INFO - 多測站窗口創建完成: 總計 43555 個窗口
2025-06-08 16:22:33,261 - windows_separate_臺西 - INFO - 開始分割數據集
2025-06-08 16:22:33,261 - windows_separate_臺西 - INFO - train: X=(34844, 24, 74), y=(34844, 6, 18)
2025-06-08 16:22:33,261 - windows_separate_臺西 - INFO - val: X=(4355, 24, 74), y=(4355, 6, 18)
2025-06-08 16:22:33,261 - windows_separate_臺西 - INFO - test: X=(4356, 24, 74), y=(4356, 6, 18)
2025-06-08 16:22:38,381 - windows_separate_臺西 - INFO - NumPy格式數據已保存: D:\pythonWork\R_datascience\final\Train\data\sliding_windows\separate\separate_臺西_20250608_162232_windows.npz
2025-06-08 16:22:38,972 - windows_separate_臺西 - INFO - PyTorch格式數據已保存: D:\pythonWork\R_datascience\final\Train\data\sliding_windows\separate\separate_臺西_20250608_162232_windows.pt
2025-06-08 16:22:38,972 - windows_separate_臺西 - INFO - 時間窗口生成管道執行完成
2025-06-08 16:22:38,992 - trainer_separate_臺西 - INFO - 使用設備: cuda
2025-06-08 16:22:38,992 - trainer_separate_臺西 - INFO - ==================================================
2025-06-08 16:22:38,992 - trainer_separate_臺西 - INFO - 開始執行 separate 模式的模型訓練
2025-06-08 16:22:38,992 - trainer_separate_臺西 - INFO - ==================================================
2025-06-08 16:22:38,992 - trainer_separate_臺西 - INFO - 載入訓練數據
2025-06-08 16:22:40,206 - trainer_separate_臺西 - INFO - 訓練LightGBM模型...
2025-06-08 16:22:40,206 - trainer_separate_臺西 - INFO - 開始訓練LightGBM模型
2025-06-08 16:22:40,206 - trainer_separate_臺西 - INFO - LightGBM數據形狀: X_train=(34844, 1776), y_train=(34844, 108)
2025-06-08 16:22:50,989 - trainer_separate_臺西 - INFO - LightGBM訓練完成: 10.53s
2025-06-08 16:22:50,989 - trainer_separate_臺西 - INFO - 驗證集MAE: 2.8910
2025-06-08 16:22:51,024 - trainer_separate_臺西 - INFO - 訓練LSTM模型...
2025-06-08 16:22:51,025 - trainer_separate_臺西 - INFO - 開始訓練LSTM模型
2025-06-08 16:22:51,117 - trainer_separate_臺西 - INFO - LSTM數據形狀: X_train=torch.Size([34844, 24, 74]), y_train=torch.Size([34844, 6, 18])
2025-06-08 16:22:51,932 - trainer_separate_臺西 - INFO - Epoch 0: Train Loss=260.947691, Val Loss=129.247097
2025-06-08 16:22:59,359 - trainer_separate_臺西 - INFO - Epoch 10: Train Loss=27.118046, Val Loss=42.205383
2025-06-08 16:23:06,757 - trainer_separate_臺西 - INFO - Epoch 20: Train Loss=14.993247, Val Loss=41.357406
2025-06-08 16:23:10,379 - trainer_separate_臺西 - INFO - 早停於 epoch 25
2025-06-08 16:23:10,560 - trainer_separate_臺西 - INFO - LSTM訓練完成: 19.35s
2025-06-08 16:23:10,562 - trainer_separate_臺西 - INFO - 驗證集MAE: 3.2975
2025-06-08 16:23:10,583 - trainer_separate_臺西 - INFO - 模型訓練管道執行完成
