2025-06-08 16:27:49,431 - preprocessor_separate_陽明 - INFO - ==================================================
2025-06-08 16:27:49,431 - preprocessor_separate_陽明 - INFO - 開始執行 separate 模式的完整預處理管道
2025-06-08 16:27:49,431 - preprocessor_separate_陽明 - INFO - ==================================================
2025-06-08 16:27:49,431 - preprocessor_separate_陽明 - INFO - 開始載入 separate 模式的原始數據
2025-06-08 16:27:49,431 - preprocessor_separate_陽明 - INFO - 載入文件: D:\pythonWork\R_datascience\final\Train\data\raw\Separate\陽明_466910_combined.csv
2025-06-08 16:27:49,497 - preprocessor_separate_陽明 - INFO - 合併 1 個文件，總記錄數: 43584
2025-06-08 16:27:49,530 - preprocessor_separate_陽明 - INFO - 數據驗證通過: (43584, 27), 時間範圍: 2020-01-01T00:00:00Z 到 2024-12-20T23:00:00Z
2025-06-08 16:27:49,530 - preprocessor_separate_陽明 - INFO - 原始數據載入完成: (43584, 27)
2025-06-08 16:27:49,530 - preprocessor_separate_陽明 - INFO - 開始數據預處理
2025-06-08 16:27:49,530 - preprocessor_separate_陽明 - INFO - 處理時間特徵
2025-06-08 16:27:49,563 - preprocessor_separate_陽明 - INFO - 執行特徵工程
2025-06-08 16:27:49,615 - preprocessor_separate_陽明 - INFO - 執行數據清理
2025-06-08 16:27:49,797 - preprocessor_separate_陽明 - INFO - 數據清理完成: 43584 -> 43584 行
2025-06-08 16:27:49,797 - preprocessor_separate_陽明 - INFO - 執行特徵選擇
2025-06-08 16:27:49,802 - preprocessor_separate_陽明 - INFO - 特徵選擇完成: 74 個特徵, 18 個目標
2025-06-08 16:27:49,802 - preprocessor_separate_陽明 - INFO - 執行數據標準化
2025-06-08 16:27:49,846 - preprocessor_separate_陽明 - INFO - 標準化器已保存: D:\pythonWork\R_datascience\final\Train\data\processed\separate\separate_scaler.pkl
2025-06-08 16:27:49,846 - preprocessor_separate_陽明 - INFO - 數據預處理完成: (43584, 94)
2025-06-08 16:27:50,268 - preprocessor_separate_陽明 - INFO - 處理後數據已保存: D:\pythonWork\R_datascience\final\Train\data\processed\separate\separate_陽明_20250608_162749_processed.npz
2025-06-08 16:27:50,268 - preprocessor_separate_陽明 - INFO - 數據形狀: X=(43584, 74), y=(43584, 18)
2025-06-08 16:27:50,268 - preprocessor_separate_陽明 - INFO - 預處理管道執行完成
2025-06-08 16:27:50,268 - windows_separate_陽明 - INFO - ==================================================
2025-06-08 16:27:50,268 - windows_separate_陽明 - INFO - 開始執行 separate 模式的時間窗口生成
2025-06-08 16:27:50,268 - windows_separate_陽明 - INFO - ==================================================
2025-06-08 16:27:50,268 - windows_separate_陽明 - INFO - 載入預處理數據: D:\pythonWork\R_datascience\final\Train\data\processed\separate\separate_陽明_20250608_162749_processed.npz
2025-06-08 16:27:50,334 - windows_separate_陽明 - INFO - 數據載入完成: X=(43584, 74), y=(43584, 18)
2025-06-08 16:27:50,334 - windows_separate_陽明 - INFO - 開始創建滑動時間窗口
2025-06-08 16:27:50,334 - windows_separate_陽明 - INFO - 窗口參數: window_size=24, horizon=6, stride=1
2025-06-08 16:27:50,344 - windows_separate_陽明 - INFO - 處理 1 個測站的數據
2025-06-08 16:27:50,446 - windows_separate_陽明 - INFO - 單序列窗口創建完成: 43555 個窗口
2025-06-08 16:27:50,446 - windows_separate_陽明 - INFO - 測站 陽明: 43555 個窗口
2025-06-08 16:27:50,497 - windows_separate_陽明 - INFO - 多測站窗口創建完成: 總計 43555 個窗口
2025-06-08 16:27:50,514 - windows_separate_陽明 - INFO - 開始分割數據集
2025-06-08 16:27:50,514 - windows_separate_陽明 - INFO - train: X=(34844, 24, 74), y=(34844, 6, 18)
2025-06-08 16:27:50,514 - windows_separate_陽明 - INFO - val: X=(4355, 24, 74), y=(4355, 6, 18)
2025-06-08 16:27:50,514 - windows_separate_陽明 - INFO - test: X=(4356, 24, 74), y=(4356, 6, 18)
2025-06-08 16:27:55,228 - windows_separate_陽明 - INFO - NumPy格式數據已保存: D:\pythonWork\R_datascience\final\Train\data\sliding_windows\separate\separate_陽明_20250608_162749_windows.npz
2025-06-08 16:27:55,770 - windows_separate_陽明 - INFO - PyTorch格式數據已保存: D:\pythonWork\R_datascience\final\Train\data\sliding_windows\separate\separate_陽明_20250608_162749_windows.pt
2025-06-08 16:27:55,770 - windows_separate_陽明 - INFO - 時間窗口生成管道執行完成
2025-06-08 16:27:55,789 - trainer_separate_陽明 - INFO - 使用設備: cuda
2025-06-08 16:27:55,789 - trainer_separate_陽明 - INFO - ==================================================
2025-06-08 16:27:55,789 - trainer_separate_陽明 - INFO - 開始執行 separate 模式的模型訓練
2025-06-08 16:27:55,789 - trainer_separate_陽明 - INFO - ==================================================
2025-06-08 16:27:55,789 - trainer_separate_陽明 - INFO - 載入訓練數據
2025-06-08 16:27:56,950 - trainer_separate_陽明 - INFO - 訓練LightGBM模型...
2025-06-08 16:27:56,950 - trainer_separate_陽明 - INFO - 開始訓練LightGBM模型
2025-06-08 16:27:56,950 - trainer_separate_陽明 - INFO - LightGBM數據形狀: X_train=(34844, 1776), y_train=(34844, 108)
2025-06-08 16:28:01,918 - trainer_separate_陽明 - INFO - LightGBM訓練完成: 4.82s
2025-06-08 16:28:01,918 - trainer_separate_陽明 - INFO - 驗證集MAE: 1.7452
2025-06-08 16:28:01,955 - trainer_separate_陽明 - INFO - 訓練LSTM模型...
2025-06-08 16:28:01,955 - trainer_separate_陽明 - INFO - 開始訓練LSTM模型
2025-06-08 16:28:02,044 - trainer_separate_陽明 - INFO - LSTM數據形狀: X_train=torch.Size([34844, 24, 74]), y_train=torch.Size([34844, 6, 18])
2025-06-08 16:28:02,826 - trainer_separate_陽明 - INFO - Epoch 0: Train Loss=138.633098, Val Loss=67.128392
2025-06-08 16:28:09,642 - trainer_separate_陽明 - INFO - Epoch 10: Train Loss=8.350684, Val Loss=19.544745
2025-06-08 16:28:13,067 - trainer_separate_陽明 - INFO - 早停於 epoch 15
2025-06-08 16:28:13,258 - trainer_separate_陽明 - INFO - LSTM訓練完成: 11.11s
2025-06-08 16:28:13,258 - trainer_separate_陽明 - INFO - 驗證集MAE: 2.1328
2025-06-08 16:28:13,283 - trainer_separate_陽明 - INFO - 模型訓練管道執行完成
