2025-06-08 18:50:13,027 - preprocessor_separate_norm_花蓮 - INFO - ==================================================
2025-06-08 18:50:13,027 - preprocessor_separate_norm_花蓮 - INFO - 開始執行 separate_norm 模式的完整預處理管道
2025-06-08 18:50:13,027 - preprocessor_separate_norm_花蓮 - INFO - ==================================================
2025-06-08 18:50:13,027 - preprocessor_separate_norm_花蓮 - INFO - 開始載入 separate_norm 模式的原始數據
2025-06-08 18:50:13,028 - preprocessor_separate_norm_花蓮 - INFO - 載入文件: D:\pythonWork\R_datascience\final\Train\data\raw\Separate_Nomorlization\Nomorlization_花蓮_466990_combined.csv
2025-06-08 18:50:13,129 - preprocessor_separate_norm_花蓮 - INFO - 合併 1 個文件，總記錄數: 43584
2025-06-08 18:50:13,160 - preprocessor_separate_norm_花蓮 - INFO - 數據驗證通過: (43584, 28), 時間範圍: 2020-01-01T00:00:00Z 到 2024-12-20T23:00:00Z
2025-06-08 18:50:13,160 - preprocessor_separate_norm_花蓮 - INFO - 原始數據載入完成: (43584, 28)
2025-06-08 18:50:13,160 - preprocessor_separate_norm_花蓮 - INFO - 開始數據預處理
2025-06-08 18:50:13,160 - preprocessor_separate_norm_花蓮 - INFO - 處理時間特徵
2025-06-08 18:50:13,161 - preprocessor_separate_norm_花蓮 - INFO - 數據已包含時間特徵，跳過時間特徵處理
2025-06-08 18:50:13,172 - preprocessor_separate_norm_花蓮 - INFO - 執行特徵工程
2025-06-08 18:50:13,205 - preprocessor_separate_norm_花蓮 - INFO - 執行數據清理
2025-06-08 18:50:13,361 - preprocessor_separate_norm_花蓮 - INFO - 數據清理完成: 43584 -> 43584 行
2025-06-08 18:50:13,361 - preprocessor_separate_norm_花蓮 - INFO - 執行特徵選擇
2025-06-08 18:50:13,361 - preprocessor_separate_norm_花蓮 - INFO - 特徵選擇完成: 69 個特徵, 19 個目標
2025-06-08 18:50:13,376 - preprocessor_separate_norm_花蓮 - INFO - 數據預處理完成: (43584, 90)
2025-06-08 18:50:13,924 - preprocessor_separate_norm_花蓮 - INFO - 處理後數據已保存: D:\pythonWork\R_datascience\final\Train\data\processed\separate_norm\separate_norm_花蓮_20250608_185013_processed.npz
2025-06-08 18:50:13,924 - preprocessor_separate_norm_花蓮 - INFO - 數據形狀: X=(43584, 69), y=(43584, 19)
2025-06-08 18:50:13,939 - preprocessor_separate_norm_花蓮 - INFO - 預處理管道執行完成
2025-06-08 18:50:13,942 - windows_separate_norm_花蓮 - INFO - ==================================================
2025-06-08 18:50:13,942 - windows_separate_norm_花蓮 - INFO - 開始執行 separate_norm 模式的時間窗口生成
2025-06-08 18:50:13,942 - windows_separate_norm_花蓮 - INFO - ==================================================
2025-06-08 18:50:13,942 - windows_separate_norm_花蓮 - INFO - 載入預處理數據: D:\pythonWork\R_datascience\final\Train\data\processed\separate_norm\separate_norm_花蓮_20250608_185013_processed.npz
2025-06-08 18:50:14,023 - windows_separate_norm_花蓮 - INFO - 數據載入完成: X=(43584, 69), y=(43584, 19)
2025-06-08 18:50:14,024 - windows_separate_norm_花蓮 - INFO - 開始創建滑動時間窗口
2025-06-08 18:50:14,024 - windows_separate_norm_花蓮 - INFO - 窗口參數: window_size=24, horizon=6, stride=1
2025-06-08 18:50:14,032 - windows_separate_norm_花蓮 - INFO - 處理 1 個測站的數據
2025-06-08 18:50:14,135 - windows_separate_norm_花蓮 - INFO - 單序列窗口創建完成: 43555 個窗口
2025-06-08 18:50:14,135 - windows_separate_norm_花蓮 - INFO - 測站 花蓮: 43555 個窗口
2025-06-08 18:50:14,193 - windows_separate_norm_花蓮 - INFO - 多測站窗口創建完成: 總計 43555 個窗口
2025-06-08 18:50:14,208 - windows_separate_norm_花蓮 - INFO - 開始分割數據集
2025-06-08 18:50:14,208 - windows_separate_norm_花蓮 - INFO - train: X=(34844, 24, 69), y=(34844, 6, 19)
2025-06-08 18:50:14,208 - windows_separate_norm_花蓮 - INFO - val: X=(4355, 24, 69), y=(4355, 6, 19)
2025-06-08 18:50:14,209 - windows_separate_norm_花蓮 - INFO - test: X=(4356, 24, 69), y=(4356, 6, 19)
2025-06-08 18:50:18,660 - windows_separate_norm_花蓮 - INFO - NumPy格式數據已保存: D:\pythonWork\R_datascience\final\Train\data\sliding_windows\separate_norm\separate_norm_花蓮_20250608_185013_windows.npz
2025-06-08 18:50:19,168 - windows_separate_norm_花蓮 - INFO - PyTorch格式數據已保存: D:\pythonWork\R_datascience\final\Train\data\sliding_windows\separate_norm\separate_norm_花蓮_20250608_185013_windows.pt
2025-06-08 18:50:19,168 - windows_separate_norm_花蓮 - INFO - 時間窗口生成管道執行完成
2025-06-08 18:50:19,189 - trainer_separate_norm_花蓮 - INFO - 使用設備: cuda
2025-06-08 18:50:19,190 - trainer_separate_norm_花蓮 - INFO - ==================================================
2025-06-08 18:50:19,190 - trainer_separate_norm_花蓮 - INFO - 開始執行 separate_norm 模式的模型訓練
2025-06-08 18:50:19,190 - trainer_separate_norm_花蓮 - INFO - ==================================================
2025-06-08 18:50:19,190 - trainer_separate_norm_花蓮 - INFO - 載入訓練數據
2025-06-08 18:50:20,250 - trainer_separate_norm_花蓮 - INFO - 訓練LightGBM模型...
2025-06-08 18:50:20,250 - trainer_separate_norm_花蓮 - INFO - 開始訓練LightGBM模型
2025-06-08 18:50:20,250 - trainer_separate_norm_花蓮 - INFO - LightGBM數據形狀: X_train=(34844, 1656), y_train=(34844, 114)
2025-06-08 18:50:26,419 - trainer_separate_norm_花蓮 - INFO - LightGBM訓練完成: 5.71s
2025-06-08 18:50:26,419 - trainer_separate_norm_花蓮 - INFO - 驗證集MAE: 0.0869
2025-06-08 18:50:26,498 - trainer_separate_norm_花蓮 - INFO - 訓練LSTM模型...
2025-06-08 18:50:26,498 - trainer_separate_norm_花蓮 - INFO - 開始訓練LSTM模型
2025-06-08 18:50:26,582 - trainer_separate_norm_花蓮 - INFO - LSTM數據形狀: X_train=torch.Size([34844, 24, 69]), y_train=torch.Size([34844, 6, 19])
2025-06-08 18:50:27,317 - trainer_separate_norm_花蓮 - INFO - Epoch 0: Train Loss=0.248296, Val Loss=0.204859
2025-06-08 18:50:34,121 - trainer_separate_norm_花蓮 - INFO - Epoch 10: Train Loss=0.098452, Val Loss=0.212956
2025-06-08 18:50:36,189 - trainer_separate_norm_花蓮 - INFO - 早停於 epoch 13
2025-06-08 18:50:36,376 - trainer_separate_norm_花蓮 - INFO - LSTM訓練完成: 9.69s
2025-06-08 18:50:36,376 - trainer_separate_norm_花蓮 - INFO - 驗證集MAE: 0.2885
2025-06-08 18:50:36,376 - trainer_separate_norm_花蓮 - INFO - 模型訓練管道執行完成
