2025-06-08 16:22:02,301 - preprocessor_separate_臺東 - INFO - ==================================================
2025-06-08 16:22:02,301 - preprocessor_separate_臺東 - INFO - 開始執行 separate 模式的完整預處理管道
2025-06-08 16:22:02,301 - preprocessor_separate_臺東 - INFO - ==================================================
2025-06-08 16:22:02,302 - preprocessor_separate_臺東 - INFO - 開始載入 separate 模式的原始數據
2025-06-08 16:22:02,302 - preprocessor_separate_臺東 - INFO - 載入文件: D:\pythonWork\R_datascience\final\Train\data\raw\Separate\臺東_C0SA10_combined.csv
2025-06-08 16:22:02,365 - preprocessor_separate_臺東 - INFO - 合併 1 個文件，總記錄數: 43584
2025-06-08 16:22:02,397 - preprocessor_separate_臺東 - INFO - 數據驗證通過: (43584, 28), 時間範圍: 2020-01-01T00:00:00Z 到 2024-12-20T23:00:00Z
2025-06-08 16:22:02,397 - preprocessor_separate_臺東 - INFO - 原始數據載入完成: (43584, 28)
2025-06-08 16:22:02,397 - preprocessor_separate_臺東 - INFO - 開始數據預處理
2025-06-08 16:22:02,397 - preprocessor_separate_臺東 - INFO - 處理時間特徵
2025-06-08 16:22:02,440 - preprocessor_separate_臺東 - INFO - 執行特徵工程
2025-06-08 16:22:02,484 - preprocessor_separate_臺東 - INFO - 執行數據清理
2025-06-08 16:22:02,679 - preprocessor_separate_臺東 - INFO - 數據清理完成: 43584 -> 43584 行
2025-06-08 16:22:02,679 - preprocessor_separate_臺東 - INFO - 執行特徵選擇
2025-06-08 16:22:02,683 - preprocessor_separate_臺東 - INFO - 特徵選擇完成: 74 個特徵, 19 個目標
2025-06-08 16:22:02,685 - preprocessor_separate_臺東 - INFO - 執行數據標準化
2025-06-08 16:22:02,732 - preprocessor_separate_臺東 - INFO - 標準化器已保存: D:\pythonWork\R_datascience\final\Train\data\processed\separate\separate_scaler.pkl
2025-06-08 16:22:02,733 - preprocessor_separate_臺東 - INFO - 數據預處理完成: (43584, 95)
2025-06-08 16:22:03,192 - preprocessor_separate_臺東 - INFO - 處理後數據已保存: D:\pythonWork\R_datascience\final\Train\data\processed\separate\separate_臺東_20250608_162202_processed.npz
2025-06-08 16:22:03,192 - preprocessor_separate_臺東 - INFO - 數據形狀: X=(43584, 74), y=(43584, 19)
2025-06-08 16:22:03,194 - preprocessor_separate_臺東 - INFO - 預處理管道執行完成
2025-06-08 16:22:03,197 - windows_separate_臺東 - INFO - ==================================================
2025-06-08 16:22:03,197 - windows_separate_臺東 - INFO - 開始執行 separate 模式的時間窗口生成
2025-06-08 16:22:03,197 - windows_separate_臺東 - INFO - ==================================================
2025-06-08 16:22:03,197 - windows_separate_臺東 - INFO - 載入預處理數據: D:\pythonWork\R_datascience\final\Train\data\processed\separate\separate_臺東_20250608_162202_processed.npz
2025-06-08 16:22:03,259 - windows_separate_臺東 - INFO - 數據載入完成: X=(43584, 74), y=(43584, 19)
2025-06-08 16:22:03,259 - windows_separate_臺東 - INFO - 開始創建滑動時間窗口
2025-06-08 16:22:03,259 - windows_separate_臺東 - INFO - 窗口參數: window_size=24, horizon=6, stride=1
2025-06-08 16:22:03,270 - windows_separate_臺東 - INFO - 處理 1 個測站的數據
2025-06-08 16:22:03,381 - windows_separate_臺東 - INFO - 單序列窗口創建完成: 43555 個窗口
2025-06-08 16:22:03,381 - windows_separate_臺東 - INFO - 測站 臺東: 43555 個窗口
2025-06-08 16:22:03,444 - windows_separate_臺東 - INFO - 多測站窗口創建完成: 總計 43555 個窗口
2025-06-08 16:22:03,462 - windows_separate_臺東 - INFO - 開始分割數據集
2025-06-08 16:22:03,462 - windows_separate_臺東 - INFO - train: X=(34844, 24, 74), y=(34844, 6, 19)
2025-06-08 16:22:03,462 - windows_separate_臺東 - INFO - val: X=(4355, 24, 74), y=(4355, 6, 19)
2025-06-08 16:22:03,462 - windows_separate_臺東 - INFO - test: X=(4356, 24, 74), y=(4356, 6, 19)
2025-06-08 16:22:08,377 - windows_separate_臺東 - INFO - NumPy格式數據已保存: D:\pythonWork\R_datascience\final\Train\data\sliding_windows\separate\separate_臺東_20250608_162202_windows.npz
2025-06-08 16:22:08,998 - windows_separate_臺東 - INFO - PyTorch格式數據已保存: D:\pythonWork\R_datascience\final\Train\data\sliding_windows\separate\separate_臺東_20250608_162202_windows.pt
2025-06-08 16:22:08,998 - windows_separate_臺東 - INFO - 時間窗口生成管道執行完成
2025-06-08 16:22:09,018 - trainer_separate_臺東 - INFO - 使用設備: cuda
2025-06-08 16:22:09,018 - trainer_separate_臺東 - INFO - ==================================================
2025-06-08 16:22:09,018 - trainer_separate_臺東 - INFO - 開始執行 separate 模式的模型訓練
2025-06-08 16:22:09,018 - trainer_separate_臺東 - INFO - ==================================================
2025-06-08 16:22:09,019 - trainer_separate_臺東 - INFO - 載入訓練數據
2025-06-08 16:22:10,261 - trainer_separate_臺東 - INFO - 訓練LightGBM模型...
2025-06-08 16:22:10,263 - trainer_separate_臺東 - INFO - 開始訓練LightGBM模型
2025-06-08 16:22:10,263 - trainer_separate_臺東 - INFO - LightGBM數據形狀: X_train=(34844, 1776), y_train=(34844, 114)
2025-06-08 16:22:16,304 - trainer_separate_臺東 - INFO - LightGBM訓練完成: 5.82s
2025-06-08 16:22:16,304 - trainer_separate_臺東 - INFO - 驗證集MAE: 1.4743
2025-06-08 16:22:16,336 - trainer_separate_臺東 - INFO - 訓練LSTM模型...
2025-06-08 16:22:16,336 - trainer_separate_臺東 - INFO - 開始訓練LSTM模型
2025-06-08 16:22:16,433 - trainer_separate_臺東 - INFO - LSTM數據形狀: X_train=torch.Size([34844, 24, 74]), y_train=torch.Size([34844, 6, 19])
2025-06-08 16:22:17,283 - trainer_separate_臺東 - INFO - Epoch 0: Train Loss=75.123685, Val Loss=46.000519
2025-06-08 16:22:25,063 - trainer_separate_臺東 - INFO - Epoch 10: Train Loss=5.813799, Val Loss=11.904046
2025-06-08 16:22:31,871 - trainer_separate_臺東 - INFO - 早停於 epoch 19
2025-06-08 16:22:32,058 - trainer_separate_臺東 - INFO - LSTM訓練完成: 15.53s
2025-06-08 16:22:32,058 - trainer_separate_臺東 - INFO - 驗證集MAE: 1.8425
2025-06-08 16:22:32,061 - trainer_separate_臺東 - INFO - 模型訓練管道執行完成
