2025-06-08 18:34:13,412 - preprocessor_separate_norm_富貴角 - INFO - ==================================================
2025-06-08 18:34:13,413 - preprocessor_separate_norm_富貴角 - INFO - 開始執行 separate_norm 模式的完整預處理管道
2025-06-08 18:34:13,413 - preprocessor_separate_norm_富貴角 - INFO - ==================================================
2025-06-08 18:34:13,413 - preprocessor_separate_norm_富貴角 - INFO - 開始載入 separate_norm 模式的原始數據
2025-06-08 18:34:13,413 - preprocessor_separate_norm_富貴角 - INFO - 載入文件: D:\pythonWork\R_datascience\final\Train\data\raw\Separate_Nomorlization\Nomorlization_富貴角_C0AI20_combined.csv
2025-06-08 18:34:13,516 - preprocessor_separate_norm_富貴角 - INFO - 合併 1 個文件，總記錄數: 43584
2025-06-08 18:34:13,549 - preprocessor_separate_norm_富貴角 - INFO - 數據驗證通過: (43584, 27), 時間範圍: 2020-01-01T00:00:00Z 到 2024-12-20T23:00:00Z
2025-06-08 18:34:13,549 - preprocessor_separate_norm_富貴角 - INFO - 原始數據載入完成: (43584, 27)
2025-06-08 18:34:13,549 - preprocessor_separate_norm_富貴角 - INFO - 開始數據預處理
2025-06-08 18:34:13,549 - preprocessor_separate_norm_富貴角 - INFO - 處理時間特徵
2025-06-08 18:34:13,549 - preprocessor_separate_norm_富貴角 - INFO - 數據已包含時間特徵，跳過時間特徵處理
2025-06-08 18:34:13,561 - preprocessor_separate_norm_富貴角 - INFO - 執行特徵工程
2025-06-08 18:34:13,595 - preprocessor_separate_norm_富貴角 - INFO - 執行數據清理
2025-06-08 18:34:13,740 - preprocessor_separate_norm_富貴角 - INFO - 數據清理完成: 43584 -> 43584 行
2025-06-08 18:34:13,740 - preprocessor_separate_norm_富貴角 - INFO - 執行特徵選擇
2025-06-08 18:34:13,756 - preprocessor_separate_norm_富貴角 - INFO - 特徵選擇完成: 69 個特徵, 18 個目標
2025-06-08 18:34:13,760 - preprocessor_separate_norm_富貴角 - INFO - 數據預處理完成: (43584, 89)
2025-06-08 18:34:14,258 - preprocessor_separate_norm_富貴角 - INFO - 處理後數據已保存: D:\pythonWork\R_datascience\final\Train\data\processed\separate_norm\separate_norm_富貴角_20250608_183413_processed.npz
2025-06-08 18:34:14,258 - preprocessor_separate_norm_富貴角 - INFO - 數據形狀: X=(43584, 69), y=(43584, 18)
2025-06-08 18:34:14,258 - preprocessor_separate_norm_富貴角 - INFO - 預處理管道執行完成
2025-06-08 18:34:14,275 - windows_separate_norm_富貴角 - INFO - ==================================================
2025-06-08 18:34:14,275 - windows_separate_norm_富貴角 - INFO - 開始執行 separate_norm 模式的時間窗口生成
2025-06-08 18:34:14,275 - windows_separate_norm_富貴角 - INFO - ==================================================
2025-06-08 18:34:14,275 - windows_separate_norm_富貴角 - INFO - 載入預處理數據: D:\pythonWork\R_datascience\final\Train\data\processed\separate_norm\separate_norm_富貴角_20250608_183413_processed.npz
2025-06-08 18:34:14,355 - windows_separate_norm_富貴角 - INFO - 數據載入完成: X=(43584, 69), y=(43584, 18)
2025-06-08 18:34:14,356 - windows_separate_norm_富貴角 - INFO - 開始創建滑動時間窗口
2025-06-08 18:34:14,356 - windows_separate_norm_富貴角 - INFO - 窗口參數: window_size=24, horizon=6, stride=1
2025-06-08 18:34:14,363 - windows_separate_norm_富貴角 - INFO - 處理 1 個測站的數據
2025-06-08 18:34:14,467 - windows_separate_norm_富貴角 - INFO - 單序列窗口創建完成: 43555 個窗口
2025-06-08 18:34:14,467 - windows_separate_norm_富貴角 - INFO - 測站 富貴角: 43555 個窗口
2025-06-08 18:34:14,525 - windows_separate_norm_富貴角 - INFO - 多測站窗口創建完成: 總計 43555 個窗口
2025-06-08 18:34:14,536 - windows_separate_norm_富貴角 - INFO - 開始分割數據集
2025-06-08 18:34:14,536 - windows_separate_norm_富貴角 - INFO - train: X=(34844, 24, 69), y=(34844, 6, 18)
2025-06-08 18:34:14,537 - windows_separate_norm_富貴角 - INFO - val: X=(4355, 24, 69), y=(4355, 6, 18)
2025-06-08 18:34:14,537 - windows_separate_norm_富貴角 - INFO - test: X=(4356, 24, 69), y=(4356, 6, 18)
2025-06-08 18:34:18,935 - windows_separate_norm_富貴角 - INFO - NumPy格式數據已保存: D:\pythonWork\R_datascience\final\Train\data\sliding_windows\separate_norm\separate_norm_富貴角_20250608_183413_windows.npz
2025-06-08 18:34:19,451 - windows_separate_norm_富貴角 - INFO - PyTorch格式數據已保存: D:\pythonWork\R_datascience\final\Train\data\sliding_windows\separate_norm\separate_norm_富貴角_20250608_183413_windows.pt
2025-06-08 18:34:19,451 - windows_separate_norm_富貴角 - INFO - 時間窗口生成管道執行完成
2025-06-08 18:34:19,472 - trainer_separate_norm_富貴角 - INFO - 使用設備: cuda
2025-06-08 18:34:19,472 - trainer_separate_norm_富貴角 - INFO - ==================================================
2025-06-08 18:34:19,472 - trainer_separate_norm_富貴角 - INFO - 開始執行 separate_norm 模式的模型訓練
2025-06-08 18:34:19,472 - trainer_separate_norm_富貴角 - INFO - ==================================================
2025-06-08 18:34:19,472 - trainer_separate_norm_富貴角 - INFO - 載入訓練數據
2025-06-08 18:34:20,511 - trainer_separate_norm_富貴角 - INFO - 訓練LightGBM模型...
2025-06-08 18:34:20,511 - trainer_separate_norm_富貴角 - INFO - 開始訓練LightGBM模型
2025-06-08 18:34:20,511 - trainer_separate_norm_富貴角 - INFO - LightGBM數據形狀: X_train=(34844, 1656), y_train=(34844, 108)
2025-06-08 18:34:26,962 - trainer_separate_norm_富貴角 - INFO - LightGBM訓練完成: 6.08s
2025-06-08 18:34:26,962 - trainer_separate_norm_富貴角 - INFO - 驗證集MAE: 0.0806
2025-06-08 18:34:26,998 - trainer_separate_norm_富貴角 - INFO - 訓練LSTM模型...
2025-06-08 18:34:26,998 - trainer_separate_norm_富貴角 - INFO - 開始訓練LSTM模型
2025-06-08 18:34:27,081 - trainer_separate_norm_富貴角 - INFO - LSTM數據形狀: X_train=torch.Size([34844, 24, 69]), y_train=torch.Size([34844, 6, 18])
2025-06-08 18:34:27,863 - trainer_separate_norm_富貴角 - INFO - Epoch 0: Train Loss=0.206816, Val Loss=0.155894
2025-06-08 18:34:34,776 - trainer_separate_norm_富貴角 - INFO - Epoch 10: Train Loss=0.086768, Val Loss=0.172651
2025-06-08 18:34:36,584 - trainer_separate_norm_富貴角 - INFO - 早停於 epoch 12
2025-06-08 18:34:36,760 - trainer_separate_norm_富貴角 - INFO - LSTM訓練完成: 9.59s
2025-06-08 18:34:36,760 - trainer_separate_norm_富貴角 - INFO - 驗證集MAE: 0.2634
2025-06-08 18:34:36,760 - trainer_separate_norm_富貴角 - INFO - 模型訓練管道執行完成
