2025-06-08 18:51:30,500 - preprocessor_separate_norm_萬華 - INFO - ==================================================
2025-06-08 18:51:30,500 - preprocessor_separate_norm_萬華 - INFO - 開始執行 separate_norm 模式的完整預處理管道
2025-06-08 18:51:30,500 - preprocessor_separate_norm_萬華 - INFO - ==================================================
2025-06-08 18:51:30,500 - preprocessor_separate_norm_萬華 - INFO - 開始載入 separate_norm 模式的原始數據
2025-06-08 18:51:30,501 - preprocessor_separate_norm_萬華 - INFO - 載入文件: D:\pythonWork\R_datascience\final\Train\data\raw\Separate_Nomorlization\Nomorlization_萬華_466920_combined.csv
2025-06-08 18:51:30,606 - preprocessor_separate_norm_萬華 - INFO - 合併 1 個文件，總記錄數: 43584
2025-06-08 18:51:30,638 - preprocessor_separate_norm_萬華 - INFO - 數據驗證通過: (43584, 28), 時間範圍: 2020-01-01T00:00:00Z 到 2024-12-20T23:00:00Z
2025-06-08 18:51:30,638 - preprocessor_separate_norm_萬華 - INFO - 原始數據載入完成: (43584, 28)
2025-06-08 18:51:30,638 - preprocessor_separate_norm_萬華 - INFO - 開始數據預處理
2025-06-08 18:51:30,638 - preprocessor_separate_norm_萬華 - INFO - 處理時間特徵
2025-06-08 18:51:30,638 - preprocessor_separate_norm_萬華 - INFO - 數據已包含時間特徵，跳過時間特徵處理
2025-06-08 18:51:30,649 - preprocessor_separate_norm_萬華 - INFO - 執行特徵工程
2025-06-08 18:51:30,683 - preprocessor_separate_norm_萬華 - INFO - 執行數據清理
2025-06-08 18:51:30,835 - preprocessor_separate_norm_萬華 - INFO - 數據清理完成: 43584 -> 43584 行
2025-06-08 18:51:30,835 - preprocessor_separate_norm_萬華 - INFO - 執行特徵選擇
2025-06-08 18:51:30,850 - preprocessor_separate_norm_萬華 - INFO - 特徵選擇完成: 69 個特徵, 19 個目標
2025-06-08 18:51:30,855 - preprocessor_separate_norm_萬華 - INFO - 數據預處理完成: (43584, 90)
2025-06-08 18:51:31,426 - preprocessor_separate_norm_萬華 - INFO - 處理後數據已保存: D:\pythonWork\R_datascience\final\Train\data\processed\separate_norm\separate_norm_萬華_20250608_185130_processed.npz
2025-06-08 18:51:31,426 - preprocessor_separate_norm_萬華 - INFO - 數據形狀: X=(43584, 69), y=(43584, 19)
2025-06-08 18:51:31,429 - preprocessor_separate_norm_萬華 - INFO - 預處理管道執行完成
2025-06-08 18:51:31,431 - windows_separate_norm_萬華 - INFO - ==================================================
2025-06-08 18:51:31,431 - windows_separate_norm_萬華 - INFO - 開始執行 separate_norm 模式的時間窗口生成
2025-06-08 18:51:31,431 - windows_separate_norm_萬華 - INFO - ==================================================
2025-06-08 18:51:31,432 - windows_separate_norm_萬華 - INFO - 載入預處理數據: D:\pythonWork\R_datascience\final\Train\data\processed\separate_norm\separate_norm_萬華_20250608_185130_processed.npz
2025-06-08 18:51:31,516 - windows_separate_norm_萬華 - INFO - 數據載入完成: X=(43584, 69), y=(43584, 19)
2025-06-08 18:51:31,517 - windows_separate_norm_萬華 - INFO - 開始創建滑動時間窗口
2025-06-08 18:51:31,517 - windows_separate_norm_萬華 - INFO - 窗口參數: window_size=24, horizon=6, stride=1
2025-06-08 18:51:31,524 - windows_separate_norm_萬華 - INFO - 處理 1 個測站的數據
2025-06-08 18:51:31,626 - windows_separate_norm_萬華 - INFO - 單序列窗口創建完成: 43555 個窗口
2025-06-08 18:51:31,626 - windows_separate_norm_萬華 - INFO - 測站 萬華: 43555 個窗口
2025-06-08 18:51:31,686 - windows_separate_norm_萬華 - INFO - 多測站窗口創建完成: 總計 43555 個窗口
2025-06-08 18:51:31,702 - windows_separate_norm_萬華 - INFO - 開始分割數據集
2025-06-08 18:51:31,702 - windows_separate_norm_萬華 - INFO - train: X=(34844, 24, 69), y=(34844, 6, 19)
2025-06-08 18:51:31,702 - windows_separate_norm_萬華 - INFO - val: X=(4355, 24, 69), y=(4355, 6, 19)
2025-06-08 18:51:31,702 - windows_separate_norm_萬華 - INFO - test: X=(4356, 24, 69), y=(4356, 6, 19)
2025-06-08 18:51:36,108 - windows_separate_norm_萬華 - INFO - NumPy格式數據已保存: D:\pythonWork\R_datascience\final\Train\data\sliding_windows\separate_norm\separate_norm_萬華_20250608_185130_windows.npz
2025-06-08 18:51:36,629 - windows_separate_norm_萬華 - INFO - PyTorch格式數據已保存: D:\pythonWork\R_datascience\final\Train\data\sliding_windows\separate_norm\separate_norm_萬華_20250608_185130_windows.pt
2025-06-08 18:51:36,629 - windows_separate_norm_萬華 - INFO - 時間窗口生成管道執行完成
2025-06-08 18:51:36,647 - trainer_separate_norm_萬華 - INFO - 使用設備: cuda
2025-06-08 18:51:36,647 - trainer_separate_norm_萬華 - INFO - ==================================================
2025-06-08 18:51:36,648 - trainer_separate_norm_萬華 - INFO - 開始執行 separate_norm 模式的模型訓練
2025-06-08 18:51:36,648 - trainer_separate_norm_萬華 - INFO - ==================================================
2025-06-08 18:51:36,648 - trainer_separate_norm_萬華 - INFO - 載入訓練數據
2025-06-08 18:51:37,721 - trainer_separate_norm_萬華 - INFO - 訓練LightGBM模型...
2025-06-08 18:51:37,721 - trainer_separate_norm_萬華 - INFO - 開始訓練LightGBM模型
2025-06-08 18:51:37,721 - trainer_separate_norm_萬華 - INFO - LightGBM數據形狀: X_train=(34844, 1656), y_train=(34844, 114)
2025-06-08 18:51:48,914 - trainer_separate_norm_萬華 - INFO - LightGBM訓練完成: 10.44s
2025-06-08 18:51:48,914 - trainer_separate_norm_萬華 - INFO - 驗證集MAE: 0.1134
2025-06-08 18:51:48,944 - trainer_separate_norm_萬華 - INFO - 訓練LSTM模型...
2025-06-08 18:51:48,945 - trainer_separate_norm_萬華 - INFO - 開始訓練LSTM模型
2025-06-08 18:51:49,028 - trainer_separate_norm_萬華 - INFO - LSTM數據形狀: X_train=torch.Size([34844, 24, 69]), y_train=torch.Size([34844, 6, 19])
2025-06-08 18:51:49,810 - trainer_separate_norm_萬華 - INFO - Epoch 0: Train Loss=0.222228, Val Loss=0.146679
2025-06-08 18:51:56,608 - trainer_separate_norm_萬華 - INFO - Epoch 10: Train Loss=0.079075, Val Loss=0.156311
2025-06-08 18:51:58,629 - trainer_separate_norm_萬華 - INFO - 早停於 epoch 13
2025-06-08 18:51:58,800 - trainer_separate_norm_萬華 - INFO - LSTM訓練完成: 9.68s
2025-06-08 18:51:58,800 - trainer_separate_norm_萬華 - INFO - 驗證集MAE: 0.2650
2025-06-08 18:51:58,821 - trainer_separate_norm_萬華 - INFO - 模型訓練管道執行完成
