2025-06-08 16:16:49,973 - preprocessor_separate_沙鹿 - INFO - ==================================================
2025-06-08 16:16:49,973 - preprocessor_separate_沙鹿 - INFO - 開始執行 separate 模式的完整預處理管道
2025-06-08 16:16:49,973 - preprocessor_separate_沙鹿 - INFO - ==================================================
2025-06-08 16:16:49,973 - preprocessor_separate_沙鹿 - INFO - 開始載入 separate 模式的原始數據
2025-06-08 16:16:49,974 - preprocessor_separate_沙鹿 - INFO - 載入文件: D:\pythonWork\R_datascience\final\Train\data\raw\Separate\沙鹿_C0F9X0_combined.csv
2025-06-08 16:16:50,037 - preprocessor_separate_沙鹿 - INFO - 合併 1 個文件，總記錄數: 43584
2025-06-08 16:16:50,075 - preprocessor_separate_沙鹿 - INFO - 數據驗證通過: (43584, 28), 時間範圍: 2020-01-01T00:00:00Z 到 2024-12-20T23:00:00Z
2025-06-08 16:16:50,075 - preprocessor_separate_沙鹿 - INFO - 原始數據載入完成: (43584, 28)
2025-06-08 16:16:50,075 - preprocessor_separate_沙鹿 - INFO - 開始數據預處理
2025-06-08 16:16:50,075 - preprocessor_separate_沙鹿 - INFO - 處理時間特徵
2025-06-08 16:16:50,120 - preprocessor_separate_沙鹿 - INFO - 執行特徵工程
2025-06-08 16:16:50,164 - preprocessor_separate_沙鹿 - INFO - 執行數據清理
2025-06-08 16:16:50,402 - preprocessor_separate_沙鹿 - INFO - 數據清理完成: 43584 -> 43584 行
2025-06-08 16:16:50,404 - preprocessor_separate_沙鹿 - INFO - 執行特徵選擇
2025-06-08 16:16:50,409 - preprocessor_separate_沙鹿 - INFO - 特徵選擇完成: 74 個特徵, 19 個目標
2025-06-08 16:16:50,410 - preprocessor_separate_沙鹿 - INFO - 執行數據標準化
2025-06-08 16:16:50,456 - preprocessor_separate_沙鹿 - INFO - 標準化器已保存: D:\pythonWork\R_datascience\final\Train\data\processed\separate\separate_scaler.pkl
2025-06-08 16:16:50,457 - preprocessor_separate_沙鹿 - INFO - 數據預處理完成: (43584, 95)
2025-06-08 16:16:50,932 - preprocessor_separate_沙鹿 - INFO - 處理後數據已保存: D:\pythonWork\R_datascience\final\Train\data\processed\separate\separate_沙鹿_20250608_161649_processed.npz
2025-06-08 16:16:50,932 - preprocessor_separate_沙鹿 - INFO - 數據形狀: X=(43584, 74), y=(43584, 19)
2025-06-08 16:16:50,933 - preprocessor_separate_沙鹿 - INFO - 預處理管道執行完成
2025-06-08 16:16:50,936 - windows_separate_沙鹿 - INFO - ==================================================
2025-06-08 16:16:50,936 - windows_separate_沙鹿 - INFO - 開始執行 separate 模式的時間窗口生成
2025-06-08 16:16:50,936 - windows_separate_沙鹿 - INFO - ==================================================
2025-06-08 16:16:50,937 - windows_separate_沙鹿 - INFO - 載入預處理數據: D:\pythonWork\R_datascience\final\Train\data\processed\separate\separate_沙鹿_20250608_161649_processed.npz
2025-06-08 16:16:51,007 - windows_separate_沙鹿 - INFO - 數據載入完成: X=(43584, 74), y=(43584, 19)
2025-06-08 16:16:51,007 - windows_separate_沙鹿 - INFO - 開始創建滑動時間窗口
2025-06-08 16:16:51,007 - windows_separate_沙鹿 - INFO - 窗口參數: window_size=24, horizon=6, stride=1
2025-06-08 16:16:51,016 - windows_separate_沙鹿 - INFO - 處理 1 個測站的數據
2025-06-08 16:16:51,130 - windows_separate_沙鹿 - INFO - 單序列窗口創建完成: 43555 個窗口
2025-06-08 16:16:51,130 - windows_separate_沙鹿 - INFO - 測站 沙鹿: 43555 個窗口
2025-06-08 16:16:51,193 - windows_separate_沙鹿 - INFO - 多測站窗口創建完成: 總計 43555 個窗口
2025-06-08 16:16:51,210 - windows_separate_沙鹿 - INFO - 開始分割數據集
2025-06-08 16:16:51,211 - windows_separate_沙鹿 - INFO - train: X=(34844, 24, 74), y=(34844, 6, 19)
2025-06-08 16:16:51,211 - windows_separate_沙鹿 - INFO - val: X=(4355, 24, 74), y=(4355, 6, 19)
2025-06-08 16:16:51,211 - windows_separate_沙鹿 - INFO - test: X=(4356, 24, 74), y=(4356, 6, 19)
2025-06-08 16:16:56,197 - windows_separate_沙鹿 - INFO - NumPy格式數據已保存: D:\pythonWork\R_datascience\final\Train\data\sliding_windows\separate\separate_沙鹿_20250608_161649_windows.npz
2025-06-08 16:16:56,774 - windows_separate_沙鹿 - INFO - PyTorch格式數據已保存: D:\pythonWork\R_datascience\final\Train\data\sliding_windows\separate\separate_沙鹿_20250608_161649_windows.pt
2025-06-08 16:16:56,774 - windows_separate_沙鹿 - INFO - 時間窗口生成管道執行完成
2025-06-08 16:16:56,793 - trainer_separate_沙鹿 - INFO - 使用設備: cuda
2025-06-08 16:16:56,793 - trainer_separate_沙鹿 - INFO - ==================================================
2025-06-08 16:16:56,793 - trainer_separate_沙鹿 - INFO - 開始執行 separate 模式的模型訓練
2025-06-08 16:16:56,793 - trainer_separate_沙鹿 - INFO - ==================================================
2025-06-08 16:16:56,793 - trainer_separate_沙鹿 - INFO - 載入訓練數據
2025-06-08 16:16:58,031 - trainer_separate_沙鹿 - INFO - 訓練LightGBM模型...
2025-06-08 16:16:58,031 - trainer_separate_沙鹿 - INFO - 開始訓練LightGBM模型
2025-06-08 16:16:58,031 - trainer_separate_沙鹿 - INFO - LightGBM數據形狀: X_train=(34844, 1776), y_train=(34844, 114)
2025-06-08 16:17:09,357 - trainer_separate_沙鹿 - INFO - LightGBM訓練完成: 11.03s
2025-06-08 16:17:09,358 - trainer_separate_沙鹿 - INFO - 驗證集MAE: 2.6795
2025-06-08 16:17:09,391 - trainer_separate_沙鹿 - INFO - 訓練LSTM模型...
2025-06-08 16:17:09,391 - trainer_separate_沙鹿 - INFO - 開始訓練LSTM模型
2025-06-08 16:17:09,438 - trainer_separate_沙鹿 - INFO - LSTM數據形狀: X_train=torch.Size([34844, 24, 74]), y_train=torch.Size([34844, 6, 19])
2025-06-08 16:17:10,312 - trainer_separate_沙鹿 - INFO - Epoch 0: Train Loss=207.858941, Val Loss=112.088889
2025-06-08 16:17:18,009 - trainer_separate_沙鹿 - INFO - Epoch 10: Train Loss=22.156540, Val Loss=36.579989
2025-06-08 16:17:24,750 - trainer_separate_沙鹿 - INFO - 早停於 epoch 19
2025-06-08 16:17:24,936 - trainer_separate_沙鹿 - INFO - LSTM訓練完成: 15.36s
2025-06-08 16:17:24,936 - trainer_separate_沙鹿 - INFO - 驗證集MAE: 3.1584
2025-06-08 16:17:24,941 - trainer_separate_沙鹿 - INFO - 模型訓練管道執行完成
