2025-06-08 15:58:18,847 - preprocessor_separate_大同 - INFO - ==================================================
2025-06-08 15:58:18,847 - preprocessor_separate_大同 - INFO - 開始執行 separate 模式的完整預處理管道
2025-06-08 15:58:18,847 - preprocessor_separate_大同 - INFO - ==================================================
2025-06-08 15:58:18,847 - preprocessor_separate_大同 - INFO - 開始載入 separate 模式的原始數據
2025-06-08 15:58:18,848 - preprocessor_separate_大同 - INFO - 載入文件: D:\pythonWork\R_datascience\final\Train\data\raw\Separate\大同_C0AI30_combined.csv
2025-06-08 15:58:18,907 - preprocessor_separate_大同 - INFO - 合併 1 個文件，總記錄數: 43584
2025-06-08 15:58:18,939 - preprocessor_separate_大同 - INFO - 數據驗證通過: (43584, 28), 時間範圍: 2020-01-01T00:00:00Z 到 2024-12-20T23:00:00Z
2025-06-08 15:58:18,939 - preprocessor_separate_大同 - INFO - 原始數據載入完成: (43584, 28)
2025-06-08 15:58:18,939 - preprocessor_separate_大同 - INFO - 開始數據預處理
2025-06-08 15:58:18,939 - preprocessor_separate_大同 - INFO - 處理時間特徵
2025-06-08 15:58:18,982 - preprocessor_separate_大同 - INFO - 執行特徵工程
2025-06-08 15:58:19,022 - preprocessor_separate_大同 - INFO - 執行數據清理
2025-06-08 15:58:19,212 - preprocessor_separate_大同 - INFO - 數據清理完成: 43584 -> 43584 行
2025-06-08 15:58:19,214 - preprocessor_separate_大同 - INFO - 執行特徵選擇
2025-06-08 15:58:19,218 - preprocessor_separate_大同 - INFO - 特徵選擇完成: 74 個特徵, 19 個目標
2025-06-08 15:58:19,219 - preprocessor_separate_大同 - INFO - 執行數據標準化
2025-06-08 15:58:19,263 - preprocessor_separate_大同 - INFO - 標準化器已保存: D:\pythonWork\R_datascience\final\Train\data\processed\separate\separate_scaler.pkl
2025-06-08 15:58:19,264 - preprocessor_separate_大同 - INFO - 數據預處理完成: (43584, 95)
2025-06-08 15:58:19,782 - preprocessor_separate_大同 - INFO - 處理後數據已保存: D:\pythonWork\R_datascience\final\Train\data\processed\separate\separate_大同_20250608_155818_processed.npz
2025-06-08 15:58:19,782 - preprocessor_separate_大同 - INFO - 數據形狀: X=(43584, 74), y=(43584, 19)
2025-06-08 15:58:19,789 - preprocessor_separate_大同 - INFO - 預處理管道執行完成
2025-06-08 15:58:19,792 - windows_separate_大同 - INFO - ==================================================
2025-06-08 15:58:19,792 - windows_separate_大同 - INFO - 開始執行 separate 模式的時間窗口生成
2025-06-08 15:58:19,792 - windows_separate_大同 - INFO - ==================================================
2025-06-08 15:58:19,792 - windows_separate_大同 - INFO - 載入預處理數據: D:\pythonWork\R_datascience\final\Train\data\processed\separate\separate_大同_20250608_155818_processed.npz
2025-06-08 15:58:19,860 - windows_separate_大同 - INFO - 數據載入完成: X=(43584, 74), y=(43584, 19)
2025-06-08 15:58:19,860 - windows_separate_大同 - INFO - 開始創建滑動時間窗口
2025-06-08 15:58:19,861 - windows_separate_大同 - INFO - 窗口參數: window_size=24, horizon=6, stride=1
2025-06-08 15:58:19,869 - windows_separate_大同 - INFO - 處理 1 個測站的數據
2025-06-08 15:58:19,975 - windows_separate_大同 - INFO - 單序列窗口創建完成: 43555 個窗口
2025-06-08 15:58:19,975 - windows_separate_大同 - INFO - 測站 大同: 43555 個窗口
2025-06-08 15:58:20,042 - windows_separate_大同 - INFO - 多測站窗口創建完成: 總計 43555 個窗口
2025-06-08 15:58:20,060 - windows_separate_大同 - INFO - 開始分割數據集
2025-06-08 15:58:20,060 - windows_separate_大同 - INFO - train: X=(34844, 24, 74), y=(34844, 6, 19)
2025-06-08 15:58:20,060 - windows_separate_大同 - INFO - val: X=(4355, 24, 74), y=(4355, 6, 19)
2025-06-08 15:58:20,060 - windows_separate_大同 - INFO - test: X=(4356, 24, 74), y=(4356, 6, 19)
2025-06-08 15:58:25,077 - windows_separate_大同 - INFO - NumPy格式數據已保存: D:\pythonWork\R_datascience\final\Train\data\sliding_windows\separate\separate_大同_20250608_155818_windows.npz
2025-06-08 15:58:25,662 - windows_separate_大同 - INFO - PyTorch格式數據已保存: D:\pythonWork\R_datascience\final\Train\data\sliding_windows\separate\separate_大同_20250608_155818_windows.pt
2025-06-08 15:58:25,663 - windows_separate_大同 - INFO - 時間窗口生成管道執行完成
2025-06-08 15:58:25,682 - trainer_separate_大同 - INFO - 使用設備: cuda
2025-06-08 15:58:25,682 - trainer_separate_大同 - INFO - ==================================================
2025-06-08 15:58:25,682 - trainer_separate_大同 - INFO - 開始執行 separate 模式的模型訓練
2025-06-08 15:58:25,682 - trainer_separate_大同 - INFO - ==================================================
2025-06-08 15:58:25,682 - trainer_separate_大同 - INFO - 載入訓練數據
2025-06-08 15:58:27,112 - trainer_separate_大同 - INFO - 訓練LightGBM模型...
2025-06-08 15:58:27,112 - trainer_separate_大同 - INFO - 開始訓練LightGBM模型
2025-06-08 15:58:27,112 - trainer_separate_大同 - INFO - LightGBM數據形狀: X_train=(34844, 1776), y_train=(34844, 114)
2025-06-08 15:58:36,993 - trainer_separate_大同 - INFO - LightGBM訓練完成: 9.28s
2025-06-08 15:58:36,993 - trainer_separate_大同 - INFO - 驗證集MAE: 2.9180
2025-06-08 15:58:37,022 - trainer_separate_大同 - INFO - 訓練LSTM模型...
2025-06-08 15:58:37,022 - trainer_separate_大同 - INFO - 開始訓練LSTM模型
2025-06-08 15:58:37,116 - trainer_separate_大同 - INFO - LSTM數據形狀: X_train=torch.Size([34844, 24, 74]), y_train=torch.Size([34844, 6, 19])
2025-06-08 15:58:37,940 - trainer_separate_大同 - INFO - Epoch 0: Train Loss=305.012848, Val Loss=185.519666
2025-06-08 15:58:45,514 - trainer_separate_大同 - INFO - Epoch 10: Train Loss=60.501215, Val Loss=89.382802
2025-06-08 15:58:53,137 - trainer_separate_大同 - INFO - Epoch 20: Train Loss=33.670639, Val Loss=88.000345
2025-06-08 15:58:57,704 - trainer_separate_大同 - INFO - 早停於 epoch 26
2025-06-08 15:58:57,892 - trainer_separate_大同 - INFO - LSTM訓練完成: 20.68s
2025-06-08 15:58:57,892 - trainer_separate_大同 - INFO - 驗證集MAE: 4.7571
2025-06-08 15:58:57,897 - trainer_separate_大同 - INFO - 模型訓練管道執行完成
