2025-06-08 16:01:53,074 - preprocessor_separate_富貴角 - INFO - ==================================================
2025-06-08 16:01:53,074 - preprocessor_separate_富貴角 - INFO - 開始執行 separate 模式的完整預處理管道
2025-06-08 16:01:53,074 - preprocessor_separate_富貴角 - INFO - ==================================================
2025-06-08 16:01:53,074 - preprocessor_separate_富貴角 - INFO - 開始載入 separate 模式的原始數據
2025-06-08 16:01:53,075 - preprocessor_separate_富貴角 - INFO - 載入文件: D:\pythonWork\R_datascience\final\Train\data\raw\Separate\富貴角_C0AI20_combined.csv
2025-06-08 16:01:53,134 - preprocessor_separate_富貴角 - INFO - 合併 1 個文件，總記錄數: 43584
2025-06-08 16:01:53,165 - preprocessor_separate_富貴角 - INFO - 數據驗證通過: (43584, 27), 時間範圍: 2020-01-01T00:00:00Z 到 2024-12-20T23:00:00Z
2025-06-08 16:01:53,165 - preprocessor_separate_富貴角 - INFO - 原始數據載入完成: (43584, 27)
2025-06-08 16:01:53,165 - preprocessor_separate_富貴角 - INFO - 開始數據預處理
2025-06-08 16:01:53,165 - preprocessor_separate_富貴角 - INFO - 處理時間特徵
2025-06-08 16:01:53,207 - preprocessor_separate_富貴角 - INFO - 執行特徵工程
2025-06-08 16:01:53,251 - preprocessor_separate_富貴角 - INFO - 執行數據清理
2025-06-08 16:01:53,430 - preprocessor_separate_富貴角 - INFO - 數據清理完成: 43584 -> 43584 行
2025-06-08 16:01:53,430 - preprocessor_separate_富貴角 - INFO - 執行特徵選擇
2025-06-08 16:01:53,435 - preprocessor_separate_富貴角 - INFO - 特徵選擇完成: 74 個特徵, 18 個目標
2025-06-08 16:01:53,438 - preprocessor_separate_富貴角 - INFO - 執行數據標準化
2025-06-08 16:01:53,481 - preprocessor_separate_富貴角 - INFO - 標準化器已保存: D:\pythonWork\R_datascience\final\Train\data\processed\separate\separate_scaler.pkl
2025-06-08 16:01:53,481 - preprocessor_separate_富貴角 - INFO - 數據預處理完成: (43584, 94)
2025-06-08 16:01:53,905 - preprocessor_separate_富貴角 - INFO - 處理後數據已保存: D:\pythonWork\R_datascience\final\Train\data\processed\separate\separate_富貴角_20250608_160153_processed.npz
2025-06-08 16:01:53,905 - preprocessor_separate_富貴角 - INFO - 數據形狀: X=(43584, 74), y=(43584, 18)
2025-06-08 16:01:53,905 - preprocessor_separate_富貴角 - INFO - 預處理管道執行完成
2025-06-08 16:01:53,912 - windows_separate_富貴角 - INFO - ==================================================
2025-06-08 16:01:53,912 - windows_separate_富貴角 - INFO - 開始執行 separate 模式的時間窗口生成
2025-06-08 16:01:53,912 - windows_separate_富貴角 - INFO - ==================================================
2025-06-08 16:01:53,913 - windows_separate_富貴角 - INFO - 載入預處理數據: D:\pythonWork\R_datascience\final\Train\data\processed\separate\separate_富貴角_20250608_160153_processed.npz
2025-06-08 16:01:53,975 - windows_separate_富貴角 - INFO - 數據載入完成: X=(43584, 74), y=(43584, 18)
2025-06-08 16:01:53,975 - windows_separate_富貴角 - INFO - 開始創建滑動時間窗口
2025-06-08 16:01:53,975 - windows_separate_富貴角 - INFO - 窗口參數: window_size=24, horizon=6, stride=1
2025-06-08 16:01:53,986 - windows_separate_富貴角 - INFO - 處理 1 個測站的數據
2025-06-08 16:01:54,093 - windows_separate_富貴角 - INFO - 單序列窗口創建完成: 43555 個窗口
2025-06-08 16:01:54,094 - windows_separate_富貴角 - INFO - 測站 富貴角: 43555 個窗口
2025-06-08 16:01:54,156 - windows_separate_富貴角 - INFO - 多測站窗口創建完成: 總計 43555 個窗口
2025-06-08 16:01:54,171 - windows_separate_富貴角 - INFO - 開始分割數據集
2025-06-08 16:01:54,171 - windows_separate_富貴角 - INFO - train: X=(34844, 24, 74), y=(34844, 6, 18)
2025-06-08 16:01:54,172 - windows_separate_富貴角 - INFO - val: X=(4355, 24, 74), y=(4355, 6, 18)
2025-06-08 16:01:54,172 - windows_separate_富貴角 - INFO - test: X=(4356, 24, 74), y=(4356, 6, 18)
2025-06-08 16:01:58,957 - windows_separate_富貴角 - INFO - NumPy格式數據已保存: D:\pythonWork\R_datascience\final\Train\data\sliding_windows\separate\separate_富貴角_20250608_160153_windows.npz
2025-06-08 16:01:59,535 - windows_separate_富貴角 - INFO - PyTorch格式數據已保存: D:\pythonWork\R_datascience\final\Train\data\sliding_windows\separate\separate_富貴角_20250608_160153_windows.pt
2025-06-08 16:01:59,535 - windows_separate_富貴角 - INFO - 時間窗口生成管道執行完成
2025-06-08 16:01:59,554 - trainer_separate_富貴角 - INFO - 使用設備: cuda
2025-06-08 16:01:59,554 - trainer_separate_富貴角 - INFO - ==================================================
2025-06-08 16:01:59,554 - trainer_separate_富貴角 - INFO - 開始執行 separate 模式的模型訓練
2025-06-08 16:01:59,554 - trainer_separate_富貴角 - INFO - ==================================================
2025-06-08 16:01:59,555 - trainer_separate_富貴角 - INFO - 載入訓練數據
2025-06-08 16:02:00,725 - trainer_separate_富貴角 - INFO - 訓練LightGBM模型...
2025-06-08 16:02:00,725 - trainer_separate_富貴角 - INFO - 開始訓練LightGBM模型
2025-06-08 16:02:00,725 - trainer_separate_富貴角 - INFO - LightGBM數據形狀: X_train=(34844, 1776), y_train=(34844, 108)
2025-06-08 16:02:05,889 - trainer_separate_富貴角 - INFO - LightGBM訓練完成: 5.03s
2025-06-08 16:02:05,890 - trainer_separate_富貴角 - INFO - 驗證集MAE: 2.1143
2025-06-08 16:02:05,918 - trainer_separate_富貴角 - INFO - 訓練LSTM模型...
2025-06-08 16:02:05,918 - trainer_separate_富貴角 - INFO - 開始訓練LSTM模型
2025-06-08 16:02:06,011 - trainer_separate_富貴角 - INFO - LSTM數據形狀: X_train=torch.Size([34844, 24, 74]), y_train=torch.Size([34844, 6, 18])
2025-06-08 16:02:06,847 - trainer_separate_富貴角 - INFO - Epoch 0: Train Loss=262.975272, Val Loss=109.343540
2025-06-08 16:02:14,431 - trainer_separate_富貴角 - INFO - Epoch 10: Train Loss=18.754470, Val Loss=29.435511
2025-06-08 16:02:21,997 - trainer_separate_富貴角 - INFO - Epoch 20: Train Loss=10.963151, Val Loss=32.145966
2025-06-08 16:02:24,216 - trainer_separate_富貴角 - INFO - 早停於 epoch 23
2025-06-08 16:02:24,409 - trainer_separate_富貴角 - INFO - LSTM訓練完成: 18.30s
2025-06-08 16:02:24,409 - trainer_separate_富貴角 - INFO - 驗證集MAE: 2.6461
2025-06-08 16:02:24,416 - trainer_separate_富貴角 - INFO - 模型訓練管道執行完成
