2025-06-08 18:46:39,137 - preprocessor_separate_norm_潮州 - INFO - ==================================================
2025-06-08 18:46:39,137 - preprocessor_separate_norm_潮州 - INFO - 開始執行 separate_norm 模式的完整預處理管道
2025-06-08 18:46:39,137 - preprocessor_separate_norm_潮州 - INFO - ==================================================
2025-06-08 18:46:39,137 - preprocessor_separate_norm_潮州 - INFO - 開始載入 separate_norm 模式的原始數據
2025-06-08 18:46:39,138 - preprocessor_separate_norm_潮州 - INFO - 載入文件: D:\pythonWork\R_datascience\final\Train\data\raw\Separate_Nomorlization\Nomorlization_潮州_C0R220_combined.csv
2025-06-08 18:46:39,244 - preprocessor_separate_norm_潮州 - INFO - 合併 1 個文件，總記錄數: 43584
2025-06-08 18:46:39,277 - preprocessor_separate_norm_潮州 - INFO - 數據驗證通過: (43584, 30), 時間範圍: 2020-01-01T00:00:00Z 到 2024-12-20T23:00:00Z
2025-06-08 18:46:39,277 - preprocessor_separate_norm_潮州 - INFO - 原始數據載入完成: (43584, 30)
2025-06-08 18:46:39,277 - preprocessor_separate_norm_潮州 - INFO - 開始數據預處理
2025-06-08 18:46:39,277 - preprocessor_separate_norm_潮州 - INFO - 處理時間特徵
2025-06-08 18:46:39,277 - preprocessor_separate_norm_潮州 - INFO - 數據已包含時間特徵，跳過時間特徵處理
2025-06-08 18:46:39,289 - preprocessor_separate_norm_潮州 - INFO - 執行特徵工程
2025-06-08 18:46:39,320 - preprocessor_separate_norm_潮州 - INFO - 執行數據清理
2025-06-08 18:46:39,475 - preprocessor_separate_norm_潮州 - INFO - 數據清理完成: 43584 -> 43584 行
2025-06-08 18:46:39,475 - preprocessor_separate_norm_潮州 - INFO - 執行特徵選擇
2025-06-08 18:46:39,491 - preprocessor_separate_norm_潮州 - INFO - 特徵選擇完成: 69 個特徵, 21 個目標
2025-06-08 18:46:39,496 - preprocessor_separate_norm_潮州 - INFO - 數據預處理完成: (43584, 92)
2025-06-08 18:46:40,019 - preprocessor_separate_norm_潮州 - INFO - 處理後數據已保存: D:\pythonWork\R_datascience\final\Train\data\processed\separate_norm\separate_norm_潮州_20250608_184639_processed.npz
2025-06-08 18:46:40,019 - preprocessor_separate_norm_潮州 - INFO - 數據形狀: X=(43584, 69), y=(43584, 21)
2025-06-08 18:46:40,023 - preprocessor_separate_norm_潮州 - INFO - 預處理管道執行完成
2025-06-08 18:46:40,026 - windows_separate_norm_潮州 - INFO - ==================================================
2025-06-08 18:46:40,026 - windows_separate_norm_潮州 - INFO - 開始執行 separate_norm 模式的時間窗口生成
2025-06-08 18:46:40,026 - windows_separate_norm_潮州 - INFO - ==================================================
2025-06-08 18:46:40,026 - windows_separate_norm_潮州 - INFO - 載入預處理數據: D:\pythonWork\R_datascience\final\Train\data\processed\separate_norm\separate_norm_潮州_20250608_184639_processed.npz
2025-06-08 18:46:40,116 - windows_separate_norm_潮州 - INFO - 數據載入完成: X=(43584, 69), y=(43584, 21)
2025-06-08 18:46:40,116 - windows_separate_norm_潮州 - INFO - 開始創建滑動時間窗口
2025-06-08 18:46:40,116 - windows_separate_norm_潮州 - INFO - 窗口參數: window_size=24, horizon=6, stride=1
2025-06-08 18:46:40,124 - windows_separate_norm_潮州 - INFO - 處理 1 個測站的數據
2025-06-08 18:46:40,227 - windows_separate_norm_潮州 - INFO - 單序列窗口創建完成: 43555 個窗口
2025-06-08 18:46:40,227 - windows_separate_norm_潮州 - INFO - 測站 潮州: 43555 個窗口
2025-06-08 18:46:40,286 - windows_separate_norm_潮州 - INFO - 多測站窗口創建完成: 總計 43555 個窗口
2025-06-08 18:46:40,302 - windows_separate_norm_潮州 - INFO - 開始分割數據集
2025-06-08 18:46:40,302 - windows_separate_norm_潮州 - INFO - train: X=(34844, 24, 69), y=(34844, 6, 21)
2025-06-08 18:46:40,302 - windows_separate_norm_潮州 - INFO - val: X=(4355, 24, 69), y=(4355, 6, 21)
2025-06-08 18:46:40,303 - windows_separate_norm_潮州 - INFO - test: X=(4356, 24, 69), y=(4356, 6, 21)
2025-06-08 18:46:44,631 - windows_separate_norm_潮州 - INFO - NumPy格式數據已保存: D:\pythonWork\R_datascience\final\Train\data\sliding_windows\separate_norm\separate_norm_潮州_20250608_184639_windows.npz
2025-06-08 18:46:45,151 - windows_separate_norm_潮州 - INFO - PyTorch格式數據已保存: D:\pythonWork\R_datascience\final\Train\data\sliding_windows\separate_norm\separate_norm_潮州_20250608_184639_windows.pt
2025-06-08 18:46:45,151 - windows_separate_norm_潮州 - INFO - 時間窗口生成管道執行完成
2025-06-08 18:46:45,170 - trainer_separate_norm_潮州 - INFO - 使用設備: cuda
2025-06-08 18:46:45,170 - trainer_separate_norm_潮州 - INFO - ==================================================
2025-06-08 18:46:45,170 - trainer_separate_norm_潮州 - INFO - 開始執行 separate_norm 模式的模型訓練
2025-06-08 18:46:45,170 - trainer_separate_norm_潮州 - INFO - ==================================================
2025-06-08 18:46:45,170 - trainer_separate_norm_潮州 - INFO - 載入訓練數據
2025-06-08 18:46:46,296 - trainer_separate_norm_潮州 - INFO - 訓練LightGBM模型...
2025-06-08 18:46:46,296 - trainer_separate_norm_潮州 - INFO - 開始訓練LightGBM模型
2025-06-08 18:46:46,296 - trainer_separate_norm_潮州 - INFO - LightGBM數據形狀: X_train=(34844, 1656), y_train=(34844, 126)
2025-06-08 18:46:55,125 - trainer_separate_norm_潮州 - INFO - LightGBM訓練完成: 8.13s
2025-06-08 18:46:55,125 - trainer_separate_norm_潮州 - INFO - 驗證集MAE: 0.0587
2025-06-08 18:46:55,157 - trainer_separate_norm_潮州 - INFO - 訓練LSTM模型...
2025-06-08 18:46:55,157 - trainer_separate_norm_潮州 - INFO - 開始訓練LSTM模型
2025-06-08 18:46:55,241 - trainer_separate_norm_潮州 - INFO - LSTM數據形狀: X_train=torch.Size([34844, 24, 69]), y_train=torch.Size([34844, 6, 21])
2025-06-08 18:46:55,960 - trainer_separate_norm_潮州 - INFO - Epoch 0: Train Loss=0.127516, Val Loss=0.100031
2025-06-08 18:47:02,742 - trainer_separate_norm_潮州 - INFO - Epoch 10: Train Loss=0.053695, Val Loss=0.105452
2025-06-08 18:47:04,783 - trainer_separate_norm_潮州 - INFO - 早停於 epoch 13
2025-06-08 18:47:04,958 - trainer_separate_norm_潮州 - INFO - LSTM訓練完成: 9.63s
2025-06-08 18:47:04,958 - trainer_separate_norm_潮州 - INFO - 驗證集MAE: 0.2093
2025-06-08 18:47:04,981 - trainer_separate_norm_潮州 - INFO - 模型訓練管道執行完成
