2025-06-07 21:57:57,328 - preprocessor_separate_桃園 - INFO - ==================================================
2025-06-07 21:57:57,328 - preprocessor_separate_桃園 - INFO - 開始執行 separate 模式的完整預處理管道
2025-06-07 21:57:57,328 - preprocessor_separate_桃園 - INFO - ==================================================
2025-06-07 21:57:57,328 - preprocessor_separate_桃園 - INFO - 開始載入 separate 模式的原始數據
2025-06-07 21:57:57,328 - preprocessor_separate_桃園 - INFO - 載入文件: D:\pythonWork\R_datascience\final\Train\data\raw\Separate\桃園_C0C480_combined.csv
2025-06-07 21:57:57,386 - preprocessor_separate_桃園 - INFO - 合併 1 個文件，總記錄數: 43584
2025-06-07 21:57:57,418 - preprocessor_separate_桃園 - INFO - 數據驗證通過: (43584, 29), 時間範圍: 2020-01-01T00:00:00Z 到 2024-12-20T23:00:00Z
2025-06-07 21:57:57,418 - preprocessor_separate_桃園 - INFO - 原始數據載入完成: (43584, 29)
2025-06-07 21:57:57,418 - preprocessor_separate_桃園 - INFO - 開始數據預處理
2025-06-07 21:57:57,418 - preprocessor_separate_桃園 - INFO - 處理時間特徵
2025-06-07 21:57:57,454 - preprocessor_separate_桃園 - INFO - 執行特徵工程
2025-06-07 21:57:57,487 - preprocessor_separate_桃園 - INFO - 執行數據清理
2025-06-07 21:57:57,680 - preprocessor_separate_桃園 - INFO - 數據清理完成: 43584 -> 43584 行
2025-06-07 21:57:57,684 - preprocessor_separate_桃園 - INFO - 執行特徵選擇
2025-06-07 21:57:57,694 - preprocessor_separate_桃園 - INFO - 特徵選擇完成: 74 個特徵, 20 個目標
2025-06-07 21:57:57,695 - preprocessor_separate_桃園 - INFO - 執行數據標準化
2025-06-07 21:57:57,740 - preprocessor_separate_桃園 - INFO - 標準化器已保存: D:\pythonWork\R_datascience\final\Train\data\processed\separate_scaler.pkl
2025-06-07 21:57:57,740 - preprocessor_separate_桃園 - INFO - 數據預處理完成: (43584, 96)
2025-06-07 21:57:58,223 - preprocessor_separate_桃園 - INFO - 處理後數據已保存: D:\pythonWork\R_datascience\final\Train\data\processed\separate_桃園_20250607_215757_processed.npz
2025-06-07 21:57:58,223 - preprocessor_separate_桃園 - INFO - 數據形狀: X=(43584, 74), y=(43584, 20)
2025-06-07 21:57:58,224 - preprocessor_separate_桃園 - INFO - 預處理管道執行完成
