2025-06-08 16:24:44,913 - preprocessor_separate_萬華 - INFO - ==================================================
2025-06-08 16:24:44,913 - preprocessor_separate_萬華 - INFO - 開始執行 separate 模式的完整預處理管道
2025-06-08 16:24:44,913 - preprocessor_separate_萬華 - INFO - ==================================================
2025-06-08 16:24:44,913 - preprocessor_separate_萬華 - INFO - 開始載入 separate 模式的原始數據
2025-06-08 16:24:44,914 - preprocessor_separate_萬華 - INFO - 載入文件: D:\pythonWork\R_datascience\final\Train\data\raw\Separate\萬華_466920_combined.csv
2025-06-08 16:24:44,981 - preprocessor_separate_萬華 - INFO - 合併 1 個文件，總記錄數: 43584
2025-06-08 16:24:45,012 - preprocessor_separate_萬華 - INFO - 數據驗證通過: (43584, 28), 時間範圍: 2020-01-01T00:00:00Z 到 2024-12-20T23:00:00Z
2025-06-08 16:24:45,012 - preprocessor_separate_萬華 - INFO - 原始數據載入完成: (43584, 28)
2025-06-08 16:24:45,013 - preprocessor_separate_萬華 - INFO - 開始數據預處理
2025-06-08 16:24:45,013 - preprocessor_separate_萬華 - INFO - 處理時間特徵
2025-06-08 16:24:45,062 - preprocessor_separate_萬華 - INFO - 執行特徵工程
2025-06-08 16:24:45,105 - preprocessor_separate_萬華 - INFO - 執行數據清理
2025-06-08 16:24:45,297 - preprocessor_separate_萬華 - INFO - 數據清理完成: 43584 -> 43584 行
2025-06-08 16:24:45,298 - preprocessor_separate_萬華 - INFO - 執行特徵選擇
2025-06-08 16:24:45,302 - preprocessor_separate_萬華 - INFO - 特徵選擇完成: 74 個特徵, 19 個目標
2025-06-08 16:24:45,303 - preprocessor_separate_萬華 - INFO - 執行數據標準化
2025-06-08 16:24:45,351 - preprocessor_separate_萬華 - INFO - 標準化器已保存: D:\pythonWork\R_datascience\final\Train\data\processed\separate\separate_scaler.pkl
2025-06-08 16:24:45,352 - preprocessor_separate_萬華 - INFO - 數據預處理完成: (43584, 95)
2025-06-08 16:24:45,849 - preprocessor_separate_萬華 - INFO - 處理後數據已保存: D:\pythonWork\R_datascience\final\Train\data\processed\separate\separate_萬華_20250608_162444_processed.npz
2025-06-08 16:24:45,850 - preprocessor_separate_萬華 - INFO - 數據形狀: X=(43584, 74), y=(43584, 19)
2025-06-08 16:24:45,851 - preprocessor_separate_萬華 - INFO - 預處理管道執行完成
2025-06-08 16:24:45,854 - windows_separate_萬華 - INFO - ==================================================
2025-06-08 16:24:45,854 - windows_separate_萬華 - INFO - 開始執行 separate 模式的時間窗口生成
2025-06-08 16:24:45,855 - windows_separate_萬華 - INFO - ==================================================
2025-06-08 16:24:45,855 - windows_separate_萬華 - INFO - 載入預處理數據: D:\pythonWork\R_datascience\final\Train\data\processed\separate\separate_萬華_20250608_162444_processed.npz
2025-06-08 16:24:45,922 - windows_separate_萬華 - INFO - 數據載入完成: X=(43584, 74), y=(43584, 19)
2025-06-08 16:24:45,923 - windows_separate_萬華 - INFO - 開始創建滑動時間窗口
2025-06-08 16:24:45,923 - windows_separate_萬華 - INFO - 窗口參數: window_size=24, horizon=6, stride=1
2025-06-08 16:24:45,931 - windows_separate_萬華 - INFO - 處理 1 個測站的數據
2025-06-08 16:24:46,041 - windows_separate_萬華 - INFO - 單序列窗口創建完成: 43555 個窗口
2025-06-08 16:24:46,041 - windows_separate_萬華 - INFO - 測站 萬華: 43555 個窗口
2025-06-08 16:24:46,105 - windows_separate_萬華 - INFO - 多測站窗口創建完成: 總計 43555 個窗口
2025-06-08 16:24:46,122 - windows_separate_萬華 - INFO - 開始分割數據集
2025-06-08 16:24:46,122 - windows_separate_萬華 - INFO - train: X=(34844, 24, 74), y=(34844, 6, 19)
2025-06-08 16:24:46,123 - windows_separate_萬華 - INFO - val: X=(4355, 24, 74), y=(4355, 6, 19)
2025-06-08 16:24:46,123 - windows_separate_萬華 - INFO - test: X=(4356, 24, 74), y=(4356, 6, 19)
2025-06-08 16:24:51,113 - windows_separate_萬華 - INFO - NumPy格式數據已保存: D:\pythonWork\R_datascience\final\Train\data\sliding_windows\separate\separate_萬華_20250608_162444_windows.npz
2025-06-08 16:24:51,688 - windows_separate_萬華 - INFO - PyTorch格式數據已保存: D:\pythonWork\R_datascience\final\Train\data\sliding_windows\separate\separate_萬華_20250608_162444_windows.pt
2025-06-08 16:24:51,688 - windows_separate_萬華 - INFO - 時間窗口生成管道執行完成
2025-06-08 16:24:51,707 - trainer_separate_萬華 - INFO - 使用設備: cuda
2025-06-08 16:24:51,707 - trainer_separate_萬華 - INFO - ==================================================
2025-06-08 16:24:51,707 - trainer_separate_萬華 - INFO - 開始執行 separate 模式的模型訓練
2025-06-08 16:24:51,708 - trainer_separate_萬華 - INFO - ==================================================
2025-06-08 16:24:51,708 - trainer_separate_萬華 - INFO - 載入訓練數據
2025-06-08 16:24:52,913 - trainer_separate_萬華 - INFO - 訓練LightGBM模型...
2025-06-08 16:24:52,913 - trainer_separate_萬華 - INFO - 開始訓練LightGBM模型
2025-06-08 16:24:52,913 - trainer_separate_萬華 - INFO - LightGBM數據形狀: X_train=(34844, 1776), y_train=(34844, 114)
2025-06-08 16:25:04,074 - trainer_separate_萬華 - INFO - LightGBM訓練完成: 10.85s
2025-06-08 16:25:04,074 - trainer_separate_萬華 - INFO - 驗證集MAE: 2.9529
2025-06-08 16:25:04,109 - trainer_separate_萬華 - INFO - 訓練LSTM模型...
2025-06-08 16:25:04,109 - trainer_separate_萬華 - INFO - 開始訓練LSTM模型
2025-06-08 16:25:04,203 - trainer_separate_萬華 - INFO - LSTM數據形狀: X_train=torch.Size([34844, 24, 74]), y_train=torch.Size([34844, 6, 19])
2025-06-08 16:25:05,015 - trainer_separate_萬華 - INFO - Epoch 0: Train Loss=147.488839, Val Loss=106.508200
2025-06-08 16:25:12,417 - trainer_separate_萬華 - INFO - Epoch 10: Train Loss=20.129702, Val Loss=37.880057
2025-06-08 16:25:18,422 - trainer_separate_萬華 - INFO - 早停於 epoch 18
2025-06-08 16:25:18,612 - trainer_separate_萬華 - INFO - LSTM訓練完成: 14.31s
2025-06-08 16:25:18,612 - trainer_separate_萬華 - INFO - 驗證集MAE: 3.3715
2025-06-08 16:25:18,619 - trainer_separate_萬華 - INFO - 模型訓練管道執行完成
