2025-06-08 16:28:13,319 - preprocessor_separate_頭份 - INFO - ==================================================
2025-06-08 16:28:13,319 - preprocessor_separate_頭份 - INFO - 開始執行 separate 模式的完整預處理管道
2025-06-08 16:28:13,319 - preprocessor_separate_頭份 - INFO - ==================================================
2025-06-08 16:28:13,319 - preprocessor_separate_頭份 - INFO - 開始載入 separate 模式的原始數據
2025-06-08 16:28:13,319 - preprocessor_separate_頭份 - INFO - 載入文件: D:\pythonWork\R_datascience\final\Train\data\raw\Separate\頭份_C0E420_combined.csv
2025-06-08 16:28:13,381 - preprocessor_separate_頭份 - INFO - 合併 1 個文件，總記錄數: 43584
2025-06-08 16:28:13,402 - preprocessor_separate_頭份 - INFO - 數據驗證通過: (43584, 29), 時間範圍: 2020-01-01T00:00:00Z 到 2024-12-20T23:00:00Z
2025-06-08 16:28:13,402 - preprocessor_separate_頭份 - INFO - 原始數據載入完成: (43584, 29)
2025-06-08 16:28:13,402 - preprocessor_separate_頭份 - INFO - 開始數據預處理
2025-06-08 16:28:13,402 - preprocessor_separate_頭份 - INFO - 處理時間特徵
2025-06-08 16:28:13,447 - preprocessor_separate_頭份 - INFO - 執行特徵工程
2025-06-08 16:28:13,482 - preprocessor_separate_頭份 - INFO - 執行數據清理
2025-06-08 16:28:13,675 - preprocessor_separate_頭份 - INFO - 數據清理完成: 43584 -> 43584 行
2025-06-08 16:28:13,675 - preprocessor_separate_頭份 - INFO - 執行特徵選擇
2025-06-08 16:28:13,690 - preprocessor_separate_頭份 - INFO - 特徵選擇完成: 74 個特徵, 20 個目標
2025-06-08 16:28:13,692 - preprocessor_separate_頭份 - INFO - 執行數據標準化
2025-06-08 16:28:13,731 - preprocessor_separate_頭份 - INFO - 標準化器已保存: D:\pythonWork\R_datascience\final\Train\data\processed\separate\separate_scaler.pkl
2025-06-08 16:28:13,731 - preprocessor_separate_頭份 - INFO - 數據預處理完成: (43584, 96)
2025-06-08 16:28:14,198 - preprocessor_separate_頭份 - INFO - 處理後數據已保存: D:\pythonWork\R_datascience\final\Train\data\processed\separate\separate_頭份_20250608_162813_processed.npz
2025-06-08 16:28:14,198 - preprocessor_separate_頭份 - INFO - 數據形狀: X=(43584, 74), y=(43584, 20)
2025-06-08 16:28:14,198 - preprocessor_separate_頭份 - INFO - 預處理管道執行完成
2025-06-08 16:28:14,198 - windows_separate_頭份 - INFO - ==================================================
2025-06-08 16:28:14,198 - windows_separate_頭份 - INFO - 開始執行 separate 模式的時間窗口生成
2025-06-08 16:28:14,198 - windows_separate_頭份 - INFO - ==================================================
2025-06-08 16:28:14,198 - windows_separate_頭份 - INFO - 載入預處理數據: D:\pythonWork\R_datascience\final\Train\data\processed\separate\separate_頭份_20250608_162813_processed.npz
2025-06-08 16:28:14,264 - windows_separate_頭份 - INFO - 數據載入完成: X=(43584, 74), y=(43584, 20)
2025-06-08 16:28:14,264 - windows_separate_頭份 - INFO - 開始創建滑動時間窗口
2025-06-08 16:28:14,264 - windows_separate_頭份 - INFO - 窗口參數: window_size=24, horizon=6, stride=1
2025-06-08 16:28:14,279 - windows_separate_頭份 - INFO - 處理 1 個測站的數據
2025-06-08 16:28:14,384 - windows_separate_頭份 - INFO - 單序列窗口創建完成: 43555 個窗口
2025-06-08 16:28:14,384 - windows_separate_頭份 - INFO - 測站 頭份: 43555 個窗口
2025-06-08 16:28:14,431 - windows_separate_頭份 - INFO - 多測站窗口創建完成: 總計 43555 個窗口
2025-06-08 16:28:14,463 - windows_separate_頭份 - INFO - 開始分割數據集
2025-06-08 16:28:14,463 - windows_separate_頭份 - INFO - train: X=(34844, 24, 74), y=(34844, 6, 20)
2025-06-08 16:28:14,464 - windows_separate_頭份 - INFO - val: X=(4355, 24, 74), y=(4355, 6, 20)
2025-06-08 16:28:14,464 - windows_separate_頭份 - INFO - test: X=(4356, 24, 74), y=(4356, 6, 20)
2025-06-08 16:28:19,301 - windows_separate_頭份 - INFO - NumPy格式數據已保存: D:\pythonWork\R_datascience\final\Train\data\sliding_windows\separate\separate_頭份_20250608_162813_windows.npz
2025-06-08 16:28:19,887 - windows_separate_頭份 - INFO - PyTorch格式數據已保存: D:\pythonWork\R_datascience\final\Train\data\sliding_windows\separate\separate_頭份_20250608_162813_windows.pt
2025-06-08 16:28:19,889 - windows_separate_頭份 - INFO - 時間窗口生成管道執行完成
2025-06-08 16:28:19,908 - trainer_separate_頭份 - INFO - 使用設備: cuda
2025-06-08 16:28:19,908 - trainer_separate_頭份 - INFO - ==================================================
2025-06-08 16:28:19,908 - trainer_separate_頭份 - INFO - 開始執行 separate 模式的模型訓練
2025-06-08 16:28:19,908 - trainer_separate_頭份 - INFO - ==================================================
2025-06-08 16:28:19,908 - trainer_separate_頭份 - INFO - 載入訓練數據
2025-06-08 16:28:21,088 - trainer_separate_頭份 - INFO - 訓練LightGBM模型...
2025-06-08 16:28:21,088 - trainer_separate_頭份 - INFO - 開始訓練LightGBM模型
2025-06-08 16:28:21,088 - trainer_separate_頭份 - INFO - LightGBM數據形狀: X_train=(34844, 1776), y_train=(34844, 120)
2025-06-08 16:28:29,596 - trainer_separate_頭份 - INFO - LightGBM訓練完成: 8.28s
2025-06-08 16:28:29,596 - trainer_separate_頭份 - INFO - 驗證集MAE: 2.5667
2025-06-08 16:28:29,673 - trainer_separate_頭份 - INFO - 訓練LSTM模型...
2025-06-08 16:28:29,673 - trainer_separate_頭份 - INFO - 開始訓練LSTM模型
2025-06-08 16:28:29,763 - trainer_separate_頭份 - INFO - LSTM數據形狀: X_train=torch.Size([34844, 24, 74]), y_train=torch.Size([34844, 6, 20])
2025-06-08 16:28:30,545 - trainer_separate_頭份 - INFO - Epoch 0: Train Loss=156.520300, Val Loss=94.651893
2025-06-08 16:28:37,498 - trainer_separate_頭份 - INFO - Epoch 10: Train Loss=17.266004, Val Loss=32.585279
2025-06-08 16:28:43,609 - trainer_separate_頭份 - INFO - 早停於 epoch 19
2025-06-08 16:28:43,787 - trainer_separate_頭份 - INFO - LSTM訓練完成: 13.94s
2025-06-08 16:28:43,787 - trainer_separate_頭份 - INFO - 驗證集MAE: 2.9379
2025-06-08 16:28:43,787 - trainer_separate_頭份 - INFO - 模型訓練管道執行完成
