2025-06-08 16:21:23,765 - preprocessor_separate_臺南 - INFO - ==================================================
2025-06-08 16:21:23,765 - preprocessor_separate_臺南 - INFO - 開始執行 separate 模式的完整預處理管道
2025-06-08 16:21:23,765 - preprocessor_separate_臺南 - INFO - ==================================================
2025-06-08 16:21:23,766 - preprocessor_separate_臺南 - INFO - 開始載入 separate 模式的原始數據
2025-06-08 16:21:23,767 - preprocessor_separate_臺南 - INFO - 載入文件: D:\pythonWork\R_datascience\final\Train\data\raw\Separate\臺南_467410_combined.csv
2025-06-08 16:21:23,831 - preprocessor_separate_臺南 - INFO - 合併 1 個文件，總記錄數: 43584
2025-06-08 16:21:23,864 - preprocessor_separate_臺南 - INFO - 數據驗證通過: (43584, 29), 時間範圍: 2020-01-01T00:00:00Z 到 2024-12-20T23:00:00Z
2025-06-08 16:21:23,864 - preprocessor_separate_臺南 - INFO - 原始數據載入完成: (43584, 29)
2025-06-08 16:21:23,864 - preprocessor_separate_臺南 - INFO - 開始數據預處理
2025-06-08 16:21:23,864 - preprocessor_separate_臺南 - INFO - 處理時間特徵
2025-06-08 16:21:23,909 - preprocessor_separate_臺南 - INFO - 執行特徵工程
2025-06-08 16:21:23,952 - preprocessor_separate_臺南 - INFO - 執行數據清理
2025-06-08 16:21:24,149 - preprocessor_separate_臺南 - INFO - 數據清理完成: 43584 -> 43584 行
2025-06-08 16:21:24,150 - preprocessor_separate_臺南 - INFO - 執行特徵選擇
2025-06-08 16:21:24,154 - preprocessor_separate_臺南 - INFO - 特徵選擇完成: 74 個特徵, 20 個目標
2025-06-08 16:21:24,155 - preprocessor_separate_臺南 - INFO - 執行數據標準化
2025-06-08 16:21:24,206 - preprocessor_separate_臺南 - INFO - 標準化器已保存: D:\pythonWork\R_datascience\final\Train\data\processed\separate\separate_scaler.pkl
2025-06-08 16:21:24,206 - preprocessor_separate_臺南 - INFO - 數據預處理完成: (43584, 96)
2025-06-08 16:21:24,707 - preprocessor_separate_臺南 - INFO - 處理後數據已保存: D:\pythonWork\R_datascience\final\Train\data\processed\separate\separate_臺南_20250608_162123_processed.npz
2025-06-08 16:21:24,707 - preprocessor_separate_臺南 - INFO - 數據形狀: X=(43584, 74), y=(43584, 20)
2025-06-08 16:21:24,707 - preprocessor_separate_臺南 - INFO - 預處理管道執行完成
2025-06-08 16:21:24,707 - windows_separate_臺南 - INFO - ==================================================
2025-06-08 16:21:24,707 - windows_separate_臺南 - INFO - 開始執行 separate 模式的時間窗口生成
2025-06-08 16:21:24,707 - windows_separate_臺南 - INFO - ==================================================
2025-06-08 16:21:24,707 - windows_separate_臺南 - INFO - 載入預處理數據: D:\pythonWork\R_datascience\final\Train\data\processed\separate\separate_臺南_20250608_162123_processed.npz
2025-06-08 16:21:24,780 - windows_separate_臺南 - INFO - 數據載入完成: X=(43584, 74), y=(43584, 20)
2025-06-08 16:21:24,781 - windows_separate_臺南 - INFO - 開始創建滑動時間窗口
2025-06-08 16:21:24,781 - windows_separate_臺南 - INFO - 窗口參數: window_size=24, horizon=6, stride=1
2025-06-08 16:21:24,790 - windows_separate_臺南 - INFO - 處理 1 個測站的數據
2025-06-08 16:21:24,902 - windows_separate_臺南 - INFO - 單序列窗口創建完成: 43555 個窗口
2025-06-08 16:21:24,902 - windows_separate_臺南 - INFO - 測站 臺南: 43555 個窗口
2025-06-08 16:21:24,961 - windows_separate_臺南 - INFO - 多測站窗口創建完成: 總計 43555 個窗口
2025-06-08 16:21:24,977 - windows_separate_臺南 - INFO - 開始分割數據集
2025-06-08 16:21:24,977 - windows_separate_臺南 - INFO - train: X=(34844, 24, 74), y=(34844, 6, 20)
2025-06-08 16:21:24,977 - windows_separate_臺南 - INFO - val: X=(4355, 24, 74), y=(4355, 6, 20)
2025-06-08 16:21:24,977 - windows_separate_臺南 - INFO - test: X=(4356, 24, 74), y=(4356, 6, 20)
2025-06-08 16:21:29,938 - windows_separate_臺南 - INFO - NumPy格式數據已保存: D:\pythonWork\R_datascience\final\Train\data\sliding_windows\separate\separate_臺南_20250608_162123_windows.npz
2025-06-08 16:21:30,544 - windows_separate_臺南 - INFO - PyTorch格式數據已保存: D:\pythonWork\R_datascience\final\Train\data\sliding_windows\separate\separate_臺南_20250608_162123_windows.pt
2025-06-08 16:21:30,545 - windows_separate_臺南 - INFO - 時間窗口生成管道執行完成
2025-06-08 16:21:30,563 - trainer_separate_臺南 - INFO - 使用設備: cuda
2025-06-08 16:21:30,564 - trainer_separate_臺南 - INFO - ==================================================
2025-06-08 16:21:30,564 - trainer_separate_臺南 - INFO - 開始執行 separate 模式的模型訓練
2025-06-08 16:21:30,564 - trainer_separate_臺南 - INFO - ==================================================
2025-06-08 16:21:30,564 - trainer_separate_臺南 - INFO - 載入訓練數據
2025-06-08 16:21:31,817 - trainer_separate_臺南 - INFO - 訓練LightGBM模型...
2025-06-08 16:21:31,817 - trainer_separate_臺南 - INFO - 開始訓練LightGBM模型
2025-06-08 16:21:31,817 - trainer_separate_臺南 - INFO - LightGBM數據形狀: X_train=(34844, 1776), y_train=(34844, 120)
2025-06-08 16:21:42,195 - trainer_separate_臺南 - INFO - LightGBM訓練完成: 10.07s
2025-06-08 16:21:42,195 - trainer_separate_臺南 - INFO - 驗證集MAE: 3.0179
2025-06-08 16:21:42,268 - trainer_separate_臺南 - INFO - 訓練LSTM模型...
2025-06-08 16:21:42,269 - trainer_separate_臺南 - INFO - 開始訓練LSTM模型
2025-06-08 16:21:42,368 - trainer_separate_臺南 - INFO - LSTM數據形狀: X_train=torch.Size([34844, 24, 74]), y_train=torch.Size([34844, 6, 20])
2025-06-08 16:21:43,283 - trainer_separate_臺南 - INFO - Epoch 0: Train Loss=326.156390, Val Loss=181.126234
2025-06-08 16:21:50,787 - trainer_separate_臺南 - INFO - Epoch 10: Train Loss=32.165657, Val Loss=43.631929
2025-06-08 16:21:58,337 - trainer_separate_臺南 - INFO - Epoch 20: Train Loss=17.812051, Val Loss=43.005037
2025-06-08 16:22:02,065 - trainer_separate_臺南 - INFO - 早停於 epoch 25
2025-06-08 16:22:02,257 - trainer_separate_臺南 - INFO - LSTM訓練完成: 19.80s
2025-06-08 16:22:02,257 - trainer_separate_臺南 - INFO - 驗證集MAE: 3.2728
2025-06-08 16:22:02,262 - trainer_separate_臺南 - INFO - 模型訓練管道執行完成
