2025-06-08 15:48:51,779 - preprocessor_separate_三義 - INFO - ==================================================
2025-06-08 15:48:51,779 - preprocessor_separate_三義 - INFO - 開始執行 separate 模式的完整預處理管道
2025-06-08 15:48:51,779 - preprocessor_separate_三義 - INFO - ==================================================
2025-06-08 15:48:51,779 - preprocessor_separate_三義 - INFO - 開始載入 separate 模式的原始數據
2025-06-08 15:48:51,779 - preprocessor_separate_三義 - INFO - 載入文件: D:\pythonWork\R_datascience\final\Train\data\raw\Separate\三義_C0F9Q0_combined.csv
2025-06-08 15:48:51,829 - preprocessor_separate_三義 - INFO - 合併 1 個文件，總記錄數: 43584
2025-06-08 15:48:51,862 - preprocessor_separate_三義 - INFO - 數據驗證通過: (43584, 27), 時間範圍: 2020-01-01T00:00:00Z 到 2024-12-20T23:00:00Z
2025-06-08 15:48:51,862 - preprocessor_separate_三義 - INFO - 原始數據載入完成: (43584, 27)
2025-06-08 15:48:51,862 - preprocessor_separate_三義 - INFO - 開始數據預處理
2025-06-08 15:48:51,862 - preprocessor_separate_三義 - INFO - 處理時間特徵
2025-06-08 15:48:51,895 - preprocessor_separate_三義 - INFO - 執行特徵工程
2025-06-08 15:48:51,943 - preprocessor_separate_三義 - INFO - 執行數據清理
2025-06-08 15:48:52,112 - preprocessor_separate_三義 - INFO - 數據清理完成: 43584 -> 43584 行
2025-06-08 15:48:52,128 - preprocessor_separate_三義 - INFO - 執行特徵選擇
2025-06-08 15:48:52,129 - preprocessor_separate_三義 - INFO - 特徵選擇完成: 74 個特徵, 18 個目標
2025-06-08 15:48:52,129 - preprocessor_separate_三義 - INFO - 執行數據標準化
2025-06-08 15:48:52,162 - preprocessor_separate_三義 - INFO - 標準化器已保存: D:\pythonWork\R_datascience\final\Train\data\processed\separate\separate_scaler.pkl
2025-06-08 15:48:52,162 - preprocessor_separate_三義 - INFO - 數據預處理完成: (43584, 94)
2025-06-08 15:48:52,628 - preprocessor_separate_三義 - INFO - 處理後數據已保存: D:\pythonWork\R_datascience\final\Train\data\processed\separate\separate_三義_20250608_154851_processed.npz
2025-06-08 15:48:52,628 - preprocessor_separate_三義 - INFO - 數據形狀: X=(43584, 74), y=(43584, 18)
2025-06-08 15:48:52,628 - preprocessor_separate_三義 - INFO - 預處理管道執行完成
2025-06-08 15:48:52,628 - windows_separate_三義 - INFO - ==================================================
2025-06-08 15:48:52,628 - windows_separate_三義 - INFO - 開始執行 separate 模式的時間窗口生成
2025-06-08 15:48:52,628 - windows_separate_三義 - INFO - ==================================================
2025-06-08 15:48:52,628 - windows_separate_三義 - INFO - 載入預處理數據: D:\pythonWork\R_datascience\final\Train\data\processed\separate\separate_三義_20250608_154851_processed.npz
2025-06-08 15:48:52,693 - windows_separate_三義 - INFO - 數據載入完成: X=(43584, 74), y=(43584, 18)
2025-06-08 15:48:52,695 - windows_separate_三義 - INFO - 開始創建滑動時間窗口
2025-06-08 15:48:52,695 - windows_separate_三義 - INFO - 窗口參數: window_size=24, horizon=6, stride=1
2025-06-08 15:48:52,695 - windows_separate_三義 - INFO - 處理 1 個測站的數據
2025-06-08 15:48:52,795 - windows_separate_三義 - INFO - 單序列窗口創建完成: 43555 個窗口
2025-06-08 15:48:52,795 - windows_separate_三義 - INFO - 測站 三義: 43555 個窗口
2025-06-08 15:48:52,862 - windows_separate_三義 - INFO - 多測站窗口創建完成: 總計 43555 個窗口
2025-06-08 15:48:52,879 - windows_separate_三義 - INFO - 開始分割數據集
2025-06-08 15:48:52,879 - windows_separate_三義 - INFO - train: X=(34844, 24, 74), y=(34844, 6, 18)
2025-06-08 15:48:52,879 - windows_separate_三義 - INFO - val: X=(4355, 24, 74), y=(4355, 6, 18)
2025-06-08 15:48:52,879 - windows_separate_三義 - INFO - test: X=(4356, 24, 74), y=(4356, 6, 18)
2025-06-08 15:48:57,675 - windows_separate_三義 - INFO - NumPy格式數據已保存: D:\pythonWork\R_datascience\final\Train\data\sliding_windows\separate\separate_三義_20250608_154851_windows.npz
2025-06-08 15:48:58,206 - windows_separate_三義 - INFO - PyTorch格式數據已保存: D:\pythonWork\R_datascience\final\Train\data\sliding_windows\separate\separate_三義_20250608_154851_windows.pt
2025-06-08 15:48:58,206 - windows_separate_三義 - INFO - 時間窗口生成管道執行完成
2025-06-08 15:48:58,225 - trainer_separate_三義 - INFO - 使用設備: cuda
2025-06-08 15:48:58,225 - trainer_separate_三義 - INFO - ==================================================
2025-06-08 15:48:58,225 - trainer_separate_三義 - INFO - 開始執行 separate 模式的模型訓練
2025-06-08 15:48:58,225 - trainer_separate_三義 - INFO - ==================================================
2025-06-08 15:48:58,225 - trainer_separate_三義 - INFO - 載入訓練數據
2025-06-08 15:48:59,111 - trainer_separate_三義 - INFO - 訓練LightGBM模型...
2025-06-08 15:48:59,111 - trainer_separate_三義 - INFO - 開始訓練LightGBM模型
2025-06-08 15:48:59,111 - trainer_separate_三義 - INFO - LightGBM數據形狀: X_train=(34844, 1776), y_train=(34844, 108)
2025-06-08 15:49:07,798 - trainer_separate_三義 - INFO - LightGBM訓練完成: 8.60s
2025-06-08 15:49:07,799 - trainer_separate_三義 - INFO - 驗證集MAE: 2.5150
2025-06-08 15:49:07,812 - trainer_separate_三義 - INFO - 訓練LSTM模型...
2025-06-08 15:49:07,812 - trainer_separate_三義 - INFO - 開始訓練LSTM模型
2025-06-08 15:49:07,924 - trainer_separate_三義 - INFO - LSTM數據形狀: X_train=torch.Size([34844, 24, 74]), y_train=torch.Size([34844, 6, 18])
2025-06-08 15:49:09,692 - trainer_separate_三義 - INFO - Epoch 0: Train Loss=155.663288, Val Loss=84.746479
2025-06-08 15:49:16,508 - trainer_separate_三義 - INFO - Epoch 10: Train Loss=14.414181, Val Loss=30.506571
2025-06-08 15:49:20,665 - trainer_separate_三義 - INFO - 早停於 epoch 16
2025-06-08 15:49:21,043 - trainer_separate_三義 - INFO - LSTM訓練完成: 12.85s
2025-06-08 15:49:21,043 - trainer_separate_三義 - INFO - 驗證集MAE: 3.0185
2025-06-08 15:49:21,043 - trainer_separate_三義 - INFO - 模型訓練管道執行完成
