2025-06-08 16:19:31,702 - preprocessor_separate_竹東 - INFO - ==================================================
2025-06-08 16:19:31,702 - preprocessor_separate_竹東 - INFO - 開始執行 separate 模式的完整預處理管道
2025-06-08 16:19:31,702 - preprocessor_separate_竹東 - INFO - ==================================================
2025-06-08 16:19:31,702 - preprocessor_separate_竹東 - INFO - 開始載入 separate 模式的原始數據
2025-06-08 16:19:31,703 - preprocessor_separate_竹東 - INFO - 載入文件: D:\pythonWork\R_datascience\final\Train\data\raw\Separate\竹東_C0D560_combined.csv
2025-06-08 16:19:31,767 - preprocessor_separate_竹東 - INFO - 合併 1 個文件，總記錄數: 43584
2025-06-08 16:19:31,799 - preprocessor_separate_竹東 - INFO - 數據驗證通過: (43584, 28), 時間範圍: 2020-01-01T00:00:00Z 到 2024-12-20T23:00:00Z
2025-06-08 16:19:31,800 - preprocessor_separate_竹東 - INFO - 原始數據載入完成: (43584, 28)
2025-06-08 16:19:31,800 - preprocessor_separate_竹東 - INFO - 開始數據預處理
2025-06-08 16:19:31,800 - preprocessor_separate_竹東 - INFO - 處理時間特徵
2025-06-08 16:19:31,846 - preprocessor_separate_竹東 - INFO - 執行特徵工程
2025-06-08 16:19:31,899 - preprocessor_separate_竹東 - INFO - 執行數據清理
2025-06-08 16:19:32,104 - preprocessor_separate_竹東 - INFO - 數據清理完成: 43584 -> 43584 行
2025-06-08 16:19:32,104 - preprocessor_separate_竹東 - INFO - 執行特徵選擇
2025-06-08 16:19:32,109 - preprocessor_separate_竹東 - INFO - 特徵選擇完成: 74 個特徵, 19 個目標
2025-06-08 16:19:32,113 - preprocessor_separate_竹東 - INFO - 執行數據標準化
2025-06-08 16:19:32,163 - preprocessor_separate_竹東 - INFO - 標準化器已保存: D:\pythonWork\R_datascience\final\Train\data\processed\separate\separate_scaler.pkl
2025-06-08 16:19:32,164 - preprocessor_separate_竹東 - INFO - 數據預處理完成: (43584, 95)
2025-06-08 16:19:32,634 - preprocessor_separate_竹東 - INFO - 處理後數據已保存: D:\pythonWork\R_datascience\final\Train\data\processed\separate\separate_竹東_20250608_161931_processed.npz
2025-06-08 16:19:32,634 - preprocessor_separate_竹東 - INFO - 數據形狀: X=(43584, 74), y=(43584, 19)
2025-06-08 16:19:32,635 - preprocessor_separate_竹東 - INFO - 預處理管道執行完成
2025-06-08 16:19:32,638 - windows_separate_竹東 - INFO - ==================================================
2025-06-08 16:19:32,638 - windows_separate_竹東 - INFO - 開始執行 separate 模式的時間窗口生成
2025-06-08 16:19:32,638 - windows_separate_竹東 - INFO - ==================================================
2025-06-08 16:19:32,638 - windows_separate_竹東 - INFO - 載入預處理數據: D:\pythonWork\R_datascience\final\Train\data\processed\separate\separate_竹東_20250608_161931_processed.npz
2025-06-08 16:19:32,703 - windows_separate_竹東 - INFO - 數據載入完成: X=(43584, 74), y=(43584, 19)
2025-06-08 16:19:32,703 - windows_separate_竹東 - INFO - 開始創建滑動時間窗口
2025-06-08 16:19:32,703 - windows_separate_竹東 - INFO - 窗口參數: window_size=24, horizon=6, stride=1
2025-06-08 16:19:32,712 - windows_separate_竹東 - INFO - 處理 1 個測站的數據
2025-06-08 16:19:32,820 - windows_separate_竹東 - INFO - 單序列窗口創建完成: 43555 個窗口
2025-06-08 16:19:32,820 - windows_separate_竹東 - INFO - 測站 竹東: 43555 個窗口
2025-06-08 16:19:32,883 - windows_separate_竹東 - INFO - 多測站窗口創建完成: 總計 43555 個窗口
2025-06-08 16:19:32,901 - windows_separate_竹東 - INFO - 開始分割數據集
2025-06-08 16:19:32,901 - windows_separate_竹東 - INFO - train: X=(34844, 24, 74), y=(34844, 6, 19)
2025-06-08 16:19:32,901 - windows_separate_竹東 - INFO - val: X=(4355, 24, 74), y=(4355, 6, 19)
2025-06-08 16:19:32,901 - windows_separate_竹東 - INFO - test: X=(4356, 24, 74), y=(4356, 6, 19)
2025-06-08 16:19:38,008 - windows_separate_竹東 - INFO - NumPy格式數據已保存: D:\pythonWork\R_datascience\final\Train\data\sliding_windows\separate\separate_竹東_20250608_161931_windows.npz
2025-06-08 16:19:38,646 - windows_separate_竹東 - INFO - PyTorch格式數據已保存: D:\pythonWork\R_datascience\final\Train\data\sliding_windows\separate\separate_竹東_20250608_161931_windows.pt
2025-06-08 16:19:38,646 - windows_separate_竹東 - INFO - 時間窗口生成管道執行完成
2025-06-08 16:19:38,666 - trainer_separate_竹東 - INFO - 使用設備: cuda
2025-06-08 16:19:38,666 - trainer_separate_竹東 - INFO - ==================================================
2025-06-08 16:19:38,666 - trainer_separate_竹東 - INFO - 開始執行 separate 模式的模型訓練
2025-06-08 16:19:38,666 - trainer_separate_竹東 - INFO - ==================================================
2025-06-08 16:19:38,666 - trainer_separate_竹東 - INFO - 載入訓練數據
2025-06-08 16:19:39,901 - trainer_separate_竹東 - INFO - 訓練LightGBM模型...
2025-06-08 16:19:39,901 - trainer_separate_竹東 - INFO - 開始訓練LightGBM模型
2025-06-08 16:19:39,901 - trainer_separate_竹東 - INFO - LightGBM數據形狀: X_train=(34844, 1776), y_train=(34844, 114)
2025-06-08 16:19:51,065 - trainer_separate_竹東 - INFO - LightGBM訓練完成: 10.88s
2025-06-08 16:19:51,065 - trainer_separate_竹東 - INFO - 驗證集MAE: 2.5148
2025-06-08 16:19:51,141 - trainer_separate_竹東 - INFO - 訓練LSTM模型...
2025-06-08 16:19:51,142 - trainer_separate_竹東 - INFO - 開始訓練LSTM模型
2025-06-08 16:19:51,236 - trainer_separate_竹東 - INFO - LSTM數據形狀: X_train=torch.Size([34844, 24, 74]), y_train=torch.Size([34844, 6, 19])
2025-06-08 16:19:52,056 - trainer_separate_竹東 - INFO - Epoch 0: Train Loss=149.319732, Val Loss=90.875054
2025-06-08 16:19:59,460 - trainer_separate_竹東 - INFO - Epoch 10: Train Loss=14.966212, Val Loss=27.619777
2025-06-08 16:20:05,379 - trainer_separate_竹東 - INFO - 早停於 epoch 18
2025-06-08 16:20:05,564 - trainer_separate_竹東 - INFO - LSTM訓練完成: 14.24s
2025-06-08 16:20:05,564 - trainer_separate_竹東 - INFO - 驗證集MAE: 2.8361
2025-06-08 16:20:05,570 - trainer_separate_竹東 - INFO - 模型訓練管道執行完成
