2025-06-08 16:17:24,980 - preprocessor_separate_淡水 - INFO - ==================================================
2025-06-08 16:17:24,980 - preprocessor_separate_淡水 - INFO - 開始執行 separate 模式的完整預處理管道
2025-06-08 16:17:24,980 - preprocessor_separate_淡水 - INFO - ==================================================
2025-06-08 16:17:24,980 - preprocessor_separate_淡水 - INFO - 開始載入 separate 模式的原始數據
2025-06-08 16:17:24,981 - preprocessor_separate_淡水 - INFO - 載入文件: D:\pythonWork\R_datascience\final\Train\data\raw\Separate\淡水_466900_combined.csv
2025-06-08 16:17:25,043 - preprocessor_separate_淡水 - INFO - 合併 1 個文件，總記錄數: 43584
2025-06-08 16:17:25,074 - preprocessor_separate_淡水 - INFO - 數據驗證通過: (43584, 28), 時間範圍: 2020-01-01T00:00:00Z 到 2024-12-20T23:00:00Z
2025-06-08 16:17:25,075 - preprocessor_separate_淡水 - INFO - 原始數據載入完成: (43584, 28)
2025-06-08 16:17:25,075 - preprocessor_separate_淡水 - INFO - 開始數據預處理
2025-06-08 16:17:25,075 - preprocessor_separate_淡水 - INFO - 處理時間特徵
2025-06-08 16:17:25,119 - preprocessor_separate_淡水 - INFO - 執行特徵工程
2025-06-08 16:17:25,163 - preprocessor_separate_淡水 - INFO - 執行數據清理
2025-06-08 16:17:25,356 - preprocessor_separate_淡水 - INFO - 數據清理完成: 43584 -> 43584 行
2025-06-08 16:17:25,357 - preprocessor_separate_淡水 - INFO - 執行特徵選擇
2025-06-08 16:17:25,361 - preprocessor_separate_淡水 - INFO - 特徵選擇完成: 74 個特徵, 19 個目標
2025-06-08 16:17:25,362 - preprocessor_separate_淡水 - INFO - 執行數據標準化
2025-06-08 16:17:25,409 - preprocessor_separate_淡水 - INFO - 標準化器已保存: D:\pythonWork\R_datascience\final\Train\data\processed\separate\separate_scaler.pkl
2025-06-08 16:17:25,410 - preprocessor_separate_淡水 - INFO - 數據預處理完成: (43584, 95)
2025-06-08 16:17:25,893 - preprocessor_separate_淡水 - INFO - 處理後數據已保存: D:\pythonWork\R_datascience\final\Train\data\processed\separate\separate_淡水_20250608_161724_processed.npz
2025-06-08 16:17:25,894 - preprocessor_separate_淡水 - INFO - 數據形狀: X=(43584, 74), y=(43584, 19)
2025-06-08 16:17:25,895 - preprocessor_separate_淡水 - INFO - 預處理管道執行完成
2025-06-08 16:17:25,897 - windows_separate_淡水 - INFO - ==================================================
2025-06-08 16:17:25,898 - windows_separate_淡水 - INFO - 開始執行 separate 模式的時間窗口生成
2025-06-08 16:17:25,898 - windows_separate_淡水 - INFO - ==================================================
2025-06-08 16:17:25,898 - windows_separate_淡水 - INFO - 載入預處理數據: D:\pythonWork\R_datascience\final\Train\data\processed\separate\separate_淡水_20250608_161724_processed.npz
2025-06-08 16:17:25,964 - windows_separate_淡水 - INFO - 數據載入完成: X=(43584, 74), y=(43584, 19)
2025-06-08 16:17:25,964 - windows_separate_淡水 - INFO - 開始創建滑動時間窗口
2025-06-08 16:17:25,964 - windows_separate_淡水 - INFO - 窗口參數: window_size=24, horizon=6, stride=1
2025-06-08 16:17:25,973 - windows_separate_淡水 - INFO - 處理 1 個測站的數據
2025-06-08 16:17:26,081 - windows_separate_淡水 - INFO - 單序列窗口創建完成: 43555 個窗口
2025-06-08 16:17:26,081 - windows_separate_淡水 - INFO - 測站 淡水: 43555 個窗口
2025-06-08 16:17:26,145 - windows_separate_淡水 - INFO - 多測站窗口創建完成: 總計 43555 個窗口
2025-06-08 16:17:26,164 - windows_separate_淡水 - INFO - 開始分割數據集
2025-06-08 16:17:26,165 - windows_separate_淡水 - INFO - train: X=(34844, 24, 74), y=(34844, 6, 19)
2025-06-08 16:17:26,165 - windows_separate_淡水 - INFO - val: X=(4355, 24, 74), y=(4355, 6, 19)
2025-06-08 16:17:26,165 - windows_separate_淡水 - INFO - test: X=(4356, 24, 74), y=(4356, 6, 19)
2025-06-08 16:17:31,180 - windows_separate_淡水 - INFO - NumPy格式數據已保存: D:\pythonWork\R_datascience\final\Train\data\sliding_windows\separate\separate_淡水_20250608_161724_windows.npz
2025-06-08 16:17:31,798 - windows_separate_淡水 - INFO - PyTorch格式數據已保存: D:\pythonWork\R_datascience\final\Train\data\sliding_windows\separate\separate_淡水_20250608_161724_windows.pt
2025-06-08 16:17:31,799 - windows_separate_淡水 - INFO - 時間窗口生成管道執行完成
2025-06-08 16:17:31,818 - trainer_separate_淡水 - INFO - 使用設備: cuda
2025-06-08 16:17:31,818 - trainer_separate_淡水 - INFO - ==================================================
2025-06-08 16:17:31,818 - trainer_separate_淡水 - INFO - 開始執行 separate 模式的模型訓練
2025-06-08 16:17:31,818 - trainer_separate_淡水 - INFO - ==================================================
2025-06-08 16:17:31,818 - trainer_separate_淡水 - INFO - 載入訓練數據
2025-06-08 16:17:33,093 - trainer_separate_淡水 - INFO - 訓練LightGBM模型...
2025-06-08 16:17:33,093 - trainer_separate_淡水 - INFO - 開始訓練LightGBM模型
2025-06-08 16:17:33,093 - trainer_separate_淡水 - INFO - LightGBM數據形狀: X_train=(34844, 1776), y_train=(34844, 114)
2025-06-08 16:17:40,447 - trainer_separate_淡水 - INFO - LightGBM訓練完成: 7.10s
2025-06-08 16:17:40,447 - trainer_separate_淡水 - INFO - 驗證集MAE: 2.5017
2025-06-08 16:17:40,481 - trainer_separate_淡水 - INFO - 訓練LSTM模型...
2025-06-08 16:17:40,482 - trainer_separate_淡水 - INFO - 開始訓練LSTM模型
2025-06-08 16:17:40,577 - trainer_separate_淡水 - INFO - LSTM數據形狀: X_train=torch.Size([34844, 24, 74]), y_train=torch.Size([34844, 6, 19])
2025-06-08 16:17:41,435 - trainer_separate_淡水 - INFO - Epoch 0: Train Loss=132.282917, Val Loss=89.771145
2025-06-08 16:17:48,947 - trainer_separate_淡水 - INFO - Epoch 10: Train Loss=15.036306, Val Loss=30.956537
2025-06-08 16:17:53,484 - trainer_separate_淡水 - INFO - 早停於 epoch 16
2025-06-08 16:17:53,677 - trainer_separate_淡水 - INFO - LSTM訓練完成: 13.00s
2025-06-08 16:17:53,678 - trainer_separate_淡水 - INFO - 驗證集MAE: 3.0783
2025-06-08 16:17:53,684 - trainer_separate_淡水 - INFO - 模型訓練管道執行完成
