2025-06-08 16:18:58,697 - preprocessor_separate_竹山 - INFO - ==================================================
2025-06-08 16:18:58,697 - preprocessor_separate_竹山 - INFO - 開始執行 separate 模式的完整預處理管道
2025-06-08 16:18:58,697 - preprocessor_separate_竹山 - INFO - ==================================================
2025-06-08 16:18:58,697 - preprocessor_separate_竹山 - INFO - 開始載入 separate 模式的原始數據
2025-06-08 16:18:58,698 - preprocessor_separate_竹山 - INFO - 載入文件: D:\pythonWork\R_datascience\final\Train\data\raw\Separate\竹山_U2HA50_combined.csv
2025-06-08 16:18:58,762 - preprocessor_separate_竹山 - INFO - 合併 1 個文件，總記錄數: 43584
2025-06-08 16:18:58,794 - preprocessor_separate_竹山 - INFO - 數據驗證通過: (43584, 28), 時間範圍: 2020-01-01T00:00:00Z 到 2024-12-20T23:00:00Z
2025-06-08 16:18:58,794 - preprocessor_separate_竹山 - INFO - 原始數據載入完成: (43584, 28)
2025-06-08 16:18:58,794 - preprocessor_separate_竹山 - INFO - 開始數據預處理
2025-06-08 16:18:58,794 - preprocessor_separate_竹山 - INFO - 處理時間特徵
2025-06-08 16:18:58,840 - preprocessor_separate_竹山 - INFO - 執行特徵工程
2025-06-08 16:18:58,884 - preprocessor_separate_竹山 - INFO - 執行數據清理
2025-06-08 16:18:59,076 - preprocessor_separate_竹山 - INFO - 數據清理完成: 43584 -> 43584 行
2025-06-08 16:18:59,077 - preprocessor_separate_竹山 - INFO - 執行特徵選擇
2025-06-08 16:18:59,081 - preprocessor_separate_竹山 - INFO - 特徵選擇完成: 74 個特徵, 19 個目標
2025-06-08 16:18:59,082 - preprocessor_separate_竹山 - INFO - 執行數據標準化
2025-06-08 16:18:59,130 - preprocessor_separate_竹山 - INFO - 標準化器已保存: D:\pythonWork\R_datascience\final\Train\data\processed\separate\separate_scaler.pkl
2025-06-08 16:18:59,131 - preprocessor_separate_竹山 - INFO - 數據預處理完成: (43584, 95)
2025-06-08 16:18:59,613 - preprocessor_separate_竹山 - INFO - 處理後數據已保存: D:\pythonWork\R_datascience\final\Train\data\processed\separate\separate_竹山_20250608_161858_processed.npz
2025-06-08 16:18:59,613 - preprocessor_separate_竹山 - INFO - 數據形狀: X=(43584, 74), y=(43584, 19)
2025-06-08 16:18:59,614 - preprocessor_separate_竹山 - INFO - 預處理管道執行完成
2025-06-08 16:18:59,616 - windows_separate_竹山 - INFO - ==================================================
2025-06-08 16:18:59,617 - windows_separate_竹山 - INFO - 開始執行 separate 模式的時間窗口生成
2025-06-08 16:18:59,617 - windows_separate_竹山 - INFO - ==================================================
2025-06-08 16:18:59,617 - windows_separate_竹山 - INFO - 載入預處理數據: D:\pythonWork\R_datascience\final\Train\data\processed\separate\separate_竹山_20250608_161858_processed.npz
2025-06-08 16:18:59,682 - windows_separate_竹山 - INFO - 數據載入完成: X=(43584, 74), y=(43584, 19)
2025-06-08 16:18:59,682 - windows_separate_竹山 - INFO - 開始創建滑動時間窗口
2025-06-08 16:18:59,682 - windows_separate_竹山 - INFO - 窗口參數: window_size=24, horizon=6, stride=1
2025-06-08 16:18:59,692 - windows_separate_竹山 - INFO - 處理 1 個測站的數據
2025-06-08 16:18:59,802 - windows_separate_竹山 - INFO - 單序列窗口創建完成: 43555 個窗口
2025-06-08 16:18:59,802 - windows_separate_竹山 - INFO - 測站 竹山: 43555 個窗口
2025-06-08 16:18:59,870 - windows_separate_竹山 - INFO - 多測站窗口創建完成: 總計 43555 個窗口
2025-06-08 16:18:59,888 - windows_separate_竹山 - INFO - 開始分割數據集
2025-06-08 16:18:59,889 - windows_separate_竹山 - INFO - train: X=(34844, 24, 74), y=(34844, 6, 19)
2025-06-08 16:18:59,889 - windows_separate_竹山 - INFO - val: X=(4355, 24, 74), y=(4355, 6, 19)
2025-06-08 16:18:59,889 - windows_separate_竹山 - INFO - test: X=(4356, 24, 74), y=(4356, 6, 19)
2025-06-08 16:19:04,913 - windows_separate_竹山 - INFO - NumPy格式數據已保存: D:\pythonWork\R_datascience\final\Train\data\sliding_windows\separate\separate_竹山_20250608_161858_windows.npz
2025-06-08 16:19:05,468 - windows_separate_竹山 - INFO - PyTorch格式數據已保存: D:\pythonWork\R_datascience\final\Train\data\sliding_windows\separate\separate_竹山_20250608_161858_windows.pt
2025-06-08 16:19:05,468 - windows_separate_竹山 - INFO - 時間窗口生成管道執行完成
2025-06-08 16:19:05,487 - trainer_separate_竹山 - INFO - 使用設備: cuda
2025-06-08 16:19:05,487 - trainer_separate_竹山 - INFO - ==================================================
2025-06-08 16:19:05,487 - trainer_separate_竹山 - INFO - 開始執行 separate 模式的模型訓練
2025-06-08 16:19:05,487 - trainer_separate_竹山 - INFO - ==================================================
2025-06-08 16:19:05,487 - trainer_separate_竹山 - INFO - 載入訓練數據
2025-06-08 16:19:06,687 - trainer_separate_竹山 - INFO - 訓練LightGBM模型...
2025-06-08 16:19:06,687 - trainer_separate_竹山 - INFO - 開始訓練LightGBM模型
2025-06-08 16:19:06,687 - trainer_separate_竹山 - INFO - LightGBM數據形狀: X_train=(34844, 1776), y_train=(34844, 114)
2025-06-08 16:19:16,959 - trainer_separate_竹山 - INFO - LightGBM訓練完成: 9.96s
2025-06-08 16:19:16,959 - trainer_separate_竹山 - INFO - 驗證集MAE: 2.8921
2025-06-08 16:19:16,992 - trainer_separate_竹山 - INFO - 訓練LSTM模型...
2025-06-08 16:19:16,992 - trainer_separate_竹山 - INFO - 開始訓練LSTM模型
2025-06-08 16:19:17,087 - trainer_separate_竹山 - INFO - LSTM數據形狀: X_train=torch.Size([34844, 24, 74]), y_train=torch.Size([34844, 6, 19])
2025-06-08 16:19:17,917 - trainer_separate_竹山 - INFO - Epoch 0: Train Loss=303.251935, Val Loss=175.019503
2025-06-08 16:19:25,405 - trainer_separate_竹山 - INFO - Epoch 10: Train Loss=24.017043, Val Loss=35.060548
2025-06-08 16:19:31,452 - trainer_separate_竹山 - INFO - 早停於 epoch 18
2025-06-08 16:19:31,656 - trainer_separate_竹山 - INFO - LSTM訓練完成: 14.46s
2025-06-08 16:19:31,656 - trainer_separate_竹山 - INFO - 驗證集MAE: 3.1117
2025-06-08 16:19:31,661 - trainer_separate_竹山 - INFO - 模型訓練管道執行完成
