2025-06-08 16:13:24,458 - preprocessor_separate_林園 - INFO - ==================================================
2025-06-08 16:13:24,458 - preprocessor_separate_林園 - INFO - 開始執行 separate 模式的完整預處理管道
2025-06-08 16:13:24,458 - preprocessor_separate_林園 - INFO - ==================================================
2025-06-08 16:13:24,458 - preprocessor_separate_林園 - INFO - 開始載入 separate 模式的原始數據
2025-06-08 16:13:24,459 - preprocessor_separate_林園 - INFO - 載入文件: D:\pythonWork\R_datascience\final\Train\data\raw\Separate\林園_C0R640_combined.csv
2025-06-08 16:13:24,523 - preprocessor_separate_林園 - INFO - 合併 1 個文件，總記錄數: 43584
2025-06-08 16:13:24,555 - preprocessor_separate_林園 - INFO - 數據驗證通過: (43584, 30), 時間範圍: 2020-01-01T00:00:00Z 到 2024-12-20T23:00:00Z
2025-06-08 16:13:24,556 - preprocessor_separate_林園 - INFO - 原始數據載入完成: (43584, 30)
2025-06-08 16:13:24,556 - preprocessor_separate_林園 - INFO - 開始數據預處理
2025-06-08 16:13:24,556 - preprocessor_separate_林園 - INFO - 處理時間特徵
2025-06-08 16:13:24,601 - preprocessor_separate_林園 - INFO - 執行特徵工程
2025-06-08 16:13:24,646 - preprocessor_separate_林園 - INFO - 執行數據清理
2025-06-08 16:13:24,848 - preprocessor_separate_林園 - INFO - 數據清理完成: 43584 -> 43584 行
2025-06-08 16:13:24,849 - preprocessor_separate_林園 - INFO - 執行特徵選擇
2025-06-08 16:13:24,854 - preprocessor_separate_林園 - INFO - 特徵選擇完成: 74 個特徵, 21 個目標
2025-06-08 16:13:24,855 - preprocessor_separate_林園 - INFO - 執行數據標準化
2025-06-08 16:13:24,902 - preprocessor_separate_林園 - INFO - 標準化器已保存: D:\pythonWork\R_datascience\final\Train\data\processed\separate\separate_scaler.pkl
2025-06-08 16:13:24,903 - preprocessor_separate_林園 - INFO - 數據預處理完成: (43584, 97)
2025-06-08 16:13:25,400 - preprocessor_separate_林園 - INFO - 處理後數據已保存: D:\pythonWork\R_datascience\final\Train\data\processed\separate\separate_林園_20250608_161324_processed.npz
2025-06-08 16:13:25,400 - preprocessor_separate_林園 - INFO - 數據形狀: X=(43584, 74), y=(43584, 21)
2025-06-08 16:13:25,402 - preprocessor_separate_林園 - INFO - 預處理管道執行完成
2025-06-08 16:13:25,405 - windows_separate_林園 - INFO - ==================================================
2025-06-08 16:13:25,405 - windows_separate_林園 - INFO - 開始執行 separate 模式的時間窗口生成
2025-06-08 16:13:25,405 - windows_separate_林園 - INFO - ==================================================
2025-06-08 16:13:25,406 - windows_separate_林園 - INFO - 載入預處理數據: D:\pythonWork\R_datascience\final\Train\data\processed\separate\separate_林園_20250608_161324_processed.npz
2025-06-08 16:13:25,474 - windows_separate_林園 - INFO - 數據載入完成: X=(43584, 74), y=(43584, 21)
2025-06-08 16:13:25,476 - windows_separate_林園 - INFO - 開始創建滑動時間窗口
2025-06-08 16:13:25,476 - windows_separate_林園 - INFO - 窗口參數: window_size=24, horizon=6, stride=1
2025-06-08 16:13:25,485 - windows_separate_林園 - INFO - 處理 1 個測站的數據
2025-06-08 16:13:25,595 - windows_separate_林園 - INFO - 單序列窗口創建完成: 43555 個窗口
2025-06-08 16:13:25,595 - windows_separate_林園 - INFO - 測站 林園: 43555 個窗口
2025-06-08 16:13:25,659 - windows_separate_林園 - INFO - 多測站窗口創建完成: 總計 43555 個窗口
2025-06-08 16:13:25,677 - windows_separate_林園 - INFO - 開始分割數據集
2025-06-08 16:13:25,678 - windows_separate_林園 - INFO - train: X=(34844, 24, 74), y=(34844, 6, 21)
2025-06-08 16:13:25,678 - windows_separate_林園 - INFO - val: X=(4355, 24, 74), y=(4355, 6, 21)
2025-06-08 16:13:25,678 - windows_separate_林園 - INFO - test: X=(4356, 24, 74), y=(4356, 6, 21)
2025-06-08 16:13:30,673 - windows_separate_林園 - INFO - NumPy格式數據已保存: D:\pythonWork\R_datascience\final\Train\data\sliding_windows\separate\separate_林園_20250608_161324_windows.npz
2025-06-08 16:13:31,303 - windows_separate_林園 - INFO - PyTorch格式數據已保存: D:\pythonWork\R_datascience\final\Train\data\sliding_windows\separate\separate_林園_20250608_161324_windows.pt
2025-06-08 16:13:31,303 - windows_separate_林園 - INFO - 時間窗口生成管道執行完成
2025-06-08 16:13:31,325 - trainer_separate_林園 - INFO - 使用設備: cuda
2025-06-08 16:13:31,325 - trainer_separate_林園 - INFO - ==================================================
2025-06-08 16:13:31,325 - trainer_separate_林園 - INFO - 開始執行 separate 模式的模型訓練
2025-06-08 16:13:31,325 - trainer_separate_林園 - INFO - ==================================================
2025-06-08 16:13:31,326 - trainer_separate_林園 - INFO - 載入訓練數據
2025-06-08 16:13:32,681 - trainer_separate_林園 - INFO - 訓練LightGBM模型...
2025-06-08 16:13:32,681 - trainer_separate_林園 - INFO - 開始訓練LightGBM模型
2025-06-08 16:13:32,681 - trainer_separate_林園 - INFO - LightGBM數據形狀: X_train=(34844, 1776), y_train=(34844, 126)
2025-06-08 16:13:45,262 - trainer_separate_林園 - INFO - LightGBM訓練完成: 12.24s
2025-06-08 16:13:45,262 - trainer_separate_林園 - INFO - 驗證集MAE: 3.3513
2025-06-08 16:13:45,292 - trainer_separate_林園 - INFO - 訓練LSTM模型...
2025-06-08 16:13:45,293 - trainer_separate_林園 - INFO - 開始訓練LSTM模型
2025-06-08 16:13:45,390 - trainer_separate_林園 - INFO - LSTM數據形狀: X_train=torch.Size([34844, 24, 74]), y_train=torch.Size([34844, 6, 21])
2025-06-08 16:13:46,234 - trainer_separate_林園 - INFO - Epoch 0: Train Loss=373.402882, Val Loss=204.645844
2025-06-08 16:13:53,730 - trainer_separate_林園 - INFO - Epoch 10: Train Loss=36.760286, Val Loss=48.872737
2025-06-08 16:14:01,151 - trainer_separate_林園 - INFO - Epoch 20: Train Loss=22.628532, Val Loss=52.538352
2025-06-08 16:14:01,919 - trainer_separate_林園 - INFO - 早停於 epoch 21
2025-06-08 16:14:02,119 - trainer_separate_林園 - INFO - LSTM訓練完成: 16.63s
2025-06-08 16:14:02,119 - trainer_separate_林園 - INFO - 驗證集MAE: 3.3976
2025-06-08 16:14:02,143 - trainer_separate_林園 - INFO - 模型訓練管道執行完成
