2025-06-08 18:52:24,339 - preprocessor_separate_norm_西屯 - INFO - ==================================================
2025-06-08 18:52:24,339 - preprocessor_separate_norm_西屯 - INFO - 開始執行 separate_norm 模式的完整預處理管道
2025-06-08 18:52:24,340 - preprocessor_separate_norm_西屯 - INFO - ==================================================
2025-06-08 18:52:24,340 - preprocessor_separate_norm_西屯 - INFO - 開始載入 separate_norm 模式的原始數據
2025-06-08 18:52:24,340 - preprocessor_separate_norm_西屯 - INFO - 載入文件: D:\pythonWork\R_datascience\final\Train\data\raw\Separate_Nomorlization\Nomorlization_西屯_C0F9T0_combined.csv
2025-06-08 18:52:24,448 - preprocessor_separate_norm_西屯 - INFO - 合併 1 個文件，總記錄數: 43584
2025-06-08 18:52:24,478 - preprocessor_separate_norm_西屯 - INFO - 數據驗證通過: (43584, 30), 時間範圍: 2020-01-01T00:00:00Z 到 2024-12-20T23:00:00Z
2025-06-08 18:52:24,478 - preprocessor_separate_norm_西屯 - INFO - 原始數據載入完成: (43584, 30)
2025-06-08 18:52:24,478 - preprocessor_separate_norm_西屯 - INFO - 開始數據預處理
2025-06-08 18:52:24,478 - preprocessor_separate_norm_西屯 - INFO - 處理時間特徵
2025-06-08 18:52:24,479 - preprocessor_separate_norm_西屯 - INFO - 數據已包含時間特徵，跳過時間特徵處理
2025-06-08 18:52:24,490 - preprocessor_separate_norm_西屯 - INFO - 執行特徵工程
2025-06-08 18:52:24,523 - preprocessor_separate_norm_西屯 - INFO - 執行數據清理
2025-06-08 18:52:24,690 - preprocessor_separate_norm_西屯 - INFO - 數據清理完成: 43584 -> 43584 行
2025-06-08 18:52:24,690 - preprocessor_separate_norm_西屯 - INFO - 執行特徵選擇
2025-06-08 18:52:24,690 - preprocessor_separate_norm_西屯 - INFO - 特徵選擇完成: 69 個特徵, 21 個目標
2025-06-08 18:52:24,699 - preprocessor_separate_norm_西屯 - INFO - 數據預處理完成: (43584, 92)
2025-06-08 18:52:25,248 - preprocessor_separate_norm_西屯 - INFO - 處理後數據已保存: D:\pythonWork\R_datascience\final\Train\data\processed\separate_norm\separate_norm_西屯_20250608_185224_processed.npz
2025-06-08 18:52:25,248 - preprocessor_separate_norm_西屯 - INFO - 數據形狀: X=(43584, 69), y=(43584, 21)
2025-06-08 18:52:25,248 - preprocessor_separate_norm_西屯 - INFO - 預處理管道執行完成
2025-06-08 18:52:25,255 - windows_separate_norm_西屯 - INFO - ==================================================
2025-06-08 18:52:25,255 - windows_separate_norm_西屯 - INFO - 開始執行 separate_norm 模式的時間窗口生成
2025-06-08 18:52:25,255 - windows_separate_norm_西屯 - INFO - ==================================================
2025-06-08 18:52:25,255 - windows_separate_norm_西屯 - INFO - 載入預處理數據: D:\pythonWork\R_datascience\final\Train\data\processed\separate_norm\separate_norm_西屯_20250608_185224_processed.npz
2025-06-08 18:52:25,340 - windows_separate_norm_西屯 - INFO - 數據載入完成: X=(43584, 69), y=(43584, 21)
2025-06-08 18:52:25,341 - windows_separate_norm_西屯 - INFO - 開始創建滑動時間窗口
2025-06-08 18:52:25,341 - windows_separate_norm_西屯 - INFO - 窗口參數: window_size=24, horizon=6, stride=1
2025-06-08 18:52:25,348 - windows_separate_norm_西屯 - INFO - 處理 1 個測站的數據
2025-06-08 18:52:25,451 - windows_separate_norm_西屯 - INFO - 單序列窗口創建完成: 43555 個窗口
2025-06-08 18:52:25,451 - windows_separate_norm_西屯 - INFO - 測站 西屯: 43555 個窗口
2025-06-08 18:52:25,511 - windows_separate_norm_西屯 - INFO - 多測站窗口創建完成: 總計 43555 個窗口
2025-06-08 18:52:25,526 - windows_separate_norm_西屯 - INFO - 開始分割數據集
2025-06-08 18:52:25,526 - windows_separate_norm_西屯 - INFO - train: X=(34844, 24, 69), y=(34844, 6, 21)
2025-06-08 18:52:25,526 - windows_separate_norm_西屯 - INFO - val: X=(4355, 24, 69), y=(4355, 6, 21)
2025-06-08 18:52:25,526 - windows_separate_norm_西屯 - INFO - test: X=(4356, 24, 69), y=(4356, 6, 21)
2025-06-08 18:52:29,917 - windows_separate_norm_西屯 - INFO - NumPy格式數據已保存: D:\pythonWork\R_datascience\final\Train\data\sliding_windows\separate_norm\separate_norm_西屯_20250608_185224_windows.npz
2025-06-08 18:52:30,424 - windows_separate_norm_西屯 - INFO - PyTorch格式數據已保存: D:\pythonWork\R_datascience\final\Train\data\sliding_windows\separate_norm\separate_norm_西屯_20250608_185224_windows.pt
2025-06-08 18:52:30,424 - windows_separate_norm_西屯 - INFO - 時間窗口生成管道執行完成
2025-06-08 18:52:30,453 - trainer_separate_norm_西屯 - INFO - 使用設備: cuda
2025-06-08 18:52:30,453 - trainer_separate_norm_西屯 - INFO - ==================================================
2025-06-08 18:52:30,453 - trainer_separate_norm_西屯 - INFO - 開始執行 separate_norm 模式的模型訓練
2025-06-08 18:52:30,453 - trainer_separate_norm_西屯 - INFO - ==================================================
2025-06-08 18:52:30,453 - trainer_separate_norm_西屯 - INFO - 載入訓練數據
2025-06-08 18:52:31,562 - trainer_separate_norm_西屯 - INFO - 訓練LightGBM模型...
2025-06-08 18:52:31,562 - trainer_separate_norm_西屯 - INFO - 開始訓練LightGBM模型
2025-06-08 18:52:31,562 - trainer_separate_norm_西屯 - INFO - LightGBM數據形狀: X_train=(34844, 1656), y_train=(34844, 126)
2025-06-08 18:52:41,372 - trainer_separate_norm_西屯 - INFO - LightGBM訓練完成: 9.03s
2025-06-08 18:52:41,372 - trainer_separate_norm_西屯 - INFO - 驗證集MAE: 0.0666
2025-06-08 18:52:41,403 - trainer_separate_norm_西屯 - INFO - 訓練LSTM模型...
2025-06-08 18:52:41,403 - trainer_separate_norm_西屯 - INFO - 開始訓練LSTM模型
2025-06-08 18:52:41,489 - trainer_separate_norm_西屯 - INFO - LSTM數據形狀: X_train=torch.Size([34844, 24, 69]), y_train=torch.Size([34844, 6, 21])
2025-06-08 18:52:42,273 - trainer_separate_norm_西屯 - INFO - Epoch 0: Train Loss=0.252170, Val Loss=0.159481
2025-06-08 18:52:49,229 - trainer_separate_norm_西屯 - INFO - Epoch 10: Train Loss=0.093466, Val Loss=0.165036
2025-06-08 18:52:51,265 - trainer_separate_norm_西屯 - INFO - 早停於 epoch 13
2025-06-08 18:52:51,454 - trainer_separate_norm_西屯 - INFO - LSTM訓練完成: 9.86s
2025-06-08 18:52:51,454 - trainer_separate_norm_西屯 - INFO - 驗證集MAE: 0.2515
2025-06-08 18:52:51,474 - trainer_separate_norm_西屯 - INFO - 模型訓練管道執行完成
