2025-06-08 18:36:47,037 - preprocessor_separate_norm_彰化 - INFO - ==================================================
2025-06-08 18:36:47,037 - preprocessor_separate_norm_彰化 - INFO - 開始執行 separate_norm 模式的完整預處理管道
2025-06-08 18:36:47,037 - preprocessor_separate_norm_彰化 - INFO - ==================================================
2025-06-08 18:36:47,037 - preprocessor_separate_norm_彰化 - INFO - 開始載入 separate_norm 模式的原始數據
2025-06-08 18:36:47,038 - preprocessor_separate_norm_彰化 - INFO - 載入文件: D:\pythonWork\R_datascience\final\Train\data\raw\Separate_Nomorlization\Nomorlization_彰化_C0G910_combined.csv
2025-06-08 18:36:47,144 - preprocessor_separate_norm_彰化 - INFO - 合併 1 個文件，總記錄數: 43584
2025-06-08 18:36:47,174 - preprocessor_separate_norm_彰化 - INFO - 數據驗證通過: (43584, 28), 時間範圍: 2020-01-01T00:00:00Z 到 2024-12-20T23:00:00Z
2025-06-08 18:36:47,174 - preprocessor_separate_norm_彰化 - INFO - 原始數據載入完成: (43584, 28)
2025-06-08 18:36:47,174 - preprocessor_separate_norm_彰化 - INFO - 開始數據預處理
2025-06-08 18:36:47,174 - preprocessor_separate_norm_彰化 - INFO - 處理時間特徵
2025-06-08 18:36:47,174 - preprocessor_separate_norm_彰化 - INFO - 數據已包含時間特徵，跳過時間特徵處理
2025-06-08 18:36:47,186 - preprocessor_separate_norm_彰化 - INFO - 執行特徵工程
2025-06-08 18:36:47,219 - preprocessor_separate_norm_彰化 - INFO - 執行數據清理
2025-06-08 18:36:47,385 - preprocessor_separate_norm_彰化 - INFO - 數據清理完成: 43584 -> 43584 行
2025-06-08 18:36:47,387 - preprocessor_separate_norm_彰化 - INFO - 執行特徵選擇
2025-06-08 18:36:47,391 - preprocessor_separate_norm_彰化 - INFO - 特徵選擇完成: 69 個特徵, 19 個目標
2025-06-08 18:36:47,392 - preprocessor_separate_norm_彰化 - INFO - 數據預處理完成: (43584, 90)
2025-06-08 18:36:47,931 - preprocessor_separate_norm_彰化 - INFO - 處理後數據已保存: D:\pythonWork\R_datascience\final\Train\data\processed\separate_norm\separate_norm_彰化_20250608_183647_processed.npz
2025-06-08 18:36:47,932 - preprocessor_separate_norm_彰化 - INFO - 數據形狀: X=(43584, 69), y=(43584, 19)
2025-06-08 18:36:47,935 - preprocessor_separate_norm_彰化 - INFO - 預處理管道執行完成
2025-06-08 18:36:47,938 - windows_separate_norm_彰化 - INFO - ==================================================
2025-06-08 18:36:47,938 - windows_separate_norm_彰化 - INFO - 開始執行 separate_norm 模式的時間窗口生成
2025-06-08 18:36:47,938 - windows_separate_norm_彰化 - INFO - ==================================================
2025-06-08 18:36:47,938 - windows_separate_norm_彰化 - INFO - 載入預處理數據: D:\pythonWork\R_datascience\final\Train\data\processed\separate_norm\separate_norm_彰化_20250608_183647_processed.npz
2025-06-08 18:36:48,021 - windows_separate_norm_彰化 - INFO - 數據載入完成: X=(43584, 69), y=(43584, 19)
2025-06-08 18:36:48,021 - windows_separate_norm_彰化 - INFO - 開始創建滑動時間窗口
2025-06-08 18:36:48,022 - windows_separate_norm_彰化 - INFO - 窗口參數: window_size=24, horizon=6, stride=1
2025-06-08 18:36:48,031 - windows_separate_norm_彰化 - INFO - 處理 1 個測站的數據
2025-06-08 18:36:48,134 - windows_separate_norm_彰化 - INFO - 單序列窗口創建完成: 43555 個窗口
2025-06-08 18:36:48,134 - windows_separate_norm_彰化 - INFO - 測站 彰化: 43555 個窗口
2025-06-08 18:36:48,193 - windows_separate_norm_彰化 - INFO - 多測站窗口創建完成: 總計 43555 個窗口
2025-06-08 18:36:48,204 - windows_separate_norm_彰化 - INFO - 開始分割數據集
2025-06-08 18:36:48,204 - windows_separate_norm_彰化 - INFO - train: X=(34844, 24, 69), y=(34844, 6, 19)
2025-06-08 18:36:48,205 - windows_separate_norm_彰化 - INFO - val: X=(4355, 24, 69), y=(4355, 6, 19)
2025-06-08 18:36:48,205 - windows_separate_norm_彰化 - INFO - test: X=(4356, 24, 69), y=(4356, 6, 19)
2025-06-08 18:36:52,503 - windows_separate_norm_彰化 - INFO - NumPy格式數據已保存: D:\pythonWork\R_datascience\final\Train\data\sliding_windows\separate_norm\separate_norm_彰化_20250608_183647_windows.npz
2025-06-08 18:36:53,009 - windows_separate_norm_彰化 - INFO - PyTorch格式數據已保存: D:\pythonWork\R_datascience\final\Train\data\sliding_windows\separate_norm\separate_norm_彰化_20250608_183647_windows.pt
2025-06-08 18:36:53,009 - windows_separate_norm_彰化 - INFO - 時間窗口生成管道執行完成
2025-06-08 18:36:53,032 - trainer_separate_norm_彰化 - INFO - 使用設備: cuda
2025-06-08 18:36:53,033 - trainer_separate_norm_彰化 - INFO - ==================================================
2025-06-08 18:36:53,033 - trainer_separate_norm_彰化 - INFO - 開始執行 separate_norm 模式的模型訓練
2025-06-08 18:36:53,033 - trainer_separate_norm_彰化 - INFO - ==================================================
2025-06-08 18:36:53,033 - trainer_separate_norm_彰化 - INFO - 載入訓練數據
2025-06-08 18:36:54,104 - trainer_separate_norm_彰化 - INFO - 訓練LightGBM模型...
2025-06-08 18:36:54,104 - trainer_separate_norm_彰化 - INFO - 開始訓練LightGBM模型
2025-06-08 18:36:54,104 - trainer_separate_norm_彰化 - INFO - LightGBM數據形狀: X_train=(34844, 1656), y_train=(34844, 114)
2025-06-08 18:37:03,224 - trainer_separate_norm_彰化 - INFO - LightGBM訓練完成: 8.47s
2025-06-08 18:37:03,224 - trainer_separate_norm_彰化 - INFO - 驗證集MAE: 0.0723
2025-06-08 18:37:03,256 - trainer_separate_norm_彰化 - INFO - 訓練LSTM模型...
2025-06-08 18:37:03,256 - trainer_separate_norm_彰化 - INFO - 開始訓練LSTM模型
2025-06-08 18:37:03,341 - trainer_separate_norm_彰化 - INFO - LSTM數據形狀: X_train=torch.Size([34844, 24, 69]), y_train=torch.Size([34844, 6, 19])
2025-06-08 18:37:04,148 - trainer_separate_norm_彰化 - INFO - Epoch 0: Train Loss=0.296920, Val Loss=0.202819
2025-06-08 18:37:11,031 - trainer_separate_norm_彰化 - INFO - Epoch 10: Train Loss=0.104776, Val Loss=0.214017
2025-06-08 18:37:13,054 - trainer_separate_norm_彰化 - INFO - 早停於 epoch 13
2025-06-08 18:37:13,219 - trainer_separate_norm_彰化 - INFO - LSTM訓練完成: 9.80s
2025-06-08 18:37:13,219 - trainer_separate_norm_彰化 - INFO - 驗證集MAE: 0.3083
2025-06-08 18:37:13,247 - trainer_separate_norm_彰化 - INFO - 模型訓練管道執行完成
