2025-06-08 15:55:44,473 - preprocessor_separate_嘉義 - INFO - ==================================================
2025-06-08 15:55:44,473 - preprocessor_separate_嘉義 - INFO - 開始執行 separate 模式的完整預處理管道
2025-06-08 15:55:44,474 - preprocessor_separate_嘉義 - INFO - ==================================================
2025-06-08 15:55:44,474 - preprocessor_separate_嘉義 - INFO - 開始載入 separate 模式的原始數據
2025-06-08 15:55:44,475 - preprocessor_separate_嘉義 - INFO - 載入文件: D:\pythonWork\R_datascience\final\Train\data\raw\Separate\嘉義_C0M730_combined.csv
2025-06-08 15:55:44,541 - preprocessor_separate_嘉義 - INFO - 合併 1 個文件，總記錄數: 43584
2025-06-08 15:55:44,574 - preprocessor_separate_嘉義 - INFO - 數據驗證通過: (43584, 28), 時間範圍: 2020-01-01T00:00:00Z 到 2024-12-20T23:00:00Z
2025-06-08 15:55:44,575 - preprocessor_separate_嘉義 - INFO - 原始數據載入完成: (43584, 28)
2025-06-08 15:55:44,575 - preprocessor_separate_嘉義 - INFO - 開始數據預處理
2025-06-08 15:55:44,575 - preprocessor_separate_嘉義 - INFO - 處理時間特徵
2025-06-08 15:55:44,621 - preprocessor_separate_嘉義 - INFO - 執行特徵工程
2025-06-08 15:55:44,662 - preprocessor_separate_嘉義 - INFO - 執行數據清理
2025-06-08 15:55:44,840 - preprocessor_separate_嘉義 - INFO - 數據清理完成: 43584 -> 43584 行
2025-06-08 15:55:44,841 - preprocessor_separate_嘉義 - INFO - 執行特徵選擇
2025-06-08 15:55:44,845 - preprocessor_separate_嘉義 - INFO - 特徵選擇完成: 74 個特徵, 19 個目標
2025-06-08 15:55:44,847 - preprocessor_separate_嘉義 - INFO - 執行數據標準化
2025-06-08 15:55:44,892 - preprocessor_separate_嘉義 - INFO - 標準化器已保存: D:\pythonWork\R_datascience\final\Train\data\processed\separate\separate_scaler.pkl
2025-06-08 15:55:44,893 - preprocessor_separate_嘉義 - INFO - 數據預處理完成: (43584, 95)
2025-06-08 15:55:45,361 - preprocessor_separate_嘉義 - INFO - 處理後數據已保存: D:\pythonWork\R_datascience\final\Train\data\processed\separate\separate_嘉義_20250608_155544_processed.npz
2025-06-08 15:55:45,361 - preprocessor_separate_嘉義 - INFO - 數據形狀: X=(43584, 74), y=(43584, 19)
2025-06-08 15:55:45,363 - preprocessor_separate_嘉義 - INFO - 預處理管道執行完成
2025-06-08 15:55:45,365 - windows_separate_嘉義 - INFO - ==================================================
2025-06-08 15:55:45,365 - windows_separate_嘉義 - INFO - 開始執行 separate 模式的時間窗口生成
2025-06-08 15:55:45,365 - windows_separate_嘉義 - INFO - ==================================================
2025-06-08 15:55:45,366 - windows_separate_嘉義 - INFO - 載入預處理數據: D:\pythonWork\R_datascience\final\Train\data\processed\separate\separate_嘉義_20250608_155544_processed.npz
2025-06-08 15:55:45,427 - windows_separate_嘉義 - INFO - 數據載入完成: X=(43584, 74), y=(43584, 19)
2025-06-08 15:55:45,427 - windows_separate_嘉義 - INFO - 開始創建滑動時間窗口
2025-06-08 15:55:45,427 - windows_separate_嘉義 - INFO - 窗口參數: window_size=24, horizon=6, stride=1
2025-06-08 15:55:45,436 - windows_separate_嘉義 - INFO - 處理 1 個測站的數據
2025-06-08 15:55:45,542 - windows_separate_嘉義 - INFO - 單序列窗口創建完成: 43555 個窗口
2025-06-08 15:55:45,543 - windows_separate_嘉義 - INFO - 測站 嘉義: 43555 個窗口
2025-06-08 15:55:45,605 - windows_separate_嘉義 - INFO - 多測站窗口創建完成: 總計 43555 個窗口
2025-06-08 15:55:45,623 - windows_separate_嘉義 - INFO - 開始分割數據集
2025-06-08 15:55:45,624 - windows_separate_嘉義 - INFO - train: X=(34844, 24, 74), y=(34844, 6, 19)
2025-06-08 15:55:45,624 - windows_separate_嘉義 - INFO - val: X=(4355, 24, 74), y=(4355, 6, 19)
2025-06-08 15:55:45,624 - windows_separate_嘉義 - INFO - test: X=(4356, 24, 74), y=(4356, 6, 19)
2025-06-08 15:55:50,522 - windows_separate_嘉義 - INFO - NumPy格式數據已保存: D:\pythonWork\R_datascience\final\Train\data\sliding_windows\separate\separate_嘉義_20250608_155544_windows.npz
2025-06-08 15:55:51,123 - windows_separate_嘉義 - INFO - PyTorch格式數據已保存: D:\pythonWork\R_datascience\final\Train\data\sliding_windows\separate\separate_嘉義_20250608_155544_windows.pt
2025-06-08 15:55:51,123 - windows_separate_嘉義 - INFO - 時間窗口生成管道執行完成
2025-06-08 15:55:51,143 - trainer_separate_嘉義 - INFO - 使用設備: cuda
2025-06-08 15:55:51,143 - trainer_separate_嘉義 - INFO - ==================================================
2025-06-08 15:55:51,143 - trainer_separate_嘉義 - INFO - 開始執行 separate 模式的模型訓練
2025-06-08 15:55:51,143 - trainer_separate_嘉義 - INFO - ==================================================
2025-06-08 15:55:51,144 - trainer_separate_嘉義 - INFO - 載入訓練數據
2025-06-08 15:55:52,218 - trainer_separate_嘉義 - INFO - 訓練LightGBM模型...
2025-06-08 15:55:52,218 - trainer_separate_嘉義 - INFO - 開始訓練LightGBM模型
2025-06-08 15:55:52,218 - trainer_separate_嘉義 - INFO - LightGBM數據形狀: X_train=(34844, 1776), y_train=(34844, 114)
2025-06-08 15:56:02,911 - trainer_separate_嘉義 - INFO - LightGBM訓練完成: 10.41s
2025-06-08 15:56:02,912 - trainer_separate_嘉義 - INFO - 驗證集MAE: 3.0546
2025-06-08 15:56:02,937 - trainer_separate_嘉義 - INFO - 訓練LSTM模型...
2025-06-08 15:56:02,937 - trainer_separate_嘉義 - INFO - 開始訓練LSTM模型
2025-06-08 15:56:03,029 - trainer_separate_嘉義 - INFO - LSTM數據形狀: X_train=torch.Size([34844, 24, 74]), y_train=torch.Size([34844, 6, 19])
2025-06-08 15:56:03,887 - trainer_separate_嘉義 - INFO - Epoch 0: Train Loss=345.219853, Val Loss=176.206100
2025-06-08 15:56:11,311 - trainer_separate_嘉義 - INFO - Epoch 10: Train Loss=28.958034, Val Loss=40.392364
2025-06-08 15:56:18,932 - trainer_separate_嘉義 - INFO - Epoch 20: Train Loss=17.268114, Val Loss=47.485458
2025-06-08 15:56:18,933 - trainer_separate_嘉義 - INFO - 早停於 epoch 20
2025-06-08 15:56:19,116 - trainer_separate_嘉義 - INFO - LSTM訓練完成: 16.00s
2025-06-08 15:56:19,117 - trainer_separate_嘉義 - INFO - 驗證集MAE: 3.3815
2025-06-08 15:56:19,122 - trainer_separate_嘉義 - INFO - 模型訓練管道執行完成
