2025-06-08 16:02:24,454 - preprocessor_separate_小港 - INFO - ==================================================
2025-06-08 16:02:24,454 - preprocessor_separate_小港 - INFO - 開始執行 separate 模式的完整預處理管道
2025-06-08 16:02:24,454 - preprocessor_separate_小港 - INFO - ==================================================
2025-06-08 16:02:24,454 - preprocessor_separate_小港 - INFO - 開始載入 separate 模式的原始數據
2025-06-08 16:02:24,455 - preprocessor_separate_小港 - INFO - 載入文件: D:\pythonWork\R_datascience\final\Train\data\raw\Separate\小港_C0V450_combined.csv
2025-06-08 16:02:24,516 - preprocessor_separate_小港 - INFO - 合併 1 個文件，總記錄數: 43584
2025-06-08 16:02:24,547 - preprocessor_separate_小港 - INFO - 數據驗證通過: (43584, 29), 時間範圍: 2020-01-01T00:00:00Z 到 2024-12-20T23:00:00Z
2025-06-08 16:02:24,547 - preprocessor_separate_小港 - INFO - 原始數據載入完成: (43584, 29)
2025-06-08 16:02:24,547 - preprocessor_separate_小港 - INFO - 開始數據預處理
2025-06-08 16:02:24,547 - preprocessor_separate_小港 - INFO - 處理時間特徵
2025-06-08 16:02:24,595 - preprocessor_separate_小港 - INFO - 執行特徵工程
2025-06-08 16:02:24,636 - preprocessor_separate_小港 - INFO - 執行數據清理
2025-06-08 16:02:24,841 - preprocessor_separate_小港 - INFO - 數據清理完成: 43584 -> 43584 行
2025-06-08 16:02:24,849 - preprocessor_separate_小港 - INFO - 執行特徵選擇
2025-06-08 16:02:24,856 - preprocessor_separate_小港 - INFO - 特徵選擇完成: 74 個特徵, 20 個目標
2025-06-08 16:02:24,857 - preprocessor_separate_小港 - INFO - 執行數據標準化
2025-06-08 16:02:24,907 - preprocessor_separate_小港 - INFO - 標準化器已保存: D:\pythonWork\R_datascience\final\Train\data\processed\separate\separate_scaler.pkl
2025-06-08 16:02:24,908 - preprocessor_separate_小港 - INFO - 數據預處理完成: (43584, 96)
2025-06-08 16:02:25,397 - preprocessor_separate_小港 - INFO - 處理後數據已保存: D:\pythonWork\R_datascience\final\Train\data\processed\separate\separate_小港_20250608_160224_processed.npz
2025-06-08 16:02:25,397 - preprocessor_separate_小港 - INFO - 數據形狀: X=(43584, 74), y=(43584, 20)
2025-06-08 16:02:25,405 - preprocessor_separate_小港 - INFO - 預處理管道執行完成
2025-06-08 16:02:25,408 - windows_separate_小港 - INFO - ==================================================
2025-06-08 16:02:25,408 - windows_separate_小港 - INFO - 開始執行 separate 模式的時間窗口生成
2025-06-08 16:02:25,408 - windows_separate_小港 - INFO - ==================================================
2025-06-08 16:02:25,408 - windows_separate_小港 - INFO - 載入預處理數據: D:\pythonWork\R_datascience\final\Train\data\processed\separate\separate_小港_20250608_160224_processed.npz
2025-06-08 16:02:25,479 - windows_separate_小港 - INFO - 數據載入完成: X=(43584, 74), y=(43584, 20)
2025-06-08 16:02:25,479 - windows_separate_小港 - INFO - 開始創建滑動時間窗口
2025-06-08 16:02:25,479 - windows_separate_小港 - INFO - 窗口參數: window_size=24, horizon=6, stride=1
2025-06-08 16:02:25,490 - windows_separate_小港 - INFO - 處理 1 個測站的數據
2025-06-08 16:02:25,596 - windows_separate_小港 - INFO - 單序列窗口創建完成: 43555 個窗口
2025-06-08 16:02:25,596 - windows_separate_小港 - INFO - 測站 小港: 43555 個窗口
2025-06-08 16:02:25,656 - windows_separate_小港 - INFO - 多測站窗口創建完成: 總計 43555 個窗口
2025-06-08 16:02:25,677 - windows_separate_小港 - INFO - 開始分割數據集
2025-06-08 16:02:25,677 - windows_separate_小港 - INFO - train: X=(34844, 24, 74), y=(34844, 6, 20)
2025-06-08 16:02:25,677 - windows_separate_小港 - INFO - val: X=(4355, 24, 74), y=(4355, 6, 20)
2025-06-08 16:02:25,678 - windows_separate_小港 - INFO - test: X=(4356, 24, 74), y=(4356, 6, 20)
2025-06-08 16:02:30,856 - windows_separate_小港 - INFO - NumPy格式數據已保存: D:\pythonWork\R_datascience\final\Train\data\sliding_windows\separate\separate_小港_20250608_160224_windows.npz
2025-06-08 16:02:31,466 - windows_separate_小港 - INFO - PyTorch格式數據已保存: D:\pythonWork\R_datascience\final\Train\data\sliding_windows\separate\separate_小港_20250608_160224_windows.pt
2025-06-08 16:02:31,466 - windows_separate_小港 - INFO - 時間窗口生成管道執行完成
2025-06-08 16:02:31,487 - trainer_separate_小港 - INFO - 使用設備: cuda
2025-06-08 16:02:31,487 - trainer_separate_小港 - INFO - ==================================================
2025-06-08 16:02:31,487 - trainer_separate_小港 - INFO - 開始執行 separate 模式的模型訓練
2025-06-08 16:02:31,487 - trainer_separate_小港 - INFO - ==================================================
2025-06-08 16:02:31,487 - trainer_separate_小港 - INFO - 載入訓練數據
2025-06-08 16:02:32,718 - trainer_separate_小港 - INFO - 訓練LightGBM模型...
2025-06-08 16:02:32,718 - trainer_separate_小港 - INFO - 開始訓練LightGBM模型
2025-06-08 16:02:32,718 - trainer_separate_小港 - INFO - LightGBM數據形狀: X_train=(34844, 1776), y_train=(34844, 120)
2025-06-08 16:02:42,058 - trainer_separate_小港 - INFO - LightGBM訓練完成: 9.02s
2025-06-08 16:02:42,058 - trainer_separate_小港 - INFO - 驗證集MAE: 3.2931
2025-06-08 16:02:42,092 - trainer_separate_小港 - INFO - 訓練LSTM模型...
2025-06-08 16:02:42,092 - trainer_separate_小港 - INFO - 開始訓練LSTM模型
2025-06-08 16:02:42,186 - trainer_separate_小港 - INFO - LSTM數據形狀: X_train=torch.Size([34844, 24, 74]), y_train=torch.Size([34844, 6, 20])
2025-06-08 16:02:43,012 - trainer_separate_小港 - INFO - Epoch 0: Train Loss=331.236165, Val Loss=163.955779
2025-06-08 16:02:50,476 - trainer_separate_小港 - INFO - Epoch 10: Train Loss=34.463773, Val Loss=47.513629
2025-06-08 16:02:57,904 - trainer_separate_小港 - INFO - Epoch 20: Train Loss=21.224168, Val Loss=49.497167
2025-06-08 16:02:59,380 - trainer_separate_小港 - INFO - 早停於 epoch 22
2025-06-08 16:02:59,575 - trainer_separate_小港 - INFO - LSTM訓練完成: 17.29s
2025-06-08 16:02:59,575 - trainer_separate_小港 - INFO - 驗證集MAE: 3.6403
2025-06-08 16:02:59,580 - trainer_separate_小港 - INFO - 模型訓練管道執行完成
