2025-06-08 15:29:02,989 - preprocessor_separate_屏東 - INFO - ==================================================
2025-06-08 15:29:02,989 - preprocessor_separate_屏東 - INFO - 開始執行 separate 模式的完整預處理管道
2025-06-08 15:29:02,989 - preprocessor_separate_屏東 - INFO - ==================================================
2025-06-08 15:29:02,989 - preprocessor_separate_屏東 - INFO - 開始載入 separate 模式的原始數據
2025-06-08 15:29:02,989 - preprocessor_separate_屏東 - INFO - 載入文件: D:\pythonWork\R_datascience\final\Train\data\raw\Separate\屏東_C0R570_combined.csv
2025-06-08 15:29:03,040 - preprocessor_separate_屏東 - INFO - 合併 1 個文件，總記錄數: 43584
2025-06-08 15:29:03,073 - preprocessor_separate_屏東 - INFO - 數據驗證通過: (43584, 29), 時間範圍: 2020-01-01T00:00:00Z 到 2024-12-20T23:00:00Z
2025-06-08 15:29:03,073 - preprocessor_separate_屏東 - INFO - 原始數據載入完成: (43584, 29)
2025-06-08 15:29:03,073 - preprocessor_separate_屏東 - INFO - 開始數據預處理
2025-06-08 15:29:03,073 - preprocessor_separate_屏東 - INFO - 處理時間特徵
2025-06-08 15:29:03,112 - preprocessor_separate_屏東 - INFO - 執行特徵工程
2025-06-08 15:29:03,145 - preprocessor_separate_屏東 - INFO - 執行數據清理
2025-06-08 15:29:03,304 - preprocessor_separate_屏東 - INFO - 數據清理完成: 43584 -> 43584 行
2025-06-08 15:29:03,307 - preprocessor_separate_屏東 - INFO - 執行特徵選擇
2025-06-08 15:29:03,312 - preprocessor_separate_屏東 - INFO - 特徵選擇完成: 74 個特徵, 20 個目標
2025-06-08 15:29:03,313 - preprocessor_separate_屏東 - INFO - 執行數據標準化
2025-06-08 15:29:03,360 - preprocessor_separate_屏東 - INFO - 標準化器已保存: D:\pythonWork\R_datascience\final\Train\data\processed\separate_scaler.pkl
2025-06-08 15:29:03,361 - preprocessor_separate_屏東 - INFO - 數據預處理完成: (43584, 96)
2025-06-08 15:29:03,838 - preprocessor_separate_屏東 - INFO - 處理後數據已保存: D:\pythonWork\R_datascience\final\Train\data\processed\separate_屏東_20250608_152902_processed.npz
2025-06-08 15:29:03,839 - preprocessor_separate_屏東 - INFO - 數據形狀: X=(43584, 74), y=(43584, 20)
2025-06-08 15:29:03,840 - preprocessor_separate_屏東 - INFO - 預處理管道執行完成
