2025-06-08 18:41:27,522 - preprocessor_separate_norm_松山 - INFO - ==================================================
2025-06-08 18:41:27,522 - preprocessor_separate_norm_松山 - INFO - 開始執行 separate_norm 模式的完整預處理管道
2025-06-08 18:41:27,522 - preprocessor_separate_norm_松山 - INFO - ==================================================
2025-06-08 18:41:27,522 - preprocessor_separate_norm_松山 - INFO - 開始載入 separate_norm 模式的原始數據
2025-06-08 18:41:27,523 - preprocessor_separate_norm_松山 - INFO - 載入文件: D:\pythonWork\R_datascience\final\Train\data\raw\Separate_Nomorlization\Nomorlization_松山_C0AC70_combined.csv
2025-06-08 18:41:27,631 - preprocessor_separate_norm_松山 - INFO - 合併 1 個文件，總記錄數: 43584
2025-06-08 18:41:27,661 - preprocessor_separate_norm_松山 - INFO - 數據驗證通過: (43584, 30), 時間範圍: 2020-01-01T00:00:00Z 到 2024-12-20T23:00:00Z
2025-06-08 18:41:27,662 - preprocessor_separate_norm_松山 - INFO - 原始數據載入完成: (43584, 30)
2025-06-08 18:41:27,662 - preprocessor_separate_norm_松山 - INFO - 開始數據預處理
2025-06-08 18:41:27,662 - preprocessor_separate_norm_松山 - INFO - 處理時間特徵
2025-06-08 18:41:27,662 - preprocessor_separate_norm_松山 - INFO - 數據已包含時間特徵，跳過時間特徵處理
2025-06-08 18:41:27,674 - preprocessor_separate_norm_松山 - INFO - 執行特徵工程
2025-06-08 18:41:27,707 - preprocessor_separate_norm_松山 - INFO - 執行數據清理
2025-06-08 18:41:27,883 - preprocessor_separate_norm_松山 - INFO - 數據清理完成: 43584 -> 43584 行
2025-06-08 18:41:27,883 - preprocessor_separate_norm_松山 - INFO - 執行特徵選擇
2025-06-08 18:41:27,883 - preprocessor_separate_norm_松山 - INFO - 特徵選擇完成: 69 個特徵, 21 個目標
2025-06-08 18:41:27,890 - preprocessor_separate_norm_松山 - INFO - 數據預處理完成: (43584, 92)
2025-06-08 18:41:28,449 - preprocessor_separate_norm_松山 - INFO - 處理後數據已保存: D:\pythonWork\R_datascience\final\Train\data\processed\separate_norm\separate_norm_松山_20250608_184127_processed.npz
2025-06-08 18:41:28,449 - preprocessor_separate_norm_松山 - INFO - 數據形狀: X=(43584, 69), y=(43584, 21)
2025-06-08 18:41:28,449 - preprocessor_separate_norm_松山 - INFO - 預處理管道執行完成
2025-06-08 18:41:28,466 - windows_separate_norm_松山 - INFO - ==================================================
2025-06-08 18:41:28,466 - windows_separate_norm_松山 - INFO - 開始執行 separate_norm 模式的時間窗口生成
2025-06-08 18:41:28,466 - windows_separate_norm_松山 - INFO - ==================================================
2025-06-08 18:41:28,466 - windows_separate_norm_松山 - INFO - 載入預處理數據: D:\pythonWork\R_datascience\final\Train\data\processed\separate_norm\separate_norm_松山_20250608_184127_processed.npz
2025-06-08 18:41:28,552 - windows_separate_norm_松山 - INFO - 數據載入完成: X=(43584, 69), y=(43584, 21)
2025-06-08 18:41:28,553 - windows_separate_norm_松山 - INFO - 開始創建滑動時間窗口
2025-06-08 18:41:28,553 - windows_separate_norm_松山 - INFO - 窗口參數: window_size=24, horizon=6, stride=1
2025-06-08 18:41:28,562 - windows_separate_norm_松山 - INFO - 處理 1 個測站的數據
2025-06-08 18:41:28,665 - windows_separate_norm_松山 - INFO - 單序列窗口創建完成: 43555 個窗口
2025-06-08 18:41:28,665 - windows_separate_norm_松山 - INFO - 測站 松山: 43555 個窗口
2025-06-08 18:41:28,726 - windows_separate_norm_松山 - INFO - 多測站窗口創建完成: 總計 43555 個窗口
2025-06-08 18:41:28,737 - windows_separate_norm_松山 - INFO - 開始分割數據集
2025-06-08 18:41:28,738 - windows_separate_norm_松山 - INFO - train: X=(34844, 24, 69), y=(34844, 6, 21)
2025-06-08 18:41:28,738 - windows_separate_norm_松山 - INFO - val: X=(4355, 24, 69), y=(4355, 6, 21)
2025-06-08 18:41:28,738 - windows_separate_norm_松山 - INFO - test: X=(4356, 24, 69), y=(4356, 6, 21)
2025-06-08 18:41:33,143 - windows_separate_norm_松山 - INFO - NumPy格式數據已保存: D:\pythonWork\R_datascience\final\Train\data\sliding_windows\separate_norm\separate_norm_松山_20250608_184127_windows.npz
2025-06-08 18:41:33,760 - windows_separate_norm_松山 - INFO - PyTorch格式數據已保存: D:\pythonWork\R_datascience\final\Train\data\sliding_windows\separate_norm\separate_norm_松山_20250608_184127_windows.pt
2025-06-08 18:41:33,760 - windows_separate_norm_松山 - INFO - 時間窗口生成管道執行完成
2025-06-08 18:41:33,776 - trainer_separate_norm_松山 - INFO - 使用設備: cuda
2025-06-08 18:41:33,776 - trainer_separate_norm_松山 - INFO - ==================================================
2025-06-08 18:41:33,776 - trainer_separate_norm_松山 - INFO - 開始執行 separate_norm 模式的模型訓練
2025-06-08 18:41:33,776 - trainer_separate_norm_松山 - INFO - ==================================================
2025-06-08 18:41:33,776 - trainer_separate_norm_松山 - INFO - 載入訓練數據
2025-06-08 18:41:34,872 - trainer_separate_norm_松山 - INFO - 訓練LightGBM模型...
2025-06-08 18:41:34,872 - trainer_separate_norm_松山 - INFO - 開始訓練LightGBM模型
2025-06-08 18:41:34,872 - trainer_separate_norm_松山 - INFO - LightGBM數據形狀: X_train=(34844, 1656), y_train=(34844, 126)
2025-06-08 18:41:43,909 - trainer_separate_norm_松山 - INFO - LightGBM訓練完成: 8.37s
2025-06-08 18:41:43,909 - trainer_separate_norm_松山 - INFO - 驗證集MAE: 0.0965
2025-06-08 18:41:43,940 - trainer_separate_norm_松山 - INFO - 訓練LSTM模型...
2025-06-08 18:41:43,940 - trainer_separate_norm_松山 - INFO - 開始訓練LSTM模型
2025-06-08 18:41:44,024 - trainer_separate_norm_松山 - INFO - LSTM數據形狀: X_train=torch.Size([34844, 24, 69]), y_train=torch.Size([34844, 6, 21])
2025-06-08 18:41:44,792 - trainer_separate_norm_松山 - INFO - Epoch 0: Train Loss=0.211548, Val Loss=0.149207
2025-06-08 18:41:51,568 - trainer_separate_norm_松山 - INFO - Epoch 10: Train Loss=0.074693, Val Loss=0.167988
2025-06-08 18:41:53,580 - trainer_separate_norm_松山 - INFO - 早停於 epoch 13
2025-06-08 18:41:53,771 - trainer_separate_norm_松山 - INFO - LSTM訓練完成: 9.64s
2025-06-08 18:41:53,771 - trainer_separate_norm_松山 - INFO - 驗證集MAE: 0.2595
2025-06-08 18:41:53,787 - trainer_separate_norm_松山 - INFO - 模型訓練管道執行完成
