2025-06-08 18:27:42,157 - preprocessor_separate_norm_前鎮 - INFO - ==================================================
2025-06-08 18:27:42,157 - preprocessor_separate_norm_前鎮 - INFO - 開始執行 separate_norm 模式的完整預處理管道
2025-06-08 18:27:42,157 - preprocessor_separate_norm_前鎮 - INFO - ==================================================
2025-06-08 18:27:42,157 - preprocessor_separate_norm_前鎮 - INFO - 開始載入 separate_norm 模式的原始數據
2025-06-08 18:27:42,158 - preprocessor_separate_norm_前鎮 - INFO - 載入文件: D:\pythonWork\R_datascience\final\Train\data\raw\Separate_Nomorlization\Nomorlization_前鎮_C0V490_combined.csv
2025-06-08 18:27:42,265 - preprocessor_separate_norm_前鎮 - INFO - 合併 1 個文件，總記錄數: 43584
2025-06-08 18:27:42,287 - preprocessor_separate_norm_前鎮 - INFO - 數據驗證通過: (43584, 29), 時間範圍: 2020-01-01T00:00:00Z 到 2024-12-20T23:00:00Z
2025-06-08 18:27:42,287 - preprocessor_separate_norm_前鎮 - INFO - 原始數據載入完成: (43584, 29)
2025-06-08 18:27:42,287 - preprocessor_separate_norm_前鎮 - INFO - 開始數據預處理
2025-06-08 18:27:42,298 - preprocessor_separate_norm_前鎮 - INFO - 處理時間特徵
2025-06-08 18:27:42,298 - preprocessor_separate_norm_前鎮 - INFO - 數據已包含時間特徵，跳過時間特徵處理
2025-06-08 18:27:42,299 - preprocessor_separate_norm_前鎮 - INFO - 執行特徵工程
2025-06-08 18:27:42,337 - preprocessor_separate_norm_前鎮 - INFO - 執行數據清理
2025-06-08 18:27:42,494 - preprocessor_separate_norm_前鎮 - INFO - 數據清理完成: 43584 -> 43584 行
2025-06-08 18:27:42,494 - preprocessor_separate_norm_前鎮 - INFO - 執行特徵選擇
2025-06-08 18:27:42,507 - preprocessor_separate_norm_前鎮 - INFO - 特徵選擇完成: 69 個特徵, 20 個目標
2025-06-08 18:27:42,509 - preprocessor_separate_norm_前鎮 - INFO - 數據預處理完成: (43584, 91)
2025-06-08 18:27:43,049 - preprocessor_separate_norm_前鎮 - INFO - 處理後數據已保存: D:\pythonWork\R_datascience\final\Train\data\processed\separate_norm\separate_norm_前鎮_20250608_182742_processed.npz
2025-06-08 18:27:43,049 - preprocessor_separate_norm_前鎮 - INFO - 數據形狀: X=(43584, 69), y=(43584, 20)
2025-06-08 18:27:43,049 - preprocessor_separate_norm_前鎮 - INFO - 預處理管道執行完成
2025-06-08 18:27:43,049 - windows_separate_norm_前鎮 - INFO - ==================================================
2025-06-08 18:27:43,056 - windows_separate_norm_前鎮 - INFO - 開始執行 separate_norm 模式的時間窗口生成
2025-06-08 18:27:43,056 - windows_separate_norm_前鎮 - INFO - ==================================================
2025-06-08 18:27:43,056 - windows_separate_norm_前鎮 - INFO - 載入預處理數據: D:\pythonWork\R_datascience\final\Train\data\processed\separate_norm\separate_norm_前鎮_20250608_182742_processed.npz
2025-06-08 18:27:43,135 - windows_separate_norm_前鎮 - INFO - 數據載入完成: X=(43584, 69), y=(43584, 20)
2025-06-08 18:27:43,135 - windows_separate_norm_前鎮 - INFO - 開始創建滑動時間窗口
2025-06-08 18:27:43,135 - windows_separate_norm_前鎮 - INFO - 窗口參數: window_size=24, horizon=6, stride=1
2025-06-08 18:27:43,144 - windows_separate_norm_前鎮 - INFO - 處理 1 個測站的數據
2025-06-08 18:27:43,232 - windows_separate_norm_前鎮 - INFO - 單序列窗口創建完成: 43555 個窗口
2025-06-08 18:27:43,232 - windows_separate_norm_前鎮 - INFO - 測站 前鎮: 43555 個窗口
2025-06-08 18:27:43,298 - windows_separate_norm_前鎮 - INFO - 多測站窗口創建完成: 總計 43555 個窗口
2025-06-08 18:27:43,316 - windows_separate_norm_前鎮 - INFO - 開始分割數據集
2025-06-08 18:27:43,317 - windows_separate_norm_前鎮 - INFO - train: X=(34844, 24, 69), y=(34844, 6, 20)
2025-06-08 18:27:43,317 - windows_separate_norm_前鎮 - INFO - val: X=(4355, 24, 69), y=(4355, 6, 20)
2025-06-08 18:27:43,317 - windows_separate_norm_前鎮 - INFO - test: X=(4356, 24, 69), y=(4356, 6, 20)
2025-06-08 18:27:47,596 - windows_separate_norm_前鎮 - INFO - NumPy格式數據已保存: D:\pythonWork\R_datascience\final\Train\data\sliding_windows\separate_norm\separate_norm_前鎮_20250608_182742_windows.npz
2025-06-08 18:27:48,115 - windows_separate_norm_前鎮 - INFO - PyTorch格式數據已保存: D:\pythonWork\R_datascience\final\Train\data\sliding_windows\separate_norm\separate_norm_前鎮_20250608_182742_windows.pt
2025-06-08 18:27:48,115 - windows_separate_norm_前鎮 - INFO - 時間窗口生成管道執行完成
2025-06-08 18:27:48,140 - trainer_separate_norm_前鎮 - INFO - 使用設備: cuda
2025-06-08 18:27:48,140 - trainer_separate_norm_前鎮 - INFO - ==================================================
2025-06-08 18:27:48,140 - trainer_separate_norm_前鎮 - INFO - 開始執行 separate_norm 模式的模型訓練
2025-06-08 18:27:48,140 - trainer_separate_norm_前鎮 - INFO - ==================================================
2025-06-08 18:27:48,140 - trainer_separate_norm_前鎮 - INFO - 載入訓練數據
2025-06-08 18:27:49,154 - trainer_separate_norm_前鎮 - INFO - 訓練LightGBM模型...
2025-06-08 18:27:49,154 - trainer_separate_norm_前鎮 - INFO - 開始訓練LightGBM模型
2025-06-08 18:27:49,154 - trainer_separate_norm_前鎮 - INFO - LightGBM數據形狀: X_train=(34844, 1656), y_train=(34844, 120)
2025-06-08 18:27:58,843 - trainer_separate_norm_前鎮 - INFO - LightGBM訓練完成: 9.14s
2025-06-08 18:27:58,843 - trainer_separate_norm_前鎮 - INFO - 驗證集MAE: 0.0647
2025-06-08 18:27:58,871 - trainer_separate_norm_前鎮 - INFO - 訓練LSTM模型...
2025-06-08 18:27:58,871 - trainer_separate_norm_前鎮 - INFO - 開始訓練LSTM模型
2025-06-08 18:27:58,956 - trainer_separate_norm_前鎮 - INFO - LSTM數據形狀: X_train=torch.Size([34844, 24, 69]), y_train=torch.Size([34844, 6, 20])
2025-06-08 18:27:59,720 - trainer_separate_norm_前鎮 - INFO - Epoch 0: Train Loss=0.191168, Val Loss=0.129662
2025-06-08 18:28:06,574 - trainer_separate_norm_前鎮 - INFO - Epoch 10: Train Loss=0.074964, Val Loss=0.139111
2025-06-08 18:28:09,278 - trainer_separate_norm_前鎮 - INFO - 早停於 epoch 14
2025-06-08 18:28:09,465 - trainer_separate_norm_前鎮 - INFO - LSTM訓練完成: 10.41s
2025-06-08 18:28:09,465 - trainer_separate_norm_前鎮 - INFO - 驗證集MAE: 0.2397
2025-06-08 18:28:09,481 - trainer_separate_norm_前鎮 - INFO - 模型訓練管道執行完成
