2025-06-08 16:17:53,724 - preprocessor_separate_湖口 - INFO - ==================================================
2025-06-08 16:17:53,724 - preprocessor_separate_湖口 - INFO - 開始執行 separate 模式的完整預處理管道
2025-06-08 16:17:53,724 - preprocessor_separate_湖口 - INFO - ==================================================
2025-06-08 16:17:53,724 - preprocessor_separate_湖口 - INFO - 開始載入 separate 模式的原始數據
2025-06-08 16:17:53,725 - preprocessor_separate_湖口 - INFO - 載入文件: D:\pythonWork\R_datascience\final\Train\data\raw\Separate\湖口_C0D650_combined.csv
2025-06-08 16:17:53,791 - preprocessor_separate_湖口 - INFO - 合併 1 個文件，總記錄數: 43584
2025-06-08 16:17:53,828 - preprocessor_separate_湖口 - INFO - 數據驗證通過: (43584, 28), 時間範圍: 2020-01-01T00:00:00Z 到 2024-12-20T23:00:00Z
2025-06-08 16:17:53,828 - preprocessor_separate_湖口 - INFO - 原始數據載入完成: (43584, 28)
2025-06-08 16:17:53,828 - preprocessor_separate_湖口 - INFO - 開始數據預處理
2025-06-08 16:17:53,828 - preprocessor_separate_湖口 - INFO - 處理時間特徵
2025-06-08 16:17:53,874 - preprocessor_separate_湖口 - INFO - 執行特徵工程
2025-06-08 16:17:53,923 - preprocessor_separate_湖口 - INFO - 執行數據清理
2025-06-08 16:17:54,120 - preprocessor_separate_湖口 - INFO - 數據清理完成: 43584 -> 43584 行
2025-06-08 16:17:54,129 - preprocessor_separate_湖口 - INFO - 執行特徵選擇
2025-06-08 16:17:54,135 - preprocessor_separate_湖口 - INFO - 特徵選擇完成: 74 個特徵, 19 個目標
2025-06-08 16:17:54,136 - preprocessor_separate_湖口 - INFO - 執行數據標準化
2025-06-08 16:17:54,184 - preprocessor_separate_湖口 - INFO - 標準化器已保存: D:\pythonWork\R_datascience\final\Train\data\processed\separate\separate_scaler.pkl
2025-06-08 16:17:54,185 - preprocessor_separate_湖口 - INFO - 數據預處理完成: (43584, 95)
2025-06-08 16:17:54,660 - preprocessor_separate_湖口 - INFO - 處理後數據已保存: D:\pythonWork\R_datascience\final\Train\data\processed\separate\separate_湖口_20250608_161753_processed.npz
2025-06-08 16:17:54,660 - preprocessor_separate_湖口 - INFO - 數據形狀: X=(43584, 74), y=(43584, 19)
2025-06-08 16:17:54,662 - preprocessor_separate_湖口 - INFO - 預處理管道執行完成
2025-06-08 16:17:54,664 - windows_separate_湖口 - INFO - ==================================================
2025-06-08 16:17:54,664 - windows_separate_湖口 - INFO - 開始執行 separate 模式的時間窗口生成
2025-06-08 16:17:54,664 - windows_separate_湖口 - INFO - ==================================================
2025-06-08 16:17:54,665 - windows_separate_湖口 - INFO - 載入預處理數據: D:\pythonWork\R_datascience\final\Train\data\processed\separate\separate_湖口_20250608_161753_processed.npz
2025-06-08 16:17:54,731 - windows_separate_湖口 - INFO - 數據載入完成: X=(43584, 74), y=(43584, 19)
2025-06-08 16:17:54,731 - windows_separate_湖口 - INFO - 開始創建滑動時間窗口
2025-06-08 16:17:54,731 - windows_separate_湖口 - INFO - 窗口參數: window_size=24, horizon=6, stride=1
2025-06-08 16:17:54,741 - windows_separate_湖口 - INFO - 處理 1 個測站的數據
2025-06-08 16:17:54,849 - windows_separate_湖口 - INFO - 單序列窗口創建完成: 43555 個窗口
2025-06-08 16:17:54,849 - windows_separate_湖口 - INFO - 測站 湖口: 43555 個窗口
2025-06-08 16:17:54,911 - windows_separate_湖口 - INFO - 多測站窗口創建完成: 總計 43555 個窗口
2025-06-08 16:17:54,929 - windows_separate_湖口 - INFO - 開始分割數據集
2025-06-08 16:17:54,929 - windows_separate_湖口 - INFO - train: X=(34844, 24, 74), y=(34844, 6, 19)
2025-06-08 16:17:54,929 - windows_separate_湖口 - INFO - val: X=(4355, 24, 74), y=(4355, 6, 19)
2025-06-08 16:17:54,930 - windows_separate_湖口 - INFO - test: X=(4356, 24, 74), y=(4356, 6, 19)
2025-06-08 16:17:59,825 - windows_separate_湖口 - INFO - NumPy格式數據已保存: D:\pythonWork\R_datascience\final\Train\data\sliding_windows\separate\separate_湖口_20250608_161753_windows.npz
2025-06-08 16:18:00,419 - windows_separate_湖口 - INFO - PyTorch格式數據已保存: D:\pythonWork\R_datascience\final\Train\data\sliding_windows\separate\separate_湖口_20250608_161753_windows.pt
2025-06-08 16:18:00,420 - windows_separate_湖口 - INFO - 時間窗口生成管道執行完成
2025-06-08 16:18:00,439 - trainer_separate_湖口 - INFO - 使用設備: cuda
2025-06-08 16:18:00,439 - trainer_separate_湖口 - INFO - ==================================================
2025-06-08 16:18:00,439 - trainer_separate_湖口 - INFO - 開始執行 separate 模式的模型訓練
2025-06-08 16:18:00,440 - trainer_separate_湖口 - INFO - ==================================================
2025-06-08 16:18:00,440 - trainer_separate_湖口 - INFO - 載入訓練數據
2025-06-08 16:18:01,676 - trainer_separate_湖口 - INFO - 訓練LightGBM模型...
2025-06-08 16:18:01,677 - trainer_separate_湖口 - INFO - 開始訓練LightGBM模型
2025-06-08 16:18:01,677 - trainer_separate_湖口 - INFO - LightGBM數據形狀: X_train=(34844, 1776), y_train=(34844, 114)
2025-06-08 16:18:09,122 - trainer_separate_湖口 - INFO - LightGBM訓練完成: 7.21s
2025-06-08 16:18:09,123 - trainer_separate_湖口 - INFO - 驗證集MAE: 2.7425
2025-06-08 16:18:09,200 - trainer_separate_湖口 - INFO - 訓練LSTM模型...
2025-06-08 16:18:09,200 - trainer_separate_湖口 - INFO - 開始訓練LSTM模型
2025-06-08 16:18:09,292 - trainer_separate_湖口 - INFO - LSTM數據形狀: X_train=torch.Size([34844, 24, 74]), y_train=torch.Size([34844, 6, 19])
2025-06-08 16:18:10,143 - trainer_separate_湖口 - INFO - Epoch 0: Train Loss=178.264698, Val Loss=110.462747
2025-06-08 16:18:17,641 - trainer_separate_湖口 - INFO - Epoch 10: Train Loss=16.564011, Val Loss=38.492945
2025-06-08 16:18:22,822 - trainer_separate_湖口 - INFO - 早停於 epoch 17
2025-06-08 16:18:23,007 - trainer_separate_湖口 - INFO - LSTM訓練完成: 13.62s
2025-06-08 16:18:23,007 - trainer_separate_湖口 - INFO - 驗證集MAE: 3.4240
2025-06-08 16:18:23,013 - trainer_separate_湖口 - INFO - 模型訓練管道執行完成
