2025-06-08 18:24:18,699 - preprocessor_separate_norm_三義 - INFO - ==================================================
2025-06-08 18:24:18,699 - preprocessor_separate_norm_三義 - INFO - 開始執行 separate_norm 模式的完整預處理管道
2025-06-08 18:24:18,699 - preprocessor_separate_norm_三義 - INFO - ==================================================
2025-06-08 18:24:18,699 - preprocessor_separate_norm_三義 - INFO - 開始載入 separate_norm 模式的原始數據
2025-06-08 18:24:18,699 - preprocessor_separate_norm_三義 - INFO - 載入文件: D:\pythonWork\R_datascience\final\Train\data\raw\Separate_Nomorlization\Nomorlization_三義_C0F9Q0_combined.csv
2025-06-08 18:24:18,794 - preprocessor_separate_norm_三義 - INFO - 合併 1 個文件，總記錄數: 43584
2025-06-08 18:24:18,827 - preprocessor_separate_norm_三義 - INFO - 數據驗證通過: (43584, 27), 時間範圍: 2020-01-01T00:00:00Z 到 2024-12-20T23:00:00Z
2025-06-08 18:24:18,827 - preprocessor_separate_norm_三義 - INFO - 原始數據載入完成: (43584, 27)
2025-06-08 18:24:18,827 - preprocessor_separate_norm_三義 - INFO - 開始數據預處理
2025-06-08 18:24:18,827 - preprocessor_separate_norm_三義 - INFO - 處理時間特徵
2025-06-08 18:24:18,827 - preprocessor_separate_norm_三義 - INFO - 數據已包含時間特徵，跳過時間特徵處理
2025-06-08 18:24:18,846 - preprocessor_separate_norm_三義 - INFO - 執行特徵工程
2025-06-08 18:24:18,866 - preprocessor_separate_norm_三義 - INFO - 執行數據清理
2025-06-08 18:24:19,027 - preprocessor_separate_norm_三義 - INFO - 數據清理完成: 43584 -> 43584 行
2025-06-08 18:24:19,027 - preprocessor_separate_norm_三義 - INFO - 執行特徵選擇
2025-06-08 18:24:19,027 - preprocessor_separate_norm_三義 - INFO - 特徵選擇完成: 69 個特徵, 18 個目標
2025-06-08 18:24:19,027 - preprocessor_separate_norm_三義 - INFO - 數據預處理完成: (43584, 89)
2025-06-08 18:24:19,558 - preprocessor_separate_norm_三義 - INFO - 處理後數據已保存: D:\pythonWork\R_datascience\final\Train\data\processed\separate_norm\separate_norm_三義_20250608_182418_processed.npz
2025-06-08 18:24:19,559 - preprocessor_separate_norm_三義 - INFO - 數據形狀: X=(43584, 69), y=(43584, 18)
2025-06-08 18:24:19,560 - preprocessor_separate_norm_三義 - INFO - 預處理管道執行完成
2025-06-08 18:24:19,564 - windows_separate_norm_三義 - INFO - ==================================================
2025-06-08 18:24:19,564 - windows_separate_norm_三義 - INFO - 開始執行 separate_norm 模式的時間窗口生成
2025-06-08 18:24:19,564 - windows_separate_norm_三義 - INFO - ==================================================
2025-06-08 18:24:19,564 - windows_separate_norm_三義 - INFO - 載入預處理數據: D:\pythonWork\R_datascience\final\Train\data\processed\separate_norm\separate_norm_三義_20250608_182418_processed.npz
2025-06-08 18:24:19,627 - windows_separate_norm_三義 - INFO - 數據載入完成: X=(43584, 69), y=(43584, 18)
2025-06-08 18:24:19,627 - windows_separate_norm_三義 - INFO - 開始創建滑動時間窗口
2025-06-08 18:24:19,627 - windows_separate_norm_三義 - INFO - 窗口參數: window_size=24, horizon=6, stride=1
2025-06-08 18:24:19,627 - windows_separate_norm_三義 - INFO - 處理 1 個測站的數據
2025-06-08 18:24:19,739 - windows_separate_norm_三義 - INFO - 單序列窗口創建完成: 43555 個窗口
2025-06-08 18:24:19,739 - windows_separate_norm_三義 - INFO - 測站 三義: 43555 個窗口
2025-06-08 18:24:19,794 - windows_separate_norm_三義 - INFO - 多測站窗口創建完成: 總計 43555 個窗口
2025-06-08 18:24:19,809 - windows_separate_norm_三義 - INFO - 開始分割數據集
2025-06-08 18:24:19,809 - windows_separate_norm_三義 - INFO - train: X=(34844, 24, 69), y=(34844, 6, 18)
2025-06-08 18:24:19,810 - windows_separate_norm_三義 - INFO - val: X=(4355, 24, 69), y=(4355, 6, 18)
2025-06-08 18:24:19,810 - windows_separate_norm_三義 - INFO - test: X=(4356, 24, 69), y=(4356, 6, 18)
2025-06-08 18:24:24,094 - windows_separate_norm_三義 - INFO - NumPy格式數據已保存: D:\pythonWork\R_datascience\final\Train\data\sliding_windows\separate_norm\separate_norm_三義_20250608_182418_windows.npz
2025-06-08 18:24:24,614 - windows_separate_norm_三義 - INFO - PyTorch格式數據已保存: D:\pythonWork\R_datascience\final\Train\data\sliding_windows\separate_norm\separate_norm_三義_20250608_182418_windows.pt
2025-06-08 18:24:24,614 - windows_separate_norm_三義 - INFO - 時間窗口生成管道執行完成
2025-06-08 18:24:24,627 - trainer_separate_norm_三義 - INFO - 使用設備: cuda
2025-06-08 18:24:24,627 - trainer_separate_norm_三義 - INFO - ==================================================
2025-06-08 18:24:24,628 - trainer_separate_norm_三義 - INFO - 開始執行 separate_norm 模式的模型訓練
2025-06-08 18:24:24,628 - trainer_separate_norm_三義 - INFO - ==================================================
2025-06-08 18:24:24,628 - trainer_separate_norm_三義 - INFO - 載入訓練數據
2025-06-08 18:24:25,474 - trainer_separate_norm_三義 - INFO - 訓練LightGBM模型...
2025-06-08 18:24:25,474 - trainer_separate_norm_三義 - INFO - 開始訓練LightGBM模型
2025-06-08 18:24:25,474 - trainer_separate_norm_三義 - INFO - LightGBM數據形狀: X_train=(34844, 1656), y_train=(34844, 108)
2025-06-08 18:24:34,505 - trainer_separate_norm_三義 - INFO - LightGBM訓練完成: 8.94s
2025-06-08 18:24:34,505 - trainer_separate_norm_三義 - INFO - 驗證集MAE: 0.0811
2025-06-08 18:24:34,525 - trainer_separate_norm_三義 - INFO - 訓練LSTM模型...
2025-06-08 18:24:34,526 - trainer_separate_norm_三義 - INFO - 開始訓練LSTM模型
2025-06-08 18:24:34,632 - trainer_separate_norm_三義 - INFO - LSTM數據形狀: X_train=torch.Size([34844, 24, 69]), y_train=torch.Size([34844, 6, 18])
2025-06-08 18:24:36,452 - trainer_separate_norm_三義 - INFO - Epoch 0: Train Loss=0.233847, Val Loss=0.177012
2025-06-08 18:24:43,300 - trainer_separate_norm_三義 - INFO - Epoch 10: Train Loss=0.097554, Val Loss=0.211888
2025-06-08 18:24:44,670 - trainer_separate_norm_三義 - INFO - 早停於 epoch 12
2025-06-08 18:24:45,026 - trainer_separate_norm_三義 - INFO - LSTM訓練完成: 10.14s
2025-06-08 18:24:45,026 - trainer_separate_norm_三義 - INFO - 驗證集MAE: 0.3072
2025-06-08 18:24:45,042 - trainer_separate_norm_三義 - INFO - 模型訓練管道執行完成
