2025-06-08 18:55:00,510 - preprocessor_separate_norm_馬公 - INFO - ==================================================
2025-06-08 18:55:00,510 - preprocessor_separate_norm_馬公 - INFO - 開始執行 separate_norm 模式的完整預處理管道
2025-06-08 18:55:00,510 - preprocessor_separate_norm_馬公 - INFO - ==================================================
2025-06-08 18:55:00,510 - preprocessor_separate_norm_馬公 - INFO - 開始載入 separate_norm 模式的原始數據
2025-06-08 18:55:00,511 - preprocessor_separate_norm_馬公 - INFO - 載入文件: D:\pythonWork\R_datascience\final\Train\data\raw\Separate_Nomorlization\Nomorlization_馬公_467350_combined.csv
2025-06-08 18:55:00,613 - preprocessor_separate_norm_馬公 - INFO - 合併 1 個文件，總記錄數: 43584
2025-06-08 18:55:00,643 - preprocessor_separate_norm_馬公 - INFO - 數據驗證通過: (43584, 28), 時間範圍: 2020-01-01T00:00:00Z 到 2024-12-20T23:00:00Z
2025-06-08 18:55:00,644 - preprocessor_separate_norm_馬公 - INFO - 原始數據載入完成: (43584, 28)
2025-06-08 18:55:00,644 - preprocessor_separate_norm_馬公 - INFO - 開始數據預處理
2025-06-08 18:55:00,644 - preprocessor_separate_norm_馬公 - INFO - 處理時間特徵
2025-06-08 18:55:00,644 - preprocessor_separate_norm_馬公 - INFO - 數據已包含時間特徵，跳過時間特徵處理
2025-06-08 18:55:00,656 - preprocessor_separate_norm_馬公 - INFO - 執行特徵工程
2025-06-08 18:55:00,690 - preprocessor_separate_norm_馬公 - INFO - 執行數據清理
2025-06-08 18:55:00,852 - preprocessor_separate_norm_馬公 - INFO - 數據清理完成: 43584 -> 43584 行
2025-06-08 18:55:00,852 - preprocessor_separate_norm_馬公 - INFO - 執行特徵選擇
2025-06-08 18:55:00,852 - preprocessor_separate_norm_馬公 - INFO - 特徵選擇完成: 69 個特徵, 19 個目標
2025-06-08 18:55:00,858 - preprocessor_separate_norm_馬公 - INFO - 數據預處理完成: (43584, 90)
2025-06-08 18:55:01,374 - preprocessor_separate_norm_馬公 - INFO - 處理後數據已保存: D:\pythonWork\R_datascience\final\Train\data\processed\separate_norm\separate_norm_馬公_20250608_185500_processed.npz
2025-06-08 18:55:01,374 - preprocessor_separate_norm_馬公 - INFO - 數據形狀: X=(43584, 69), y=(43584, 19)
2025-06-08 18:55:01,374 - preprocessor_separate_norm_馬公 - INFO - 預處理管道執行完成
2025-06-08 18:55:01,390 - windows_separate_norm_馬公 - INFO - ==================================================
2025-06-08 18:55:01,390 - windows_separate_norm_馬公 - INFO - 開始執行 separate_norm 模式的時間窗口生成
2025-06-08 18:55:01,390 - windows_separate_norm_馬公 - INFO - ==================================================
2025-06-08 18:55:01,390 - windows_separate_norm_馬公 - INFO - 載入預處理數據: D:\pythonWork\R_datascience\final\Train\data\processed\separate_norm\separate_norm_馬公_20250608_185500_processed.npz
2025-06-08 18:55:01,471 - windows_separate_norm_馬公 - INFO - 數據載入完成: X=(43584, 69), y=(43584, 19)
2025-06-08 18:55:01,472 - windows_separate_norm_馬公 - INFO - 開始創建滑動時間窗口
2025-06-08 18:55:01,472 - windows_separate_norm_馬公 - INFO - 窗口參數: window_size=24, horizon=6, stride=1
2025-06-08 18:55:01,480 - windows_separate_norm_馬公 - INFO - 處理 1 個測站的數據
2025-06-08 18:55:01,581 - windows_separate_norm_馬公 - INFO - 單序列窗口創建完成: 43555 個窗口
2025-06-08 18:55:01,582 - windows_separate_norm_馬公 - INFO - 測站 馬公: 43555 個窗口
2025-06-08 18:55:01,640 - windows_separate_norm_馬公 - INFO - 多測站窗口創建完成: 總計 43555 個窗口
2025-06-08 18:55:01,656 - windows_separate_norm_馬公 - INFO - 開始分割數據集
2025-06-08 18:55:01,656 - windows_separate_norm_馬公 - INFO - train: X=(34844, 24, 69), y=(34844, 6, 19)
2025-06-08 18:55:01,656 - windows_separate_norm_馬公 - INFO - val: X=(4355, 24, 69), y=(4355, 6, 19)
2025-06-08 18:55:01,656 - windows_separate_norm_馬公 - INFO - test: X=(4356, 24, 69), y=(4356, 6, 19)
2025-06-08 18:55:06,084 - windows_separate_norm_馬公 - INFO - NumPy格式數據已保存: D:\pythonWork\R_datascience\final\Train\data\sliding_windows\separate_norm\separate_norm_馬公_20250608_185500_windows.npz
2025-06-08 18:55:06,607 - windows_separate_norm_馬公 - INFO - PyTorch格式數據已保存: D:\pythonWork\R_datascience\final\Train\data\sliding_windows\separate_norm\separate_norm_馬公_20250608_185500_windows.pt
2025-06-08 18:55:06,607 - windows_separate_norm_馬公 - INFO - 時間窗口生成管道執行完成
2025-06-08 18:55:06,626 - trainer_separate_norm_馬公 - INFO - 使用設備: cuda
2025-06-08 18:55:06,626 - trainer_separate_norm_馬公 - INFO - ==================================================
2025-06-08 18:55:06,626 - trainer_separate_norm_馬公 - INFO - 開始執行 separate_norm 模式的模型訓練
2025-06-08 18:55:06,626 - trainer_separate_norm_馬公 - INFO - ==================================================
2025-06-08 18:55:06,626 - trainer_separate_norm_馬公 - INFO - 載入訓練數據
2025-06-08 18:55:07,693 - trainer_separate_norm_馬公 - INFO - 訓練LightGBM模型...
2025-06-08 18:55:07,693 - trainer_separate_norm_馬公 - INFO - 開始訓練LightGBM模型
2025-06-08 18:55:07,693 - trainer_separate_norm_馬公 - INFO - LightGBM數據形狀: X_train=(34844, 1656), y_train=(34844, 114)
2025-06-08 18:55:13,224 - trainer_separate_norm_馬公 - INFO - LightGBM訓練完成: 4.89s
2025-06-08 18:55:13,224 - trainer_separate_norm_馬公 - INFO - 驗證集MAE: 0.0718
2025-06-08 18:55:13,259 - trainer_separate_norm_馬公 - INFO - 訓練LSTM模型...
2025-06-08 18:55:13,259 - trainer_separate_norm_馬公 - INFO - 開始訓練LSTM模型
2025-06-08 18:55:13,343 - trainer_separate_norm_馬公 - INFO - LSTM數據形狀: X_train=torch.Size([34844, 24, 69]), y_train=torch.Size([34844, 6, 19])
2025-06-08 18:55:14,119 - trainer_separate_norm_馬公 - INFO - Epoch 0: Train Loss=0.215514, Val Loss=0.170648
2025-06-08 18:55:20,894 - trainer_separate_norm_馬公 - INFO - Epoch 10: Train Loss=0.081390, Val Loss=0.164081
2025-06-08 18:55:22,917 - trainer_separate_norm_馬公 - INFO - 早停於 epoch 13
2025-06-08 18:55:23,084 - trainer_separate_norm_馬公 - INFO - LSTM訓練完成: 9.66s
2025-06-08 18:55:23,084 - trainer_separate_norm_馬公 - INFO - 驗證集MAE: 0.2616
2025-06-08 18:55:23,107 - trainer_separate_norm_馬公 - INFO - 模型訓練管道執行完成
