2025-06-08 18:53:44,857 - preprocessor_separate_norm_金門 - INFO - ==================================================
2025-06-08 18:53:44,857 - preprocessor_separate_norm_金門 - INFO - 開始執行 separate_norm 模式的完整預處理管道
2025-06-08 18:53:44,857 - preprocessor_separate_norm_金門 - INFO - ==================================================
2025-06-08 18:53:44,857 - preprocessor_separate_norm_金門 - INFO - 開始載入 separate_norm 模式的原始數據
2025-06-08 18:53:44,858 - preprocessor_separate_norm_金門 - INFO - 載入文件: D:\pythonWork\R_datascience\final\Train\data\raw\Separate_Nomorlization\Nomorlization_金門_C0W150_combined.csv
2025-06-08 18:53:44,961 - preprocessor_separate_norm_金門 - INFO - 合併 1 個文件，總記錄數: 43584
2025-06-08 18:53:44,994 - preprocessor_separate_norm_金門 - INFO - 數據驗證通過: (43584, 30), 時間範圍: 2020-01-01T00:00:00Z 到 2024-12-20T23:00:00Z
2025-06-08 18:53:44,995 - preprocessor_separate_norm_金門 - INFO - 原始數據載入完成: (43584, 30)
2025-06-08 18:53:44,995 - preprocessor_separate_norm_金門 - INFO - 開始數據預處理
2025-06-08 18:53:44,995 - preprocessor_separate_norm_金門 - INFO - 處理時間特徵
2025-06-08 18:53:44,995 - preprocessor_separate_norm_金門 - INFO - 數據已包含時間特徵，跳過時間特徵處理
2025-06-08 18:53:45,007 - preprocessor_separate_norm_金門 - INFO - 執行特徵工程
2025-06-08 18:53:45,039 - preprocessor_separate_norm_金門 - INFO - 執行數據清理
2025-06-08 18:53:45,195 - preprocessor_separate_norm_金門 - INFO - 數據清理完成: 43584 -> 43584 行
2025-06-08 18:53:45,195 - preprocessor_separate_norm_金門 - INFO - 執行特徵選擇
2025-06-08 18:53:45,195 - preprocessor_separate_norm_金門 - INFO - 特徵選擇完成: 69 個特徵, 21 個目標
2025-06-08 18:53:45,212 - preprocessor_separate_norm_金門 - INFO - 數據預處理完成: (43584, 92)
2025-06-08 18:53:45,761 - preprocessor_separate_norm_金門 - INFO - 處理後數據已保存: D:\pythonWork\R_datascience\final\Train\data\processed\separate_norm\separate_norm_金門_20250608_185344_processed.npz
2025-06-08 18:53:45,761 - preprocessor_separate_norm_金門 - INFO - 數據形狀: X=(43584, 69), y=(43584, 21)
2025-06-08 18:53:45,778 - preprocessor_separate_norm_金門 - INFO - 預處理管道執行完成
2025-06-08 18:53:45,781 - windows_separate_norm_金門 - INFO - ==================================================
2025-06-08 18:53:45,781 - windows_separate_norm_金門 - INFO - 開始執行 separate_norm 模式的時間窗口生成
2025-06-08 18:53:45,781 - windows_separate_norm_金門 - INFO - ==================================================
2025-06-08 18:53:45,781 - windows_separate_norm_金門 - INFO - 載入預處理數據: D:\pythonWork\R_datascience\final\Train\data\processed\separate_norm\separate_norm_金門_20250608_185344_processed.npz
2025-06-08 18:53:45,863 - windows_separate_norm_金門 - INFO - 數據載入完成: X=(43584, 69), y=(43584, 21)
2025-06-08 18:53:45,863 - windows_separate_norm_金門 - INFO - 開始創建滑動時間窗口
2025-06-08 18:53:45,863 - windows_separate_norm_金門 - INFO - 窗口參數: window_size=24, horizon=6, stride=1
2025-06-08 18:53:45,872 - windows_separate_norm_金門 - INFO - 處理 1 個測站的數據
2025-06-08 18:53:45,976 - windows_separate_norm_金門 - INFO - 單序列窗口創建完成: 43555 個窗口
2025-06-08 18:53:45,976 - windows_separate_norm_金門 - INFO - 測站 金門: 43555 個窗口
2025-06-08 18:53:46,034 - windows_separate_norm_金門 - INFO - 多測站窗口創建完成: 總計 43555 個窗口
2025-06-08 18:53:46,049 - windows_separate_norm_金門 - INFO - 開始分割數據集
2025-06-08 18:53:46,049 - windows_separate_norm_金門 - INFO - train: X=(34844, 24, 69), y=(34844, 6, 21)
2025-06-08 18:53:46,049 - windows_separate_norm_金門 - INFO - val: X=(4355, 24, 69), y=(4355, 6, 21)
2025-06-08 18:53:46,049 - windows_separate_norm_金門 - INFO - test: X=(4356, 24, 69), y=(4356, 6, 21)
2025-06-08 18:53:50,502 - windows_separate_norm_金門 - INFO - NumPy格式數據已保存: D:\pythonWork\R_datascience\final\Train\data\sliding_windows\separate_norm\separate_norm_金門_20250608_185344_windows.npz
2025-06-08 18:53:50,995 - windows_separate_norm_金門 - INFO - PyTorch格式數據已保存: D:\pythonWork\R_datascience\final\Train\data\sliding_windows\separate_norm\separate_norm_金門_20250608_185344_windows.pt
2025-06-08 18:53:50,995 - windows_separate_norm_金門 - INFO - 時間窗口生成管道執行完成
2025-06-08 18:53:51,022 - trainer_separate_norm_金門 - INFO - 使用設備: cuda
2025-06-08 18:53:51,022 - trainer_separate_norm_金門 - INFO - ==================================================
2025-06-08 18:53:51,022 - trainer_separate_norm_金門 - INFO - 開始執行 separate_norm 模式的模型訓練
2025-06-08 18:53:51,023 - trainer_separate_norm_金門 - INFO - ==================================================
2025-06-08 18:53:51,023 - trainer_separate_norm_金門 - INFO - 載入訓練數據
2025-06-08 18:53:52,084 - trainer_separate_norm_金門 - INFO - 訓練LightGBM模型...
2025-06-08 18:53:52,084 - trainer_separate_norm_金門 - INFO - 開始訓練LightGBM模型
2025-06-08 18:53:52,084 - trainer_separate_norm_金門 - INFO - LightGBM數據形狀: X_train=(34844, 1656), y_train=(34844, 126)
2025-06-08 18:54:03,396 - trainer_separate_norm_金門 - INFO - LightGBM訓練完成: 10.46s
2025-06-08 18:54:03,396 - trainer_separate_norm_金門 - INFO - 驗證集MAE: 0.0729
2025-06-08 18:54:03,426 - trainer_separate_norm_金門 - INFO - 訓練LSTM模型...
2025-06-08 18:54:03,426 - trainer_separate_norm_金門 - INFO - 開始訓練LSTM模型
2025-06-08 18:54:03,510 - trainer_separate_norm_金門 - INFO - LSTM數據形狀: X_train=torch.Size([34844, 24, 69]), y_train=torch.Size([34844, 6, 21])
2025-06-08 18:54:04,236 - trainer_separate_norm_金門 - INFO - Epoch 0: Train Loss=0.179308, Val Loss=0.139340
2025-06-08 18:54:10,982 - trainer_separate_norm_金門 - INFO - Epoch 10: Train Loss=0.067761, Val Loss=0.147852
2025-06-08 18:54:12,321 - trainer_separate_norm_金門 - INFO - 早停於 epoch 12
2025-06-08 18:54:12,510 - trainer_separate_norm_金門 - INFO - LSTM訓練完成: 8.89s
2025-06-08 18:54:12,510 - trainer_separate_norm_金門 - INFO - 驗證集MAE: 0.2466
2025-06-08 18:54:12,531 - trainer_separate_norm_金門 - INFO - 模型訓練管道執行完成
