2025-06-08 15:52:44,041 - preprocessor_separate_前金 - INFO - ==================================================
2025-06-08 15:52:44,041 - preprocessor_separate_前金 - INFO - 開始執行 separate 模式的完整預處理管道
2025-06-08 15:52:44,041 - preprocessor_separate_前金 - INFO - ==================================================
2025-06-08 15:52:44,041 - preprocessor_separate_前金 - INFO - 開始載入 separate 模式的原始數據
2025-06-08 15:52:44,042 - preprocessor_separate_前金 - INFO - 載入文件: D:\pythonWork\R_datascience\final\Train\data\raw\Separate\前金_C0V690_combined.csv
2025-06-08 15:52:44,099 - preprocessor_separate_前金 - INFO - 合併 1 個文件，總記錄數: 43584
2025-06-08 15:52:44,130 - preprocessor_separate_前金 - INFO - 數據驗證通過: (43584, 28), 時間範圍: 2020-01-01T00:00:00Z 到 2024-12-20T23:00:00Z
2025-06-08 15:52:44,130 - preprocessor_separate_前金 - INFO - 原始數據載入完成: (43584, 28)
2025-06-08 15:52:44,130 - preprocessor_separate_前金 - INFO - 開始數據預處理
2025-06-08 15:52:44,130 - preprocessor_separate_前金 - INFO - 處理時間特徵
2025-06-08 15:52:44,167 - preprocessor_separate_前金 - INFO - 執行特徵工程
2025-06-08 15:52:44,201 - preprocessor_separate_前金 - INFO - 執行數據清理
2025-06-08 15:52:44,373 - preprocessor_separate_前金 - INFO - 數據清理完成: 43584 -> 43584 行
2025-06-08 15:52:44,373 - preprocessor_separate_前金 - INFO - 執行特徵選擇
2025-06-08 15:52:44,384 - preprocessor_separate_前金 - INFO - 特徵選擇完成: 74 個特徵, 19 個目標
2025-06-08 15:52:44,385 - preprocessor_separate_前金 - INFO - 執行數據標準化
2025-06-08 15:52:44,427 - preprocessor_separate_前金 - INFO - 標準化器已保存: D:\pythonWork\R_datascience\final\Train\data\processed\separate\separate_scaler.pkl
2025-06-08 15:52:44,428 - preprocessor_separate_前金 - INFO - 數據預處理完成: (43584, 95)
2025-06-08 15:52:44,919 - preprocessor_separate_前金 - INFO - 處理後數據已保存: D:\pythonWork\R_datascience\final\Train\data\processed\separate\separate_前金_20250608_155244_processed.npz
2025-06-08 15:52:44,920 - preprocessor_separate_前金 - INFO - 數據形狀: X=(43584, 74), y=(43584, 19)
2025-06-08 15:52:44,921 - preprocessor_separate_前金 - INFO - 預處理管道執行完成
2025-06-08 15:52:44,923 - windows_separate_前金 - INFO - ==================================================
2025-06-08 15:52:44,923 - windows_separate_前金 - INFO - 開始執行 separate 模式的時間窗口生成
2025-06-08 15:52:44,924 - windows_separate_前金 - INFO - ==================================================
2025-06-08 15:52:44,924 - windows_separate_前金 - INFO - 載入預處理數據: D:\pythonWork\R_datascience\final\Train\data\processed\separate\separate_前金_20250608_155244_processed.npz
2025-06-08 15:52:44,986 - windows_separate_前金 - INFO - 數據載入完成: X=(43584, 74), y=(43584, 19)
2025-06-08 15:52:44,986 - windows_separate_前金 - INFO - 開始創建滑動時間窗口
2025-06-08 15:52:44,986 - windows_separate_前金 - INFO - 窗口參數: window_size=24, horizon=6, stride=1
2025-06-08 15:52:44,995 - windows_separate_前金 - INFO - 處理 1 個測站的數據
2025-06-08 15:52:45,102 - windows_separate_前金 - INFO - 單序列窗口創建完成: 43555 個窗口
2025-06-08 15:52:45,102 - windows_separate_前金 - INFO - 測站 前金: 43555 個窗口
2025-06-08 15:52:45,165 - windows_separate_前金 - INFO - 多測站窗口創建完成: 總計 43555 個窗口
2025-06-08 15:52:45,182 - windows_separate_前金 - INFO - 開始分割數據集
2025-06-08 15:52:45,183 - windows_separate_前金 - INFO - train: X=(34844, 24, 74), y=(34844, 6, 19)
2025-06-08 15:52:45,183 - windows_separate_前金 - INFO - val: X=(4355, 24, 74), y=(4355, 6, 19)
2025-06-08 15:52:45,183 - windows_separate_前金 - INFO - test: X=(4356, 24, 74), y=(4356, 6, 19)
2025-06-08 15:52:50,151 - windows_separate_前金 - INFO - NumPy格式數據已保存: D:\pythonWork\R_datascience\final\Train\data\sliding_windows\separate\separate_前金_20250608_155244_windows.npz
2025-06-08 15:52:50,734 - windows_separate_前金 - INFO - PyTorch格式數據已保存: D:\pythonWork\R_datascience\final\Train\data\sliding_windows\separate\separate_前金_20250608_155244_windows.pt
2025-06-08 15:52:50,734 - windows_separate_前金 - INFO - 時間窗口生成管道執行完成
2025-06-08 15:52:50,756 - trainer_separate_前金 - INFO - 使用設備: cuda
2025-06-08 15:52:50,756 - trainer_separate_前金 - INFO - ==================================================
2025-06-08 15:52:50,756 - trainer_separate_前金 - INFO - 開始執行 separate 模式的模型訓練
2025-06-08 15:52:50,756 - trainer_separate_前金 - INFO - ==================================================
2025-06-08 15:52:50,757 - trainer_separate_前金 - INFO - 載入訓練數據
2025-06-08 15:52:51,806 - trainer_separate_前金 - INFO - 訓練LightGBM模型...
2025-06-08 15:52:51,806 - trainer_separate_前金 - INFO - 開始訓練LightGBM模型
2025-06-08 15:52:51,806 - trainer_separate_前金 - INFO - LightGBM數據形狀: X_train=(34844, 1776), y_train=(34844, 114)
2025-06-08 15:53:05,393 - trainer_separate_前金 - INFO - LightGBM訓練完成: 13.45s
2025-06-08 15:53:05,395 - trainer_separate_前金 - INFO - 驗證集MAE: 3.2716
2025-06-08 15:53:05,427 - trainer_separate_前金 - INFO - 訓練LSTM模型...
2025-06-08 15:53:05,427 - trainer_separate_前金 - INFO - 開始訓練LSTM模型
2025-06-08 15:53:05,502 - trainer_separate_前金 - INFO - LSTM數據形狀: X_train=torch.Size([34844, 24, 74]), y_train=torch.Size([34844, 6, 19])
2025-06-08 15:53:06,343 - trainer_separate_前金 - INFO - Epoch 0: Train Loss=371.501913, Val Loss=188.413550
2025-06-08 15:53:13,804 - trainer_separate_前金 - INFO - Epoch 10: Train Loss=34.291990, Val Loss=46.948125
2025-06-08 15:53:21,219 - trainer_separate_前金 - INFO - Epoch 20: Train Loss=20.606254, Val Loss=52.943950
2025-06-08 15:53:21,979 - trainer_separate_前金 - INFO - 早停於 epoch 21
2025-06-08 15:53:22,162 - trainer_separate_前金 - INFO - LSTM訓練完成: 16.55s
2025-06-08 15:53:22,162 - trainer_separate_前金 - INFO - 驗證集MAE: 3.6574
2025-06-08 15:53:22,164 - trainer_separate_前金 - INFO - 模型訓練管道執行完成
