2025-06-08 15:29:36,251 - preprocessor_separate_西屯 - INFO - ==================================================
2025-06-08 15:29:36,251 - preprocessor_separate_西屯 - INFO - 開始執行 separate 模式的完整預處理管道
2025-06-08 15:29:36,251 - preprocessor_separate_西屯 - INFO - ==================================================
2025-06-08 15:29:36,252 - preprocessor_separate_西屯 - INFO - 開始載入 separate 模式的原始數據
2025-06-08 15:29:36,252 - preprocessor_separate_西屯 - INFO - 載入文件: D:\pythonWork\R_datascience\final\Train\data\raw\Separate\西屯_C0F9T0_combined.csv
2025-06-08 15:29:36,306 - preprocessor_separate_西屯 - INFO - 合併 1 個文件，總記錄數: 43584
2025-06-08 15:29:36,339 - preprocessor_separate_西屯 - INFO - 數據驗證通過: (43584, 30), 時間範圍: 2020-01-01T00:00:00Z 到 2024-12-20T23:00:00Z
2025-06-08 15:29:36,339 - preprocessor_separate_西屯 - INFO - 原始數據載入完成: (43584, 30)
2025-06-08 15:29:36,339 - preprocessor_separate_西屯 - INFO - 開始數據預處理
2025-06-08 15:29:36,339 - preprocessor_separate_西屯 - INFO - 處理時間特徵
2025-06-08 15:29:36,379 - preprocessor_separate_西屯 - INFO - 執行特徵工程
2025-06-08 15:29:36,411 - preprocessor_separate_西屯 - INFO - 執行數據清理
2025-06-08 15:29:36,571 - preprocessor_separate_西屯 - INFO - 數據清理完成: 43584 -> 43584 行
2025-06-08 15:29:36,572 - preprocessor_separate_西屯 - INFO - 執行特徵選擇
2025-06-08 15:29:36,577 - preprocessor_separate_西屯 - INFO - 特徵選擇完成: 74 個特徵, 21 個目標
2025-06-08 15:29:36,578 - preprocessor_separate_西屯 - INFO - 執行數據標準化
2025-06-08 15:29:36,621 - preprocessor_separate_西屯 - INFO - 標準化器已保存: D:\pythonWork\R_datascience\final\Train\data\processed\separate_scaler.pkl
2025-06-08 15:29:36,622 - preprocessor_separate_西屯 - INFO - 數據預處理完成: (43584, 97)
2025-06-08 15:29:37,087 - preprocessor_separate_西屯 - INFO - 處理後數據已保存: D:\pythonWork\R_datascience\final\Train\data\processed\separate_西屯_20250608_152936_processed.npz
2025-06-08 15:29:37,087 - preprocessor_separate_西屯 - INFO - 數據形狀: X=(43584, 74), y=(43584, 21)
2025-06-08 15:29:37,089 - preprocessor_separate_西屯 - INFO - 預處理管道執行完成
