2025-06-08 16:15:05,816 - preprocessor_separate_橋頭 - INFO - ==================================================
2025-06-08 16:15:05,816 - preprocessor_separate_橋頭 - INFO - 開始執行 separate 模式的完整預處理管道
2025-06-08 16:15:05,817 - preprocessor_separate_橋頭 - INFO - ==================================================
2025-06-08 16:15:05,817 - preprocessor_separate_橋頭 - INFO - 開始載入 separate 模式的原始數據
2025-06-08 16:15:05,817 - preprocessor_separate_橋頭 - INFO - 載入文件: D:\pythonWork\R_datascience\final\Train\data\raw\Separate\橋頭_C0V760_combined.csv
2025-06-08 16:15:05,864 - preprocessor_separate_橋頭 - INFO - 合併 1 個文件，總記錄數: 43584
2025-06-08 16:15:05,902 - preprocessor_separate_橋頭 - INFO - 數據驗證通過: (43584, 28), 時間範圍: 2020-01-01T00:00:00Z 到 2024-12-20T23:00:00Z
2025-06-08 16:15:05,902 - preprocessor_separate_橋頭 - INFO - 原始數據載入完成: (43584, 28)
2025-06-08 16:15:05,902 - preprocessor_separate_橋頭 - INFO - 開始數據預處理
2025-06-08 16:15:05,902 - preprocessor_separate_橋頭 - INFO - 處理時間特徵
2025-06-08 16:15:05,947 - preprocessor_separate_橋頭 - INFO - 執行特徵工程
2025-06-08 16:15:05,994 - preprocessor_separate_橋頭 - INFO - 執行數據清理
2025-06-08 16:15:06,179 - preprocessor_separate_橋頭 - INFO - 數據清理完成: 43584 -> 43584 行
2025-06-08 16:15:06,179 - preprocessor_separate_橋頭 - INFO - 執行特徵選擇
2025-06-08 16:15:06,179 - preprocessor_separate_橋頭 - INFO - 特徵選擇完成: 74 個特徵, 19 個目標
2025-06-08 16:15:06,190 - preprocessor_separate_橋頭 - INFO - 執行數據標準化
2025-06-08 16:15:06,234 - preprocessor_separate_橋頭 - INFO - 標準化器已保存: D:\pythonWork\R_datascience\final\Train\data\processed\separate\separate_scaler.pkl
2025-06-08 16:15:06,235 - preprocessor_separate_橋頭 - INFO - 數據預處理完成: (43584, 95)
2025-06-08 16:15:06,726 - preprocessor_separate_橋頭 - INFO - 處理後數據已保存: D:\pythonWork\R_datascience\final\Train\data\processed\separate\separate_橋頭_20250608_161505_processed.npz
2025-06-08 16:15:06,726 - preprocessor_separate_橋頭 - INFO - 數據形狀: X=(43584, 74), y=(43584, 19)
2025-06-08 16:15:06,728 - preprocessor_separate_橋頭 - INFO - 預處理管道執行完成
2025-06-08 16:15:06,729 - windows_separate_橋頭 - INFO - ==================================================
2025-06-08 16:15:06,729 - windows_separate_橋頭 - INFO - 開始執行 separate 模式的時間窗口生成
2025-06-08 16:15:06,729 - windows_separate_橋頭 - INFO - ==================================================
2025-06-08 16:15:06,729 - windows_separate_橋頭 - INFO - 載入預處理數據: D:\pythonWork\R_datascience\final\Train\data\processed\separate\separate_橋頭_20250608_161505_processed.npz
2025-06-08 16:15:06,797 - windows_separate_橋頭 - INFO - 數據載入完成: X=(43584, 74), y=(43584, 19)
2025-06-08 16:15:06,797 - windows_separate_橋頭 - INFO - 開始創建滑動時間窗口
2025-06-08 16:15:06,797 - windows_separate_橋頭 - INFO - 窗口參數: window_size=24, horizon=6, stride=1
2025-06-08 16:15:06,806 - windows_separate_橋頭 - INFO - 處理 1 個測站的數據
2025-06-08 16:15:06,913 - windows_separate_橋頭 - INFO - 單序列窗口創建完成: 43555 個窗口
2025-06-08 16:15:06,913 - windows_separate_橋頭 - INFO - 測站 橋頭: 43555 個窗口
2025-06-08 16:15:06,964 - windows_separate_橋頭 - INFO - 多測站窗口創建完成: 總計 43555 個窗口
2025-06-08 16:15:06,980 - windows_separate_橋頭 - INFO - 開始分割數據集
2025-06-08 16:15:06,980 - windows_separate_橋頭 - INFO - train: X=(34844, 24, 74), y=(34844, 6, 19)
2025-06-08 16:15:06,980 - windows_separate_橋頭 - INFO - val: X=(4355, 24, 74), y=(4355, 6, 19)
2025-06-08 16:15:06,994 - windows_separate_橋頭 - INFO - test: X=(4356, 24, 74), y=(4356, 6, 19)
2025-06-08 16:15:11,947 - windows_separate_橋頭 - INFO - NumPy格式數據已保存: D:\pythonWork\R_datascience\final\Train\data\sliding_windows\separate\separate_橋頭_20250608_161505_windows.npz
2025-06-08 16:15:12,560 - windows_separate_橋頭 - INFO - PyTorch格式數據已保存: D:\pythonWork\R_datascience\final\Train\data\sliding_windows\separate\separate_橋頭_20250608_161505_windows.pt
2025-06-08 16:15:12,560 - windows_separate_橋頭 - INFO - 時間窗口生成管道執行完成
2025-06-08 16:15:12,585 - trainer_separate_橋頭 - INFO - 使用設備: cuda
2025-06-08 16:15:12,585 - trainer_separate_橋頭 - INFO - ==================================================
2025-06-08 16:15:12,585 - trainer_separate_橋頭 - INFO - 開始執行 separate 模式的模型訓練
2025-06-08 16:15:12,585 - trainer_separate_橋頭 - INFO - ==================================================
2025-06-08 16:15:12,585 - trainer_separate_橋頭 - INFO - 載入訓練數據
2025-06-08 16:15:13,813 - trainer_separate_橋頭 - INFO - 訓練LightGBM模型...
2025-06-08 16:15:13,813 - trainer_separate_橋頭 - INFO - 開始訓練LightGBM模型
2025-06-08 16:15:13,813 - trainer_separate_橋頭 - INFO - LightGBM數據形狀: X_train=(34844, 1776), y_train=(34844, 114)
2025-06-08 16:15:25,269 - trainer_separate_橋頭 - INFO - LightGBM訓練完成: 11.18s
2025-06-08 16:15:25,270 - trainer_separate_橋頭 - INFO - 驗證集MAE: 3.2029
2025-06-08 16:15:25,304 - trainer_separate_橋頭 - INFO - 訓練LSTM模型...
2025-06-08 16:15:25,304 - trainer_separate_橋頭 - INFO - 開始訓練LSTM模型
2025-06-08 16:15:25,397 - trainer_separate_橋頭 - INFO - LSTM數據形狀: X_train=torch.Size([34844, 24, 74]), y_train=torch.Size([34844, 6, 19])
2025-06-08 16:15:26,244 - trainer_separate_橋頭 - INFO - Epoch 0: Train Loss=375.463797, Val Loss=194.857170
2025-06-08 16:15:34,139 - trainer_separate_橋頭 - INFO - Epoch 10: Train Loss=32.754215, Val Loss=44.368035
2025-06-08 16:15:41,676 - trainer_separate_橋頭 - INFO - Epoch 20: Train Loss=20.430183, Val Loss=48.485459
2025-06-08 16:15:41,677 - trainer_separate_橋頭 - INFO - 早停於 epoch 20
2025-06-08 16:15:41,873 - trainer_separate_橋頭 - INFO - LSTM訓練完成: 16.37s
2025-06-08 16:15:41,873 - trainer_separate_橋頭 - INFO - 驗證集MAE: 3.4714
2025-06-08 16:15:41,879 - trainer_separate_橋頭 - INFO - 模型訓練管道執行完成
