2025-06-08 18:28:09,517 - preprocessor_separate_norm_南投 - INFO - ==================================================
2025-06-08 18:28:09,517 - preprocessor_separate_norm_南投 - INFO - 開始執行 separate_norm 模式的完整預處理管道
2025-06-08 18:28:09,517 - preprocessor_separate_norm_南投 - INFO - ==================================================
2025-06-08 18:28:09,517 - preprocessor_separate_norm_南投 - INFO - 開始載入 separate_norm 模式的原始數據
2025-06-08 18:28:09,517 - preprocessor_separate_norm_南投 - INFO - 載入文件: D:\pythonWork\R_datascience\final\Train\data\raw\Separate_Nomorlization\Nomorlization_南投_C0I460_combined.csv
2025-06-08 18:28:09,628 - preprocessor_separate_norm_南投 - INFO - 合併 1 個文件，總記錄數: 43584
2025-06-08 18:28:09,658 - preprocessor_separate_norm_南投 - INFO - 數據驗證通過: (43584, 29), 時間範圍: 2020-01-01T00:00:00Z 到 2024-12-20T23:00:00Z
2025-06-08 18:28:09,659 - preprocessor_separate_norm_南投 - INFO - 原始數據載入完成: (43584, 29)
2025-06-08 18:28:09,659 - preprocessor_separate_norm_南投 - INFO - 開始數據預處理
2025-06-08 18:28:09,659 - preprocessor_separate_norm_南投 - INFO - 處理時間特徵
2025-06-08 18:28:09,659 - preprocessor_separate_norm_南投 - INFO - 數據已包含時間特徵，跳過時間特徵處理
2025-06-08 18:28:09,666 - preprocessor_separate_norm_南投 - INFO - 執行特徵工程
2025-06-08 18:28:09,702 - preprocessor_separate_norm_南投 - INFO - 執行數據清理
2025-06-08 18:28:09,848 - preprocessor_separate_norm_南投 - INFO - 數據清理完成: 43584 -> 43584 行
2025-06-08 18:28:09,848 - preprocessor_separate_norm_南投 - INFO - 執行特徵選擇
2025-06-08 18:28:09,865 - preprocessor_separate_norm_南投 - INFO - 特徵選擇完成: 69 個特徵, 20 個目標
2025-06-08 18:28:09,867 - preprocessor_separate_norm_南投 - INFO - 數據預處理完成: (43584, 91)
2025-06-08 18:28:10,398 - preprocessor_separate_norm_南投 - INFO - 處理後數據已保存: D:\pythonWork\R_datascience\final\Train\data\processed\separate_norm\separate_norm_南投_20250608_182809_processed.npz
2025-06-08 18:28:10,398 - preprocessor_separate_norm_南投 - INFO - 數據形狀: X=(43584, 69), y=(43584, 20)
2025-06-08 18:28:10,407 - preprocessor_separate_norm_南投 - INFO - 預處理管道執行完成
2025-06-08 18:28:10,407 - windows_separate_norm_南投 - INFO - ==================================================
2025-06-08 18:28:10,410 - windows_separate_norm_南投 - INFO - 開始執行 separate_norm 模式的時間窗口生成
2025-06-08 18:28:10,410 - windows_separate_norm_南投 - INFO - ==================================================
2025-06-08 18:28:10,410 - windows_separate_norm_南投 - INFO - 載入預處理數據: D:\pythonWork\R_datascience\final\Train\data\processed\separate_norm\separate_norm_南投_20250608_182809_processed.npz
2025-06-08 18:28:10,483 - windows_separate_norm_南投 - INFO - 數據載入完成: X=(43584, 69), y=(43584, 20)
2025-06-08 18:28:10,483 - windows_separate_norm_南投 - INFO - 開始創建滑動時間窗口
2025-06-08 18:28:10,483 - windows_separate_norm_南投 - INFO - 窗口參數: window_size=24, horizon=6, stride=1
2025-06-08 18:28:10,501 - windows_separate_norm_南投 - INFO - 處理 1 個測站的數據
2025-06-08 18:28:10,604 - windows_separate_norm_南投 - INFO - 單序列窗口創建完成: 43555 個窗口
2025-06-08 18:28:10,604 - windows_separate_norm_南投 - INFO - 測站 南投: 43555 個窗口
2025-06-08 18:28:10,650 - windows_separate_norm_南投 - INFO - 多測站窗口創建完成: 總計 43555 個窗口
2025-06-08 18:28:10,666 - windows_separate_norm_南投 - INFO - 開始分割數據集
2025-06-08 18:28:10,666 - windows_separate_norm_南投 - INFO - train: X=(34844, 24, 69), y=(34844, 6, 20)
2025-06-08 18:28:10,666 - windows_separate_norm_南投 - INFO - val: X=(4355, 24, 69), y=(4355, 6, 20)
2025-06-08 18:28:10,666 - windows_separate_norm_南投 - INFO - test: X=(4356, 24, 69), y=(4356, 6, 20)
2025-06-08 18:28:15,008 - windows_separate_norm_南投 - INFO - NumPy格式數據已保存: D:\pythonWork\R_datascience\final\Train\data\sliding_windows\separate_norm\separate_norm_南投_20250608_182809_windows.npz
2025-06-08 18:28:15,558 - windows_separate_norm_南投 - INFO - PyTorch格式數據已保存: D:\pythonWork\R_datascience\final\Train\data\sliding_windows\separate_norm\separate_norm_南投_20250608_182809_windows.pt
2025-06-08 18:28:15,558 - windows_separate_norm_南投 - INFO - 時間窗口生成管道執行完成
2025-06-08 18:28:15,575 - trainer_separate_norm_南投 - INFO - 使用設備: cuda
2025-06-08 18:28:15,575 - trainer_separate_norm_南投 - INFO - ==================================================
2025-06-08 18:28:15,575 - trainer_separate_norm_南投 - INFO - 開始執行 separate_norm 模式的模型訓練
2025-06-08 18:28:15,575 - trainer_separate_norm_南投 - INFO - ==================================================
2025-06-08 18:28:15,575 - trainer_separate_norm_南投 - INFO - 載入訓練數據
2025-06-08 18:28:16,607 - trainer_separate_norm_南投 - INFO - 訓練LightGBM模型...
2025-06-08 18:28:16,607 - trainer_separate_norm_南投 - INFO - 開始訓練LightGBM模型
2025-06-08 18:28:16,607 - trainer_separate_norm_南投 - INFO - LightGBM數據形狀: X_train=(34844, 1656), y_train=(34844, 120)
2025-06-08 18:28:26,481 - trainer_separate_norm_南投 - INFO - LightGBM訓練完成: 9.29s
2025-06-08 18:28:26,481 - trainer_separate_norm_南投 - INFO - 驗證集MAE: 0.0630
2025-06-08 18:28:26,509 - trainer_separate_norm_南投 - INFO - 訓練LSTM模型...
2025-06-08 18:28:26,509 - trainer_separate_norm_南投 - INFO - 開始訓練LSTM模型
2025-06-08 18:28:26,594 - trainer_separate_norm_南投 - INFO - LSTM數據形狀: X_train=torch.Size([34844, 24, 69]), y_train=torch.Size([34844, 6, 20])
2025-06-08 18:28:27,349 - trainer_separate_norm_南投 - INFO - Epoch 0: Train Loss=0.197499, Val Loss=0.149599
2025-06-08 18:28:34,189 - trainer_separate_norm_南投 - INFO - Epoch 10: Train Loss=0.074578, Val Loss=0.157749
2025-06-08 18:28:36,198 - trainer_separate_norm_南投 - INFO - 早停於 epoch 13
2025-06-08 18:28:36,385 - trainer_separate_norm_南投 - INFO - LSTM訓練完成: 9.69s
2025-06-08 18:28:36,385 - trainer_separate_norm_南投 - INFO - 驗證集MAE: 0.2473
2025-06-08 18:28:36,385 - trainer_separate_norm_南投 - INFO - 模型訓練管道執行完成
