2025-06-08 18:40:36,105 - preprocessor_separate_norm_新莊 - INFO - ==================================================
2025-06-08 18:40:36,105 - preprocessor_separate_norm_新莊 - INFO - 開始執行 separate_norm 模式的完整預處理管道
2025-06-08 18:40:36,106 - preprocessor_separate_norm_新莊 - INFO - ==================================================
2025-06-08 18:40:36,106 - preprocessor_separate_norm_新莊 - INFO - 開始載入 separate_norm 模式的原始數據
2025-06-08 18:40:36,106 - preprocessor_separate_norm_新莊 - INFO - 載入文件: D:\pythonWork\R_datascience\final\Train\data\raw\Separate_Nomorlization\Nomorlization_新莊_C0ACA0_combined.csv
2025-06-08 18:40:36,209 - preprocessor_separate_norm_新莊 - INFO - 合併 1 個文件，總記錄數: 43584
2025-06-08 18:40:36,248 - preprocessor_separate_norm_新莊 - INFO - 數據驗證通過: (43584, 30), 時間範圍: 2020-01-01T00:00:00Z 到 2024-12-20T23:00:00Z
2025-06-08 18:40:36,249 - preprocessor_separate_norm_新莊 - INFO - 原始數據載入完成: (43584, 30)
2025-06-08 18:40:36,249 - preprocessor_separate_norm_新莊 - INFO - 開始數據預處理
2025-06-08 18:40:36,249 - preprocessor_separate_norm_新莊 - INFO - 處理時間特徵
2025-06-08 18:40:36,249 - preprocessor_separate_norm_新莊 - INFO - 數據已包含時間特徵，跳過時間特徵處理
2025-06-08 18:40:36,261 - preprocessor_separate_norm_新莊 - INFO - 執行特徵工程
2025-06-08 18:40:36,293 - preprocessor_separate_norm_新莊 - INFO - 執行數據清理
2025-06-08 18:40:36,450 - preprocessor_separate_norm_新莊 - INFO - 數據清理完成: 43584 -> 43584 行
2025-06-08 18:40:36,466 - preprocessor_separate_norm_新莊 - INFO - 執行特徵選擇
2025-06-08 18:40:36,466 - preprocessor_separate_norm_新莊 - INFO - 特徵選擇完成: 69 個特徵, 21 個目標
2025-06-08 18:40:36,472 - preprocessor_separate_norm_新莊 - INFO - 數據預處理完成: (43584, 92)
2025-06-08 18:40:37,053 - preprocessor_separate_norm_新莊 - INFO - 處理後數據已保存: D:\pythonWork\R_datascience\final\Train\data\processed\separate_norm\separate_norm_新莊_20250608_184036_processed.npz
2025-06-08 18:40:37,053 - preprocessor_separate_norm_新莊 - INFO - 數據形狀: X=(43584, 69), y=(43584, 21)
2025-06-08 18:40:37,053 - preprocessor_separate_norm_新莊 - INFO - 預處理管道執行完成
2025-06-08 18:40:37,053 - windows_separate_norm_新莊 - INFO - ==================================================
2025-06-08 18:40:37,068 - windows_separate_norm_新莊 - INFO - 開始執行 separate_norm 模式的時間窗口生成
2025-06-08 18:40:37,068 - windows_separate_norm_新莊 - INFO - ==================================================
2025-06-08 18:40:37,068 - windows_separate_norm_新莊 - INFO - 載入預處理數據: D:\pythonWork\R_datascience\final\Train\data\processed\separate_norm\separate_norm_新莊_20250608_184036_processed.npz
2025-06-08 18:40:37,151 - windows_separate_norm_新莊 - INFO - 數據載入完成: X=(43584, 69), y=(43584, 21)
2025-06-08 18:40:37,152 - windows_separate_norm_新莊 - INFO - 開始創建滑動時間窗口
2025-06-08 18:40:37,152 - windows_separate_norm_新莊 - INFO - 窗口參數: window_size=24, horizon=6, stride=1
2025-06-08 18:40:37,160 - windows_separate_norm_新莊 - INFO - 處理 1 個測站的數據
2025-06-08 18:40:37,264 - windows_separate_norm_新莊 - INFO - 單序列窗口創建完成: 43555 個窗口
2025-06-08 18:40:37,264 - windows_separate_norm_新莊 - INFO - 測站 新莊: 43555 個窗口
2025-06-08 18:40:37,323 - windows_separate_norm_新莊 - INFO - 多測站窗口創建完成: 總計 43555 個窗口
2025-06-08 18:40:37,335 - windows_separate_norm_新莊 - INFO - 開始分割數據集
2025-06-08 18:40:37,336 - windows_separate_norm_新莊 - INFO - train: X=(34844, 24, 69), y=(34844, 6, 21)
2025-06-08 18:40:37,336 - windows_separate_norm_新莊 - INFO - val: X=(4355, 24, 69), y=(4355, 6, 21)
2025-06-08 18:40:37,336 - windows_separate_norm_新莊 - INFO - test: X=(4356, 24, 69), y=(4356, 6, 21)
2025-06-08 18:40:41,723 - windows_separate_norm_新莊 - INFO - NumPy格式數據已保存: D:\pythonWork\R_datascience\final\Train\data\sliding_windows\separate_norm\separate_norm_新莊_20250608_184036_windows.npz
2025-06-08 18:40:42,310 - windows_separate_norm_新莊 - INFO - PyTorch格式數據已保存: D:\pythonWork\R_datascience\final\Train\data\sliding_windows\separate_norm\separate_norm_新莊_20250608_184036_windows.pt
2025-06-08 18:40:42,310 - windows_separate_norm_新莊 - INFO - 時間窗口生成管道執行完成
2025-06-08 18:40:42,324 - trainer_separate_norm_新莊 - INFO - 使用設備: cuda
2025-06-08 18:40:42,325 - trainer_separate_norm_新莊 - INFO - ==================================================
2025-06-08 18:40:42,325 - trainer_separate_norm_新莊 - INFO - 開始執行 separate_norm 模式的模型訓練
2025-06-08 18:40:42,325 - trainer_separate_norm_新莊 - INFO - ==================================================
2025-06-08 18:40:42,325 - trainer_separate_norm_新莊 - INFO - 載入訓練數據
2025-06-08 18:40:43,391 - trainer_separate_norm_新莊 - INFO - 訓練LightGBM模型...
2025-06-08 18:40:43,391 - trainer_separate_norm_新莊 - INFO - 開始訓練LightGBM模型
2025-06-08 18:40:43,391 - trainer_separate_norm_新莊 - INFO - LightGBM數據形狀: X_train=(34844, 1656), y_train=(34844, 126)
2025-06-08 18:40:53,516 - trainer_separate_norm_新莊 - INFO - LightGBM訓練完成: 9.58s
2025-06-08 18:40:53,516 - trainer_separate_norm_新莊 - INFO - 驗證集MAE: 0.1000
2025-06-08 18:40:53,548 - trainer_separate_norm_新莊 - INFO - 訓練LSTM模型...
2025-06-08 18:40:53,548 - trainer_separate_norm_新莊 - INFO - 開始訓練LSTM模型
2025-06-08 18:40:53,632 - trainer_separate_norm_新莊 - INFO - LSTM數據形狀: X_train=torch.Size([34844, 24, 69]), y_train=torch.Size([34844, 6, 21])
2025-06-08 18:40:54,424 - trainer_separate_norm_新莊 - INFO - Epoch 0: Train Loss=0.199237, Val Loss=0.175910
2025-06-08 18:41:01,243 - trainer_separate_norm_新莊 - INFO - Epoch 10: Train Loss=0.073949, Val Loss=0.199793
2025-06-08 18:41:02,588 - trainer_separate_norm_新莊 - INFO - 早停於 epoch 12
2025-06-08 18:41:02,783 - trainer_separate_norm_新莊 - INFO - LSTM訓練完成: 9.04s
2025-06-08 18:41:02,783 - trainer_separate_norm_新莊 - INFO - 驗證集MAE: 0.2757
2025-06-08 18:41:02,799 - trainer_separate_norm_新莊 - INFO - 模型訓練管道執行完成
