2025-06-08 16:26:19,198 - preprocessor_separate_觀音 - INFO - ==================================================
2025-06-08 16:26:19,198 - preprocessor_separate_觀音 - INFO - 開始執行 separate 模式的完整預處理管道
2025-06-08 16:26:19,198 - preprocessor_separate_觀音 - INFO - ==================================================
2025-06-08 16:26:19,198 - preprocessor_separate_觀音 - INFO - 開始載入 separate 模式的原始數據
2025-06-08 16:26:19,199 - preprocessor_separate_觀音 - INFO - 載入文件: D:\pythonWork\R_datascience\final\Train\data\raw\Separate\觀音_467050_combined.csv
2025-06-08 16:26:19,261 - preprocessor_separate_觀音 - INFO - 合併 1 個文件，總記錄數: 43584
2025-06-08 16:26:19,282 - preprocessor_separate_觀音 - INFO - 數據驗證通過: (43584, 29), 時間範圍: 2020-01-01T00:00:00Z 到 2024-12-20T23:00:00Z
2025-06-08 16:26:19,282 - preprocessor_separate_觀音 - INFO - 原始數據載入完成: (43584, 29)
2025-06-08 16:26:19,282 - preprocessor_separate_觀音 - INFO - 開始數據預處理
2025-06-08 16:26:19,282 - preprocessor_separate_觀音 - INFO - 處理時間特徵
2025-06-08 16:26:19,328 - preprocessor_separate_觀音 - INFO - 執行特徵工程
2025-06-08 16:26:19,361 - preprocessor_separate_觀音 - INFO - 執行數據清理
2025-06-08 16:26:19,633 - preprocessor_separate_觀音 - INFO - 數據清理完成: 43584 -> 43584 行
2025-06-08 16:26:19,633 - preprocessor_separate_觀音 - INFO - 執行特徵選擇
2025-06-08 16:26:19,633 - preprocessor_separate_觀音 - INFO - 特徵選擇完成: 74 個特徵, 20 個目標
2025-06-08 16:26:19,642 - preprocessor_separate_觀音 - INFO - 執行數據標準化
2025-06-08 16:26:19,684 - preprocessor_separate_觀音 - INFO - 標準化器已保存: D:\pythonWork\R_datascience\final\Train\data\processed\separate\separate_scaler.pkl
2025-06-08 16:26:19,684 - preprocessor_separate_觀音 - INFO - 數據預處理完成: (43584, 96)
2025-06-08 16:26:20,141 - preprocessor_separate_觀音 - INFO - 處理後數據已保存: D:\pythonWork\R_datascience\final\Train\data\processed\separate\separate_觀音_20250608_162619_processed.npz
2025-06-08 16:26:20,141 - preprocessor_separate_觀音 - INFO - 數據形狀: X=(43584, 74), y=(43584, 20)
2025-06-08 16:26:20,141 - preprocessor_separate_觀音 - INFO - 預處理管道執行完成
2025-06-08 16:26:20,141 - windows_separate_觀音 - INFO - ==================================================
2025-06-08 16:26:20,141 - windows_separate_觀音 - INFO - 開始執行 separate 模式的時間窗口生成
2025-06-08 16:26:20,141 - windows_separate_觀音 - INFO - ==================================================
2025-06-08 16:26:20,141 - windows_separate_觀音 - INFO - 載入預處理數據: D:\pythonWork\R_datascience\final\Train\data\processed\separate\separate_觀音_20250608_162619_processed.npz
2025-06-08 16:26:20,216 - windows_separate_觀音 - INFO - 數據載入完成: X=(43584, 74), y=(43584, 20)
2025-06-08 16:26:20,216 - windows_separate_觀音 - INFO - 開始創建滑動時間窗口
2025-06-08 16:26:20,216 - windows_separate_觀音 - INFO - 窗口參數: window_size=24, horizon=6, stride=1
2025-06-08 16:26:20,226 - windows_separate_觀音 - INFO - 處理 1 個測站的數據
2025-06-08 16:26:20,332 - windows_separate_觀音 - INFO - 單序列窗口創建完成: 43555 個窗口
2025-06-08 16:26:20,333 - windows_separate_觀音 - INFO - 測站 觀音: 43555 個窗口
2025-06-08 16:26:20,394 - windows_separate_觀音 - INFO - 多測站窗口創建完成: 總計 43555 個窗口
2025-06-08 16:26:20,395 - windows_separate_觀音 - INFO - 開始分割數據集
2025-06-08 16:26:20,395 - windows_separate_觀音 - INFO - train: X=(34844, 24, 74), y=(34844, 6, 20)
2025-06-08 16:26:20,395 - windows_separate_觀音 - INFO - val: X=(4355, 24, 74), y=(4355, 6, 20)
2025-06-08 16:26:20,395 - windows_separate_觀音 - INFO - test: X=(4356, 24, 74), y=(4356, 6, 20)
2025-06-08 16:26:25,236 - windows_separate_觀音 - INFO - NumPy格式數據已保存: D:\pythonWork\R_datascience\final\Train\data\sliding_windows\separate\separate_觀音_20250608_162619_windows.npz
2025-06-08 16:26:25,783 - windows_separate_觀音 - INFO - PyTorch格式數據已保存: D:\pythonWork\R_datascience\final\Train\data\sliding_windows\separate\separate_觀音_20250608_162619_windows.pt
2025-06-08 16:26:25,783 - windows_separate_觀音 - INFO - 時間窗口生成管道執行完成
2025-06-08 16:26:25,803 - trainer_separate_觀音 - INFO - 使用設備: cuda
2025-06-08 16:26:25,803 - trainer_separate_觀音 - INFO - ==================================================
2025-06-08 16:26:25,803 - trainer_separate_觀音 - INFO - 開始執行 separate 模式的模型訓練
2025-06-08 16:26:25,803 - trainer_separate_觀音 - INFO - ==================================================
2025-06-08 16:26:25,803 - trainer_separate_觀音 - INFO - 載入訓練數據
2025-06-08 16:26:26,968 - trainer_separate_觀音 - INFO - 訓練LightGBM模型...
2025-06-08 16:26:26,968 - trainer_separate_觀音 - INFO - 開始訓練LightGBM模型
2025-06-08 16:26:26,968 - trainer_separate_觀音 - INFO - LightGBM數據形狀: X_train=(34844, 1776), y_train=(34844, 120)
2025-06-08 16:26:33,501 - trainer_separate_觀音 - INFO - LightGBM訓練完成: 6.30s
2025-06-08 16:26:33,501 - trainer_separate_觀音 - INFO - 驗證集MAE: 2.9217
2025-06-08 16:26:33,532 - trainer_separate_觀音 - INFO - 訓練LSTM模型...
2025-06-08 16:26:33,533 - trainer_separate_觀音 - INFO - 開始訓練LSTM模型
2025-06-08 16:26:33,623 - trainer_separate_觀音 - INFO - LSTM數據形狀: X_train=torch.Size([34844, 24, 74]), y_train=torch.Size([34844, 6, 20])
2025-06-08 16:26:34,393 - trainer_separate_觀音 - INFO - Epoch 0: Train Loss=177.784400, Val Loss=100.433653
2025-06-08 16:26:41,369 - trainer_separate_觀音 - INFO - Epoch 10: Train Loss=18.154362, Val Loss=39.571720
2025-06-08 16:26:45,511 - trainer_separate_觀音 - INFO - 早停於 epoch 16
2025-06-08 16:26:45,711 - trainer_separate_觀音 - INFO - LSTM訓練完成: 11.98s
2025-06-08 16:26:45,711 - trainer_separate_觀音 - INFO - 驗證集MAE: 3.2273
2025-06-08 16:26:45,711 - trainer_separate_觀音 - INFO - 模型訓練管道執行完成
