2025-06-08 00:39:22,292 - preprocessor_separate_臺西 - INFO - ==================================================
2025-06-08 00:39:22,292 - preprocessor_separate_臺西 - INFO - 開始執行 separate 模式的完整預處理管道
2025-06-08 00:39:22,292 - preprocessor_separate_臺西 - INFO - ==================================================
2025-06-08 00:39:22,292 - preprocessor_separate_臺西 - INFO - 開始載入 separate 模式的原始數據
2025-06-08 00:39:22,294 - preprocessor_separate_臺西 - INFO - 載入文件: D:\pythonWork\R_datascience\final\Train\data\raw\Separate\臺西_C0K530_combined.csv
2025-06-08 00:39:22,359 - preprocessor_separate_臺西 - INFO - 合併 1 個文件，總記錄數: 43584
2025-06-08 00:39:22,387 - preprocessor_separate_臺西 - INFO - 數據驗證通過: (43584, 27), 時間範圍: 2020-01-01T00:00:00Z 到 2024-12-20T23:00:00Z
2025-06-08 00:39:22,387 - preprocessor_separate_臺西 - INFO - 原始數據載入完成: (43584, 27)
2025-06-08 00:39:22,387 - preprocessor_separate_臺西 - INFO - 開始數據預處理
2025-06-08 00:39:22,387 - preprocessor_separate_臺西 - INFO - 處理時間特徵
2025-06-08 00:39:22,426 - preprocessor_separate_臺西 - INFO - 執行特徵工程
2025-06-08 00:39:22,456 - preprocessor_separate_臺西 - INFO - 執行數據清理
2025-06-08 00:39:22,595 - preprocessor_separate_臺西 - INFO - 數據清理完成: 43584 -> 43584 行
2025-06-08 00:39:22,595 - preprocessor_separate_臺西 - INFO - 執行特徵選擇
2025-06-08 00:39:22,613 - preprocessor_separate_臺西 - INFO - 特徵選擇完成: 74 個特徵, 18 個目標
2025-06-08 00:39:22,614 - preprocessor_separate_臺西 - INFO - 執行數據標準化
2025-06-08 00:39:22,663 - preprocessor_separate_臺西 - INFO - 標準化器已保存: D:\pythonWork\R_datascience\final\Train\data\processed\separate_scaler.pkl
2025-06-08 00:39:22,663 - preprocessor_separate_臺西 - INFO - 數據預處理完成: (43584, 94)
2025-06-08 00:39:23,111 - preprocessor_separate_臺西 - INFO - 處理後數據已保存: D:\pythonWork\R_datascience\final\Train\data\processed\separate_臺西_20250608_003922_processed.npz
2025-06-08 00:39:23,111 - preprocessor_separate_臺西 - INFO - 數據形狀: X=(43584, 74), y=(43584, 18)
2025-06-08 00:39:23,111 - preprocessor_separate_臺西 - INFO - 預處理管道執行完成
