2025-06-08 15:59:26,494 - preprocessor_separate_大寮 - INFO - ==================================================
2025-06-08 15:59:26,494 - preprocessor_separate_大寮 - INFO - 開始執行 separate 模式的完整預處理管道
2025-06-08 15:59:26,494 - preprocessor_separate_大寮 - INFO - ==================================================
2025-06-08 15:59:26,494 - preprocessor_separate_大寮 - INFO - 開始載入 separate 模式的原始數據
2025-06-08 15:59:26,494 - preprocessor_separate_大寮 - INFO - 載入文件: D:\pythonWork\R_datascience\final\Train\data\raw\Separate\大寮_C0V450_combined.csv
2025-06-08 15:59:26,563 - preprocessor_separate_大寮 - INFO - 合併 1 個文件，總記錄數: 43584
2025-06-08 15:59:26,593 - preprocessor_separate_大寮 - INFO - 數據驗證通過: (43584, 29), 時間範圍: 2020-01-01T00:00:00Z 到 2024-12-20T23:00:00Z
2025-06-08 15:59:26,593 - preprocessor_separate_大寮 - INFO - 原始數據載入完成: (43584, 29)
2025-06-08 15:59:26,593 - preprocessor_separate_大寮 - INFO - 開始數據預處理
2025-06-08 15:59:26,593 - preprocessor_separate_大寮 - INFO - 處理時間特徵
2025-06-08 15:59:26,638 - preprocessor_separate_大寮 - INFO - 執行特徵工程
2025-06-08 15:59:26,699 - preprocessor_separate_大寮 - INFO - 執行數據清理
2025-06-08 15:59:26,960 - preprocessor_separate_大寮 - INFO - 數據清理完成: 43584 -> 43584 行
2025-06-08 15:59:26,961 - preprocessor_separate_大寮 - INFO - 執行特徵選擇
2025-06-08 15:59:26,966 - preprocessor_separate_大寮 - INFO - 特徵選擇完成: 74 個特徵, 20 個目標
2025-06-08 15:59:26,967 - preprocessor_separate_大寮 - INFO - 執行數據標準化
2025-06-08 15:59:27,023 - preprocessor_separate_大寮 - INFO - 標準化器已保存: D:\pythonWork\R_datascience\final\Train\data\processed\separate\separate_scaler.pkl
2025-06-08 15:59:27,024 - preprocessor_separate_大寮 - INFO - 數據預處理完成: (43584, 96)
2025-06-08 15:59:27,603 - preprocessor_separate_大寮 - INFO - 處理後數據已保存: D:\pythonWork\R_datascience\final\Train\data\processed\separate\separate_大寮_20250608_155926_processed.npz
2025-06-08 15:59:27,603 - preprocessor_separate_大寮 - INFO - 數據形狀: X=(43584, 74), y=(43584, 20)
2025-06-08 15:59:27,605 - preprocessor_separate_大寮 - INFO - 預處理管道執行完成
2025-06-08 15:59:27,608 - windows_separate_大寮 - INFO - ==================================================
2025-06-08 15:59:27,608 - windows_separate_大寮 - INFO - 開始執行 separate 模式的時間窗口生成
2025-06-08 15:59:27,608 - windows_separate_大寮 - INFO - ==================================================
2025-06-08 15:59:27,609 - windows_separate_大寮 - INFO - 載入預處理數據: D:\pythonWork\R_datascience\final\Train\data\processed\separate\separate_大寮_20250608_155926_processed.npz
2025-06-08 15:59:27,690 - windows_separate_大寮 - INFO - 數據載入完成: X=(43584, 74), y=(43584, 20)
2025-06-08 15:59:27,691 - windows_separate_大寮 - INFO - 開始創建滑動時間窗口
2025-06-08 15:59:27,691 - windows_separate_大寮 - INFO - 窗口參數: window_size=24, horizon=6, stride=1
2025-06-08 15:59:27,703 - windows_separate_大寮 - INFO - 處理 1 個測站的數據
2025-06-08 15:59:27,838 - windows_separate_大寮 - INFO - 單序列窗口創建完成: 43555 個窗口
2025-06-08 15:59:27,838 - windows_separate_大寮 - INFO - 測站 大寮: 43555 個窗口
2025-06-08 15:59:27,908 - windows_separate_大寮 - INFO - 多測站窗口創建完成: 總計 43555 個窗口
2025-06-08 15:59:27,923 - windows_separate_大寮 - INFO - 開始分割數據集
2025-06-08 15:59:27,926 - windows_separate_大寮 - INFO - train: X=(34844, 24, 74), y=(34844, 6, 20)
2025-06-08 15:59:27,926 - windows_separate_大寮 - INFO - val: X=(4355, 24, 74), y=(4355, 6, 20)
2025-06-08 15:59:27,926 - windows_separate_大寮 - INFO - test: X=(4356, 24, 74), y=(4356, 6, 20)
2025-06-08 15:59:33,001 - windows_separate_大寮 - INFO - NumPy格式數據已保存: D:\pythonWork\R_datascience\final\Train\data\sliding_windows\separate\separate_大寮_20250608_155926_windows.npz
2025-06-08 15:59:33,585 - windows_separate_大寮 - INFO - PyTorch格式數據已保存: D:\pythonWork\R_datascience\final\Train\data\sliding_windows\separate\separate_大寮_20250608_155926_windows.pt
2025-06-08 15:59:33,586 - windows_separate_大寮 - INFO - 時間窗口生成管道執行完成
2025-06-08 15:59:33,603 - trainer_separate_大寮 - INFO - 使用設備: cuda
2025-06-08 15:59:33,604 - trainer_separate_大寮 - INFO - ==================================================
2025-06-08 15:59:33,604 - trainer_separate_大寮 - INFO - 開始執行 separate 模式的模型訓練
2025-06-08 15:59:33,604 - trainer_separate_大寮 - INFO - ==================================================
2025-06-08 15:59:33,604 - trainer_separate_大寮 - INFO - 載入訓練數據
2025-06-08 15:59:34,776 - trainer_separate_大寮 - INFO - 訓練LightGBM模型...
2025-06-08 15:59:34,776 - trainer_separate_大寮 - INFO - 開始訓練LightGBM模型
2025-06-08 15:59:34,776 - trainer_separate_大寮 - INFO - LightGBM數據形狀: X_train=(34844, 1776), y_train=(34844, 120)
2025-06-08 15:59:47,356 - trainer_separate_大寮 - INFO - LightGBM訓練完成: 12.12s
2025-06-08 15:59:47,358 - trainer_separate_大寮 - INFO - 驗證集MAE: 3.3898
2025-06-08 15:59:47,385 - trainer_separate_大寮 - INFO - 訓練LSTM模型...
2025-06-08 15:59:47,386 - trainer_separate_大寮 - INFO - 開始訓練LSTM模型
2025-06-08 15:59:47,482 - trainer_separate_大寮 - INFO - LSTM數據形狀: X_train=torch.Size([34844, 24, 74]), y_train=torch.Size([34844, 6, 20])
2025-06-08 15:59:48,333 - trainer_separate_大寮 - INFO - Epoch 0: Train Loss=373.147417, Val Loss=187.340645
2025-06-08 15:59:55,827 - trainer_separate_大寮 - INFO - Epoch 10: Train Loss=36.714497, Val Loss=49.018715
2025-06-08 16:00:03,313 - trainer_separate_大寮 - INFO - Epoch 20: Train Loss=24.231060, Val Loss=51.765813
2025-06-08 16:00:04,065 - trainer_separate_大寮 - INFO - 早停於 epoch 21
2025-06-08 16:00:04,259 - trainer_separate_大寮 - INFO - LSTM訓練完成: 16.68s
2025-06-08 16:00:04,259 - trainer_separate_大寮 - INFO - 驗證集MAE: 3.6164
2025-06-08 16:00:04,264 - trainer_separate_大寮 - INFO - 模型訓練管道執行完成
