2025-06-08 16:08:46,993 - preprocessor_separate_新港 - INFO - ==================================================
2025-06-08 16:08:46,993 - preprocessor_separate_新港 - INFO - 開始執行 separate 模式的完整預處理管道
2025-06-08 16:08:46,993 - preprocessor_separate_新港 - INFO - ==================================================
2025-06-08 16:08:46,993 - preprocessor_separate_新港 - INFO - 開始載入 separate 模式的原始數據
2025-06-08 16:08:46,994 - preprocessor_separate_新港 - INFO - 載入文件: D:\pythonWork\R_datascience\final\Train\data\raw\Separate\新港_C0M790_combined.csv
2025-06-08 16:08:47,059 - preprocessor_separate_新港 - INFO - 合併 1 個文件，總記錄數: 43584
2025-06-08 16:08:47,090 - preprocessor_separate_新港 - INFO - 數據驗證通過: (43584, 29), 時間範圍: 2020-01-01T00:00:00Z 到 2024-12-20T23:00:00Z
2025-06-08 16:08:47,090 - preprocessor_separate_新港 - INFO - 原始數據載入完成: (43584, 29)
2025-06-08 16:08:47,091 - preprocessor_separate_新港 - INFO - 開始數據預處理
2025-06-08 16:08:47,091 - preprocessor_separate_新港 - INFO - 處理時間特徵
2025-06-08 16:08:47,133 - preprocessor_separate_新港 - INFO - 執行特徵工程
2025-06-08 16:08:47,185 - preprocessor_separate_新港 - INFO - 執行數據清理
2025-06-08 16:08:47,395 - preprocessor_separate_新港 - INFO - 數據清理完成: 43584 -> 43584 行
2025-06-08 16:08:47,396 - preprocessor_separate_新港 - INFO - 執行特徵選擇
2025-06-08 16:08:47,401 - preprocessor_separate_新港 - INFO - 特徵選擇完成: 74 個特徵, 20 個目標
2025-06-08 16:08:47,402 - preprocessor_separate_新港 - INFO - 執行數據標準化
2025-06-08 16:08:47,453 - preprocessor_separate_新港 - INFO - 標準化器已保存: D:\pythonWork\R_datascience\final\Train\data\processed\separate\separate_scaler.pkl
2025-06-08 16:08:47,454 - preprocessor_separate_新港 - INFO - 數據預處理完成: (43584, 96)
2025-06-08 16:08:47,952 - preprocessor_separate_新港 - INFO - 處理後數據已保存: D:\pythonWork\R_datascience\final\Train\data\processed\separate\separate_新港_20250608_160846_processed.npz
2025-06-08 16:08:47,952 - preprocessor_separate_新港 - INFO - 數據形狀: X=(43584, 74), y=(43584, 20)
2025-06-08 16:08:47,954 - preprocessor_separate_新港 - INFO - 預處理管道執行完成
2025-06-08 16:08:47,956 - windows_separate_新港 - INFO - ==================================================
2025-06-08 16:08:47,957 - windows_separate_新港 - INFO - 開始執行 separate 模式的時間窗口生成
2025-06-08 16:08:47,957 - windows_separate_新港 - INFO - ==================================================
2025-06-08 16:08:47,957 - windows_separate_新港 - INFO - 載入預處理數據: D:\pythonWork\R_datascience\final\Train\data\processed\separate\separate_新港_20250608_160846_processed.npz
2025-06-08 16:08:48,035 - windows_separate_新港 - INFO - 數據載入完成: X=(43584, 74), y=(43584, 20)
2025-06-08 16:08:48,035 - windows_separate_新港 - INFO - 開始創建滑動時間窗口
2025-06-08 16:08:48,036 - windows_separate_新港 - INFO - 窗口參數: window_size=24, horizon=6, stride=1
2025-06-08 16:08:48,045 - windows_separate_新港 - INFO - 處理 1 個測站的數據
2025-06-08 16:08:48,156 - windows_separate_新港 - INFO - 單序列窗口創建完成: 43555 個窗口
2025-06-08 16:08:48,156 - windows_separate_新港 - INFO - 測站 新港: 43555 個窗口
2025-06-08 16:08:48,221 - windows_separate_新港 - INFO - 多測站窗口創建完成: 總計 43555 個窗口
2025-06-08 16:08:48,240 - windows_separate_新港 - INFO - 開始分割數據集
2025-06-08 16:08:48,240 - windows_separate_新港 - INFO - train: X=(34844, 24, 74), y=(34844, 6, 20)
2025-06-08 16:08:48,240 - windows_separate_新港 - INFO - val: X=(4355, 24, 74), y=(4355, 6, 20)
2025-06-08 16:08:48,240 - windows_separate_新港 - INFO - test: X=(4356, 24, 74), y=(4356, 6, 20)
2025-06-08 16:08:53,254 - windows_separate_新港 - INFO - NumPy格式數據已保存: D:\pythonWork\R_datascience\final\Train\data\sliding_windows\separate\separate_新港_20250608_160846_windows.npz
2025-06-08 16:08:53,792 - windows_separate_新港 - INFO - PyTorch格式數據已保存: D:\pythonWork\R_datascience\final\Train\data\sliding_windows\separate\separate_新港_20250608_160846_windows.pt
2025-06-08 16:08:53,792 - windows_separate_新港 - INFO - 時間窗口生成管道執行完成
2025-06-08 16:08:53,811 - trainer_separate_新港 - INFO - 使用設備: cuda
2025-06-08 16:08:53,811 - trainer_separate_新港 - INFO - ==================================================
2025-06-08 16:08:53,811 - trainer_separate_新港 - INFO - 開始執行 separate 模式的模型訓練
2025-06-08 16:08:53,811 - trainer_separate_新港 - INFO - ==================================================
2025-06-08 16:08:53,811 - trainer_separate_新港 - INFO - 載入訓練數據
2025-06-08 16:08:55,045 - trainer_separate_新港 - INFO - 訓練LightGBM模型...
2025-06-08 16:08:55,045 - trainer_separate_新港 - INFO - 開始訓練LightGBM模型
2025-06-08 16:08:55,045 - trainer_separate_新港 - INFO - LightGBM數據形狀: X_train=(34844, 1776), y_train=(34844, 120)
2025-06-08 16:09:05,383 - trainer_separate_新港 - INFO - LightGBM訓練完成: 10.03s
2025-06-08 16:09:05,383 - trainer_separate_新港 - INFO - 驗證集MAE: 3.2795
2025-06-08 16:09:05,413 - trainer_separate_新港 - INFO - 訓練LSTM模型...
2025-06-08 16:09:05,413 - trainer_separate_新港 - INFO - 開始訓練LSTM模型
2025-06-08 16:09:05,509 - trainer_separate_新港 - INFO - LSTM數據形狀: X_train=torch.Size([34844, 24, 74]), y_train=torch.Size([34844, 6, 20])
2025-06-08 16:09:06,396 - trainer_separate_新港 - INFO - Epoch 0: Train Loss=322.493643, Val Loss=178.342890
2025-06-08 16:09:13,936 - trainer_separate_新港 - INFO - Epoch 10: Train Loss=31.340397, Val Loss=47.978013
2025-06-08 16:09:21,324 - trainer_separate_新港 - INFO - Epoch 20: Train Loss=17.650008, Val Loss=48.231266
2025-06-08 16:09:25,028 - trainer_separate_新港 - INFO - 早停於 epoch 25
2025-06-08 16:09:25,218 - trainer_separate_新港 - INFO - LSTM訓練完成: 19.61s
2025-06-08 16:09:25,218 - trainer_separate_新港 - INFO - 驗證集MAE: 3.2814
2025-06-08 16:09:25,241 - trainer_separate_新港 - INFO - 模型訓練管道執行完成
