2025-06-08 18:28:36,415 - preprocessor_separate_norm_古亭 - INFO - ==================================================
2025-06-08 18:28:36,415 - preprocessor_separate_norm_古亭 - INFO - 開始執行 separate_norm 模式的完整預處理管道
2025-06-08 18:28:36,415 - preprocessor_separate_norm_古亭 - INFO - ==================================================
2025-06-08 18:28:36,415 - preprocessor_separate_norm_古亭 - INFO - 開始載入 separate_norm 模式的原始數據
2025-06-08 18:28:36,416 - preprocessor_separate_norm_古亭 - INFO - 載入文件: D:\pythonWork\R_datascience\final\Train\data\raw\Separate_Nomorlization\Nomorlization_古亭_C0AH10_combined.csv
2025-06-08 18:28:36,524 - preprocessor_separate_norm_古亭 - INFO - 合併 1 個文件，總記錄數: 43584
2025-06-08 18:28:36,550 - preprocessor_separate_norm_古亭 - INFO - 數據驗證通過: (43584, 29), 時間範圍: 2020-01-01T00:00:00Z 到 2024-12-20T23:00:00Z
2025-06-08 18:28:36,550 - preprocessor_separate_norm_古亭 - INFO - 原始數據載入完成: (43584, 29)
2025-06-08 18:28:36,550 - preprocessor_separate_norm_古亭 - INFO - 開始數據預處理
2025-06-08 18:28:36,550 - preprocessor_separate_norm_古亭 - INFO - 處理時間特徵
2025-06-08 18:28:36,550 - preprocessor_separate_norm_古亭 - INFO - 數據已包含時間特徵，跳過時間特徵處理
2025-06-08 18:28:36,567 - preprocessor_separate_norm_古亭 - INFO - 執行特徵工程
2025-06-08 18:28:36,599 - preprocessor_separate_norm_古亭 - INFO - 執行數據清理
2025-06-08 18:28:36,763 - preprocessor_separate_norm_古亭 - INFO - 數據清理完成: 43584 -> 43584 行
2025-06-08 18:28:36,763 - preprocessor_separate_norm_古亭 - INFO - 執行特徵選擇
2025-06-08 18:28:36,763 - preprocessor_separate_norm_古亭 - INFO - 特徵選擇完成: 69 個特徵, 20 個目標
2025-06-08 18:28:36,777 - preprocessor_separate_norm_古亭 - INFO - 數據預處理完成: (43584, 91)
2025-06-08 18:28:37,333 - preprocessor_separate_norm_古亭 - INFO - 處理後數據已保存: D:\pythonWork\R_datascience\final\Train\data\processed\separate_norm\separate_norm_古亭_20250608_182836_processed.npz
2025-06-08 18:28:37,333 - preprocessor_separate_norm_古亭 - INFO - 數據形狀: X=(43584, 69), y=(43584, 20)
2025-06-08 18:28:37,333 - preprocessor_separate_norm_古亭 - INFO - 預處理管道執行完成
2025-06-08 18:28:37,333 - windows_separate_norm_古亭 - INFO - ==================================================
2025-06-08 18:28:37,342 - windows_separate_norm_古亭 - INFO - 開始執行 separate_norm 模式的時間窗口生成
2025-06-08 18:28:37,342 - windows_separate_norm_古亭 - INFO - ==================================================
2025-06-08 18:28:37,342 - windows_separate_norm_古亭 - INFO - 載入預處理數據: D:\pythonWork\R_datascience\final\Train\data\processed\separate_norm\separate_norm_古亭_20250608_182836_processed.npz
2025-06-08 18:28:37,424 - windows_separate_norm_古亭 - INFO - 數據載入完成: X=(43584, 69), y=(43584, 20)
2025-06-08 18:28:37,424 - windows_separate_norm_古亭 - INFO - 開始創建滑動時間窗口
2025-06-08 18:28:37,424 - windows_separate_norm_古亭 - INFO - 窗口參數: window_size=24, horizon=6, stride=1
2025-06-08 18:28:37,433 - windows_separate_norm_古亭 - INFO - 處理 1 個測站的數據
2025-06-08 18:28:37,537 - windows_separate_norm_古亭 - INFO - 單序列窗口創建完成: 43555 個窗口
2025-06-08 18:28:37,537 - windows_separate_norm_古亭 - INFO - 測站 古亭: 43555 個窗口
2025-06-08 18:28:37,584 - windows_separate_norm_古亭 - INFO - 多測站窗口創建完成: 總計 43555 個窗口
2025-06-08 18:28:37,610 - windows_separate_norm_古亭 - INFO - 開始分割數據集
2025-06-08 18:28:37,610 - windows_separate_norm_古亭 - INFO - train: X=(34844, 24, 69), y=(34844, 6, 20)
2025-06-08 18:28:37,611 - windows_separate_norm_古亭 - INFO - val: X=(4355, 24, 69), y=(4355, 6, 20)
2025-06-08 18:28:37,611 - windows_separate_norm_古亭 - INFO - test: X=(4356, 24, 69), y=(4356, 6, 20)
2025-06-08 18:28:42,042 - windows_separate_norm_古亭 - INFO - NumPy格式數據已保存: D:\pythonWork\R_datascience\final\Train\data\sliding_windows\separate_norm\separate_norm_古亭_20250608_182836_windows.npz
2025-06-08 18:28:42,580 - windows_separate_norm_古亭 - INFO - PyTorch格式數據已保存: D:\pythonWork\R_datascience\final\Train\data\sliding_windows\separate_norm\separate_norm_古亭_20250608_182836_windows.pt
2025-06-08 18:28:42,580 - windows_separate_norm_古亭 - INFO - 時間窗口生成管道執行完成
2025-06-08 18:28:42,597 - trainer_separate_norm_古亭 - INFO - 使用設備: cuda
2025-06-08 18:28:42,597 - trainer_separate_norm_古亭 - INFO - ==================================================
2025-06-08 18:28:42,597 - trainer_separate_norm_古亭 - INFO - 開始執行 separate_norm 模式的模型訓練
2025-06-08 18:28:42,597 - trainer_separate_norm_古亭 - INFO - ==================================================
2025-06-08 18:28:42,598 - trainer_separate_norm_古亭 - INFO - 載入訓練數據
2025-06-08 18:28:43,640 - trainer_separate_norm_古亭 - INFO - 訓練LightGBM模型...
2025-06-08 18:28:43,640 - trainer_separate_norm_古亭 - INFO - 開始訓練LightGBM模型
2025-06-08 18:28:43,640 - trainer_separate_norm_古亭 - INFO - LightGBM數據形狀: X_train=(34844, 1656), y_train=(34844, 120)
2025-06-08 18:28:54,461 - trainer_separate_norm_古亭 - INFO - LightGBM訓練完成: 10.20s
2025-06-08 18:28:54,461 - trainer_separate_norm_古亭 - INFO - 驗證集MAE: 0.1276
2025-06-08 18:28:54,487 - trainer_separate_norm_古亭 - INFO - 訓練LSTM模型...
2025-06-08 18:28:54,489 - trainer_separate_norm_古亭 - INFO - 開始訓練LSTM模型
2025-06-08 18:28:54,573 - trainer_separate_norm_古亭 - INFO - LSTM數據形狀: X_train=torch.Size([34844, 24, 69]), y_train=torch.Size([34844, 6, 20])
2025-06-08 18:28:55,316 - trainer_separate_norm_古亭 - INFO - Epoch 0: Train Loss=0.238134, Val Loss=0.177900
2025-06-08 18:29:02,129 - trainer_separate_norm_古亭 - INFO - Epoch 10: Train Loss=0.086596, Val Loss=0.197330
2025-06-08 18:29:04,174 - trainer_separate_norm_古亭 - INFO - 早停於 epoch 13
2025-06-08 18:29:04,362 - trainer_separate_norm_古亭 - INFO - LSTM訓練完成: 9.69s
2025-06-08 18:29:04,362 - trainer_separate_norm_古亭 - INFO - 驗證集MAE: 0.2836
2025-06-08 18:29:04,362 - trainer_separate_norm_古亭 - INFO - 模型訓練管道執行完成
