2025-06-08 18:44:32,569 - preprocessor_separate_norm_永和 - INFO - ==================================================
2025-06-08 18:44:32,569 - preprocessor_separate_norm_永和 - INFO - 開始執行 separate_norm 模式的完整預處理管道
2025-06-08 18:44:32,569 - preprocessor_separate_norm_永和 - INFO - ==================================================
2025-06-08 18:44:32,569 - preprocessor_separate_norm_永和 - INFO - 開始載入 separate_norm 模式的原始數據
2025-06-08 18:44:32,570 - preprocessor_separate_norm_永和 - INFO - 載入文件: D:\pythonWork\R_datascience\final\Train\data\raw\Separate_Nomorlization\Nomorlization_永和_C0AH10_combined.csv
2025-06-08 18:44:32,676 - preprocessor_separate_norm_永和 - INFO - 合併 1 個文件，總記錄數: 43584
2025-06-08 18:44:32,707 - preprocessor_separate_norm_永和 - INFO - 數據驗證通過: (43584, 28), 時間範圍: 2020-01-01T00:00:00Z 到 2024-12-20T23:00:00Z
2025-06-08 18:44:32,707 - preprocessor_separate_norm_永和 - INFO - 原始數據載入完成: (43584, 28)
2025-06-08 18:44:32,707 - preprocessor_separate_norm_永和 - INFO - 開始數據預處理
2025-06-08 18:44:32,707 - preprocessor_separate_norm_永和 - INFO - 處理時間特徵
2025-06-08 18:44:32,707 - preprocessor_separate_norm_永和 - INFO - 數據已包含時間特徵，跳過時間特徵處理
2025-06-08 18:44:32,719 - preprocessor_separate_norm_永和 - INFO - 執行特徵工程
2025-06-08 18:44:32,751 - preprocessor_separate_norm_永和 - INFO - 執行數據清理
2025-06-08 18:44:32,907 - preprocessor_separate_norm_永和 - INFO - 數據清理完成: 43584 -> 43584 行
2025-06-08 18:44:32,907 - preprocessor_separate_norm_永和 - INFO - 執行特徵選擇
2025-06-08 18:44:32,922 - preprocessor_separate_norm_永和 - INFO - 特徵選擇完成: 69 個特徵, 19 個目標
2025-06-08 18:44:32,923 - preprocessor_separate_norm_永和 - INFO - 數據預處理完成: (43584, 90)
2025-06-08 18:44:33,501 - preprocessor_separate_norm_永和 - INFO - 處理後數據已保存: D:\pythonWork\R_datascience\final\Train\data\processed\separate_norm\separate_norm_永和_20250608_184432_processed.npz
2025-06-08 18:44:33,501 - preprocessor_separate_norm_永和 - INFO - 數據形狀: X=(43584, 69), y=(43584, 19)
2025-06-08 18:44:33,501 - preprocessor_separate_norm_永和 - INFO - 預處理管道執行完成
2025-06-08 18:44:33,511 - windows_separate_norm_永和 - INFO - ==================================================
2025-06-08 18:44:33,511 - windows_separate_norm_永和 - INFO - 開始執行 separate_norm 模式的時間窗口生成
2025-06-08 18:44:33,511 - windows_separate_norm_永和 - INFO - ==================================================
2025-06-08 18:44:33,511 - windows_separate_norm_永和 - INFO - 載入預處理數據: D:\pythonWork\R_datascience\final\Train\data\processed\separate_norm\separate_norm_永和_20250608_184432_processed.npz
2025-06-08 18:44:33,595 - windows_separate_norm_永和 - INFO - 數據載入完成: X=(43584, 69), y=(43584, 19)
2025-06-08 18:44:33,596 - windows_separate_norm_永和 - INFO - 開始創建滑動時間窗口
2025-06-08 18:44:33,596 - windows_separate_norm_永和 - INFO - 窗口參數: window_size=24, horizon=6, stride=1
2025-06-08 18:44:33,604 - windows_separate_norm_永和 - INFO - 處理 1 個測站的數據
2025-06-08 18:44:33,705 - windows_separate_norm_永和 - INFO - 單序列窗口創建完成: 43555 個窗口
2025-06-08 18:44:33,705 - windows_separate_norm_永和 - INFO - 測站 永和: 43555 個窗口
2025-06-08 18:44:33,763 - windows_separate_norm_永和 - INFO - 多測站窗口創建完成: 總計 43555 個窗口
2025-06-08 18:44:33,777 - windows_separate_norm_永和 - INFO - 開始分割數據集
2025-06-08 18:44:33,778 - windows_separate_norm_永和 - INFO - train: X=(34844, 24, 69), y=(34844, 6, 19)
2025-06-08 18:44:33,778 - windows_separate_norm_永和 - INFO - val: X=(4355, 24, 69), y=(4355, 6, 19)
2025-06-08 18:44:33,778 - windows_separate_norm_永和 - INFO - test: X=(4356, 24, 69), y=(4356, 6, 19)
2025-06-08 18:44:38,307 - windows_separate_norm_永和 - INFO - NumPy格式數據已保存: D:\pythonWork\R_datascience\final\Train\data\sliding_windows\separate_norm\separate_norm_永和_20250608_184432_windows.npz
2025-06-08 18:44:38,848 - windows_separate_norm_永和 - INFO - PyTorch格式數據已保存: D:\pythonWork\R_datascience\final\Train\data\sliding_windows\separate_norm\separate_norm_永和_20250608_184432_windows.pt
2025-06-08 18:44:38,848 - windows_separate_norm_永和 - INFO - 時間窗口生成管道執行完成
2025-06-08 18:44:38,866 - trainer_separate_norm_永和 - INFO - 使用設備: cuda
2025-06-08 18:44:38,866 - trainer_separate_norm_永和 - INFO - ==================================================
2025-06-08 18:44:38,866 - trainer_separate_norm_永和 - INFO - 開始執行 separate_norm 模式的模型訓練
2025-06-08 18:44:38,866 - trainer_separate_norm_永和 - INFO - ==================================================
2025-06-08 18:44:38,866 - trainer_separate_norm_永和 - INFO - 載入訓練數據
2025-06-08 18:44:39,973 - trainer_separate_norm_永和 - INFO - 訓練LightGBM模型...
2025-06-08 18:44:39,973 - trainer_separate_norm_永和 - INFO - 開始訓練LightGBM模型
2025-06-08 18:44:39,973 - trainer_separate_norm_永和 - INFO - LightGBM數據形狀: X_train=(34844, 1656), y_train=(34844, 114)
2025-06-08 18:44:49,723 - trainer_separate_norm_永和 - INFO - LightGBM訓練完成: 9.25s
2025-06-08 18:44:49,723 - trainer_separate_norm_永和 - INFO - 驗證集MAE: 0.1215
2025-06-08 18:44:49,755 - trainer_separate_norm_永和 - INFO - 訓練LSTM模型...
2025-06-08 18:44:49,756 - trainer_separate_norm_永和 - INFO - 開始訓練LSTM模型
2025-06-08 18:44:49,840 - trainer_separate_norm_永和 - INFO - LSTM數據形狀: X_train=torch.Size([34844, 24, 69]), y_train=torch.Size([34844, 6, 19])
2025-06-08 18:44:50,632 - trainer_separate_norm_永和 - INFO - Epoch 0: Train Loss=0.204073, Val Loss=0.141845
2025-06-08 18:44:57,454 - trainer_separate_norm_永和 - INFO - Epoch 10: Train Loss=0.078160, Val Loss=0.155758
2025-06-08 18:45:00,127 - trainer_separate_norm_永和 - INFO - 早停於 epoch 14
2025-06-08 18:45:00,313 - trainer_separate_norm_永和 - INFO - LSTM訓練完成: 10.37s
2025-06-08 18:45:00,313 - trainer_separate_norm_永和 - INFO - 驗證集MAE: 0.2721
2025-06-08 18:45:00,317 - trainer_separate_norm_永和 - INFO - 模型訓練管道執行完成
