2025-06-08 16:12:54,474 - preprocessor_separate_林口 - INFO - ==================================================
2025-06-08 16:12:54,474 - preprocessor_separate_林口 - INFO - 開始執行 separate 模式的完整預處理管道
2025-06-08 16:12:54,474 - preprocessor_separate_林口 - INFO - ==================================================
2025-06-08 16:12:54,474 - preprocessor_separate_林口 - INFO - 開始載入 separate 模式的原始數據
2025-06-08 16:12:54,476 - preprocessor_separate_林口 - INFO - 載入文件: D:\pythonWork\R_datascience\final\Train\data\raw\Separate\林口_C0AH50_combined.csv
2025-06-08 16:12:54,539 - preprocessor_separate_林口 - INFO - 合併 1 個文件，總記錄數: 43584
2025-06-08 16:12:54,564 - preprocessor_separate_林口 - INFO - 數據驗證通過: (43584, 29), 時間範圍: 2020-01-01T00:00:00Z 到 2024-12-20T23:00:00Z
2025-06-08 16:12:54,564 - preprocessor_separate_林口 - INFO - 原始數據載入完成: (43584, 29)
2025-06-08 16:12:54,564 - preprocessor_separate_林口 - INFO - 開始數據預處理
2025-06-08 16:12:54,564 - preprocessor_separate_林口 - INFO - 處理時間特徵
2025-06-08 16:12:54,616 - preprocessor_separate_林口 - INFO - 執行特徵工程
2025-06-08 16:12:54,659 - preprocessor_separate_林口 - INFO - 執行數據清理
2025-06-08 16:12:54,849 - preprocessor_separate_林口 - INFO - 數據清理完成: 43584 -> 43584 行
2025-06-08 16:12:54,854 - preprocessor_separate_林口 - INFO - 執行特徵選擇
2025-06-08 16:12:54,854 - preprocessor_separate_林口 - INFO - 特徵選擇完成: 74 個特徵, 20 個目標
2025-06-08 16:12:54,859 - preprocessor_separate_林口 - INFO - 執行數據標準化
2025-06-08 16:12:54,904 - preprocessor_separate_林口 - INFO - 標準化器已保存: D:\pythonWork\R_datascience\final\Train\data\processed\separate\separate_scaler.pkl
2025-06-08 16:12:54,904 - preprocessor_separate_林口 - INFO - 數據預處理完成: (43584, 96)
2025-06-08 16:12:55,384 - preprocessor_separate_林口 - INFO - 處理後數據已保存: D:\pythonWork\R_datascience\final\Train\data\processed\separate\separate_林口_20250608_161254_processed.npz
2025-06-08 16:12:55,384 - preprocessor_separate_林口 - INFO - 數據形狀: X=(43584, 74), y=(43584, 20)
2025-06-08 16:12:55,384 - preprocessor_separate_林口 - INFO - 預處理管道執行完成
2025-06-08 16:12:55,384 - windows_separate_林口 - INFO - ==================================================
2025-06-08 16:12:55,384 - windows_separate_林口 - INFO - 開始執行 separate 模式的時間窗口生成
2025-06-08 16:12:55,384 - windows_separate_林口 - INFO - ==================================================
2025-06-08 16:12:55,392 - windows_separate_林口 - INFO - 載入預處理數據: D:\pythonWork\R_datascience\final\Train\data\processed\separate\separate_林口_20250608_161254_processed.npz
2025-06-08 16:12:55,454 - windows_separate_林口 - INFO - 數據載入完成: X=(43584, 74), y=(43584, 20)
2025-06-08 16:12:55,454 - windows_separate_林口 - INFO - 開始創建滑動時間窗口
2025-06-08 16:12:55,454 - windows_separate_林口 - INFO - 窗口參數: window_size=24, horizon=6, stride=1
2025-06-08 16:12:55,464 - windows_separate_林口 - INFO - 處理 1 個測站的數據
2025-06-08 16:12:55,575 - windows_separate_林口 - INFO - 單序列窗口創建完成: 43555 個窗口
2025-06-08 16:12:55,575 - windows_separate_林口 - INFO - 測站 林口: 43555 個窗口
2025-06-08 16:12:55,634 - windows_separate_林口 - INFO - 多測站窗口創建完成: 總計 43555 個窗口
2025-06-08 16:12:55,654 - windows_separate_林口 - INFO - 開始分割數據集
2025-06-08 16:12:55,654 - windows_separate_林口 - INFO - train: X=(34844, 24, 74), y=(34844, 6, 20)
2025-06-08 16:12:55,654 - windows_separate_林口 - INFO - val: X=(4355, 24, 74), y=(4355, 6, 20)
2025-06-08 16:12:55,654 - windows_separate_林口 - INFO - test: X=(4356, 24, 74), y=(4356, 6, 20)
2025-06-08 16:13:00,596 - windows_separate_林口 - INFO - NumPy格式數據已保存: D:\pythonWork\R_datascience\final\Train\data\sliding_windows\separate\separate_林口_20250608_161254_windows.npz
2025-06-08 16:13:01,214 - windows_separate_林口 - INFO - PyTorch格式數據已保存: D:\pythonWork\R_datascience\final\Train\data\sliding_windows\separate\separate_林口_20250608_161254_windows.pt
2025-06-08 16:13:01,214 - windows_separate_林口 - INFO - 時間窗口生成管道執行完成
2025-06-08 16:13:01,234 - trainer_separate_林口 - INFO - 使用設備: cuda
2025-06-08 16:13:01,234 - trainer_separate_林口 - INFO - ==================================================
2025-06-08 16:13:01,234 - trainer_separate_林口 - INFO - 開始執行 separate 模式的模型訓練
2025-06-08 16:13:01,234 - trainer_separate_林口 - INFO - ==================================================
2025-06-08 16:13:01,234 - trainer_separate_林口 - INFO - 載入訓練數據
2025-06-08 16:13:02,514 - trainer_separate_林口 - INFO - 訓練LightGBM模型...
2025-06-08 16:13:02,514 - trainer_separate_林口 - INFO - 開始訓練LightGBM模型
2025-06-08 16:13:02,514 - trainer_separate_林口 - INFO - LightGBM數據形狀: X_train=(34844, 1776), y_train=(34844, 120)
2025-06-08 16:13:09,777 - trainer_separate_林口 - INFO - LightGBM訓練完成: 7.01s
2025-06-08 16:13:09,777 - trainer_separate_林口 - INFO - 驗證集MAE: 2.5345
2025-06-08 16:13:09,808 - trainer_separate_林口 - INFO - 訓練LSTM模型...
2025-06-08 16:13:09,808 - trainer_separate_林口 - INFO - 開始訓練LSTM模型
2025-06-08 16:13:09,903 - trainer_separate_林口 - INFO - LSTM數據形狀: X_train=torch.Size([34844, 24, 74]), y_train=torch.Size([34844, 6, 20])
2025-06-08 16:13:10,726 - trainer_separate_林口 - INFO - Epoch 0: Train Loss=141.340663, Val Loss=77.834136
2025-06-08 16:13:18,213 - trainer_separate_林口 - INFO - Epoch 10: Train Loss=16.381777, Val Loss=31.031129
2025-06-08 16:13:24,220 - trainer_separate_林口 - INFO - 早停於 epoch 18
2025-06-08 16:13:24,413 - trainer_separate_林口 - INFO - LSTM訓練完成: 14.41s
2025-06-08 16:13:24,413 - trainer_separate_林口 - INFO - 驗證集MAE: 3.0453
2025-06-08 16:13:24,419 - trainer_separate_林口 - INFO - 模型訓練管道執行完成
