2025-06-08 16:28:43,819 - preprocessor_separate_馬公 - INFO - ==================================================
2025-06-08 16:28:43,819 - preprocessor_separate_馬公 - INFO - 開始執行 separate 模式的完整預處理管道
2025-06-08 16:28:43,819 - preprocessor_separate_馬公 - INFO - ==================================================
2025-06-08 16:28:43,819 - preprocessor_separate_馬公 - INFO - 開始載入 separate 模式的原始數據
2025-06-08 16:28:43,819 - preprocessor_separate_馬公 - INFO - 載入文件: D:\pythonWork\R_datascience\final\Train\data\raw\Separate\馬公_467350_combined.csv
2025-06-08 16:28:43,881 - preprocessor_separate_馬公 - INFO - 合併 1 個文件，總記錄數: 43584
2025-06-08 16:28:43,920 - preprocessor_separate_馬公 - INFO - 數據驗證通過: (43584, 28), 時間範圍: 2020-01-01T00:00:00Z 到 2024-12-20T23:00:00Z
2025-06-08 16:28:43,920 - preprocessor_separate_馬公 - INFO - 原始數據載入完成: (43584, 28)
2025-06-08 16:28:43,920 - preprocessor_separate_馬公 - INFO - 開始數據預處理
2025-06-08 16:28:43,920 - preprocessor_separate_馬公 - INFO - 處理時間特徵
2025-06-08 16:28:43,953 - preprocessor_separate_馬公 - INFO - 執行特徵工程
2025-06-08 16:28:43,998 - preprocessor_separate_馬公 - INFO - 執行數據清理
2025-06-08 16:28:44,198 - preprocessor_separate_馬公 - INFO - 數據清理完成: 43584 -> 43584 行
2025-06-08 16:28:44,200 - preprocessor_separate_馬公 - INFO - 執行特徵選擇
2025-06-08 16:28:44,204 - preprocessor_separate_馬公 - INFO - 特徵選擇完成: 74 個特徵, 19 個目標
2025-06-08 16:28:44,207 - preprocessor_separate_馬公 - INFO - 執行數據標準化
2025-06-08 16:28:44,248 - preprocessor_separate_馬公 - INFO - 標準化器已保存: D:\pythonWork\R_datascience\final\Train\data\processed\separate\separate_scaler.pkl
2025-06-08 16:28:44,248 - preprocessor_separate_馬公 - INFO - 數據預處理完成: (43584, 95)
2025-06-08 16:28:44,685 - preprocessor_separate_馬公 - INFO - 處理後數據已保存: D:\pythonWork\R_datascience\final\Train\data\processed\separate\separate_馬公_20250608_162843_processed.npz
2025-06-08 16:28:44,685 - preprocessor_separate_馬公 - INFO - 數據形狀: X=(43584, 74), y=(43584, 19)
2025-06-08 16:28:44,685 - preprocessor_separate_馬公 - INFO - 預處理管道執行完成
2025-06-08 16:28:44,685 - windows_separate_馬公 - INFO - ==================================================
2025-06-08 16:28:44,685 - windows_separate_馬公 - INFO - 開始執行 separate 模式的時間窗口生成
2025-06-08 16:28:44,685 - windows_separate_馬公 - INFO - ==================================================
2025-06-08 16:28:44,685 - windows_separate_馬公 - INFO - 載入預處理數據: D:\pythonWork\R_datascience\final\Train\data\processed\separate\separate_馬公_20250608_162843_processed.npz
2025-06-08 16:28:44,748 - windows_separate_馬公 - INFO - 數據載入完成: X=(43584, 74), y=(43584, 19)
2025-06-08 16:28:44,748 - windows_separate_馬公 - INFO - 開始創建滑動時間窗口
2025-06-08 16:28:44,748 - windows_separate_馬公 - INFO - 窗口參數: window_size=24, horizon=6, stride=1
2025-06-08 16:28:44,759 - windows_separate_馬公 - INFO - 處理 1 個測站的數據
2025-06-08 16:28:44,864 - windows_separate_馬公 - INFO - 單序列窗口創建完成: 43555 個窗口
2025-06-08 16:28:44,864 - windows_separate_馬公 - INFO - 測站 馬公: 43555 個窗口
2025-06-08 16:28:44,931 - windows_separate_馬公 - INFO - 多測站窗口創建完成: 總計 43555 個窗口
2025-06-08 16:28:44,951 - windows_separate_馬公 - INFO - 開始分割數據集
2025-06-08 16:28:44,952 - windows_separate_馬公 - INFO - train: X=(34844, 24, 74), y=(34844, 6, 19)
2025-06-08 16:28:44,952 - windows_separate_馬公 - INFO - val: X=(4355, 24, 74), y=(4355, 6, 19)
2025-06-08 16:28:44,952 - windows_separate_馬公 - INFO - test: X=(4356, 24, 74), y=(4356, 6, 19)
2025-06-08 16:28:49,743 - windows_separate_馬公 - INFO - NumPy格式數據已保存: D:\pythonWork\R_datascience\final\Train\data\sliding_windows\separate\separate_馬公_20250608_162843_windows.npz
2025-06-08 16:28:50,431 - windows_separate_馬公 - INFO - PyTorch格式數據已保存: D:\pythonWork\R_datascience\final\Train\data\sliding_windows\separate\separate_馬公_20250608_162843_windows.pt
2025-06-08 16:28:50,431 - windows_separate_馬公 - INFO - 時間窗口生成管道執行完成
2025-06-08 16:28:50,454 - trainer_separate_馬公 - INFO - 使用設備: cuda
2025-06-08 16:28:50,454 - trainer_separate_馬公 - INFO - ==================================================
2025-06-08 16:28:50,454 - trainer_separate_馬公 - INFO - 開始執行 separate 模式的模型訓練
2025-06-08 16:28:50,454 - trainer_separate_馬公 - INFO - ==================================================
2025-06-08 16:28:50,454 - trainer_separate_馬公 - INFO - 載入訓練數據
2025-06-08 16:28:51,622 - trainer_separate_馬公 - INFO - 訓練LightGBM模型...
2025-06-08 16:28:51,622 - trainer_separate_馬公 - INFO - 開始訓練LightGBM模型
2025-06-08 16:28:51,622 - trainer_separate_馬公 - INFO - LightGBM數據形狀: X_train=(34844, 1776), y_train=(34844, 114)
2025-06-08 16:28:56,461 - trainer_separate_馬公 - INFO - LightGBM訓練完成: 4.71s
2025-06-08 16:28:56,461 - trainer_separate_馬公 - INFO - 驗證集MAE: 1.9367
2025-06-08 16:28:56,498 - trainer_separate_馬公 - INFO - 訓練LSTM模型...
2025-06-08 16:28:56,498 - trainer_separate_馬公 - INFO - 開始訓練LSTM模型
2025-06-08 16:28:56,588 - trainer_separate_馬公 - INFO - LSTM數據形狀: X_train=torch.Size([34844, 24, 74]), y_train=torch.Size([34844, 6, 19])
2025-06-08 16:28:57,374 - trainer_separate_馬公 - INFO - Epoch 0: Train Loss=202.346893, Val Loss=86.137528
2025-06-08 16:29:04,157 - trainer_separate_馬公 - INFO - Epoch 10: Train Loss=10.369762, Val Loss=16.568649
2025-06-08 16:29:10,999 - trainer_separate_馬公 - INFO - Epoch 20: Train Loss=6.356732, Val Loss=19.322860
2025-06-08 16:29:11,672 - trainer_separate_馬公 - INFO - 早停於 epoch 21
2025-06-08 16:29:11,850 - trainer_separate_馬公 - INFO - LSTM訓練完成: 15.17s
2025-06-08 16:29:11,850 - trainer_separate_馬公 - INFO - 驗證集MAE: 2.1235
2025-06-08 16:29:11,855 - trainer_separate_馬公 - INFO - 模型訓練管道執行完成
