2025-06-08 18:32:57,720 - preprocessor_separate_norm_大里 - INFO - ==================================================
2025-06-08 18:32:57,720 - preprocessor_separate_norm_大里 - INFO - 開始執行 separate_norm 模式的完整預處理管道
2025-06-08 18:32:57,720 - preprocessor_separate_norm_大里 - INFO - ==================================================
2025-06-08 18:32:57,720 - preprocessor_separate_norm_大里 - INFO - 開始載入 separate_norm 模式的原始數據
2025-06-08 18:32:57,721 - preprocessor_separate_norm_大里 - INFO - 載入文件: D:\pythonWork\R_datascience\final\Train\data\raw\Separate_Nomorlization\Nomorlization_大里_C0F9N0_combined.csv
2025-06-08 18:32:57,818 - preprocessor_separate_norm_大里 - INFO - 合併 1 個文件，總記錄數: 43584
2025-06-08 18:32:57,863 - preprocessor_separate_norm_大里 - INFO - 數據驗證通過: (43584, 30), 時間範圍: 2020-01-01T00:00:00Z 到 2024-12-20T23:00:00Z
2025-06-08 18:32:57,863 - preprocessor_separate_norm_大里 - INFO - 原始數據載入完成: (43584, 30)
2025-06-08 18:32:57,863 - preprocessor_separate_norm_大里 - INFO - 開始數據預處理
2025-06-08 18:32:57,863 - preprocessor_separate_norm_大里 - INFO - 處理時間特徵
2025-06-08 18:32:57,863 - preprocessor_separate_norm_大里 - INFO - 數據已包含時間特徵，跳過時間特徵處理
2025-06-08 18:32:57,874 - preprocessor_separate_norm_大里 - INFO - 執行特徵工程
2025-06-08 18:32:57,906 - preprocessor_separate_norm_大里 - INFO - 執行數據清理
2025-06-08 18:32:58,067 - preprocessor_separate_norm_大里 - INFO - 數據清理完成: 43584 -> 43584 行
2025-06-08 18:32:58,067 - preprocessor_separate_norm_大里 - INFO - 執行特徵選擇
2025-06-08 18:32:58,067 - preprocessor_separate_norm_大里 - INFO - 特徵選擇完成: 69 個特徵, 21 個目標
2025-06-08 18:32:58,078 - preprocessor_separate_norm_大里 - INFO - 數據預處理完成: (43584, 92)
2025-06-08 18:32:58,609 - preprocessor_separate_norm_大里 - INFO - 處理後數據已保存: D:\pythonWork\R_datascience\final\Train\data\processed\separate_norm\separate_norm_大里_20250608_183257_processed.npz
2025-06-08 18:32:58,609 - preprocessor_separate_norm_大里 - INFO - 數據形狀: X=(43584, 69), y=(43584, 21)
2025-06-08 18:32:58,609 - preprocessor_separate_norm_大里 - INFO - 預處理管道執行完成
2025-06-08 18:32:58,623 - windows_separate_norm_大里 - INFO - ==================================================
2025-06-08 18:32:58,623 - windows_separate_norm_大里 - INFO - 開始執行 separate_norm 模式的時間窗口生成
2025-06-08 18:32:58,623 - windows_separate_norm_大里 - INFO - ==================================================
2025-06-08 18:32:58,623 - windows_separate_norm_大里 - INFO - 載入預處理數據: D:\pythonWork\R_datascience\final\Train\data\processed\separate_norm\separate_norm_大里_20250608_183257_processed.npz
2025-06-08 18:32:58,706 - windows_separate_norm_大里 - INFO - 數據載入完成: X=(43584, 69), y=(43584, 21)
2025-06-08 18:32:58,706 - windows_separate_norm_大里 - INFO - 開始創建滑動時間窗口
2025-06-08 18:32:58,706 - windows_separate_norm_大里 - INFO - 窗口參數: window_size=24, horizon=6, stride=1
2025-06-08 18:32:58,714 - windows_separate_norm_大里 - INFO - 處理 1 個測站的數據
2025-06-08 18:32:58,820 - windows_separate_norm_大里 - INFO - 單序列窗口創建完成: 43555 個窗口
2025-06-08 18:32:58,820 - windows_separate_norm_大里 - INFO - 測站 大里: 43555 個窗口
2025-06-08 18:32:58,878 - windows_separate_norm_大里 - INFO - 多測站窗口創建完成: 總計 43555 個窗口
2025-06-08 18:32:58,890 - windows_separate_norm_大里 - INFO - 開始分割數據集
2025-06-08 18:32:58,890 - windows_separate_norm_大里 - INFO - train: X=(34844, 24, 69), y=(34844, 6, 21)
2025-06-08 18:32:58,891 - windows_separate_norm_大里 - INFO - val: X=(4355, 24, 69), y=(4355, 6, 21)
2025-06-08 18:32:58,891 - windows_separate_norm_大里 - INFO - test: X=(4356, 24, 69), y=(4356, 6, 21)
2025-06-08 18:33:03,218 - windows_separate_norm_大里 - INFO - NumPy格式數據已保存: D:\pythonWork\R_datascience\final\Train\data\sliding_windows\separate_norm\separate_norm_大里_20250608_183257_windows.npz
2025-06-08 18:33:03,713 - windows_separate_norm_大里 - INFO - PyTorch格式數據已保存: D:\pythonWork\R_datascience\final\Train\data\sliding_windows\separate_norm\separate_norm_大里_20250608_183257_windows.pt
2025-06-08 18:33:03,714 - windows_separate_norm_大里 - INFO - 時間窗口生成管道執行完成
2025-06-08 18:33:03,727 - trainer_separate_norm_大里 - INFO - 使用設備: cuda
2025-06-08 18:33:03,727 - trainer_separate_norm_大里 - INFO - ==================================================
2025-06-08 18:33:03,727 - trainer_separate_norm_大里 - INFO - 開始執行 separate_norm 模式的模型訓練
2025-06-08 18:33:03,727 - trainer_separate_norm_大里 - INFO - ==================================================
2025-06-08 18:33:03,727 - trainer_separate_norm_大里 - INFO - 載入訓練數據
2025-06-08 18:33:04,758 - trainer_separate_norm_大里 - INFO - 訓練LightGBM模型...
2025-06-08 18:33:04,758 - trainer_separate_norm_大里 - INFO - 開始訓練LightGBM模型
2025-06-08 18:33:04,758 - trainer_separate_norm_大里 - INFO - LightGBM數據形狀: X_train=(34844, 1656), y_train=(34844, 126)
2025-06-08 18:33:13,646 - trainer_separate_norm_大里 - INFO - LightGBM訓練完成: 8.32s
2025-06-08 18:33:13,646 - trainer_separate_norm_大里 - INFO - 驗證集MAE: 0.0665
2025-06-08 18:33:13,675 - trainer_separate_norm_大里 - INFO - 訓練LSTM模型...
2025-06-08 18:33:13,675 - trainer_separate_norm_大里 - INFO - 開始訓練LSTM模型
2025-06-08 18:33:13,759 - trainer_separate_norm_大里 - INFO - LSTM數據形狀: X_train=torch.Size([34844, 24, 69]), y_train=torch.Size([34844, 6, 21])
2025-06-08 18:33:14,528 - trainer_separate_norm_大里 - INFO - Epoch 0: Train Loss=0.176332, Val Loss=0.147117
2025-06-08 18:33:21,311 - trainer_separate_norm_大里 - INFO - Epoch 10: Train Loss=0.063917, Val Loss=0.145222
2025-06-08 18:33:22,662 - trainer_separate_norm_大里 - INFO - 早停於 epoch 12
2025-06-08 18:33:22,838 - trainer_separate_norm_大里 - INFO - LSTM訓練完成: 8.99s
2025-06-08 18:33:22,838 - trainer_separate_norm_大里 - INFO - 驗證集MAE: 0.2324
2025-06-08 18:33:22,864 - trainer_separate_norm_大里 - INFO - 模型訓練管道執行完成
