2025-06-08 16:39:20,211 - preprocessor_separate_norm_桃園 - INFO - ==================================================
2025-06-08 16:39:20,211 - preprocessor_separate_norm_桃園 - INFO - 開始執行 separate_norm 模式的完整預處理管道
2025-06-08 16:39:20,211 - preprocessor_separate_norm_桃園 - INFO - ==================================================
2025-06-08 16:39:20,211 - preprocessor_separate_norm_桃園 - INFO - 開始載入 separate_norm 模式的原始數據
2025-06-08 16:39:20,212 - preprocessor_separate_norm_桃園 - INFO - 載入文件: D:\pythonWork\R_datascience\final\Train\data\raw\Separate_Nomorlization\Nomorlization_桃園_C0C480_combined.csv
2025-06-08 16:39:20,333 - preprocessor_separate_norm_桃園 - INFO - 合併 1 個文件，總記錄數: 43584
2025-06-08 16:39:20,364 - preprocessor_separate_norm_桃園 - INFO - 數據驗證通過: (43584, 29), 時間範圍: 2020-01-01T00:00:00Z 到 2024-12-20T23:00:00Z
2025-06-08 16:39:20,364 - preprocessor_separate_norm_桃園 - INFO - 原始數據載入完成: (43584, 29)
2025-06-08 16:39:20,364 - preprocessor_separate_norm_桃園 - INFO - 開始數據預處理
2025-06-08 16:39:20,364 - preprocessor_separate_norm_桃園 - INFO - 處理時間特徵
2025-06-08 16:39:20,399 - preprocessor_separate_norm_桃園 - INFO - 執行特徵工程
2025-06-08 16:39:20,437 - preprocessor_separate_norm_桃園 - INFO - 執行數據清理
2025-06-08 16:39:20,621 - preprocessor_separate_norm_桃園 - INFO - 數據清理完成: 43584 -> 43584 行
2025-06-08 16:39:20,623 - preprocessor_separate_norm_桃園 - INFO - 執行特徵選擇
2025-06-08 16:39:20,628 - preprocessor_separate_norm_桃園 - INFO - 特徵選擇完成: 74 個特徵, 20 個目標
2025-06-08 16:39:20,628 - preprocessor_separate_norm_桃園 - INFO - 數據預處理完成: (43584, 96)
2025-06-08 16:39:21,193 - preprocessor_separate_norm_桃園 - INFO - 處理後數據已保存: D:\pythonWork\R_datascience\final\Train\data\processed\separate_norm\separate_norm_桃園_20250608_163920_processed.npz
2025-06-08 16:39:21,193 - preprocessor_separate_norm_桃園 - INFO - 數據形狀: X=(43584, 74), y=(43584, 20)
2025-06-08 16:39:21,209 - preprocessor_separate_norm_桃園 - INFO - 預處理管道執行完成
2025-06-08 16:39:21,210 - windows_separate_norm_桃園 - INFO - ==================================================
2025-06-08 16:39:21,210 - windows_separate_norm_桃園 - INFO - 開始執行 separate_norm 模式的時間窗口生成
2025-06-08 16:39:21,210 - windows_separate_norm_桃園 - INFO - ==================================================
2025-06-08 16:39:21,210 - windows_separate_norm_桃園 - INFO - 載入預處理數據: D:\pythonWork\R_datascience\final\Train\data\processed\separate_norm\separate_norm_桃園_20250608_163920_processed.npz
2025-06-08 16:39:21,270 - windows_separate_norm_桃園 - INFO - 數據載入完成: X=(43584, 74), y=(43584, 20)
2025-06-08 16:39:21,270 - windows_separate_norm_桃園 - INFO - 開始創建滑動時間窗口
2025-06-08 16:39:21,270 - windows_separate_norm_桃園 - INFO - 窗口參數: window_size=24, horizon=6, stride=1
2025-06-08 16:39:21,281 - windows_separate_norm_桃園 - INFO - 處理 1 個測站的數據
2025-06-08 16:39:21,377 - windows_separate_norm_桃園 - INFO - 單序列窗口創建完成: 43555 個窗口
2025-06-08 16:39:21,377 - windows_separate_norm_桃園 - INFO - 測站 桃園: 43555 個窗口
2025-06-08 16:39:21,447 - windows_separate_norm_桃園 - INFO - 多測站窗口創建完成: 總計 43555 個窗口
2025-06-08 16:39:21,463 - windows_separate_norm_桃園 - INFO - 開始分割數據集
2025-06-08 16:39:21,464 - windows_separate_norm_桃園 - INFO - train: X=(34844, 24, 74), y=(34844, 6, 20)
2025-06-08 16:39:21,464 - windows_separate_norm_桃園 - INFO - val: X=(4355, 24, 74), y=(4355, 6, 20)
2025-06-08 16:39:21,464 - windows_separate_norm_桃園 - INFO - test: X=(4356, 24, 74), y=(4356, 6, 20)
2025-06-08 16:39:26,118 - windows_separate_norm_桃園 - INFO - NumPy格式數據已保存: D:\pythonWork\R_datascience\final\Train\data\sliding_windows\separate_norm\separate_norm_桃園_20250608_163920_windows.npz
2025-06-08 16:39:26,655 - windows_separate_norm_桃園 - INFO - PyTorch格式數據已保存: D:\pythonWork\R_datascience\final\Train\data\sliding_windows\separate_norm\separate_norm_桃園_20250608_163920_windows.pt
2025-06-08 16:39:26,656 - windows_separate_norm_桃園 - INFO - 時間窗口生成管道執行完成
2025-06-08 16:39:26,674 - trainer_separate_norm_桃園 - INFO - 使用設備: cuda
2025-06-08 16:39:26,674 - trainer_separate_norm_桃園 - INFO - ==================================================
2025-06-08 16:39:26,674 - trainer_separate_norm_桃園 - INFO - 開始執行 separate_norm 模式的模型訓練
2025-06-08 16:39:26,674 - trainer_separate_norm_桃園 - INFO - ==================================================
2025-06-08 16:39:26,674 - trainer_separate_norm_桃園 - INFO - 載入訓練數據
2025-06-08 16:39:27,641 - trainer_separate_norm_桃園 - INFO - 訓練LightGBM模型...
2025-06-08 16:39:27,642 - trainer_separate_norm_桃園 - INFO - 開始訓練LightGBM模型
2025-06-08 16:39:27,642 - trainer_separate_norm_桃園 - INFO - LightGBM數據形狀: X_train=(34844, 1776), y_train=(34844, 120)
2025-06-08 16:39:38,202 - trainer_separate_norm_桃園 - INFO - LightGBM訓練完成: 10.47s
2025-06-08 16:39:38,202 - trainer_separate_norm_桃園 - INFO - 驗證集MAE: 0.1034
2025-06-08 16:39:38,222 - trainer_separate_norm_桃園 - INFO - 訓練LSTM模型...
2025-06-08 16:39:38,222 - trainer_separate_norm_桃園 - INFO - 開始訓練LSTM模型
2025-06-08 16:39:38,331 - trainer_separate_norm_桃園 - INFO - LSTM數據形狀: X_train=torch.Size([34844, 24, 74]), y_train=torch.Size([34844, 6, 20])
2025-06-08 16:39:40,349 - trainer_separate_norm_桃園 - INFO - Epoch 0: Train Loss=0.277855, Val Loss=0.216043
2025-06-08 16:39:47,315 - trainer_separate_norm_桃園 - INFO - Epoch 10: Train Loss=0.121333, Val Loss=0.179472
2025-06-08 16:39:51,514 - trainer_separate_norm_桃園 - INFO - 早停於 epoch 16
2025-06-08 16:39:51,895 - trainer_separate_norm_桃園 - INFO - LSTM訓練完成: 13.29s
2025-06-08 16:39:51,895 - trainer_separate_norm_桃園 - INFO - 驗證集MAE: 0.2869
2025-06-08 16:39:51,895 - trainer_separate_norm_桃園 - INFO - 模型訓練管道執行完成
