2025-06-08 16:11:47,588 - preprocessor_separate_松山 - INFO - ==================================================
2025-06-08 16:11:47,588 - preprocessor_separate_松山 - INFO - 開始執行 separate 模式的完整預處理管道
2025-06-08 16:11:47,588 - preprocessor_separate_松山 - INFO - ==================================================
2025-06-08 16:11:47,588 - preprocessor_separate_松山 - INFO - 開始載入 separate 模式的原始數據
2025-06-08 16:11:47,589 - preprocessor_separate_松山 - INFO - 載入文件: D:\pythonWork\R_datascience\final\Train\data\raw\Separate\松山_C0AC70_combined.csv
2025-06-08 16:11:47,655 - preprocessor_separate_松山 - INFO - 合併 1 個文件，總記錄數: 43584
2025-06-08 16:11:47,687 - preprocessor_separate_松山 - INFO - 數據驗證通過: (43584, 30), 時間範圍: 2020-01-01T00:00:00Z 到 2024-12-20T23:00:00Z
2025-06-08 16:11:47,688 - preprocessor_separate_松山 - INFO - 原始數據載入完成: (43584, 30)
2025-06-08 16:11:47,688 - preprocessor_separate_松山 - INFO - 開始數據預處理
2025-06-08 16:11:47,688 - preprocessor_separate_松山 - INFO - 處理時間特徵
2025-06-08 16:11:47,733 - preprocessor_separate_松山 - INFO - 執行特徵工程
2025-06-08 16:11:47,776 - preprocessor_separate_松山 - INFO - 執行數據清理
2025-06-08 16:11:47,984 - preprocessor_separate_松山 - INFO - 數據清理完成: 43584 -> 43584 行
2025-06-08 16:11:47,985 - preprocessor_separate_松山 - INFO - 執行特徵選擇
2025-06-08 16:11:47,990 - preprocessor_separate_松山 - INFO - 特徵選擇完成: 74 個特徵, 21 個目標
2025-06-08 16:11:47,991 - preprocessor_separate_松山 - INFO - 執行數據標準化
2025-06-08 16:11:48,037 - preprocessor_separate_松山 - INFO - 標準化器已保存: D:\pythonWork\R_datascience\final\Train\data\processed\separate\separate_scaler.pkl
2025-06-08 16:11:48,038 - preprocessor_separate_松山 - INFO - 數據預處理完成: (43584, 97)
2025-06-08 16:11:48,552 - preprocessor_separate_松山 - INFO - 處理後數據已保存: D:\pythonWork\R_datascience\final\Train\data\processed\separate\separate_松山_20250608_161147_processed.npz
2025-06-08 16:11:48,552 - preprocessor_separate_松山 - INFO - 數據形狀: X=(43584, 74), y=(43584, 21)
2025-06-08 16:11:48,554 - preprocessor_separate_松山 - INFO - 預處理管道執行完成
2025-06-08 16:11:48,557 - windows_separate_松山 - INFO - ==================================================
2025-06-08 16:11:48,557 - windows_separate_松山 - INFO - 開始執行 separate 模式的時間窗口生成
2025-06-08 16:11:48,557 - windows_separate_松山 - INFO - ==================================================
2025-06-08 16:11:48,557 - windows_separate_松山 - INFO - 載入預處理數據: D:\pythonWork\R_datascience\final\Train\data\processed\separate\separate_松山_20250608_161147_processed.npz
2025-06-08 16:11:48,630 - windows_separate_松山 - INFO - 數據載入完成: X=(43584, 74), y=(43584, 21)
2025-06-08 16:11:48,630 - windows_separate_松山 - INFO - 開始創建滑動時間窗口
2025-06-08 16:11:48,631 - windows_separate_松山 - INFO - 窗口參數: window_size=24, horizon=6, stride=1
2025-06-08 16:11:48,639 - windows_separate_松山 - INFO - 處理 1 個測站的數據
2025-06-08 16:11:48,750 - windows_separate_松山 - INFO - 單序列窗口創建完成: 43555 個窗口
2025-06-08 16:11:48,750 - windows_separate_松山 - INFO - 測站 松山: 43555 個窗口
2025-06-08 16:11:48,814 - windows_separate_松山 - INFO - 多測站窗口創建完成: 總計 43555 個窗口
2025-06-08 16:11:48,832 - windows_separate_松山 - INFO - 開始分割數據集
2025-06-08 16:11:48,833 - windows_separate_松山 - INFO - train: X=(34844, 24, 74), y=(34844, 6, 21)
2025-06-08 16:11:48,833 - windows_separate_松山 - INFO - val: X=(4355, 24, 74), y=(4355, 6, 21)
2025-06-08 16:11:48,834 - windows_separate_松山 - INFO - test: X=(4356, 24, 74), y=(4356, 6, 21)
2025-06-08 16:11:53,875 - windows_separate_松山 - INFO - NumPy格式數據已保存: D:\pythonWork\R_datascience\final\Train\data\sliding_windows\separate\separate_松山_20250608_161147_windows.npz
2025-06-08 16:11:54,454 - windows_separate_松山 - INFO - PyTorch格式數據已保存: D:\pythonWork\R_datascience\final\Train\data\sliding_windows\separate\separate_松山_20250608_161147_windows.pt
2025-06-08 16:11:54,455 - windows_separate_松山 - INFO - 時間窗口生成管道執行完成
2025-06-08 16:11:54,473 - trainer_separate_松山 - INFO - 使用設備: cuda
2025-06-08 16:11:54,473 - trainer_separate_松山 - INFO - ==================================================
2025-06-08 16:11:54,473 - trainer_separate_松山 - INFO - 開始執行 separate 模式的模型訓練
2025-06-08 16:11:54,474 - trainer_separate_松山 - INFO - ==================================================
2025-06-08 16:11:54,474 - trainer_separate_松山 - INFO - 載入訓練數據
2025-06-08 16:11:55,692 - trainer_separate_松山 - INFO - 訓練LightGBM模型...
2025-06-08 16:11:55,693 - trainer_separate_松山 - INFO - 開始訓練LightGBM模型
2025-06-08 16:11:55,693 - trainer_separate_松山 - INFO - LightGBM數據形狀: X_train=(34844, 1776), y_train=(34844, 126)
2025-06-08 16:12:04,141 - trainer_separate_松山 - INFO - LightGBM訓練完成: 7.88s
2025-06-08 16:12:04,141 - trainer_separate_松山 - INFO - 驗證集MAE: 2.7886
2025-06-08 16:12:04,171 - trainer_separate_松山 - INFO - 訓練LSTM模型...
2025-06-08 16:12:04,171 - trainer_separate_松山 - INFO - 開始訓練LSTM模型
2025-06-08 16:12:04,267 - trainer_separate_松山 - INFO - LSTM數據形狀: X_train=torch.Size([34844, 24, 74]), y_train=torch.Size([34844, 6, 21])
2025-06-08 16:12:05,139 - trainer_separate_松山 - INFO - Epoch 0: Train Loss=137.956041, Val Loss=100.759560
2025-06-08 16:12:12,558 - trainer_separate_松山 - INFO - Epoch 10: Train Loss=19.379357, Val Loss=38.038757
2025-06-08 16:12:20,093 - trainer_separate_松山 - INFO - Epoch 20: Train Loss=10.414942, Val Loss=41.396368
2025-06-08 16:12:21,647 - trainer_separate_松山 - INFO - 早停於 epoch 22
2025-06-08 16:12:21,843 - trainer_separate_松山 - INFO - LSTM訓練完成: 17.48s
2025-06-08 16:12:21,843 - trainer_separate_松山 - INFO - 驗證集MAE: 3.1412
2025-06-08 16:12:21,866 - trainer_separate_松山 - INFO - 模型訓練管道執行完成
