2025-06-08 16:16:17,628 - preprocessor_separate_汐止 - INFO - ==================================================
2025-06-08 16:16:17,629 - preprocessor_separate_汐止 - INFO - 開始執行 separate 模式的完整預處理管道
2025-06-08 16:16:17,629 - preprocessor_separate_汐止 - INFO - ==================================================
2025-06-08 16:16:17,629 - preprocessor_separate_汐止 - INFO - 開始載入 separate 模式的原始數據
2025-06-08 16:16:17,630 - preprocessor_separate_汐止 - INFO - 載入文件: D:\pythonWork\R_datascience\final\Train\data\raw\Separate\汐止_C0AH00_combined.csv
2025-06-08 16:16:17,691 - preprocessor_separate_汐止 - INFO - 合併 1 個文件，總記錄數: 43584
2025-06-08 16:16:17,722 - preprocessor_separate_汐止 - INFO - 數據驗證通過: (43584, 29), 時間範圍: 2020-01-01T00:00:00Z 到 2024-12-20T23:00:00Z
2025-06-08 16:16:17,722 - preprocessor_separate_汐止 - INFO - 原始數據載入完成: (43584, 29)
2025-06-08 16:16:17,724 - preprocessor_separate_汐止 - INFO - 開始數據預處理
2025-06-08 16:16:17,724 - preprocessor_separate_汐止 - INFO - 處理時間特徵
2025-06-08 16:16:17,770 - preprocessor_separate_汐止 - INFO - 執行特徵工程
2025-06-08 16:16:17,814 - preprocessor_separate_汐止 - INFO - 執行數據清理
2025-06-08 16:16:18,013 - preprocessor_separate_汐止 - INFO - 數據清理完成: 43584 -> 43584 行
2025-06-08 16:16:18,014 - preprocessor_separate_汐止 - INFO - 執行特徵選擇
2025-06-08 16:16:18,019 - preprocessor_separate_汐止 - INFO - 特徵選擇完成: 74 個特徵, 20 個目標
2025-06-08 16:16:18,020 - preprocessor_separate_汐止 - INFO - 執行數據標準化
2025-06-08 16:16:18,065 - preprocessor_separate_汐止 - INFO - 標準化器已保存: D:\pythonWork\R_datascience\final\Train\data\processed\separate\separate_scaler.pkl
2025-06-08 16:16:18,066 - preprocessor_separate_汐止 - INFO - 數據預處理完成: (43584, 96)
2025-06-08 16:16:18,551 - preprocessor_separate_汐止 - INFO - 處理後數據已保存: D:\pythonWork\R_datascience\final\Train\data\processed\separate\separate_汐止_20250608_161617_processed.npz
2025-06-08 16:16:18,552 - preprocessor_separate_汐止 - INFO - 數據形狀: X=(43584, 74), y=(43584, 20)
2025-06-08 16:16:18,553 - preprocessor_separate_汐止 - INFO - 預處理管道執行完成
2025-06-08 16:16:18,565 - windows_separate_汐止 - INFO - ==================================================
2025-06-08 16:16:18,565 - windows_separate_汐止 - INFO - 開始執行 separate 模式的時間窗口生成
2025-06-08 16:16:18,565 - windows_separate_汐止 - INFO - ==================================================
2025-06-08 16:16:18,565 - windows_separate_汐止 - INFO - 載入預處理數據: D:\pythonWork\R_datascience\final\Train\data\processed\separate\separate_汐止_20250608_161617_processed.npz
2025-06-08 16:16:18,634 - windows_separate_汐止 - INFO - 數據載入完成: X=(43584, 74), y=(43584, 20)
2025-06-08 16:16:18,634 - windows_separate_汐止 - INFO - 開始創建滑動時間窗口
2025-06-08 16:16:18,634 - windows_separate_汐止 - INFO - 窗口參數: window_size=24, horizon=6, stride=1
2025-06-08 16:16:18,643 - windows_separate_汐止 - INFO - 處理 1 個測站的數據
2025-06-08 16:16:18,753 - windows_separate_汐止 - INFO - 單序列窗口創建完成: 43555 個窗口
2025-06-08 16:16:18,753 - windows_separate_汐止 - INFO - 測站 汐止: 43555 個窗口
2025-06-08 16:16:18,817 - windows_separate_汐止 - INFO - 多測站窗口創建完成: 總計 43555 個窗口
2025-06-08 16:16:18,835 - windows_separate_汐止 - INFO - 開始分割數據集
2025-06-08 16:16:18,835 - windows_separate_汐止 - INFO - train: X=(34844, 24, 74), y=(34844, 6, 20)
2025-06-08 16:16:18,835 - windows_separate_汐止 - INFO - val: X=(4355, 24, 74), y=(4355, 6, 20)
2025-06-08 16:16:18,835 - windows_separate_汐止 - INFO - test: X=(4356, 24, 74), y=(4356, 6, 20)
2025-06-08 16:16:23,766 - windows_separate_汐止 - INFO - NumPy格式數據已保存: D:\pythonWork\R_datascience\final\Train\data\sliding_windows\separate\separate_汐止_20250608_161617_windows.npz
2025-06-08 16:16:24,360 - windows_separate_汐止 - INFO - PyTorch格式數據已保存: D:\pythonWork\R_datascience\final\Train\data\sliding_windows\separate\separate_汐止_20250608_161617_windows.pt
2025-06-08 16:16:24,360 - windows_separate_汐止 - INFO - 時間窗口生成管道執行完成
2025-06-08 16:16:24,379 - trainer_separate_汐止 - INFO - 使用設備: cuda
2025-06-08 16:16:24,379 - trainer_separate_汐止 - INFO - ==================================================
2025-06-08 16:16:24,379 - trainer_separate_汐止 - INFO - 開始執行 separate 模式的模型訓練
2025-06-08 16:16:24,379 - trainer_separate_汐止 - INFO - ==================================================
2025-06-08 16:16:24,380 - trainer_separate_汐止 - INFO - 載入訓練數據
2025-06-08 16:16:25,619 - trainer_separate_汐止 - INFO - 訓練LightGBM模型...
2025-06-08 16:16:25,620 - trainer_separate_汐止 - INFO - 開始訓練LightGBM模型
2025-06-08 16:16:25,620 - trainer_separate_汐止 - INFO - LightGBM數據形狀: X_train=(34844, 1776), y_train=(34844, 120)
2025-06-08 16:16:35,107 - trainer_separate_汐止 - INFO - LightGBM訓練完成: 9.20s
2025-06-08 16:16:35,108 - trainer_separate_汐止 - INFO - 驗證集MAE: 2.6707
2025-06-08 16:16:35,143 - trainer_separate_汐止 - INFO - 訓練LSTM模型...
2025-06-08 16:16:35,143 - trainer_separate_汐止 - INFO - 開始訓練LSTM模型
2025-06-08 16:16:35,240 - trainer_separate_汐止 - INFO - LSTM數據形狀: X_train=torch.Size([34844, 24, 74]), y_train=torch.Size([34844, 6, 20])
2025-06-08 16:16:36,094 - trainer_separate_汐止 - INFO - Epoch 0: Train Loss=137.425265, Val Loss=89.203156
2025-06-08 16:16:43,493 - trainer_separate_汐止 - INFO - Epoch 10: Train Loss=18.391544, Val Loss=34.587285
2025-06-08 16:16:49,716 - trainer_separate_汐止 - INFO - 早停於 epoch 18
2025-06-08 16:16:49,928 - trainer_separate_汐止 - INFO - LSTM訓練完成: 14.57s
2025-06-08 16:16:49,928 - trainer_separate_汐止 - INFO - 驗證集MAE: 3.1834
2025-06-08 16:16:49,933 - trainer_separate_汐止 - INFO - 模型訓練管道執行完成
