2025-06-08 15:51:02,337 - preprocessor_separate_二林 - INFO - ==================================================
2025-06-08 15:51:02,337 - preprocessor_separate_二林 - INFO - 開始執行 separate 模式的完整預處理管道
2025-06-08 15:51:02,337 - preprocessor_separate_二林 - INFO - ==================================================
2025-06-08 15:51:02,337 - preprocessor_separate_二林 - INFO - 開始載入 separate 模式的原始數據
2025-06-08 15:51:02,338 - preprocessor_separate_二林 - INFO - 載入文件: D:\pythonWork\R_datascience\final\Train\data\raw\Separate\二林_C0G730_combined.csv
2025-06-08 15:51:02,385 - preprocessor_separate_二林 - INFO - 合併 1 個文件，總記錄數: 43584
2025-06-08 15:51:02,429 - preprocessor_separate_二林 - INFO - 數據驗證通過: (43584, 27), 時間範圍: 2020-01-01T00:00:00Z 到 2024-12-20T23:00:00Z
2025-06-08 15:51:02,429 - preprocessor_separate_二林 - INFO - 原始數據載入完成: (43584, 27)
2025-06-08 15:51:02,429 - preprocessor_separate_二林 - INFO - 開始數據預處理
2025-06-08 15:51:02,429 - preprocessor_separate_二林 - INFO - 處理時間特徵
2025-06-08 15:51:02,477 - preprocessor_separate_二林 - INFO - 執行特徵工程
2025-06-08 15:51:02,513 - preprocessor_separate_二林 - INFO - 執行數據清理
2025-06-08 15:51:02,679 - preprocessor_separate_二林 - INFO - 數據清理完成: 43584 -> 43584 行
2025-06-08 15:51:02,687 - preprocessor_separate_二林 - INFO - 執行特徵選擇
2025-06-08 15:51:02,691 - preprocessor_separate_二林 - INFO - 特徵選擇完成: 74 個特徵, 18 個目標
2025-06-08 15:51:02,693 - preprocessor_separate_二林 - INFO - 執行數據標準化
2025-06-08 15:51:02,741 - preprocessor_separate_二林 - INFO - 標準化器已保存: D:\pythonWork\R_datascience\final\Train\data\processed\separate\separate_scaler.pkl
2025-06-08 15:51:02,742 - preprocessor_separate_二林 - INFO - 數據預處理完成: (43584, 94)
2025-06-08 15:51:03,217 - preprocessor_separate_二林 - INFO - 處理後數據已保存: D:\pythonWork\R_datascience\final\Train\data\processed\separate\separate_二林_20250608_155102_processed.npz
2025-06-08 15:51:03,217 - preprocessor_separate_二林 - INFO - 數據形狀: X=(43584, 74), y=(43584, 18)
2025-06-08 15:51:03,217 - preprocessor_separate_二林 - INFO - 預處理管道執行完成
2025-06-08 15:51:03,217 - windows_separate_二林 - INFO - ==================================================
2025-06-08 15:51:03,217 - windows_separate_二林 - INFO - 開始執行 separate 模式的時間窗口生成
2025-06-08 15:51:03,217 - windows_separate_二林 - INFO - ==================================================
2025-06-08 15:51:03,217 - windows_separate_二林 - INFO - 載入預處理數據: D:\pythonWork\R_datascience\final\Train\data\processed\separate\separate_二林_20250608_155102_processed.npz
2025-06-08 15:51:03,266 - windows_separate_二林 - INFO - 數據載入完成: X=(43584, 74), y=(43584, 18)
2025-06-08 15:51:03,266 - windows_separate_二林 - INFO - 開始創建滑動時間窗口
2025-06-08 15:51:03,266 - windows_separate_二林 - INFO - 窗口參數: window_size=24, horizon=6, stride=1
2025-06-08 15:51:03,289 - windows_separate_二林 - INFO - 處理 1 個測站的數據
2025-06-08 15:51:03,382 - windows_separate_二林 - INFO - 單序列窗口創建完成: 43555 個窗口
2025-06-08 15:51:03,382 - windows_separate_二林 - INFO - 測站 二林: 43555 個窗口
2025-06-08 15:51:03,448 - windows_separate_二林 - INFO - 多測站窗口創建完成: 總計 43555 個窗口
2025-06-08 15:51:03,465 - windows_separate_二林 - INFO - 開始分割數據集
2025-06-08 15:51:03,465 - windows_separate_二林 - INFO - train: X=(34844, 24, 74), y=(34844, 6, 18)
2025-06-08 15:51:03,465 - windows_separate_二林 - INFO - val: X=(4355, 24, 74), y=(4355, 6, 18)
2025-06-08 15:51:03,465 - windows_separate_二林 - INFO - test: X=(4356, 24, 74), y=(4356, 6, 18)
2025-06-08 15:51:08,370 - windows_separate_二林 - INFO - NumPy格式數據已保存: D:\pythonWork\R_datascience\final\Train\data\sliding_windows\separate\separate_二林_20250608_155102_windows.npz
2025-06-08 15:51:08,922 - windows_separate_二林 - INFO - PyTorch格式數據已保存: D:\pythonWork\R_datascience\final\Train\data\sliding_windows\separate\separate_二林_20250608_155102_windows.pt
2025-06-08 15:51:08,922 - windows_separate_二林 - INFO - 時間窗口生成管道執行完成
2025-06-08 15:51:08,948 - trainer_separate_二林 - INFO - 使用設備: cuda
2025-06-08 15:51:08,948 - trainer_separate_二林 - INFO - ==================================================
2025-06-08 15:51:08,948 - trainer_separate_二林 - INFO - 開始執行 separate 模式的模型訓練
2025-06-08 15:51:08,949 - trainer_separate_二林 - INFO - ==================================================
2025-06-08 15:51:08,949 - trainer_separate_二林 - INFO - 載入訓練數據
2025-06-08 15:51:09,958 - trainer_separate_二林 - INFO - 訓練LightGBM模型...
2025-06-08 15:51:09,958 - trainer_separate_二林 - INFO - 開始訓練LightGBM模型
2025-06-08 15:51:09,958 - trainer_separate_二林 - INFO - LightGBM數據形狀: X_train=(34844, 1776), y_train=(34844, 108)
2025-06-08 15:51:19,259 - trainer_separate_二林 - INFO - LightGBM訓練完成: 9.15s
2025-06-08 15:51:19,260 - trainer_separate_二林 - INFO - 驗證集MAE: 3.4649
2025-06-08 15:51:19,281 - trainer_separate_二林 - INFO - 訓練LSTM模型...
2025-06-08 15:51:19,281 - trainer_separate_二林 - INFO - 開始訓練LSTM模型
2025-06-08 15:51:19,373 - trainer_separate_二林 - INFO - LSTM數據形狀: X_train=torch.Size([34844, 24, 74]), y_train=torch.Size([34844, 6, 18])
2025-06-08 15:51:20,153 - trainer_separate_二林 - INFO - Epoch 0: Train Loss=354.931759, Val Loss=232.170953
2025-06-08 15:51:28,032 - trainer_separate_二林 - INFO - Epoch 10: Train Loss=37.625201, Val Loss=63.473174
2025-06-08 15:51:35,357 - trainer_separate_二林 - INFO - Epoch 20: Train Loss=20.266823, Val Loss=65.818587
2025-06-08 15:51:41,176 - trainer_separate_二林 - INFO - 早停於 epoch 28
2025-06-08 15:51:41,358 - trainer_separate_二林 - INFO - LSTM訓練完成: 21.89s
2025-06-08 15:51:41,358 - trainer_separate_二林 - INFO - 驗證集MAE: 4.1508
2025-06-08 15:51:41,380 - trainer_separate_二林 - INFO - 模型訓練管道執行完成
