資料類型: separate_norm
切分方法: sequential
總樣本數: 43,512

📊 各集合統計:
  訓練集: 30,458 個樣本 ( 70 %)
  驗證集: 4,351 個樣本 ( 10 %)
  測試集: 8,703 個樣本 ( 20 %)

🎯 目標變數分佈:
  訓練集: 均值= -0.01 , 標準差= 0.68 , 範圍=[ -1.98 , 1.96 ]
  驗證集: 均值= -0.26 , 標準差= 0.6 , 範圍=[ -1.98 , 1.57 ]
  測試集: 均值= 0 , 標準差= 0.56 , 範圍=[ -1.28 , 1.65 ]

切分時間: 2025-06-15 22:13:52

🌳 訓練 LightGBM 模型...
🌳 開始訓練 LightGBM 模型...
訓練樣本數: 30458
驗證樣本數: 4351
🔄 展平張量: 30458 × 72 × 25 → 30458 × 1800
✅ 展平完成
  輸出維度: 30458 × 1800
  矩陣類型: matrix
  記憶體使用: 418.4 Mb
📊 創建 LightGBM 資料集...
🚀 開始模型訓練...
❌ LightGBM 訓練失敗: std::bad_alloc

❌ LightGBM 失敗: std::bad_alloc


🧠 訓練 LSTM 模型...
🧠 開始訓練 LSTM 模型...
訓練樣本數: 30458
驗證樣本數: 4351
特徵維度: 25
序列長度: 72
使用設備: cuda
GPU: CUDA設備可用
GPU記憶體: 正常
⚠️  混合精度不支援，使用標準精度
模型參數數量: 236289 
(r_datascience) PS D:\pytho